2017-05-12 15:02:29: -- Analysis Started by On Folder Connect
2017-05-12 15:02:33: Changes: 409, Conflicts: 0, CopyTime: 0, CopyState: 0/0, Errors: 0, All: 13988
2017-05-12 15:02:33: Right to Left: Copy File: 205 Delete File: 204 
2017-05-12 15:02:33: == Sync Started by On Folder Connect
2017-05-12 15:02:33: Delete File 'D:/xampp/htdocs/absen/module/profile/img/agung-20170505171017.jpg'
2017-05-12 15:02:33: Delete File 'D:/xampp/htdocs/absen/module/profile/img/denih-20170505174330.jpg'
2017-05-12 15:02:33: Delete File 'D:/xampp/htdocs/absen/module/profile/img/fairi-20170505090409.jpg'
2017-05-12 15:02:33: Delete File 'D:/xampp/htdocs/absen/module/profile/img/fw-20170502090943.jpg'
2017-05-12 15:02:33: Delete File 'D:/xampp/htdocs/absen/module/profile/img/nurul-20170505090421.jpg'
2017-05-12 15:02:33: Delete File 'D:/xampp/htdocs/absen/module/profile/img/SG00132003-20170504083527.jpg'
2017-05-12 15:02:33: Delete File 'D:/xampp/htdocs/absen/module/profile/img/SG00142003-20170505170314.jpg'
2017-05-12 15:02:33: Delete File 'D:/xampp/htdocs/absen/module/profile/img/SG00152004-20170503171134.jpg'
2017-05-12 15:02:33: Delete File 'D:/xampp/htdocs/absen/module/profile/img/SG00172004-20170504085511.jpg'
2017-05-12 15:02:33: Delete File 'D:/xampp/htdocs/absen/module/profile/img/SG00192004-20170505175621.jpg'
2017-05-12 15:02:33: Delete File 'D:/xampp/htdocs/absen/module/profile/img/SG00212004-20170503174603.jpg'
2017-05-12 15:02:33: Delete File 'D:/xampp/htdocs/absen/module/profile/img/SG00232004-20170503083957.jpg'
2017-05-12 15:02:33: Delete File 'D:/xampp/htdocs/absen/module/profile/img/SG00262006-20170428081835.jpg'
2017-05-12 15:02:33: Delete File 'D:/xampp/htdocs/absen/module/profile/img/SG00282007-20170505175813.jpg'
2017-05-12 15:02:33: Delete File 'D:/xampp/htdocs/absen/module/profile/img/SG00292007-20170505172507.jpg'
2017-05-12 15:02:33: Delete File 'D:/xampp/htdocs/absen/module/profile/img/SG00312007-20170505170758.jpg'
2017-05-12 15:02:33: Delete File 'D:/xampp/htdocs/absen/module/profile/img/SG00362007-20170505170955.jpg'
2017-05-12 15:02:33: Delete File 'D:/xampp/htdocs/absen/module/profile/img/SG00402008-20170504085059.jpg'
2017-05-12 15:02:33: Delete File 'D:/xampp/htdocs/absen/module/profile/img/SG00422008-20170505170911.jpg'
2017-05-12 15:02:33: Delete File 'D:/xampp/htdocs/absen/module/profile/img/SG00432008-20170429083819.jpg'
2017-05-12 15:02:33: Delete File 'D:/xampp/htdocs/absen/module/profile/img/SG00442008-20170505171109.jpg'
2017-05-12 15:02:33: Delete File 'D:/xampp/htdocs/absen/module/profile/img/SG00462008-20170502170117.jpg'
2017-05-12 15:02:33: Delete File 'D:/xampp/htdocs/absen/module/profile/img/SG00472008-20170504083627.jpg'
2017-05-12 15:02:33: Delete File 'D:/xampp/htdocs/absen/module/profile/img/SG00482008-20170502083551.jpg'
2017-05-12 15:02:33: Delete File 'D:/xampp/htdocs/absen/module/profile/img/SG00502009-20170505171457.jpg'
2017-05-12 15:02:33: Delete File 'D:/xampp/htdocs/absen/module/profile/img/SG00522009-20170505101738.jpg'
2017-05-12 15:02:33: Delete File 'D:/xampp/htdocs/absen/module/profile/img/SG00542009-20170505170151.jpg'
2017-05-12 15:02:33: Delete File 'D:/xampp/htdocs/absen/module/profile/img/SG00562009-20170504090325.jpg'
2017-05-12 15:02:33: Delete File 'D:/xampp/htdocs/absen/module/profile/img/SG00572009-20170505172159.jpg'
2017-05-12 15:02:33: Delete File 'D:/xampp/htdocs/absen/module/profile/img/SG00582010-20170505170251.jpg'
2017-05-12 15:02:33: Delete File 'D:/xampp/htdocs/absen/module/profile/img/SG00592010-20170505173029.jpg'
2017-05-12 15:02:33: Delete File 'D:/xampp/htdocs/absen/module/profile/img/SG00602010-20170505171620.jpg'
2017-05-12 15:02:33: Delete File 'D:/xampp/htdocs/absen/module/profile/img/SG00612010-20170504072545.jpg'
2017-05-12 15:02:33: Delete File 'D:/xampp/htdocs/absen/module/profile/img/SG00642011-20170503083601.jpg'
2017-05-12 15:02:33: Delete File 'D:/xampp/htdocs/absen/module/profile/img/SG00682011-20170504084233.jpg'
2017-05-12 15:02:33: Delete File 'D:/xampp/htdocs/absen/module/profile/img/SG00692011-20170505170930.jpg'
2017-05-12 15:02:33: Delete File 'D:/xampp/htdocs/absen/module/profile/img/SG00722011-20170503083425.jpg'
2017-05-12 15:02:33: Delete File 'D:/xampp/htdocs/absen/module/profile/img/SG00732011-20170505171223.jpg'
2017-05-12 15:02:33: Delete File 'D:/xampp/htdocs/absen/module/profile/img/SG00752011-20170428090000.jpg'
2017-05-12 15:02:33: Delete File 'D:/xampp/htdocs/absen/module/profile/img/SG00762011-20170505171123.jpg'
2017-05-12 15:02:33: Delete File 'D:/xampp/htdocs/absen/module/profile/img/SG00772008-20170503082059.jpg'
2017-05-12 15:02:33: Delete File 'D:/xampp/htdocs/absen/module/profile/img/SG00862012-20170505171919.jpg'
2017-05-12 15:02:33: Delete File 'D:/xampp/htdocs/absen/module/profile/img/SG00872012-20170505152013.jpg'
2017-05-12 15:02:33: Delete File 'D:/xampp/htdocs/absen/module/profile/img/SG00882012-20170505170854.jpg'
2017-05-12 15:02:33: Delete File 'D:/xampp/htdocs/absen/module/profile/img/SG00952013-20170504091322.jpg'
2017-05-12 15:02:33: Delete File 'D:/xampp/htdocs/absen/module/profile/img/SG00962013-20170505170820.jpg'
2017-05-12 15:02:33: Delete File 'D:/xampp/htdocs/absen/module/profile/img/SG00992013-20170504085421.jpg'
2017-05-12 15:02:33: Delete File 'D:/xampp/htdocs/absen/module/profile/img/SG01002013-20170505174601.jpg'
2017-05-12 15:02:33: Delete File 'D:/xampp/htdocs/absen/module/profile/img/SG01042013-20170505090346.jpg'
2017-05-12 15:02:33: Delete File 'D:/xampp/htdocs/absen/module/profile/img/SG01082013-20170505174751.jpg'
2017-05-12 15:02:33: Delete File 'D:/xampp/htdocs/absen/module/profile/img/SG01102013-20170504083327.jpg'
2017-05-12 15:02:33: Delete File 'D:/xampp/htdocs/absen/module/profile/img/SG01112013-20170505172330.jpg'
2017-05-12 15:02:33: Delete File 'D:/xampp/htdocs/absen/module/profile/img/SG01122013-20170505170112.jpg'
2017-05-12 15:02:33: Delete File 'D:/xampp/htdocs/absen/module/profile/img/SG01142013-20170505170159.jpg'
2017-05-12 15:02:33: Delete File 'D:/xampp/htdocs/absen/module/profile/img/SG01172013-20170505174300.jpg'
2017-05-12 15:02:33: Delete File 'D:/xampp/htdocs/absen/module/profile/img/SG01182013-20170504111953.jpg'
2017-05-12 15:02:33: Delete File 'D:/xampp/htdocs/absen/module/profile/img/SG01242013-20170503090630.jpg'
2017-05-12 15:02:33: Delete File 'D:/xampp/htdocs/absen/module/profile/img/SG01332013-20170505110324.jpg'
2017-05-12 15:02:33: Delete File 'D:/xampp/htdocs/absen/module/profile/img/SG01372013-20170503170523.jpg'
2017-05-12 15:02:33: Delete File 'D:/xampp/htdocs/absen/module/profile/img/SG01402013-20170504092047.jpg'
2017-05-12 15:02:33: Delete File 'D:/xampp/htdocs/absen/module/profile/img/SG01422013-20170505095936.jpg'
2017-05-12 15:02:33: Delete File 'D:/xampp/htdocs/absen/module/profile/img/SG01432013-20170505160935.jpg'
2017-05-12 15:02:33: Delete File 'D:/xampp/htdocs/absen/module/profile/img/SG01472013-20170505112653.jpg'
2017-05-12 15:02:33: Delete File 'D:/xampp/htdocs/absen/module/profile/img/SG01512013-20170505171926.jpg'
2017-05-12 15:02:33: Delete File 'D:/xampp/htdocs/absen/module/profile/img/SG01532013-20170505170304.jpg'
2017-05-12 15:02:33: Delete File 'D:/xampp/htdocs/absen/module/profile/img/SG01632013-20170504090327.jpg'
2017-05-12 15:02:33: Delete File 'D:/xampp/htdocs/absen/module/profile/img/SG01642013-20170505170200.jpg'
2017-05-12 15:02:33: Delete File 'D:/xampp/htdocs/absen/module/profile/img/SG01662013-20170505170809.jpg'
2017-05-12 15:02:33: Delete File 'D:/xampp/htdocs/absen/module/profile/img/SG01692014-20170504085107.jpg'
2017-05-12 15:02:33: Delete File 'D:/xampp/htdocs/absen/module/profile/img/SG01712014-20170505170413.jpg'
2017-05-12 15:02:33: Delete File 'D:/xampp/htdocs/absen/module/profile/img/SG01722014-20170505171227.jpg'
2017-05-12 15:02:33: Delete File 'D:/xampp/htdocs/absen/module/profile/img/SG01732014-20170505163637.jpg'
2017-05-12 15:02:33: Delete File 'D:/xampp/htdocs/absen/module/profile/img/SG01742014-20170505171252.jpg'
2017-05-12 15:02:33: Delete File 'D:/xampp/htdocs/absen/module/profile/img/SG01752014-20170504090757.jpg'
2017-05-12 15:02:33: Delete File 'D:/xampp/htdocs/absen/module/profile/img/SG01802014-20170505170353.jpg'
2017-05-12 15:02:33: Delete File 'D:/xampp/htdocs/absen/module/profile/img/SG01832014-20170505170202.jpg'
2017-05-12 15:02:33: Delete File 'D:/xampp/htdocs/absen/module/profile/img/SG01842014-20170505091807.jpg'
2017-05-12 15:02:33: Delete File 'D:/xampp/htdocs/absen/module/profile/img/SG01862014-20170504085931.jpg'
2017-05-12 15:02:33: Delete File 'D:/xampp/htdocs/absen/module/profile/img/SG01892014-20170505164923.jpg'
2017-05-12 15:02:33: Delete File 'D:/xampp/htdocs/absen/module/profile/img/SG01952014-20170505170850.jpg'
2017-05-12 15:02:33: Delete File 'D:/xampp/htdocs/absen/module/profile/img/SG01962014-20170503172704.jpg'
2017-05-12 15:02:33: Delete File 'D:/xampp/htdocs/absen/module/profile/img/SG02022014-20170505180238.jpg'
2017-05-12 15:02:33: Delete File 'D:/xampp/htdocs/absen/module/profile/img/SG02032014-20170504084642.jpg'
2017-05-12 15:02:33: Delete File 'D:/xampp/htdocs/absen/module/profile/img/SG02052014-20170505171143.jpg'
2017-05-12 15:02:33: Delete File 'D:/xampp/htdocs/absen/module/profile/img/SG02072014-20170505175602.jpg'
2017-05-12 15:02:33: Delete File 'D:/xampp/htdocs/absen/module/profile/img/SG02112014-20170505171229.jpg'
2017-05-12 15:02:33: Delete File 'D:/xampp/htdocs/absen/module/profile/img/SG02142014-20170505171906.jpg'
2017-05-12 15:02:33: Delete File 'D:/xampp/htdocs/absen/module/profile/img/SG02152014-20170503171919.jpg'
2017-05-12 15:02:33: Delete File 'D:/xampp/htdocs/absen/module/profile/img/SG02192014-20170504085426.jpg'
2017-05-12 15:02:33: Delete File 'D:/xampp/htdocs/absen/module/profile/img/SG02202014-20170505174141.jpg'
2017-05-12 15:02:33: Delete File 'D:/xampp/htdocs/absen/module/profile/img/SG02252014-20170504090804.jpg'
2017-05-12 15:02:33: Delete File 'D:/xampp/htdocs/absen/module/profile/img/SG02322015-20170505170902.jpg'
2017-05-12 15:02:33: Delete File 'D:/xampp/htdocs/absen/module/profile/img/SG02342015-20170505105525.jpg'
2017-05-12 15:02:33: Delete File 'D:/xampp/htdocs/absen/module/profile/img/SG02362015-20170504071528.jpg'
2017-05-12 15:02:33: Delete File 'D:/xampp/htdocs/absen/module/profile/img/SG02372015-20170505174012.jpg'
2017-05-12 15:02:33: Delete File 'D:/xampp/htdocs/absen/module/profile/img/SG02382015-20170505090721.jpg'
2017-05-12 15:02:33: Delete File 'D:/xampp/htdocs/absen/module/profile/img/SG02402015-20170505173737.jpg'
2017-05-12 15:02:33: Delete File 'D:/xampp/htdocs/absen/module/profile/img/SG02442015-20170503174115.jpg'
2017-05-12 15:02:33: Delete File 'D:/xampp/htdocs/absen/module/profile/img/SG02462015-20170430171700.jpg'
2017-05-12 15:02:33: Delete File 'D:/xampp/htdocs/absen/module/profile/img/SG02472015-20170503175844.jpg'
2017-05-12 15:02:33: Delete File 'D:/xampp/htdocs/absen/module/profile/img/SG02482015-20170505180352.jpg'
2017-05-12 15:02:33: Delete File 'D:/xampp/htdocs/absen/module/profile/img/SG02512015-20170505092050.jpg'
2017-05-12 15:02:33: Delete File 'D:/xampp/htdocs/absen/module/profile/img/SG02522015-20170505105701.jpg'
2017-05-12 15:02:33: Delete File 'D:/xampp/htdocs/absen/module/profile/img/SG02532015-20170504082732.jpg'
2017-05-12 15:02:33: Delete File 'D:/xampp/htdocs/absen/module/profile/img/SG02552015-20170505171750.jpg'
2017-05-12 15:02:33: Delete File 'D:/xampp/htdocs/absen/module/profile/img/SG02662015-20170505180408.jpg'
2017-05-12 15:02:33: Delete File 'D:/xampp/htdocs/absen/module/profile/img/SG02672015-20170504085456.jpg'
2017-05-12 15:02:33: Delete File 'D:/xampp/htdocs/absen/module/profile/img/SG02692015-20170505105407.jpg'
2017-05-12 15:02:33: Delete File 'D:/xampp/htdocs/absen/module/profile/img/SG02702015-20170503174520.jpg'
2017-05-12 15:02:33: Delete File 'D:/xampp/htdocs/absen/module/profile/img/SG02732015-20170505171324.jpg'
2017-05-12 15:02:33: Delete File 'D:/xampp/htdocs/absen/module/profile/img/SG02742015-20170505171557.jpg'
2017-05-12 15:02:33: Delete File 'D:/xampp/htdocs/absen/module/profile/img/SG02752015-20170505170340.jpg'
2017-05-12 15:02:33: Delete File 'D:/xampp/htdocs/absen/module/profile/img/SG02772015-20170505173242.jpg'
2017-05-12 15:02:33: Delete File 'D:/xampp/htdocs/absen/module/profile/img/SG02792015-20170505105805.jpg'
2017-05-12 15:02:33: Delete File 'D:/xampp/htdocs/absen/module/profile/img/SG02812015-20170505103513.jpg'
2017-05-12 15:02:33: Delete File 'D:/xampp/htdocs/absen/module/profile/img/SG02842016-20170503082925.jpg'
2017-05-12 15:02:33: Delete File 'D:/xampp/htdocs/absen/module/profile/img/SG02852016-20170504085329.jpg'
2017-05-12 15:02:33: Delete File 'D:/xampp/htdocs/absen/module/profile/img/SG02862016-20170504084441.jpg'
2017-05-12 15:02:33: Delete File 'D:/xampp/htdocs/absen/module/profile/img/SG02872016-20170503084648.jpg'
2017-05-12 15:02:33: Delete File 'D:/xampp/htdocs/absen/module/profile/img/SG02882016-20170505171727.jpg'
2017-05-12 15:02:33: Delete File 'D:/xampp/htdocs/absen/module/profile/img/SG02892016-20170502084804.jpg'
2017-05-12 15:02:33: Delete File 'D:/xampp/htdocs/absen/module/profile/img/SG02922016-20170504085807.jpg'
2017-05-12 15:02:33: Delete File 'D:/xampp/htdocs/absen/module/profile/img/SG02942016-20170505173529.jpg'
2017-05-12 15:02:33: Delete File 'D:/xampp/htdocs/absen/module/profile/img/SG02952016-20170505174024.jpg'
2017-05-12 15:02:33: Delete File 'D:/xampp/htdocs/absen/module/profile/img/SG02962016-20170505171234.jpg'
2017-05-12 15:02:33: Delete File 'D:/xampp/htdocs/absen/module/profile/img/SG02972016-20170503173141.jpg'
2017-05-12 15:02:33: Delete File 'D:/xampp/htdocs/absen/module/profile/img/SG02982016-20170505173121.jpg'
2017-05-12 15:02:33: Delete File 'D:/xampp/htdocs/absen/module/profile/img/SG03002016-20170504104900.jpg'
2017-05-12 15:02:33: Delete File 'D:/xampp/htdocs/absen/module/profile/img/SG03012016-20170505172824.jpg'
2017-05-12 15:02:33: Delete File 'D:/xampp/htdocs/absen/module/profile/img/SG03022016-20170505090511.jpg'
2017-05-12 15:02:33: Delete File 'D:/xampp/htdocs/absen/module/profile/img/SG03032016-20170505171826.jpg'
2017-05-12 15:02:33: Delete File 'D:/xampp/htdocs/absen/module/profile/img/SG03042016-20170505134101.jpg'
2017-05-12 15:02:33: Delete File 'D:/xampp/htdocs/absen/module/profile/img/SG03062016-20170505162133.jpg'
2017-05-12 15:02:33: Delete File 'D:/xampp/htdocs/absen/module/profile/img/SG03082016-20170505161336.jpg'
2017-05-12 15:02:33: Delete File 'D:/xampp/htdocs/absen/module/profile/img/SG03102016-20170505171404.jpg'
2017-05-12 15:02:33: Delete File 'D:/xampp/htdocs/absen/module/profile/img/SG03112016-20170504110135.jpg'
2017-05-12 15:02:33: Delete File 'D:/xampp/htdocs/absen/module/profile/img/SG03122016-20170504110159.jpg'
2017-05-12 15:02:33: Delete File 'D:/xampp/htdocs/absen/module/profile/img/SG03132016-20170503175348.jpg'
2017-05-12 15:02:33: Delete File 'D:/xampp/htdocs/absen/module/profile/img/SG03152016-20170505170031.jpg'
2017-05-12 15:02:33: Delete File 'D:/xampp/htdocs/absen/module/profile/img/SG03162016-20170505170742.jpg'
2017-05-12 15:02:33: Delete File 'D:/xampp/htdocs/absen/module/profile/img/SG03182016-20170505105802.jpg'
2017-05-12 15:02:33: Delete File 'D:/xampp/htdocs/absen/module/profile/img/SG03202016-20170504085328.jpg'
2017-05-12 15:02:33: Delete File 'D:/xampp/htdocs/absen/module/profile/img/SG03212016-20170505170222.jpg'
2017-05-12 15:02:33: Delete File 'D:/xampp/htdocs/absen/module/profile/img/SG03222016-20170504091754.jpg'
2017-05-12 15:02:33: Delete File 'D:/xampp/htdocs/absen/module/profile/img/SG03232016-20170505171053.jpg'
2017-05-12 15:02:33: Delete File 'D:/xampp/htdocs/absen/module/profile/img/SG03242016-20170505170145.jpg'
2017-05-12 15:02:33: Delete File 'D:/xampp/htdocs/absen/module/profile/img/SG03262016-20170505161703.jpg'
2017-05-12 15:02:33: Delete File 'D:/xampp/htdocs/absen/module/profile/img/SG03272016-20170505170817.jpg'
2017-05-12 15:02:33: Delete File 'D:/xampp/htdocs/absen/module/profile/img/SG03282016-20170504084840.jpg'
2017-05-12 15:02:33: Delete File 'D:/xampp/htdocs/absen/module/profile/img/SG03302016-20170505171031.jpg'
2017-05-12 15:02:33: Delete File 'D:/xampp/htdocs/absen/module/profile/img/SG03312016-20170504143447.jpg'
2017-05-12 15:02:33: Delete File 'D:/xampp/htdocs/absen/module/profile/img/SG03332016-20170504090450.jpg'
2017-05-12 15:02:33: Delete File 'D:/xampp/htdocs/absen/module/profile/img/SG03342016-20170429170628.jpg'
2017-05-12 15:02:33: Delete File 'D:/xampp/htdocs/absen/module/profile/img/SG03352016-20170505100607.jpg'
2017-05-12 15:02:33: Delete File 'D:/xampp/htdocs/absen/module/profile/img/SG03362016-20170505170758.jpg'
2017-05-12 15:02:33: Delete File 'D:/xampp/htdocs/absen/module/profile/img/SG03382016-20170428160448.jpg'
2017-05-12 15:02:33: Delete File 'D:/xampp/htdocs/absen/module/profile/img/SG03392016-20170505180430.jpg'
2017-05-12 15:02:33: Delete File 'D:/xampp/htdocs/absen/module/profile/img/SG03402016-20170504085652.jpg'
2017-05-12 15:02:33: Delete File 'D:/xampp/htdocs/absen/module/profile/img/SG03412016-20170505171415.jpg'
2017-05-12 15:02:33: Delete File 'D:/xampp/htdocs/absen/module/profile/img/SG03422016-20170505160226.jpg'
2017-05-12 15:02:33: Delete File 'D:/xampp/htdocs/absen/module/profile/img/SG03442016-20170505134816.jpg'
2017-05-12 15:02:33: Delete File 'D:/xampp/htdocs/absen/module/profile/img/SG03452016-20170505170227.jpg'
2017-05-12 15:02:33: Delete File 'D:/xampp/htdocs/absen/module/profile/img/SG03462016-20170505163437.jpg'
2017-05-12 15:02:33: Delete File 'D:/xampp/htdocs/absen/module/profile/img/SG03472016-20170503181116.jpg'
2017-05-12 15:02:33: Delete File 'D:/xampp/htdocs/absen/module/profile/img/SG03482016-20170504085943.jpg'
2017-05-12 15:02:33: Delete File 'D:/xampp/htdocs/absen/module/profile/img/SG03502016-20170505173542.jpg'
2017-05-12 15:02:33: Delete File 'D:/xampp/htdocs/absen/module/profile/img/SG03512016-20170505171838.jpg'
2017-05-12 15:02:33: Delete File 'D:/xampp/htdocs/absen/module/profile/img/SG03522016-20170504090124.jpg'
2017-05-12 15:02:33: Delete File 'D:/xampp/htdocs/absen/module/profile/img/SG03532016-20170505103557.jpg'
2017-05-12 15:02:33: Delete File 'D:/xampp/htdocs/absen/module/profile/img/SG03552016-20170505163528.jpg'
2017-05-12 15:02:33: Delete File 'D:/xampp/htdocs/absen/module/profile/img/SG03562016-20170504103633.jpg'
2017-05-12 15:02:33: Delete File 'D:/xampp/htdocs/absen/module/profile/img/SG03572016-20170505173802.jpg'
2017-05-12 15:02:33: Delete File 'D:/xampp/htdocs/absen/module/profile/img/SG03592016-20170505090845.jpg'
2017-05-12 15:02:33: Delete File 'D:/xampp/htdocs/absen/module/profile/img/SG03602016-20170504124631.jpg'
2017-05-12 15:02:33: Delete File 'D:/xampp/htdocs/absen/module/profile/img/SG03632016-20170504080610.jpg'
2017-05-12 15:02:33: Delete File 'D:/xampp/htdocs/absen/module/profile/img/SG03642016-20170505171520.jpg'
2017-05-12 15:02:33: Delete File 'D:/xampp/htdocs/absen/module/profile/img/SG03662016-20170505171033.jpg'
2017-05-12 15:02:33: Delete File 'D:/xampp/htdocs/absen/module/profile/img/SG03672016-20170504085036.jpg'
2017-05-12 15:02:33: Delete File 'D:/xampp/htdocs/absen/module/profile/img/SG03682016-20170505160729.jpg'
2017-05-12 15:02:33: Delete File 'D:/xampp/htdocs/absen/module/profile/img/SG03692016-20170504052041.jpg'
2017-05-12 15:02:33: Delete File 'D:/xampp/htdocs/absen/module/profile/img/SG03702016-20170503172713.jpg'
2017-05-12 15:02:33: Delete File 'D:/xampp/htdocs/absen/module/profile/img/SG03722016-20170505111631.jpg'
2017-05-12 15:02:33: Delete File 'D:/xampp/htdocs/absen/module/profile/img/SG03732016-20170505105031.jpg'
2017-05-12 15:02:33: Delete File 'D:/xampp/htdocs/absen/module/profile/img/SG03742016-20170505175928.jpg'
2017-05-12 15:02:33: Delete File 'D:/xampp/htdocs/absen/module/profile/img/SG03772017-20170505175031.jpg'
2017-05-12 15:02:33: Delete File 'D:/xampp/htdocs/absen/module/profile/img/SG03782017-20170505174642.jpg'
2017-05-12 15:02:33: Delete File 'D:/xampp/htdocs/absen/module/profile/img/SG03792017-20170505173052.jpg'
2017-05-12 15:02:33: Delete File 'D:/xampp/htdocs/absen/module/profile/img/SG03802017-20170505090551.jpg'
2017-05-12 15:02:33: Delete File 'D:/xampp/htdocs/absen/module/profile/img/SG03842017-20170505170221.jpg'
2017-05-12 15:02:33: Delete File 'D:/xampp/htdocs/absen/module/profile/img/SG03852017-20170505173941.jpg'
2017-05-12 15:02:33: Delete File 'D:/xampp/htdocs/absen/module/profile/img/SG03862017-20170505172006.jpg'
2017-05-12 15:02:33: Delete File 'D:/xampp/htdocs/absen/module/profile/img/SG03882017-20170504075710.jpg'
2017-05-12 15:02:33: Delete File 'D:/xampp/htdocs/absen/module/profile/img/SG03892017-20170504090155.jpg'
2017-05-12 15:02:33: Delete File 'D:/xampp/htdocs/absen/module/profile/img/SG03902017-20170503171311.jpg'
2017-05-12 15:02:33: Delete File 'D:/xampp/htdocs/absen/module/profile/img/SG03912017-20170505152108.jpg'
2017-05-12 15:02:33: Delete File 'D:/xampp/htdocs/absen/module/profile/img/SG03932017-20170505110837.jpg'
2017-05-12 15:02:33: Delete File 'D:/xampp/htdocs/absen/module/profile/img/SG03942017-20170505090543.jpg'
2017-05-12 15:02:33: Delete File 'D:/xampp/htdocs/absen/module/profile/img/SG03952017-20170505171528.jpg'
2017-05-12 15:02:33: Delete File 'D:/xampp/htdocs/absen/module/profile/img/SG03962017-20170504093153.jpg'
2017-05-12 15:02:33: Delete File 'D:/xampp/htdocs/absen/module/profile/img/SG03972017-20170505105042.jpg'
2017-05-12 15:02:33: Delete File 'D:/xampp/htdocs/absen/module/profile/img/SG03982017-20170505091654.jpg'
2017-05-12 15:02:33: Delete File 'D:/xampp/htdocs/absen/module/profile/img/SG03992017-20170505175721.jpg'
2017-05-12 15:02:33: Delete File 'D:/xampp/htdocs/absen/module/profile/img/SG04002017-20170505172043.jpg'
2017-05-12 15:02:33: Delete File 'D:/xampp/htdocs/absen/module/profile/img/SG04012017-20170505172545.jpg'
2017-05-12 15:02:33: Copy New 'ftp://personalia.web.id/personalia.web.id/absen/module/post/atc/Kasbon_Operasional__Mingguan_&_GSF_di_transfer_05_&_12_Mei_2017.xls' -> 'D:/xampp/htdocs/absen/module/post/atc/Kasbon_Operasional__Mingguan_&_GSF_di_transfer_05_&_12_Mei_2017.xls'
2017-05-12 15:02:33: Copy New 'ftp://personalia.web.id/personalia.web.id/absen/module/profile/img/agung-20170510170725.jpg' -> 'D:/xampp/htdocs/absen/module/profile/img/agung-20170510170725.jpg'
2017-05-12 15:02:33: Copy New 'ftp://personalia.web.id/personalia.web.id/absen/module/profile/img/denih-20170512051947.jpg' -> 'D:/xampp/htdocs/absen/module/profile/img/denih-20170512051947.jpg'
2017-05-12 15:02:34: Copy New 'ftp://personalia.web.id/personalia.web.id/absen/module/profile/img/fairi-20170510172140.jpg' -> 'D:/xampp/htdocs/absen/module/profile/img/fairi-20170510172140.jpg'
2017-05-12 15:02:34: Copy New 'ftp://personalia.web.id/personalia.web.id/absen/module/profile/img/fw-20170508090805.jpg' -> 'D:/xampp/htdocs/absen/module/profile/img/fw-20170508090805.jpg'
2017-05-12 15:02:34: Copy New 'ftp://personalia.web.id/personalia.web.id/absen/module/profile/img/nurul-20170512083839.jpg' -> 'D:/xampp/htdocs/absen/module/profile/img/nurul-20170512083839.jpg'
2017-05-12 15:02:34: Copy New 'ftp://personalia.web.id/personalia.web.id/absen/module/profile/img/SG00132003-20170512082603.jpg' -> 'D:/xampp/htdocs/absen/module/profile/img/SG00132003-20170512082603.jpg'
2017-05-12 15:02:34: Copy New 'ftp://personalia.web.id/personalia.web.id/absen/module/profile/img/SG00142003-20170512082826.jpg' -> 'D:/xampp/htdocs/absen/module/profile/img/SG00142003-20170512082826.jpg'
2017-05-12 15:02:34: Copy New 'ftp://personalia.web.id/personalia.web.id/absen/module/profile/img/SG00152004-20170510180622.jpg' -> 'D:/xampp/htdocs/absen/module/profile/img/SG00152004-20170510180622.jpg'
2017-05-12 15:02:34: Copy New 'ftp://personalia.web.id/personalia.web.id/absen/module/profile/img/SG00172004-20170512080628.jpg' -> 'D:/xampp/htdocs/absen/module/profile/img/SG00172004-20170512080628.jpg'
2017-05-12 15:02:34: Copy New 'ftp://personalia.web.id/personalia.web.id/absen/module/profile/img/SG00192004-20170512071435.jpg' -> 'D:/xampp/htdocs/absen/module/profile/img/SG00192004-20170512071435.jpg'
2017-05-12 15:02:34: Copy New 'ftp://personalia.web.id/personalia.web.id/absen/module/profile/img/SG00212004-20170512075243.jpg' -> 'D:/xampp/htdocs/absen/module/profile/img/SG00212004-20170512075243.jpg'
2017-05-12 15:02:34: Copy New 'ftp://personalia.web.id/personalia.web.id/absen/module/profile/img/SG00232004-20170510171159.jpg' -> 'D:/xampp/htdocs/absen/module/profile/img/SG00232004-20170510171159.jpg'
2017-05-12 15:02:34: Copy New 'ftp://personalia.web.id/personalia.web.id/absen/module/profile/img/SG00262006-20170512085908.jpg' -> 'D:/xampp/htdocs/absen/module/profile/img/SG00262006-20170512085908.jpg'
2017-05-12 15:02:34: Copy New 'ftp://personalia.web.id/personalia.web.id/absen/module/profile/img/SG00282007-20170512090344.jpg' -> 'D:/xampp/htdocs/absen/module/profile/img/SG00282007-20170512090344.jpg'
2017-05-12 15:02:34: Copy New 'ftp://personalia.web.id/personalia.web.id/absen/module/profile/img/SG00292007-20170512084936.jpg' -> 'D:/xampp/htdocs/absen/module/profile/img/SG00292007-20170512084936.jpg'
2017-05-12 15:02:34: Copy New 'ftp://personalia.web.id/personalia.web.id/absen/module/profile/img/SG00312007-20170510172408.jpg' -> 'D:/xampp/htdocs/absen/module/profile/img/SG00312007-20170510172408.jpg'
2017-05-12 15:02:34: Copy New 'ftp://personalia.web.id/personalia.web.id/absen/module/profile/img/SG00362007-20170512083734.jpg' -> 'D:/xampp/htdocs/absen/module/profile/img/SG00362007-20170512083734.jpg'
2017-05-12 15:02:34: Copy New 'ftp://personalia.web.id/personalia.web.id/absen/module/profile/img/SG00402008-20170512084508.jpg' -> 'D:/xampp/htdocs/absen/module/profile/img/SG00402008-20170512084508.jpg'
2017-05-12 15:02:34: Copy New 'ftp://personalia.web.id/personalia.web.id/absen/module/profile/img/SG00422008-20170512091304.jpg' -> 'D:/xampp/htdocs/absen/module/profile/img/SG00422008-20170512091304.jpg'
2017-05-12 15:02:34: Copy New 'ftp://personalia.web.id/personalia.web.id/absen/module/profile/img/SG00432008-20170509084016.jpg' -> 'D:/xampp/htdocs/absen/module/profile/img/SG00432008-20170509084016.jpg'
2017-05-12 15:02:34: Copy New 'ftp://personalia.web.id/personalia.web.id/absen/module/profile/img/SG00442008-20170512090145.jpg' -> 'D:/xampp/htdocs/absen/module/profile/img/SG00442008-20170512090145.jpg'
2017-05-12 15:02:34: Copy New 'ftp://personalia.web.id/personalia.web.id/absen/module/profile/img/SG00462008-20170512084544.jpg' -> 'D:/xampp/htdocs/absen/module/profile/img/SG00462008-20170512084544.jpg'
2017-05-12 15:02:34: Copy New 'ftp://personalia.web.id/personalia.web.id/absen/module/profile/img/SG00472008-20170508080223.jpg' -> 'D:/xampp/htdocs/absen/module/profile/img/SG00472008-20170508080223.jpg'
2017-05-12 15:02:34: Copy New 'ftp://personalia.web.id/personalia.web.id/absen/module/profile/img/SG00482008-20170506083337.jpg' -> 'D:/xampp/htdocs/absen/module/profile/img/SG00482008-20170506083337.jpg'
2017-05-12 15:02:34: Copy New 'ftp://personalia.web.id/personalia.web.id/absen/module/profile/img/SG00502009-20170510170731.jpg' -> 'D:/xampp/htdocs/absen/module/profile/img/SG00502009-20170510170731.jpg'
2017-05-12 15:02:34: Copy New 'ftp://personalia.web.id/personalia.web.id/absen/module/profile/img/SG00522009-20170510090625.jpg' -> 'D:/xampp/htdocs/absen/module/profile/img/SG00522009-20170510090625.jpg'
2017-05-12 15:02:34: Copy New 'ftp://personalia.web.id/personalia.web.id/absen/module/profile/img/SG00542009-20170510180403.jpg' -> 'D:/xampp/htdocs/absen/module/profile/img/SG00542009-20170510180403.jpg'
2017-05-12 15:02:34: Copy New 'ftp://personalia.web.id/personalia.web.id/absen/module/profile/img/SG00562009-20170512083257.jpg' -> 'D:/xampp/htdocs/absen/module/profile/img/SG00562009-20170512083257.jpg'
2017-05-12 15:02:34: Copy New 'ftp://personalia.web.id/personalia.web.id/absen/module/profile/img/SG00572009-20170510170349.jpg' -> 'D:/xampp/htdocs/absen/module/profile/img/SG00572009-20170510170349.jpg'
2017-05-12 15:02:34: Copy New 'ftp://personalia.web.id/personalia.web.id/absen/module/profile/img/SG00582010-20170512085142.jpg' -> 'D:/xampp/htdocs/absen/module/profile/img/SG00582010-20170512085142.jpg'
2017-05-12 15:02:34: Copy New 'ftp://personalia.web.id/personalia.web.id/absen/module/profile/img/SG00592010-20170512103538.jpg' -> 'D:/xampp/htdocs/absen/module/profile/img/SG00592010-20170512103538.jpg'
2017-05-12 15:02:34: Copy New 'ftp://personalia.web.id/personalia.web.id/absen/module/profile/img/SG00602010-20170512085320.jpg' -> 'D:/xampp/htdocs/absen/module/profile/img/SG00602010-20170512085320.jpg'
2017-05-12 15:02:34: Copy New 'ftp://personalia.web.id/personalia.web.id/absen/module/profile/img/SG00612010-20170512085131.jpg' -> 'D:/xampp/htdocs/absen/module/profile/img/SG00612010-20170512085131.jpg'
2017-05-12 15:02:34: Copy New 'ftp://personalia.web.id/personalia.web.id/absen/module/profile/img/SG00642011-20170510170640.jpg' -> 'D:/xampp/htdocs/absen/module/profile/img/SG00642011-20170510170640.jpg'
2017-05-12 15:02:34: Copy New 'ftp://personalia.web.id/personalia.web.id/absen/module/profile/img/SG00682011-20170512084653.jpg' -> 'D:/xampp/htdocs/absen/module/profile/img/SG00682011-20170512084653.jpg'
2017-05-12 15:02:34: Copy New 'ftp://personalia.web.id/personalia.web.id/absen/module/profile/img/SG00692011-20170512084331.jpg' -> 'D:/xampp/htdocs/absen/module/profile/img/SG00692011-20170512084331.jpg'
2017-05-12 15:02:34: Copy New 'ftp://personalia.web.id/personalia.web.id/absen/module/profile/img/SG00722011-20170512081638.jpg' -> 'D:/xampp/htdocs/absen/module/profile/img/SG00722011-20170512081638.jpg'
2017-05-12 15:02:34: Copy New 'ftp://personalia.web.id/personalia.web.id/absen/module/profile/img/SG00732011-20170512081427.jpg' -> 'D:/xampp/htdocs/absen/module/profile/img/SG00732011-20170512081427.jpg'
2017-05-12 15:02:34: Copy New 'ftp://personalia.web.id/personalia.web.id/absen/module/profile/img/SG00752011-20170512091158.jpg' -> 'D:/xampp/htdocs/absen/module/profile/img/SG00752011-20170512091158.jpg'
2017-05-12 15:02:34: Copy New 'ftp://personalia.web.id/personalia.web.id/absen/module/profile/img/SG00762011-20170512091211.jpg' -> 'D:/xampp/htdocs/absen/module/profile/img/SG00762011-20170512091211.jpg'
2017-05-12 15:02:34: Copy New 'ftp://personalia.web.id/personalia.web.id/absen/module/profile/img/SG00772008-20170512075405.jpg' -> 'D:/xampp/htdocs/absen/module/profile/img/SG00772008-20170512075405.jpg'
2017-05-12 15:02:35: Copy New 'ftp://personalia.web.id/personalia.web.id/absen/module/profile/img/SG00862012-20170510180555.jpg' -> 'D:/xampp/htdocs/absen/module/profile/img/SG00862012-20170510180555.jpg'
2017-05-12 15:02:35: Copy New 'ftp://personalia.web.id/personalia.web.id/absen/module/profile/img/SG00872012-20170512140231.jpg' -> 'D:/xampp/htdocs/absen/module/profile/img/SG00872012-20170512140231.jpg'
2017-05-12 15:02:35: Copy New 'ftp://personalia.web.id/personalia.web.id/absen/module/profile/img/SG00882012-20170512084400.jpg' -> 'D:/xampp/htdocs/absen/module/profile/img/SG00882012-20170512084400.jpg'
2017-05-12 15:02:35: Copy New 'ftp://personalia.web.id/personalia.web.id/absen/module/profile/img/SG00952013-20170512091321.jpg' -> 'D:/xampp/htdocs/absen/module/profile/img/SG00952013-20170512091321.jpg'
2017-05-12 15:02:35: Copy New 'ftp://personalia.web.id/personalia.web.id/absen/module/profile/img/SG00962013-20170512085314.jpg' -> 'D:/xampp/htdocs/absen/module/profile/img/SG00962013-20170512085314.jpg'
2017-05-12 15:02:35: Copy New 'ftp://personalia.web.id/personalia.web.id/absen/module/profile/img/SG00992013-20170512090226.jpg' -> 'D:/xampp/htdocs/absen/module/profile/img/SG00992013-20170512090226.jpg'
2017-05-12 15:02:35: Copy New 'ftp://personalia.web.id/personalia.web.id/absen/module/profile/img/SG01002013-20170509084927.jpg' -> 'D:/xampp/htdocs/absen/module/profile/img/SG01002013-20170509084927.jpg'
2017-05-12 15:02:35: Copy New 'ftp://personalia.web.id/personalia.web.id/absen/module/profile/img/SG01042013-20170510170211.jpg' -> 'D:/xampp/htdocs/absen/module/profile/img/SG01042013-20170510170211.jpg'
2017-05-12 15:02:35: Copy New 'ftp://personalia.web.id/personalia.web.id/absen/module/profile/img/SG01082013-20170512084513.jpg' -> 'D:/xampp/htdocs/absen/module/profile/img/SG01082013-20170512084513.jpg'
2017-05-12 15:02:35: Copy New 'ftp://personalia.web.id/personalia.web.id/absen/module/profile/img/SG01102013-20170512074349.jpg' -> 'D:/xampp/htdocs/absen/module/profile/img/SG01102013-20170512074349.jpg'
2017-05-12 15:02:35: Copy New 'ftp://personalia.web.id/personalia.web.id/absen/module/profile/img/SG01112013-20170510090159.jpg' -> 'D:/xampp/htdocs/absen/module/profile/img/SG01112013-20170510090159.jpg'
2017-05-12 15:02:35: Copy New 'ftp://personalia.web.id/personalia.web.id/absen/module/profile/img/SG01122013-20170510170310.jpg' -> 'D:/xampp/htdocs/absen/module/profile/img/SG01122013-20170510170310.jpg'
2017-05-12 15:02:35: Copy New 'ftp://personalia.web.id/personalia.web.id/absen/module/profile/img/SG01142013-20170512091129.jpg' -> 'D:/xampp/htdocs/absen/module/profile/img/SG01142013-20170512091129.jpg'
2017-05-12 15:02:35: Copy New 'ftp://personalia.web.id/personalia.web.id/absen/module/profile/img/SG01172013-20170512085207.jpg' -> 'D:/xampp/htdocs/absen/module/profile/img/SG01172013-20170512085207.jpg'
2017-05-12 15:02:35: Copy New 'ftp://personalia.web.id/personalia.web.id/absen/module/profile/img/SG01182013-20170512091332.jpg' -> 'D:/xampp/htdocs/absen/module/profile/img/SG01182013-20170512091332.jpg'
2017-05-12 15:02:35: Copy New 'ftp://personalia.web.id/personalia.web.id/absen/module/profile/img/SG01242013-20170509090542.jpg' -> 'D:/xampp/htdocs/absen/module/profile/img/SG01242013-20170509090542.jpg'
2017-05-12 15:02:35: Copy New 'ftp://personalia.web.id/personalia.web.id/absen/module/profile/img/SG01332013-20170512085810.jpg' -> 'D:/xampp/htdocs/absen/module/profile/img/SG01332013-20170512085810.jpg'
2017-05-12 15:02:35: Copy New 'ftp://personalia.web.id/personalia.web.id/absen/module/profile/img/SG01372013-20170512091709.jpg' -> 'D:/xampp/htdocs/absen/module/profile/img/SG01372013-20170512091709.jpg'
2017-05-12 15:02:35: Copy New 'ftp://personalia.web.id/personalia.web.id/absen/module/profile/img/SG01402013-20170512092402.jpg' -> 'D:/xampp/htdocs/absen/module/profile/img/SG01402013-20170512092402.jpg'
2017-05-12 15:02:35: Copy New 'ftp://personalia.web.id/personalia.web.id/absen/module/profile/img/SG01422013-20170512105444.jpg' -> 'D:/xampp/htdocs/absen/module/profile/img/SG01422013-20170512105444.jpg'
2017-05-12 15:02:35: Copy New 'ftp://personalia.web.id/personalia.web.id/absen/module/profile/img/SG01432013-20170512080532.jpg' -> 'D:/xampp/htdocs/absen/module/profile/img/SG01432013-20170512080532.jpg'
2017-05-12 15:02:35: Copy New 'ftp://personalia.web.id/personalia.web.id/absen/module/profile/img/SG01472013-20170512085558.jpg' -> 'D:/xampp/htdocs/absen/module/profile/img/SG01472013-20170512085558.jpg'
2017-05-12 15:02:35: Copy New 'ftp://personalia.web.id/personalia.web.id/absen/module/profile/img/SG01512013-20170512085306.jpg' -> 'D:/xampp/htdocs/absen/module/profile/img/SG01512013-20170512085306.jpg'
2017-05-12 15:02:35: Copy New 'ftp://personalia.web.id/personalia.web.id/absen/module/profile/img/SG01532013-20170510083844.jpg' -> 'D:/xampp/htdocs/absen/module/profile/img/SG01532013-20170510083844.jpg'
2017-05-12 15:02:35: Copy New 'ftp://personalia.web.id/personalia.web.id/absen/module/profile/img/SG01632013-20170512092100.jpg' -> 'D:/xampp/htdocs/absen/module/profile/img/SG01632013-20170512092100.jpg'
2017-05-12 15:02:35: Copy New 'ftp://personalia.web.id/personalia.web.id/absen/module/profile/img/SG01642013-20170512124337.jpg' -> 'D:/xampp/htdocs/absen/module/profile/img/SG01642013-20170512124337.jpg'
2017-05-12 15:02:35: Copy New 'ftp://personalia.web.id/personalia.web.id/absen/module/profile/img/SG01662013-20170510085646.jpg' -> 'D:/xampp/htdocs/absen/module/profile/img/SG01662013-20170510085646.jpg'
2017-05-12 15:02:35: Copy New 'ftp://personalia.web.id/personalia.web.id/absen/module/profile/img/SG01692014-20170512085933.jpg' -> 'D:/xampp/htdocs/absen/module/profile/img/SG01692014-20170512085933.jpg'
2017-05-12 15:02:35: Copy New 'ftp://personalia.web.id/personalia.web.id/absen/module/profile/img/SG01712014-20170512085235.jpg' -> 'D:/xampp/htdocs/absen/module/profile/img/SG01712014-20170512085235.jpg'
2017-05-12 15:02:35: Copy New 'ftp://personalia.web.id/personalia.web.id/absen/module/profile/img/SG01722014-20170510171544.jpg' -> 'D:/xampp/htdocs/absen/module/profile/img/SG01722014-20170510171544.jpg'
2017-05-12 15:02:35: Copy New 'ftp://personalia.web.id/personalia.web.id/absen/module/profile/img/SG01732014-20170512073259.jpg' -> 'D:/xampp/htdocs/absen/module/profile/img/SG01732014-20170512073259.jpg'
2017-05-12 15:02:35: Copy New 'ftp://personalia.web.id/personalia.web.id/absen/module/profile/img/SG01742014-20170510170216.jpg' -> 'D:/xampp/htdocs/absen/module/profile/img/SG01742014-20170510170216.jpg'
2017-05-12 15:02:35: Copy New 'ftp://personalia.web.id/personalia.web.id/absen/module/profile/img/SG01752014-20170512085754.jpg' -> 'D:/xampp/htdocs/absen/module/profile/img/SG01752014-20170512085754.jpg'
2017-05-12 15:02:36: Copy New 'ftp://personalia.web.id/personalia.web.id/absen/module/profile/img/SG01802014-20170512085841.jpg' -> 'D:/xampp/htdocs/absen/module/profile/img/SG01802014-20170512085841.jpg'
2017-05-12 15:02:36: Copy New 'ftp://personalia.web.id/personalia.web.id/absen/module/profile/img/SG01832014-20170512083918.jpg' -> 'D:/xampp/htdocs/absen/module/profile/img/SG01832014-20170512083918.jpg'
2017-05-12 15:02:36: Copy New 'ftp://personalia.web.id/personalia.web.id/absen/module/profile/img/SG01842014-20170512101646.jpg' -> 'D:/xampp/htdocs/absen/module/profile/img/SG01842014-20170512101646.jpg'
2017-05-12 15:02:36: Copy New 'ftp://personalia.web.id/personalia.web.id/absen/module/profile/img/SG01862014-20170510085647.jpg' -> 'D:/xampp/htdocs/absen/module/profile/img/SG01862014-20170510085647.jpg'
2017-05-12 15:02:36: Copy New 'ftp://personalia.web.id/personalia.web.id/absen/module/profile/img/SG01892014-20170512104518.jpg' -> 'D:/xampp/htdocs/absen/module/profile/img/SG01892014-20170512104518.jpg'
2017-05-12 15:02:36: Copy New 'ftp://personalia.web.id/personalia.web.id/absen/module/profile/img/SG01952014-20170512110009.jpg' -> 'D:/xampp/htdocs/absen/module/profile/img/SG01952014-20170512110009.jpg'
2017-05-12 15:02:36: Copy New 'ftp://personalia.web.id/personalia.web.id/absen/module/profile/img/SG01962014-20170510171833.jpg' -> 'D:/xampp/htdocs/absen/module/profile/img/SG01962014-20170510171833.jpg'
2017-05-12 15:02:36: Copy New 'ftp://personalia.web.id/personalia.web.id/absen/module/profile/img/SG02022014-20170512101011.jpg' -> 'D:/xampp/htdocs/absen/module/profile/img/SG02022014-20170512101011.jpg'
2017-05-12 15:02:36: Copy New 'ftp://personalia.web.id/personalia.web.id/absen/module/profile/img/SG02032014-20170510172606.jpg' -> 'D:/xampp/htdocs/absen/module/profile/img/SG02032014-20170510172606.jpg'
2017-05-12 15:02:36: Copy New 'ftp://personalia.web.id/personalia.web.id/absen/module/profile/img/SG02052014-20170510171913.jpg' -> 'D:/xampp/htdocs/absen/module/profile/img/SG02052014-20170510171913.jpg'
2017-05-12 15:02:36: Copy New 'ftp://personalia.web.id/personalia.web.id/absen/module/profile/img/SG02072014-20170512091335.jpg' -> 'D:/xampp/htdocs/absen/module/profile/img/SG02072014-20170512091335.jpg'
2017-05-12 15:02:36: Copy New 'ftp://personalia.web.id/personalia.web.id/absen/module/profile/img/SG02112014-20170510174108.jpg' -> 'D:/xampp/htdocs/absen/module/profile/img/SG02112014-20170510174108.jpg'
2017-05-12 15:02:36: Copy New 'ftp://personalia.web.id/personalia.web.id/absen/module/profile/img/SG02142014-20170512085456.jpg' -> 'D:/xampp/htdocs/absen/module/profile/img/SG02142014-20170512085456.jpg'
2017-05-12 15:02:36: Copy New 'ftp://personalia.web.id/personalia.web.id/absen/module/profile/img/SG02152014-20170512084840.jpg' -> 'D:/xampp/htdocs/absen/module/profile/img/SG02152014-20170512084840.jpg'
2017-05-12 15:02:36: Copy New 'ftp://personalia.web.id/personalia.web.id/absen/module/profile/img/SG02192014-20170512084452.jpg' -> 'D:/xampp/htdocs/absen/module/profile/img/SG02192014-20170512084452.jpg'
2017-05-12 15:02:36: Copy New 'ftp://personalia.web.id/personalia.web.id/absen/module/profile/img/SG02202014-20170512110308.jpg' -> 'D:/xampp/htdocs/absen/module/profile/img/SG02202014-20170512110308.jpg'
2017-05-12 15:02:36: Copy New 'ftp://personalia.web.id/personalia.web.id/absen/module/profile/img/SG02252014-20170512091206.jpg' -> 'D:/xampp/htdocs/absen/module/profile/img/SG02252014-20170512091206.jpg'
2017-05-12 15:02:36: Copy New 'ftp://personalia.web.id/personalia.web.id/absen/module/profile/img/SG02322015-20170510170657.jpg' -> 'D:/xampp/htdocs/absen/module/profile/img/SG02322015-20170510170657.jpg'
2017-05-12 15:02:36: Copy New 'ftp://personalia.web.id/personalia.web.id/absen/module/profile/img/SG02342015-20170512084351.jpg' -> 'D:/xampp/htdocs/absen/module/profile/img/SG02342015-20170512084351.jpg'
2017-05-12 15:02:36: Copy New 'ftp://personalia.web.id/personalia.web.id/absen/module/profile/img/SG02362015-20170512085814.jpg' -> 'D:/xampp/htdocs/absen/module/profile/img/SG02362015-20170512085814.jpg'
2017-05-12 15:02:36: Copy New 'ftp://personalia.web.id/personalia.web.id/absen/module/profile/img/SG02372015-20170512090321.jpg' -> 'D:/xampp/htdocs/absen/module/profile/img/SG02372015-20170512090321.jpg'
2017-05-12 15:02:36: Copy New 'ftp://personalia.web.id/personalia.web.id/absen/module/profile/img/SG02382015-20170512084220.jpg' -> 'D:/xampp/htdocs/absen/module/profile/img/SG02382015-20170512084220.jpg'
2017-05-12 15:02:36: Copy New 'ftp://personalia.web.id/personalia.web.id/absen/module/profile/img/SG02402015-20170510191005.jpg' -> 'D:/xampp/htdocs/absen/module/profile/img/SG02402015-20170510191005.jpg'
2017-05-12 15:02:36: Copy New 'ftp://personalia.web.id/personalia.web.id/absen/module/profile/img/SG02442015-20170512090452.jpg' -> 'D:/xampp/htdocs/absen/module/profile/img/SG02442015-20170512090452.jpg'
2017-05-12 15:02:36: Copy New 'ftp://personalia.web.id/personalia.web.id/absen/module/profile/img/SG02462015-20170512082735.jpg' -> 'D:/xampp/htdocs/absen/module/profile/img/SG02462015-20170512082735.jpg'
2017-05-12 15:02:36: Copy New 'ftp://personalia.web.id/personalia.web.id/absen/module/profile/img/SG02472015-20170512084948.jpg' -> 'D:/xampp/htdocs/absen/module/profile/img/SG02472015-20170512084948.jpg'
2017-05-12 15:02:36: Copy New 'ftp://personalia.web.id/personalia.web.id/absen/module/profile/img/SG02482015-20170512091231.jpg' -> 'D:/xampp/htdocs/absen/module/profile/img/SG02482015-20170512091231.jpg'
2017-05-12 15:02:36: Copy New 'ftp://personalia.web.id/personalia.web.id/absen/module/profile/img/SG02512015-20170512090155.jpg' -> 'D:/xampp/htdocs/absen/module/profile/img/SG02512015-20170512090155.jpg'
2017-05-12 15:02:36: Copy New 'ftp://personalia.web.id/personalia.web.id/absen/module/profile/img/SG02522015-20170512105241.jpg' -> 'D:/xampp/htdocs/absen/module/profile/img/SG02522015-20170512105241.jpg'
2017-05-12 15:02:36: Copy New 'ftp://personalia.web.id/personalia.web.id/absen/module/profile/img/SG02532015-20170510170919.jpg' -> 'D:/xampp/htdocs/absen/module/profile/img/SG02532015-20170510170919.jpg'
2017-05-12 15:02:36: Copy New 'ftp://personalia.web.id/personalia.web.id/absen/module/profile/img/SG02552015-20170512084233.jpg' -> 'D:/xampp/htdocs/absen/module/profile/img/SG02552015-20170512084233.jpg'
2017-05-12 15:02:36: Copy New 'ftp://personalia.web.id/personalia.web.id/absen/module/profile/img/SG02662015-20170512095720.jpg' -> 'D:/xampp/htdocs/absen/module/profile/img/SG02662015-20170512095720.jpg'
2017-05-12 15:02:36: Copy New 'ftp://personalia.web.id/personalia.web.id/absen/module/profile/img/SG02672015-20170512090052.jpg' -> 'D:/xampp/htdocs/absen/module/profile/img/SG02672015-20170512090052.jpg'
2017-05-12 15:02:36: Copy New 'ftp://personalia.web.id/personalia.web.id/absen/module/profile/img/SG02692015-20170512085918.jpg' -> 'D:/xampp/htdocs/absen/module/profile/img/SG02692015-20170512085918.jpg'
2017-05-12 15:02:36: Copy New 'ftp://personalia.web.id/personalia.web.id/absen/module/profile/img/SG02702015-20170512080455.jpg' -> 'D:/xampp/htdocs/absen/module/profile/img/SG02702015-20170512080455.jpg'
2017-05-12 15:02:36: Copy New 'ftp://personalia.web.id/personalia.web.id/absen/module/profile/img/SG02732015-20170512082922.jpg' -> 'D:/xampp/htdocs/absen/module/profile/img/SG02732015-20170512082922.jpg'
2017-05-12 15:02:37: Copy New 'ftp://personalia.web.id/personalia.web.id/absen/module/profile/img/SG02742015-20170510170504.jpg' -> 'D:/xampp/htdocs/absen/module/profile/img/SG02742015-20170510170504.jpg'
2017-05-12 15:02:37: Copy New 'ftp://personalia.web.id/personalia.web.id/absen/module/profile/img/SG02752015-20170512084156.jpg' -> 'D:/xampp/htdocs/absen/module/profile/img/SG02752015-20170512084156.jpg'
2017-05-12 15:02:37: Copy New 'ftp://personalia.web.id/personalia.web.id/absen/module/profile/img/SG02772015-20170512083450.jpg' -> 'D:/xampp/htdocs/absen/module/profile/img/SG02772015-20170512083450.jpg'
2017-05-12 15:02:37: Copy New 'ftp://personalia.web.id/personalia.web.id/absen/module/profile/img/SG02792015-20170512105400.jpg' -> 'D:/xampp/htdocs/absen/module/profile/img/SG02792015-20170512105400.jpg'
2017-05-12 15:02:37: Copy New 'ftp://personalia.web.id/personalia.web.id/absen/module/profile/img/SG02812015-20170512083158.jpg' -> 'D:/xampp/htdocs/absen/module/profile/img/SG02812015-20170512083158.jpg'
2017-05-12 15:02:37: Copy New 'ftp://personalia.web.id/personalia.web.id/absen/module/profile/img/SG02842016-20170512083243.jpg' -> 'D:/xampp/htdocs/absen/module/profile/img/SG02842016-20170512083243.jpg'
2017-05-12 15:02:37: Copy New 'ftp://personalia.web.id/personalia.web.id/absen/module/profile/img/SG02852016-20170510174555.jpg' -> 'D:/xampp/htdocs/absen/module/profile/img/SG02852016-20170510174555.jpg'
2017-05-12 15:02:37: Copy New 'ftp://personalia.web.id/personalia.web.id/absen/module/profile/img/SG02862016-20170512101621.jpg' -> 'D:/xampp/htdocs/absen/module/profile/img/SG02862016-20170512101621.jpg'
2017-05-12 15:02:40: Copy New 'ftp://personalia.web.id/personalia.web.id/absen/module/profile/img/SG02872016-20170512083022.jpg' -> 'D:/xampp/htdocs/absen/module/profile/img/SG02872016-20170512083022.jpg'
2017-05-12 15:02:40: Copy New 'ftp://personalia.web.id/personalia.web.id/absen/module/profile/img/SG02882016-20170512090818.jpg' -> 'D:/xampp/htdocs/absen/module/profile/img/SG02882016-20170512090818.jpg'
2017-05-12 15:02:40: Copy New 'ftp://personalia.web.id/personalia.web.id/absen/module/profile/img/SG02892016-20170512084743.jpg' -> 'D:/xampp/htdocs/absen/module/profile/img/SG02892016-20170512084743.jpg'
2017-05-12 15:02:40: Copy New 'ftp://personalia.web.id/personalia.web.id/absen/module/profile/img/SG02922016-20170512104556.jpg' -> 'D:/xampp/htdocs/absen/module/profile/img/SG02922016-20170512104556.jpg'
2017-05-12 15:02:40: Copy New 'ftp://personalia.web.id/personalia.web.id/absen/module/profile/img/SG02942016-20170512080513.jpg' -> 'D:/xampp/htdocs/absen/module/profile/img/SG02942016-20170512080513.jpg'
2017-05-12 15:02:40: Copy New 'ftp://personalia.web.id/personalia.web.id/absen/module/profile/img/SG02952016-20170512104646.jpg' -> 'D:/xampp/htdocs/absen/module/profile/img/SG02952016-20170512104646.jpg'
2017-05-12 15:02:40: Copy New 'ftp://personalia.web.id/personalia.web.id/absen/module/profile/img/SG02962016-20170512075513.jpg' -> 'D:/xampp/htdocs/absen/module/profile/img/SG02962016-20170512075513.jpg'
2017-05-12 15:02:40: Copy New 'ftp://personalia.web.id/personalia.web.id/absen/module/profile/img/SG02972016-20170510170717.jpg' -> 'D:/xampp/htdocs/absen/module/profile/img/SG02972016-20170510170717.jpg'
2017-05-12 15:02:40: Copy New 'ftp://personalia.web.id/personalia.web.id/absen/module/profile/img/SG02982016-20170510173402.jpg' -> 'D:/xampp/htdocs/absen/module/profile/img/SG02982016-20170510173402.jpg'
2017-05-12 15:02:40: Copy New 'ftp://personalia.web.id/personalia.web.id/absen/module/profile/img/SG03002016-20170512104417.jpg' -> 'D:/xampp/htdocs/absen/module/profile/img/SG03002016-20170512104417.jpg'
2017-05-12 15:02:40: Copy New 'ftp://personalia.web.id/personalia.web.id/absen/module/profile/img/SG03012016-20170512092211.jpg' -> 'D:/xampp/htdocs/absen/module/profile/img/SG03012016-20170512092211.jpg'
2017-05-12 15:02:40: Copy New 'ftp://personalia.web.id/personalia.web.id/absen/module/profile/img/SG03022016-20170512084506.jpg' -> 'D:/xampp/htdocs/absen/module/profile/img/SG03022016-20170512084506.jpg'
2017-05-12 15:02:40: Copy New 'ftp://personalia.web.id/personalia.web.id/absen/module/profile/img/SG03032016-20170509093202.jpg' -> 'D:/xampp/htdocs/absen/module/profile/img/SG03032016-20170509093202.jpg'
2017-05-12 15:02:40: Copy New 'ftp://personalia.web.id/personalia.web.id/absen/module/profile/img/SG03042016-20170512073622.jpg' -> 'D:/xampp/htdocs/absen/module/profile/img/SG03042016-20170512073622.jpg'
2017-05-12 15:02:40: Copy New 'ftp://personalia.web.id/personalia.web.id/absen/module/profile/img/SG03062016-20170512072435.jpg' -> 'D:/xampp/htdocs/absen/module/profile/img/SG03062016-20170512072435.jpg'
2017-05-12 15:02:40: Copy New 'ftp://personalia.web.id/personalia.web.id/absen/module/profile/img/SG03082016-20170512074337.jpg' -> 'D:/xampp/htdocs/absen/module/profile/img/SG03082016-20170512074337.jpg'
2017-05-12 15:02:41: Copy New 'ftp://personalia.web.id/personalia.web.id/absen/module/profile/img/SG03102016-20170512090136.jpg' -> 'D:/xampp/htdocs/absen/module/profile/img/SG03102016-20170512090136.jpg'
2017-05-12 15:02:41: Copy New 'ftp://personalia.web.id/personalia.web.id/absen/module/profile/img/SG03112016-20170512091857.jpg' -> 'D:/xampp/htdocs/absen/module/profile/img/SG03112016-20170512091857.jpg'
2017-05-12 15:02:41: Copy New 'ftp://personalia.web.id/personalia.web.id/absen/module/profile/img/SG03122016-20170512085158.jpg' -> 'D:/xampp/htdocs/absen/module/profile/img/SG03122016-20170512085158.jpg'
2017-05-12 15:02:41: Copy New 'ftp://personalia.web.id/personalia.web.id/absen/module/profile/img/SG03132016-20170512083503.jpg' -> 'D:/xampp/htdocs/absen/module/profile/img/SG03132016-20170512083503.jpg'
2017-05-12 15:02:41: Copy New 'ftp://personalia.web.id/personalia.web.id/absen/module/profile/img/SG03152016-20170512084951.jpg' -> 'D:/xampp/htdocs/absen/module/profile/img/SG03152016-20170512084951.jpg'
2017-05-12 15:02:41: Copy New 'ftp://personalia.web.id/personalia.web.id/absen/module/profile/img/SG03162016-20170512084442.jpg' -> 'D:/xampp/htdocs/absen/module/profile/img/SG03162016-20170512084442.jpg'
2017-05-12 15:02:41: Copy New 'ftp://personalia.web.id/personalia.web.id/absen/module/profile/img/SG03182016-20170512085001.jpg' -> 'D:/xampp/htdocs/absen/module/profile/img/SG03182016-20170512085001.jpg'
2017-05-12 15:02:41: Copy New 'ftp://personalia.web.id/personalia.web.id/absen/module/profile/img/SG03202016-20170512084401.jpg' -> 'D:/xampp/htdocs/absen/module/profile/img/SG03202016-20170512084401.jpg'
2017-05-12 15:02:41: Copy New 'ftp://personalia.web.id/personalia.web.id/absen/module/profile/img/SG03212016-20170512085747.jpg' -> 'D:/xampp/htdocs/absen/module/profile/img/SG03212016-20170512085747.jpg'
2017-05-12 15:02:41: Copy New 'ftp://personalia.web.id/personalia.web.id/absen/module/profile/img/SG03222016-20170512103450.jpg' -> 'D:/xampp/htdocs/absen/module/profile/img/SG03222016-20170512103450.jpg'
2017-05-12 15:02:41: Copy New 'ftp://personalia.web.id/personalia.web.id/absen/module/profile/img/SG03232016-20170512075543.jpg' -> 'D:/xampp/htdocs/absen/module/profile/img/SG03232016-20170512075543.jpg'
2017-05-12 15:02:41: Copy New 'ftp://personalia.web.id/personalia.web.id/absen/module/profile/img/SG03242016-20170512084110.jpg' -> 'D:/xampp/htdocs/absen/module/profile/img/SG03242016-20170512084110.jpg'
2017-05-12 15:02:41: Copy New 'ftp://personalia.web.id/personalia.web.id/absen/module/profile/img/SG03262016-20170512080015.jpg' -> 'D:/xampp/htdocs/absen/module/profile/img/SG03262016-20170512080015.jpg'
2017-05-12 15:02:41: Copy New 'ftp://personalia.web.id/personalia.web.id/absen/module/profile/img/SG03272016-20170512084217.jpg' -> 'D:/xampp/htdocs/absen/module/profile/img/SG03272016-20170512084217.jpg'
2017-05-12 15:02:41: Copy New 'ftp://personalia.web.id/personalia.web.id/absen/module/profile/img/SG03282016-20170512090034.jpg' -> 'D:/xampp/htdocs/absen/module/profile/img/SG03282016-20170512090034.jpg'
2017-05-12 15:02:41: Copy New 'ftp://personalia.web.id/personalia.web.id/absen/module/profile/img/SG03302016-20170512084639.jpg' -> 'D:/xampp/htdocs/absen/module/profile/img/SG03302016-20170512084639.jpg'
2017-05-12 15:02:41: Copy New 'ftp://personalia.web.id/personalia.web.id/absen/module/profile/img/SG03312016-20170512070922.jpg' -> 'D:/xampp/htdocs/absen/module/profile/img/SG03312016-20170512070922.jpg'
2017-05-12 15:02:41: Copy New 'ftp://personalia.web.id/personalia.web.id/absen/module/profile/img/SG03332016-20170512090438.jpg' -> 'D:/xampp/htdocs/absen/module/profile/img/SG03332016-20170512090438.jpg'
2017-05-12 15:02:41: Copy New 'ftp://personalia.web.id/personalia.web.id/absen/module/profile/img/SG03342016-20170510170909.jpg' -> 'D:/xampp/htdocs/absen/module/profile/img/SG03342016-20170510170909.jpg'
2017-05-12 15:02:41: Copy New 'ftp://personalia.web.id/personalia.web.id/absen/module/profile/img/SG03352016-20170512085321.jpg' -> 'D:/xampp/htdocs/absen/module/profile/img/SG03352016-20170512085321.jpg'
2017-05-12 15:02:41: Copy New 'ftp://personalia.web.id/personalia.web.id/absen/module/profile/img/SG03362016-20170512084527.jpg' -> 'D:/xampp/htdocs/absen/module/profile/img/SG03362016-20170512084527.jpg'
2017-05-12 15:02:41: Copy New 'ftp://personalia.web.id/personalia.web.id/absen/module/profile/img/SG03382016-20170510172047.jpg' -> 'D:/xampp/htdocs/absen/module/profile/img/SG03382016-20170510172047.jpg'
2017-05-12 15:02:41: Copy New 'ftp://personalia.web.id/personalia.web.id/absen/module/profile/img/SG03392016-20170512083137.jpg' -> 'D:/xampp/htdocs/absen/module/profile/img/SG03392016-20170512083137.jpg'
2017-05-12 15:02:41: Copy New 'ftp://personalia.web.id/personalia.web.id/absen/module/profile/img/SG03402016-20170510170653.jpg' -> 'D:/xampp/htdocs/absen/module/profile/img/SG03402016-20170510170653.jpg'
2017-05-12 15:02:41: Copy New 'ftp://personalia.web.id/personalia.web.id/absen/module/profile/img/SG03412016-20170512085907.jpg' -> 'D:/xampp/htdocs/absen/module/profile/img/SG03412016-20170512085907.jpg'
2017-05-12 15:02:41: Copy New 'ftp://personalia.web.id/personalia.web.id/absen/module/profile/img/SG03422016-20170512075643.jpg' -> 'D:/xampp/htdocs/absen/module/profile/img/SG03422016-20170512075643.jpg'
2017-05-12 15:02:41: Copy New 'ftp://personalia.web.id/personalia.web.id/absen/module/profile/img/SG03442016-20170510155846.jpg' -> 'D:/xampp/htdocs/absen/module/profile/img/SG03442016-20170510155846.jpg'
2017-05-12 15:02:41: Copy New 'ftp://personalia.web.id/personalia.web.id/absen/module/profile/img/SG03452016-20170512081536.jpg' -> 'D:/xampp/htdocs/absen/module/profile/img/SG03452016-20170512081536.jpg'
2017-05-12 15:02:41: Copy New 'ftp://personalia.web.id/personalia.web.id/absen/module/profile/img/SG03462016-20170510163518.jpg' -> 'D:/xampp/htdocs/absen/module/profile/img/SG03462016-20170510163518.jpg'
2017-05-12 15:02:41: Copy New 'ftp://personalia.web.id/personalia.web.id/absen/module/profile/img/SG03472016-20170508215647.jpg' -> 'D:/xampp/htdocs/absen/module/profile/img/SG03472016-20170508215647.jpg'
2017-05-12 15:02:41: Copy New 'ftp://personalia.web.id/personalia.web.id/absen/module/profile/img/SG03482016-20170510173239.jpg' -> 'D:/xampp/htdocs/absen/module/profile/img/SG03482016-20170510173239.jpg'
2017-05-12 15:02:41: Copy New 'ftp://personalia.web.id/personalia.web.id/absen/module/profile/img/SG03502016-20170512085144.jpg' -> 'D:/xampp/htdocs/absen/module/profile/img/SG03502016-20170512085144.jpg'
2017-05-12 15:02:41: Copy New 'ftp://personalia.web.id/personalia.web.id/absen/module/profile/img/SG03512016-20170512090100.jpg' -> 'D:/xampp/htdocs/absen/module/profile/img/SG03512016-20170512090100.jpg'
2017-05-12 15:02:41: Copy New 'ftp://personalia.web.id/personalia.web.id/absen/module/profile/img/SG03522016-20170512083947.jpg' -> 'D:/xampp/htdocs/absen/module/profile/img/SG03522016-20170512083947.jpg'
2017-05-12 15:02:42: Copy New 'ftp://personalia.web.id/personalia.web.id/absen/module/profile/img/SG03532016-20170512104547.jpg' -> 'D:/xampp/htdocs/absen/module/profile/img/SG03532016-20170512104547.jpg'
2017-05-12 15:02:42: Copy New 'ftp://personalia.web.id/personalia.web.id/absen/module/profile/img/SG03552016-20170510163250.jpg' -> 'D:/xampp/htdocs/absen/module/profile/img/SG03552016-20170510163250.jpg'
2017-05-12 15:02:42: Copy New 'ftp://personalia.web.id/personalia.web.id/absen/module/profile/img/SG03562016-20170510172713.jpg' -> 'D:/xampp/htdocs/absen/module/profile/img/SG03562016-20170510172713.jpg'
2017-05-12 15:02:42: Copy New 'ftp://personalia.web.id/personalia.web.id/absen/module/profile/img/SG03572016-20170512084116.jpg' -> 'D:/xampp/htdocs/absen/module/profile/img/SG03572016-20170512084116.jpg'
2017-05-12 15:02:42: Copy New 'ftp://personalia.web.id/personalia.web.id/absen/module/profile/img/SG03592016-20170512061230.jpg' -> 'D:/xampp/htdocs/absen/module/profile/img/SG03592016-20170512061230.jpg'
2017-05-12 15:02:42: Copy New 'ftp://personalia.web.id/personalia.web.id/absen/module/profile/img/SG03602016-20170512081413.jpg' -> 'D:/xampp/htdocs/absen/module/profile/img/SG03602016-20170512081413.jpg'
2017-05-12 15:02:42: Copy New 'ftp://personalia.web.id/personalia.web.id/absen/module/profile/img/SG03632016-20170512081705.jpg' -> 'D:/xampp/htdocs/absen/module/profile/img/SG03632016-20170512081705.jpg'
2017-05-12 15:02:42: Copy New 'ftp://personalia.web.id/personalia.web.id/absen/module/profile/img/SG03642016-20170510085535.jpg' -> 'D:/xampp/htdocs/absen/module/profile/img/SG03642016-20170510085535.jpg'
2017-05-12 15:02:42: Copy New 'ftp://personalia.web.id/personalia.web.id/absen/module/profile/img/SG03662016-20170512085409.jpg' -> 'D:/xampp/htdocs/absen/module/profile/img/SG03662016-20170512085409.jpg'
2017-05-12 15:02:42: Copy New 'ftp://personalia.web.id/personalia.web.id/absen/module/profile/img/SG03672016-20170509200804.jpg' -> 'D:/xampp/htdocs/absen/module/profile/img/SG03672016-20170509200804.jpg'
2017-05-12 15:02:42: Copy New 'ftp://personalia.web.id/personalia.web.id/absen/module/profile/img/SG03682016-20170512080156.jpg' -> 'D:/xampp/htdocs/absen/module/profile/img/SG03682016-20170512080156.jpg'
2017-05-12 15:02:42: Copy New 'ftp://personalia.web.id/personalia.web.id/absen/module/profile/img/SG03692016-20170510170840.jpg' -> 'D:/xampp/htdocs/absen/module/profile/img/SG03692016-20170510170840.jpg'
2017-05-12 15:02:42: Copy New 'ftp://personalia.web.id/personalia.web.id/absen/module/profile/img/SG03702016-20170512085135.jpg' -> 'D:/xampp/htdocs/absen/module/profile/img/SG03702016-20170512085135.jpg'
2017-05-12 15:02:42: Copy New 'ftp://personalia.web.id/personalia.web.id/absen/module/profile/img/SG03722016-20170512084121.jpg' -> 'D:/xampp/htdocs/absen/module/profile/img/SG03722016-20170512084121.jpg'
2017-05-12 15:02:42: Copy New 'ftp://personalia.web.id/personalia.web.id/absen/module/profile/img/SG03732016-20170512084931.jpg' -> 'D:/xampp/htdocs/absen/module/profile/img/SG03732016-20170512084931.jpg'
2017-05-12 15:02:42: Copy New 'ftp://personalia.web.id/personalia.web.id/absen/module/profile/img/SG03742016-20170512090311.jpg' -> 'D:/xampp/htdocs/absen/module/profile/img/SG03742016-20170512090311.jpg'
2017-05-12 15:02:42: Copy New 'ftp://personalia.web.id/personalia.web.id/absen/module/profile/img/SG03772017-20170510173340.jpg' -> 'D:/xampp/htdocs/absen/module/profile/img/SG03772017-20170510173340.jpg'
2017-05-12 15:02:42: Copy New 'ftp://personalia.web.id/personalia.web.id/absen/module/profile/img/SG03782017-20170512090534.jpg' -> 'D:/xampp/htdocs/absen/module/profile/img/SG03782017-20170512090534.jpg'
2017-05-12 15:02:42: Copy New 'ftp://personalia.web.id/personalia.web.id/absen/module/profile/img/SG03792017-20170512082503.jpg' -> 'D:/xampp/htdocs/absen/module/profile/img/SG03792017-20170512082503.jpg'
2017-05-12 15:02:42: Copy New 'ftp://personalia.web.id/personalia.web.id/absen/module/profile/img/SG03802017-20170510170140.jpg' -> 'D:/xampp/htdocs/absen/module/profile/img/SG03802017-20170510170140.jpg'
2017-05-12 15:02:42: Copy New 'ftp://personalia.web.id/personalia.web.id/absen/module/profile/img/SG03842017-20170512075037.jpg' -> 'D:/xampp/htdocs/absen/module/profile/img/SG03842017-20170512075037.jpg'
2017-05-12 15:02:42: Copy New 'ftp://personalia.web.id/personalia.web.id/absen/module/profile/img/SG03852017-20170512084054.jpg' -> 'D:/xampp/htdocs/absen/module/profile/img/SG03852017-20170512084054.jpg'
2017-05-12 15:02:42: Copy New 'ftp://personalia.web.id/personalia.web.id/absen/module/profile/img/SG03862017-20170510175005.jpg' -> 'D:/xampp/htdocs/absen/module/profile/img/SG03862017-20170510175005.jpg'
2017-05-12 15:02:42: Copy New 'ftp://personalia.web.id/personalia.web.id/absen/module/profile/img/SG03882017-20170512085012.jpg' -> 'D:/xampp/htdocs/absen/module/profile/img/SG03882017-20170512085012.jpg'
2017-05-12 15:02:43: Copy New 'ftp://personalia.web.id/personalia.web.id/absen/module/profile/img/SG03892017-20170509170819.jpg' -> 'D:/xampp/htdocs/absen/module/profile/img/SG03892017-20170509170819.jpg'
2017-05-12 15:02:43: Copy New 'ftp://personalia.web.id/personalia.web.id/absen/module/profile/img/SG03902017-20170512083813.jpg' -> 'D:/xampp/htdocs/absen/module/profile/img/SG03902017-20170512083813.jpg'
2017-05-12 15:02:43: Copy New 'ftp://personalia.web.id/personalia.web.id/absen/module/profile/img/SG03912017-20170512134109.jpg' -> 'D:/xampp/htdocs/absen/module/profile/img/SG03912017-20170512134109.jpg'
2017-05-12 15:02:43: Copy New 'ftp://personalia.web.id/personalia.web.id/absen/module/profile/img/SG03932017-20170510192444.jpg' -> 'D:/xampp/htdocs/absen/module/profile/img/SG03932017-20170510192444.jpg'
2017-05-12 15:02:43: Copy New 'ftp://personalia.web.id/personalia.web.id/absen/module/profile/img/SG03942017-20170512084547.jpg' -> 'D:/xampp/htdocs/absen/module/profile/img/SG03942017-20170512084547.jpg'
2017-05-12 15:02:43: Copy New 'ftp://personalia.web.id/personalia.web.id/absen/module/profile/img/SG03952017-20170510172204.jpg' -> 'D:/xampp/htdocs/absen/module/profile/img/SG03952017-20170510172204.jpg'
2017-05-12 15:02:43: Copy New 'ftp://personalia.web.id/personalia.web.id/absen/module/profile/img/SG03962017-20170512084741.jpg' -> 'D:/xampp/htdocs/absen/module/profile/img/SG03962017-20170512084741.jpg'
2017-05-12 15:02:43: Copy New 'ftp://personalia.web.id/personalia.web.id/absen/module/profile/img/SG03972017-20170512090844.jpg' -> 'D:/xampp/htdocs/absen/module/profile/img/SG03972017-20170512090844.jpg'
2017-05-12 15:02:43: Copy New 'ftp://personalia.web.id/personalia.web.id/absen/module/profile/img/SG03982017-20170510191952.jpg' -> 'D:/xampp/htdocs/absen/module/profile/img/SG03982017-20170510191952.jpg'
2017-05-12 15:02:43: Copy New 'ftp://personalia.web.id/personalia.web.id/absen/module/profile/img/SG03992017-20170512085003.jpg' -> 'D:/xampp/htdocs/absen/module/profile/img/SG03992017-20170512085003.jpg'
2017-05-12 15:02:44: Copy New 'ftp://personalia.web.id/personalia.web.id/absen/module/profile/img/SG04002017-20170512110423.jpg' -> 'D:/xampp/htdocs/absen/module/profile/img/SG04002017-20170512110423.jpg'
2017-05-12 15:02:44: Copy New 'ftp://personalia.web.id/personalia.web.id/absen/module/profile/img/SG04012017-20170512084825.jpg' -> 'D:/xampp/htdocs/absen/module/profile/img/SG04012017-20170512084825.jpg'
2017-05-12 15:02:47: == Sync Complete. Time: 00:00:14, Speed: 362 KB/s, OK: 409, Errors: 0
2017-05-12 15:02:47: 
