
Data Bornday : Sat Oct 14 01:10:01 WIB 2017
Data Bornday : Sun Oct 15 01:10:01 WIB 2017
Data Bornday : Mon Oct 16 01:10:01 WIB 2017
Data Bornday : Tue Oct 17 01:10:02 WIB 2017
Data Bornday : Wed Oct 18 01:10:01 WIB 2017
Data Bornday : Thu Oct 19 01:10:02 WIB 2017
Data Bornday : Fri Oct 20 01:10:01 WIB 2017
Data Bornday : Sat Oct 21 01:10:01 WIB 2017
Data Bornday : Sun Oct 22 01:10:01 WIB 2017
Data Bornday : Mon Oct 23 01:10:01 WIB 2017
Data Bornday : Tue Oct 24 01:10:04 WIB 2017
Data Bornday : Wed Oct 25 01:10:01 WIB 2017
Data Bornday : Thu Oct 26 01:10:01 WIB 2017
Data Bornday : Fri Oct 27 01:10:01 WIB 2017
Data Bornday : Sat Oct 28 01:10:01 WIB 2017
Data Bornday : Sun Oct 29 01:10:01 WIB 2017
Data Bornday : Mon Oct 30 01:10:01 WIB 2017
Data Bornday : Tue Oct 31 01:10:02 WIB 2017
Data Bornday : Wed Nov  1 01:10:01 WIB 2017
Data Bornday : Thu Nov  2 01:10:02 WIB 2017
Data Bornday : Fri Nov  3 01:10:01 WIB 2017
Data Bornday : Sat Nov  4 01:10:01 WIB 2017
Data Bornday : Sun Nov  5 01:10:01 WIB 2017
Data Bornday : Mon Nov  6 01:10:02 WIB 2017
Data Bornday : Tue Nov  7 01:10:01 WIB 2017
Data Bornday : Wed Nov  8 01:10:02 WIB 2017
Data Bornday : Thu Nov  9 01:10:02 WIB 2017
Data Bornday : Fri Nov 10 01:10:01 WIB 2017
Data Bornday : Sat Nov 11 01:10:01 WIB 2017
Data Bornday : Sun Nov 12 01:10:02 WIB 2017
Data Bornday : Mon Nov 13 01:10:01 WIB 2017
Data Bornday : Tue Nov 14 01:10:02 WIB 2017
Data Bornday : Wed Nov 15 01:10:01 WIB 2017
Data Bornday : Thu Nov 16 01:10:02 WIB 2017
Data Bornday : Fri Nov 17 01:10:01 WIB 2017
Data Bornday : Sat Nov 18 01:10:02 WIB 2017
Data Bornday : Sun Nov 19 01:10:01 WIB 2017
Data Bornday : Mon Nov 20 01:10:02 WIB 2017
Data Bornday : Tue Nov 21 01:10:01 WIB 2017
Data Bornday : Wed Nov 22 01:10:02 WIB 2017
Data Bornday : Thu Nov 23 01:10:01 WIB 2017
Data Bornday : Fri Nov 24 01:10:01 WIB 2017
Data Bornday : Sat Nov 25 01:10:01 WIB 2017
Data Bornday : Sun Nov 26 01:10:01 WIB 2017
Data Bornday : Mon Nov 27 01:10:01 WIB 2017
Data Bornday : Tue Nov 28 01:10:01 WIB 2017
Data Bornday : Wed Nov 29 01:10:01 WIB 2017
Data Bornday : Thu Nov 30 01:10:01 WIB 2017
Data Bornday : Fri Dec  1 01:10:01 WIB 2017
Data Bornday : Sat Dec  2 01:10:01 WIB 2017
Data Bornday : Sun Dec  3 01:10:02 WIB 2017
Data Bornday : Mon Dec  4 01:10:01 WIB 2017
Data Bornday : Tue Dec  5 01:10:02 WIB 2017
Data Bornday : Wed Dec  6 01:10:01 WIB 2017
Data Bornday : Thu Dec  7 01:10:01 WIB 2017
Data Bornday : Fri Dec  8 01:10:02 WIB 2017
Data Bornday : Sat Dec  9 01:10:01 WIB 2017
Data Bornday : Sun Dec 10 01:10:01 WIB 2017
Data Bornday : Mon Dec 11 01:10:01 WIB 2017
Data Bornday : Tue Dec 12 01:10:01 WIB 2017
Data Bornday : Wed Dec 13 01:10:01 WIB 2017
Data Bornday : Thu Dec 14 01:10:01 WIB 2017
Data Bornday : Fri Dec 15 01:10:01 WIB 2017
Data Bornday : Sat Dec 16 01:10:01 WIB 2017
Data Bornday : Sun Dec 17 01:10:02 WIB 2017
Data Bornday : Mon Dec 18 01:10:02 WIB 2017
Data Bornday : Tue Dec 19 01:10:01 WIB 2017
Data Bornday : Wed Dec 20 01:10:01 WIB 2017
Data Bornday : Thu Dec 21 01:10:01 WIB 2017
Data Bornday : Fri Dec 22 01:10:01 WIB 2017
Data Bornday : Sat Dec 23 01:10:01 WIB 2017
Data Bornday : Sun Dec 24 01:10:01 WIB 2017
Data Bornday : Mon Dec 25 01:10:01 WIB 2017
Data Bornday : Tue Dec 26 01:10:01 WIB 2017
Data Bornday : Wed Dec 27 01:10:01 WIB 2017
Data Bornday : Thu Dec 28 01:10:02 WIB 2017
Data Bornday : Fri Dec 29 01:10:01 WIB 2017
Data Bornday : Sat Dec 30 01:10:01 WIB 2017
Data Bornday : Sun Dec 31 01:10:01 WIB 2017
Data Bornday : Mon Jan  1 01:10:02 WIB 2018
Data Bornday : Tue Jan  2 01:10:01 WIB 2018
Data Bornday : Wed Jan  3 01:10:01 WIB 2018
Data Bornday : Thu Jan  4 01:10:01 WIB 2018
Data Bornday : Fri Jan  5 01:10:01 WIB 2018
Data Bornday : Sat Jan  6 01:10:02 WIB 2018
Data Bornday : Sun Jan  7 01:10:02 WIB 2018
Data Bornday : Mon Jan  8 01:10:01 WIB 2018
Data Bornday : Tue Jan  9 01:10:01 WIB 2018
Data Bornday : Wed Jan 10 01:10:01 WIB 2018
Data Bornday : Thu Jan 11 01:11:02 WIB 2018
Data Bornday : Fri Jan 12 01:10:01 WIB 2018
Data Bornday : Sat Jan 13 01:10:01 WIB 2018
Data Bornday : Sun Jan 14 01:10:01 WIB 2018
Data Bornday : Mon Jan 15 01:10:02 WIB 2018
Data Bornday : Tue Jan 16 01:10:01 WIB 2018
Data Bornday : Wed Jan 17 01:10:01 WIB 2018
Data Bornday : Thu Jan 18 01:10:01 WIB 2018
Data Bornday : Fri Jan 19 01:10:01 WIB 2018
Data Bornday : Sat Jan 20 01:10:02 WIB 2018
Data Bornday : Sun Jan 21 01:10:01 WIB 2018
Data Bornday : Mon Jan 22 01:10:02 WIB 2018
Data Bornday : Tue Jan 23 01:10:02 WIB 2018
Data Bornday : Wed Jan 24 01:10:02 WIB 2018
Data Bornday : Thu Jan 25 01:10:01 WIB 2018
Data Bornday : Fri Jan 26 01:10:01 WIB 2018
Data Bornday : Sat Jan 27 01:10:01 WIB 2018
Data Bornday : Sun Jan 28 01:10:01 WIB 2018
Data Bornday : Mon Jan 29 01:10:01 WIB 2018
Data Bornday : Tue Jan 30 01:10:01 WIB 2018
Data Bornday : Wed Jan 31 01:10:02 WIB 2018
Data Bornday : Thu Feb  1 01:10:01 WIB 2018
Data Bornday : Fri Feb  2 01:10:02 WIB 2018
Data Bornday : Sat Feb  3 01:10:02 WIB 2018
Data Bornday : Sun Feb  4 01:10:02 WIB 2018
Data Bornday : Mon Feb  5 01:10:02 WIB 2018
Data Bornday : Tue Feb  6 01:10:01 WIB 2018
Data Bornday : Wed Feb  7 01:10:01 WIB 2018
Data Bornday : Thu Feb  8 01:10:02 WIB 2018
Data Bornday : Fri Feb  9 01:10:02 WIB 2018
Data Bornday : Sat Feb 10 01:10:02 WIB 2018
Data Bornday : Sun Feb 11 01:10:02 WIB 2018
Data Bornday : Mon Feb 12 01:10:01 WIB 2018
Data Bornday : Tue Feb 13 01:10:01 WIB 2018
Data Bornday : Wed Feb 14 01:10:01 WIB 2018
Data Bornday : Thu Feb 15 01:10:01 WIB 2018
Data Bornday : Fri Feb 16 01:10:01 WIB 2018
Data Bornday : Sat Feb 17 01:10:01 WIB 2018
Data Bornday : Sun Feb 18 01:10:01 WIB 2018
Data Bornday : Mon Feb 19 01:10:02 WIB 2018
Data Bornday : Tue Feb 20 01:10:01 WIB 2018
Data Bornday : Wed Feb 21 01:10:01 WIB 2018
Data Bornday : Thu Feb 22 01:10:01 WIB 2018
Data Bornday : Fri Feb 23 01:10:01 WIB 2018
Data Bornday : Sat Feb 24 01:10:01 WIB 2018
Data Bornday : Sun Feb 25 01:10:01 WIB 2018
Data Bornday : Mon Feb 26 01:10:01 WIB 2018
Data Bornday : Tue Feb 27 01:10:01 WIB 2018
Data Bornday : Wed Feb 28 01:10:02 WIB 2018
Data Bornday : Thu Mar  1 01:10:01 WIB 2018
Data Bornday : Fri Mar  2 01:10:02 WIB 2018
Data Bornday : Sat Mar  3 01:10:01 WIB 2018
Data Bornday : Sun Mar  4 01:10:01 WIB 2018
Data Bornday : Mon Mar  5 01:10:02 WIB 2018
Data Bornday : Tue Mar  6 01:10:01 WIB 2018
Data Bornday : Wed Mar  7 01:10:02 WIB 2018
Data Bornday : Thu Mar  8 01:10:02 WIB 2018
Data Bornday : Fri Mar  9 01:10:02 WIB 2018
Data Bornday : Sat Mar 10 01:10:01 WIB 2018
Data Bornday : Sun Mar 11 01:10:01 WIB 2018
Data Bornday : Mon Mar 12 01:10:01 WIB 2018
Data Bornday : Tue Mar 13 01:10:01 WIB 2018
Data Bornday : Wed Mar 14 01:10:01 WIB 2018
Data Bornday : Thu Mar 15 01:10:01 WIB 2018
Data Bornday : Fri Mar 16 01:10:02 WIB 2018
Data Bornday : Sat Mar 17 01:10:01 WIB 2018
Data Bornday : Sun Mar 18 01:10:01 WIB 2018
Data Bornday : Mon Mar 19 01:10:01 WIB 2018
Data Bornday : Tue Mar 20 01:10:01 WIB 2018
Data Bornday : Wed Mar 21 01:10:01 WIB 2018
Data Bornday : Thu Mar 22 01:10:01 WIB 2018
Data Bornday : Fri Mar 23 01:11:01 WIB 2018
Data Bornday : Sat Mar 24 01:10:01 WIB 2018
Data Bornday : Sun Mar 25 01:10:01 WIB 2018
Data Bornday : Mon Mar 26 01:10:01 WIB 2018
Data Bornday : Tue Mar 27 01:10:01 WIB 2018
Data Bornday : Wed Mar 28 01:10:01 WIB 2018
Data Bornday : Thu Mar 29 01:10:02 WIB 2018
Data Bornday : Fri Mar 30 01:10:01 WIB 2018
Data Bornday : Sat Mar 31 01:10:01 WIB 2018
Data Bornday : Sun Apr  1 01:10:02 WIB 2018
Data Bornday : Mon Apr  2 01:10:01 WIB 2018
Data Bornday : Tue Apr  3 01:10:01 WIB 2018
Data Bornday : Thu Apr  5 01:10:01 WIB 2018
Data Bornday : Fri Apr  6 01:10:01 WIB 2018
Data Bornday : Sat Apr  7 01:10:01 WIB 2018
Data Bornday : Sun Apr  8 01:10:01 WIB 2018
Data Bornday : Mon Apr  9 01:10:02 WIB 2018
Data Bornday : Tue Apr 10 01:10:01 WIB 2018
Data Bornday : Wed Apr 11 01:10:01 WIB 2018
Data Bornday : Thu Apr 12 01:10:01 WIB 2018
Data Bornday : Fri Apr 13 01:10:01 WIB 2018
Data Bornday : Sat Apr 14 01:10:01 WIB 2018
Data Bornday : Sun Apr 15 01:10:01 WIB 2018
Data Bornday : Mon Apr 16 01:10:01 WIB 2018
Data Bornday : Tue Apr 17 01:10:01 WIB 2018
Data Bornday : Wed Apr 18 01:10:02 WIB 2018
Data Bornday : Thu Apr 19 01:10:01 WIB 2018
Data Bornday : Fri Apr 20 01:10:03 WIB 2018
Data Bornday : Sat Apr 21 01:10:02 WIB 2018
Data Bornday : Sun Apr 22 01:10:01 WIB 2018
Data Bornday : Mon Apr 23 01:10:01 WIB 2018
Data Bornday : Tue Apr 24 01:10:01 WIB 2018
Data Bornday : Wed Apr 25 01:10:02 WIB 2018
Data Bornday : Thu Apr 26 01:10:02 WIB 2018
Data Bornday : Fri Apr 27 01:10:02 WIB 2018
Data Bornday : Sat Apr 28 01:10:01 WIB 2018
Data Bornday : Sun Apr 29 01:10:02 WIB 2018
Data Bornday : Mon Apr 30 01:10:01 WIB 2018
Data Bornday : Tue May  1 01:10:01 WIB 2018
Data Bornday : Wed May  2 01:10:01 WIB 2018
Data Bornday : Thu May  3 01:10:01 WIB 2018
Data Bornday : Fri May  4 01:10:01 WIB 2018
Data Bornday : Sat May  5 01:10:02 WIB 2018
Data Bornday : Sun May  6 01:10:01 WIB 2018
Data Bornday : Mon May  7 01:10:01 WIB 2018
Data Bornday : Tue May  8 01:10:01 WIB 2018
Data Bornday : Wed May  9 01:10:02 WIB 2018
Data Bornday : Thu May 10 01:10:01 WIB 2018
Data Bornday : Fri May 11 01:10:02 WIB 2018
Data Bornday : Sat May 12 01:10:02 WIB 2018
Data Bornday : Sun May 13 01:10:02 WIB 2018
Data Bornday : Mon May 14 01:10:02 WIB 2018
Data Bornday : Tue May 15 01:10:01 WIB 2018
Data Bornday : Wed May 16 01:10:01 WIB 2018
Data Bornday : Thu May 17 01:10:01 WIB 2018
Data Bornday : Fri May 18 01:10:01 WIB 2018
Data Bornday : Sat May 19 01:10:01 WIB 2018
Data Bornday : Sun May 20 01:10:02 WIB 2018
Data Bornday : Mon May 21 01:10:01 WIB 2018
Data Bornday : Tue May 22 01:10:01 WIB 2018
Data Bornday : Wed May 23 01:10:02 WIB 2018
Data Bornday : Thu May 24 01:10:01 WIB 2018
Data Bornday : Fri May 25 01:10:01 WIB 2018
Data Bornday : Sat May 26 01:10:01 WIB 2018
Data Bornday : Sun May 27 01:10:01 WIB 2018
Data Bornday : Mon May 28 01:10:01 WIB 2018
Data Bornday : Tue May 29 01:10:01 WIB 2018
Data Bornday : Wed May 30 01:10:01 WIB 2018
Data Bornday : Thu May 31 01:10:01 WIB 2018
Data Bornday : Fri Jun  1 01:10:01 WIB 2018
Data Bornday : Sat Jun  2 01:10:01 WIB 2018
Data Bornday : Sun Jun  3 01:10:01 WIB 2018
Data Bornday : Mon Jun  4 01:10:02 WIB 2018
Data Bornday : Tue Jun  5 01:10:01 WIB 2018
Data Bornday : Wed Jun  6 01:10:01 WIB 2018
Data Bornday : Thu Jun  7 01:10:01 WIB 2018
Data Bornday : Fri Jun  8 01:10:01 WIB 2018
Data Bornday : Sat Jun  9 01:10:01 WIB 2018
Data Bornday : Sun Jun 10 01:10:02 WIB 2018
Data Bornday : Mon Jun 11 01:11:01 WIB 2018
Data Bornday : Tue Jun 12 01:10:01 WIB 2018
Data Bornday : Wed Jun 13 01:10:02 WIB 2018
Data Bornday : Thu Jun 14 01:10:01 WIB 2018
Data Bornday : Fri Jun 15 01:10:02 WIB 2018
Data Bornday : Sat Jun 16 01:10:02 WIB 2018
Data Bornday : Sun Jun 17 01:10:01 WIB 2018
Data Bornday : Mon Jun 18 01:10:01 WIB 2018
Data Bornday : Tue Jun 19 01:10:01 WIB 2018
Data Bornday : Wed Jun 20 01:10:01 WIB 2018
Data Bornday : Thu Jun 21 01:10:01 WIB 2018
Data Bornday : Fri Jun 22 01:10:01 WIB 2018
Data Bornday : Sat Jun 23 01:10:02 WIB 2018
Data Bornday : Sun Jun 24 01:10:01 WIB 2018
Data Bornday : Mon Jun 25 01:10:01 WIB 2018
Data Bornday : Tue Jun 26 01:10:02 WIB 2018
Data Bornday : Wed Jun 27 01:10:01 WIB 2018
Data Bornday : Thu Jun 28 01:10:01 WIB 2018
Data Bornday : Fri Jun 29 01:10:02 WIB 2018
Data Bornday : Sat Jun 30 01:10:01 WIB 2018
Data Bornday : Sun Jul  1 01:10:01 WIB 2018
Data Bornday : Mon Jul  2 01:10:01 WIB 2018
Data Bornday : Tue Jul  3 01:10:01 WIB 2018
Data Bornday : Wed Jul  4 01:10:01 WIB 2018
Data Bornday : Thu Jul  5 01:10:01 WIB 2018
Data Bornday : Fri Jul  6 01:10:01 WIB 2018
Data Bornday : Sat Jul  7 01:10:01 WIB 2018
Data Bornday : Sun Jul  8 01:10:02 WIB 2018
Data Bornday : Mon Jul  9 01:10:01 WIB 2018
Data Bornday : Tue Jul 10 01:10:02 WIB 2018
Data Bornday : Wed Jul 11 01:10:01 WIB 2018
Data Bornday : Thu Jul 12 01:10:02 WIB 2018
Data Bornday : Fri Jul 13 01:10:01 WIB 2018
Data Bornday : Sat Jul 14 01:10:01 WIB 2018
Data Bornday : Sun Jul 15 01:10:01 WIB 2018
Data Bornday : Mon Jul 16 01:10:02 WIB 2018
Data Bornday : Tue Jul 17 01:10:02 WIB 2018
Data Bornday : Wed Jul 18 01:10:01 WIB 2018
Data Bornday : Thu Jul 19 01:10:01 WIB 2018
Data Bornday : Fri Jul 20 01:10:01 WIB 2018
Data Bornday : Sat Jul 21 01:10:01 WIB 2018
Data Bornday : Sun Jul 22 01:10:02 WIB 2018
Data Bornday : Mon Jul 23 01:10:01 WIB 2018
Data Bornday : Tue Jul 24 01:10:01 WIB 2018
Data Bornday : Wed Jul 25 01:10:02 WIB 2018
Data Bornday : Thu Jul 26 01:10:01 WIB 2018
Data Bornday : Fri Jul 27 01:10:01 WIB 2018
Data Bornday : Sat Jul 28 01:10:01 WIB 2018
Data Bornday : Sun Jul 29 01:10:01 WIB 2018
Data Bornday : Mon Jul 30 01:10:02 WIB 2018
Data Bornday : Tue Jul 31 01:10:01 WIB 2018
Data Bornday : Wed Aug  1 01:10:01 WIB 2018
Data Bornday : Thu Aug  2 01:10:01 WIB 2018
Data Bornday : Fri Aug  3 01:10:01 WIB 2018
Data Bornday : Sat Aug  4 01:10:01 WIB 2018
Data Bornday : Sun Aug  5 01:10:02 WIB 2018
Data Bornday : Mon Aug  6 01:10:01 WIB 2018
Data Bornday : Tue Aug  7 01:10:02 WIB 2018
Data Bornday : Wed Aug  8 01:10:01 WIB 2018
Data Bornday : Thu Aug  9 01:10:02 WIB 2018
Data Bornday : Fri Aug 10 01:10:02 WIB 2018
Data Bornday : Sat Aug 11 01:10:02 WIB 2018
Data Bornday : Sun Aug 12 01:10:01 WIB 2018
Data Bornday : Mon Aug 13 01:10:01 WIB 2018
Data Bornday : Tue Aug 14 01:10:01 WIB 2018
Data Bornday : Wed Aug 15 01:10:01 WIB 2018
Data Bornday : Thu Aug 16 01:10:01 WIB 2018
Data Bornday : Fri Aug 17 01:10:02 WIB 2018
Data Bornday : Sat Aug 18 01:10:02 WIB 2018
Data Bornday : Sun Aug 19 01:10:02 WIB 2018
Data Bornday : Mon Aug 20 01:10:01 WIB 2018
Data Bornday : Tue Aug 21 01:10:02 WIB 2018
Data Bornday : Wed Aug 22 01:10:02 WIB 2018
Data Bornday : Thu Aug 23 01:10:01 WIB 2018
Data Bornday : Fri Aug 24 01:10:02 WIB 2018
Data Bornday : Sat Aug 25 01:10:01 WIB 2018
Data Bornday : Sun Aug 26 01:10:01 WIB 2018
Data Bornday : Mon Aug 27 01:10:02 WIB 2018
Data Bornday : Tue Aug 28 01:10:01 WIB 2018
Data Bornday : Wed Aug 29 01:10:01 WIB 2018
Data Bornday : Thu Aug 30 01:10:01 WIB 2018
Data Bornday : Fri Aug 31 01:10:02 WIB 2018
Data Bornday : Sat Sep  1 01:10:01 WIB 2018
Data Bornday : Sun Sep  2 01:10:01 WIB 2018
Data Bornday : Mon Sep  3 01:10:01 WIB 2018
Data Bornday : Tue Sep  4 01:10:02 WIB 2018
Data Bornday : Wed Sep  5 01:10:01 WIB 2018
Data Bornday : Thu Sep  6 01:10:01 WIB 2018
Data Bornday : Fri Sep  7 01:10:02 WIB 2018
Data Bornday : Sat Sep  8 01:10:01 WIB 2018
Data Bornday : Sun Sep  9 01:10:01 WIB 2018
Data Bornday : Mon Sep 10 01:10:01 WIB 2018
Data Bornday : Tue Sep 11 01:10:01 WIB 2018
Data Bornday : Wed Sep 12 01:10:01 WIB 2018
Data Bornday : Thu Sep 13 01:10:01 WIB 2018
Data Bornday : Fri Sep 14 01:10:01 WIB 2018
Data Bornday : Sat Sep 15 01:10:01 WIB 2018
Data Bornday : Sun Sep 16 01:10:02 WIB 2018
Data Bornday : Mon Sep 17 01:10:01 WIB 2018
Data Bornday : Tue Sep 18 01:10:02 WIB 2018
Data Bornday : Wed Sep 19 01:10:01 WIB 2018
Data Bornday : Thu Sep 20 01:10:01 WIB 2018
Data Bornday : Fri Sep 21 01:10:01 WIB 2018
Data Bornday : Sat Sep 22 01:10:01 WIB 2018
Data Bornday : Sun Sep 23 01:10:01 WIB 2018
Data Bornday : Mon Sep 24 01:10:02 WIB 2018
Data Bornday : Tue Sep 25 01:10:01 WIB 2018
Data Bornday : Wed Sep 26 01:10:02 WIB 2018
Data Bornday : Thu Sep 27 01:10:02 WIB 2018
Data Bornday : Fri Sep 28 01:10:01 WIB 2018
Data Bornday : Sat Sep 29 01:10:01 WIB 2018
Data Bornday : Sun Sep 30 01:10:01 WIB 2018
Data Bornday : Mon Oct  1 01:10:01 WIB 2018
Data Bornday : Tue Oct  2 01:10:01 WIB 2018
Data Bornday : Wed Oct  3 01:10:01 WIB 2018
Data Bornday : Thu Oct  4 01:10:02 WIB 2018
Data Bornday : Fri Oct  5 01:10:02 WIB 2018
Data Bornday : Sat Oct  6 01:10:01 WIB 2018
Data Bornday : Sun Oct  7 01:10:01 WIB 2018
Data Bornday : Mon Oct  8 01:10:01 WIB 2018
Data Bornday : Tue Oct  9 01:10:02 WIB 2018
Data Bornday : Wed Oct 10 01:10:01 WIB 2018
Data Bornday : Thu Oct 11 01:10:01 WIB 2018
Data Bornday : Fri Oct 12 01:10:01 WIB 2018
Data Bornday : Sat Oct 13 01:10:01 WIB 2018
Data Bornday : Sun Oct 14 01:10:01 WIB 2018
Data Bornday : Mon Oct 15 01:10:01 WIB 2018
Data Bornday : Tue Oct 16 01:10:01 WIB 2018
Data Bornday : Wed Oct 17 01:10:01 WIB 2018
Data Bornday : Thu Oct 18 01:10:01 WIB 2018
Data Bornday : Fri Oct 19 01:10:02 WIB 2018
Data Bornday : Sat Oct 20 01:10:02 WIB 2018
Data Bornday : Sun Oct 21 01:10:01 WIB 2018
Data Bornday : Mon Oct 22 01:10:01 WIB 2018
Data Bornday : Tue Oct 23 01:10:02 WIB 2018
Data Bornday : Wed Oct 24 01:10:02 WIB 2018
Data Bornday : Thu Oct 25 01:10:01 WIB 2018
Data Bornday : Fri Oct 26 01:10:01 WIB 2018
Data Bornday : Sat Oct 27 01:10:01 WIB 2018
Data Bornday : Sun Oct 28 01:10:02 WIB 2018
Data Bornday : Mon Oct 29 01:10:01 WIB 2018
Data Bornday : Tue Oct 30 01:10:02 WIB 2018
Data Bornday : Wed Oct 31 01:10:01 WIB 2018
Data Bornday : Thu Nov  1 01:10:02 WIB 2018
Data Bornday : Fri Nov  2 01:10:01 WIB 2018
Data Bornday : Sat Nov  3 01:10:02 WIB 2018
Data Bornday : Sun Nov  4 01:10:01 WIB 2018
Data Bornday : Mon Nov  5 01:10:01 WIB 2018
Data Bornday : Tue Nov  6 01:10:01 WIB 2018
Data Bornday : Wed Nov  7 01:10:02 WIB 2018
Data Bornday : Thu Nov  8 01:10:01 WIB 2018
Data Bornday : Fri Nov  9 01:10:01 WIB 2018
Data Bornday : Sat Nov 10 01:10:01 WIB 2018
Data Bornday : Sun Nov 11 01:10:02 WIB 2018
Data Bornday : Mon Nov 12 01:10:01 WIB 2018
Data Bornday : Tue Nov 13 01:10:01 WIB 2018
Data Bornday : Wed Nov 14 01:10:01 WIB 2018
Data Bornday : Thu Nov 15 01:10:01 WIB 2018
Data Bornday : Fri Nov 16 01:10:01 WIB 2018
Data Bornday : Sat Nov 17 01:10:01 WIB 2018
Data Bornday : Sun Nov 18 01:10:01 WIB 2018
Data Bornday : Mon Nov 19 01:10:01 WIB 2018
Data Bornday : Tue Nov 20 01:10:01 WIB 2018
Data Bornday : Wed Nov 21 01:10:01 WIB 2018
Data Bornday : Thu Nov 22 01:10:01 WIB 2018
Data Bornday : Fri Nov 23 01:10:01 WIB 2018
Data Bornday : Sat Nov 24 01:10:01 WIB 2018
Data Bornday : Sun Nov 25 01:10:01 WIB 2018
Data Bornday : Mon Nov 26 01:10:01 WIB 2018
Data Bornday : Tue Nov 27 01:10:01 WIB 2018
Data Bornday : Wed Nov 28 01:10:01 WIB 2018
Data Bornday : Thu Nov 29 01:10:01 WIB 2018
Data Bornday : Fri Nov 30 01:10:01 WIB 2018
Data Bornday : Sat Dec  1 01:10:01 WIB 2018
Data Bornday : Sun Dec  2 01:10:01 WIB 2018
Data Bornday : Mon Dec  3 01:10:01 WIB 2018
Data Bornday : Tue Dec  4 01:10:02 WIB 2018
Data Bornday : Wed Dec  5 01:10:01 WIB 2018
Data Bornday : Thu Dec  6 01:10:01 WIB 2018
Data Bornday : Fri Dec  7 01:10:01 WIB 2018
Data Bornday : Sat Dec  8 01:10:01 WIB 2018
Data Bornday : Sun Dec  9 01:10:01 WIB 2018
Data Bornday : Mon Dec 10 01:10:01 WIB 2018
Data Bornday : Tue Dec 11 01:10:01 WIB 2018
Data Bornday : Wed Dec 12 01:10:01 WIB 2018
Data Bornday : Thu Dec 13 01:10:01 WIB 2018
Data Bornday : Fri Dec 14 01:10:01 WIB 2018
Data Bornday : Sat Dec 15 01:10:01 WIB 2018
Data Bornday : Sun Dec 16 01:10:02 WIB 2018
Data Bornday : Mon Dec 17 01:10:01 WIB 2018
Data Bornday : Tue Dec 18 01:10:01 WIB 2018
Data Bornday : Wed Dec 19 01:10:01 WIB 2018
Data Bornday : Thu Dec 20 01:10:01 WIB 2018
Data Bornday : Fri Dec 21 01:10:01 WIB 2018
Data Bornday : Sat Dec 22 01:10:01 WIB 2018
Data Bornday : Sun Dec 23 01:10:02 WIB 2018
Data Bornday : Mon Dec 24 01:10:01 WIB 2018
Data Bornday : Tue Dec 25 01:10:01 WIB 2018
Data Bornday : Wed Dec 26 01:10:01 WIB 2018
Data Bornday : Thu Dec 27 01:10:01 WIB 2018
Data Bornday : Fri Dec 28 01:10:01 WIB 2018
Data Bornday : Sat Dec 29 01:10:01 WIB 2018
Data Bornday : Sun Dec 30 01:10:01 WIB 2018
Data Bornday : Mon Dec 31 01:10:02 WIB 2018
Data Bornday : Tue Jan  1 01:10:02 WIB 2019
Data Bornday : Wed Jan  2 01:10:01 WIB 2019
Data Bornday : Thu Jan  3 01:10:01 WIB 2019
Data Bornday : Fri Jan  4 01:10:01 WIB 2019
Data Bornday : Sat Jan  5 01:10:01 WIB 2019
Data Bornday : Sun Jan  6 01:10:01 WIB 2019
Data Bornday : Mon Jan  7 01:10:01 WIB 2019
Data Bornday : Tue Jan  8 01:10:01 WIB 2019
Data Bornday : Wed Jan  9 01:10:01 WIB 2019
Data Bornday : Thu Jan 10 01:10:01 WIB 2019
Data Bornday : Fri Jan 11 01:10:02 WIB 2019
Data Bornday : Sat Jan 12 01:10:02 WIB 2019
Data Bornday : Sun Jan 13 01:10:01 WIB 2019
Data Bornday : Mon Jan 14 01:10:01 WIB 2019
Data Bornday : Tue Jan 15 01:10:01 WIB 2019
Data Bornday : Wed Jan 16 01:10:02 WIB 2019
Data Bornday : Thu Jan 17 01:10:01 WIB 2019
Data Bornday : Fri Jan 18 01:10:01 WIB 2019
Data Bornday : Sat Jan 19 01:10:01 WIB 2019
Data Bornday : Sun Jan 20 01:10:02 WIB 2019
Data Bornday : Mon Jan 21 01:10:01 WIB 2019
Data Bornday : Tue Jan 22 01:10:02 WIB 2019
Data Bornday : Wed Jan 23 01:10:01 WIB 2019
Data Bornday : Thu Jan 24 01:10:01 WIB 2019
Data Bornday : Fri Jan 25 01:10:02 WIB 2019
Data Bornday : Sat Jan 26 01:10:01 WIB 2019
Data Bornday : Sun Jan 27 01:10:01 WIB 2019
Data Bornday : Mon Jan 28 01:10:01 WIB 2019
Data Bornday : Tue Jan 29 01:10:01 WIB 2019
Data Bornday : Wed Jan 30 01:10:01 WIB 2019
Data Bornday : Thu Jan 31 01:10:01 WIB 2019
Data Bornday : Fri Feb  1 01:10:01 WIB 2019
Data Bornday : Sat Feb  2 01:10:01 WIB 2019
Data Bornday : Sun Feb  3 01:10:01 WIB 2019
Data Bornday : Mon Feb  4 01:10:01 WIB 2019
Data Bornday : Tue Feb  5 01:10:01 WIB 2019
Data Bornday : Wed Feb  6 01:10:01 WIB 2019
Data Bornday : Thu Feb  7 01:10:02 WIB 2019
Data Bornday : Fri Feb  8 01:10:02 WIB 2019
Data Bornday : Sat Feb  9 01:10:01 WIB 2019
Data Bornday : Sun Feb 10 01:10:01 WIB 2019
Data Bornday : Mon Feb 11 01:10:01 WIB 2019
Data Bornday : Tue Feb 12 01:10:01 WIB 2019
Data Bornday : Wed Feb 13 01:10:01 WIB 2019
Data Bornday : Thu Feb 14 01:10:01 WIB 2019
Data Bornday : Fri Feb 15 01:10:01 WIB 2019
Data Bornday : Sat Feb 16 01:10:01 WIB 2019
Data Bornday : Sun Feb 17 01:10:01 WIB 2019
Data Bornday : Mon Feb 18 01:10:01 WIB 2019
Data Bornday : Tue Feb 19 01:10:01 WIB 2019
Data Bornday : Wed Feb 20 01:10:01 WIB 2019
Data Bornday : Thu Feb 21 01:10:01 WIB 2019
Data Bornday : Fri Feb 22 01:10:01 WIB 2019
Data Bornday : Sat Feb 23 01:10:01 WIB 2019
Data Bornday : Sun Feb 24 01:10:01 WIB 2019
Data Bornday : Mon Feb 25 01:10:01 WIB 2019
Data Bornday : Tue Feb 26 01:10:01 WIB 2019
Data Bornday : Wed Feb 27 01:10:02 WIB 2019
Data Bornday : Thu Feb 28 01:10:01 WIB 2019
Data Bornday : Fri Mar  1 01:10:01 WIB 2019
Data Bornday : Sat Mar  2 01:10:01 WIB 2019
Data Bornday : Sun Mar  3 01:10:01 WIB 2019
Data Bornday : Mon Mar  4 01:10:01 WIB 2019
Data Bornday : Tue Mar  5 01:10:01 WIB 2019
Data Bornday : Wed Mar  6 01:10:01 WIB 2019
Data Bornday : Thu Mar  7 01:10:01 WIB 2019
Data Bornday : Fri Mar  8 01:10:02 WIB 2019
Data Bornday : Sat Mar  9 01:10:01 WIB 2019
Data Bornday : Sun Mar 10 01:10:01 WIB 2019
Data Bornday : Mon Mar 11 01:10:01 WIB 2019
Data Bornday : Tue Mar 12 01:10:01 WIB 2019
Data Bornday : Wed Mar 13 01:10:01 WIB 2019
Data Bornday : Thu Mar 14 01:10:01 WIB 2019
Data Bornday : Fri Mar 15 01:10:01 WIB 2019
Data Bornday : Sat Mar 16 01:10:01 WIB 2019
Data Bornday : Sun Mar 17 01:10:01 WIB 2019
Data Bornday : Mon Mar 18 01:10:01 WIB 2019
Data Bornday : Tue Mar 19 01:10:01 WIB 2019
Data Bornday : Wed Mar 20 01:10:01 WIB 2019
Data Bornday : Thu Mar 21 01:10:01 WIB 2019
Data Bornday : Fri Mar 22 01:10:01 WIB 2019
Data Bornday : Sat Mar 23 01:10:02 WIB 2019
Data Bornday : Sun Mar 24 01:10:02 WIB 2019
Data Bornday : Mon Mar 25 01:10:01 WIB 2019
Data Bornday : Tue Mar 26 01:10:02 WIB 2019
Data Bornday : Wed Mar 27 01:10:01 WIB 2019
Data Bornday : Thu Mar 28 01:10:01 WIB 2019
Data Bornday : Fri Mar 29 01:10:01 WIB 2019
Data Bornday : Sat Mar 30 01:10:01 WIB 2019
Data Bornday : Sun Mar 31 01:10:01 WIB 2019
Data Bornday : Mon Apr  1 01:10:01 WIB 2019
Data Bornday : Tue Apr  2 01:10:01 WIB 2019
Data Bornday : Wed Apr  3 01:10:01 WIB 2019
Data Bornday : Thu Apr  4 01:10:02 WIB 2019
Data Bornday : Fri Apr  5 01:10:01 WIB 2019
Data Bornday : Sat Apr  6 01:10:01 WIB 2019
Data Bornday : Sun Apr  7 01:10:01 WIB 2019
Data Bornday : Mon Apr  8 01:10:01 WIB 2019
Data Bornday : Tue Apr  9 01:10:01 WIB 2019
Data Bornday : Wed Apr 10 01:10:01 WIB 2019
Data Bornday : Thu Apr 11 01:10:01 WIB 2019
Data Bornday : Fri Apr 12 01:10:01 WIB 2019
Data Bornday : Sat Apr 13 01:10:01 WIB 2019
Data Bornday : Sun Apr 14 01:10:01 WIB 2019
Data Bornday : Mon Apr 15 01:10:01 WIB 2019
Data Bornday : Tue Apr 16 01:10:01 WIB 2019
Data Bornday : Wed Apr 17 01:10:02 WIB 2019
Data Bornday : Thu Apr 18 01:10:01 WIB 2019
Data Bornday : Fri Apr 19 01:10:01 WIB 2019
Data Bornday : Sat Apr 20 01:10:02 WIB 2019
Data Bornday : Sun Apr 21 01:10:01 WIB 2019
Data Bornday : Mon Apr 22 01:10:01 WIB 2019
Data Bornday : Tue Apr 23 01:10:01 WIB 2019
Data Bornday : Wed Apr 24 01:10:02 WIB 2019
Data Bornday : Thu Apr 25 01:10:01 WIB 2019
Data Bornday : Fri Apr 26 01:10:02 WIB 2019
Data Bornday : Sat Apr 27 01:10:02 WIB 2019
Data Bornday : Sun Apr 28 01:10:01 WIB 2019
Data Bornday : Mon Apr 29 01:10:01 WIB 2019
Data Bornday : Tue Apr 30 01:10:01 WIB 2019
Data Bornday : Wed May  1 01:10:01 WIB 2019
Data Bornday : Thu May  2 01:10:01 WIB 2019
Data Bornday : Fri May  3 01:10:01 WIB 2019
Data Bornday : Sat May  4 01:10:01 WIB 2019
Data Bornday : Sun May  5 01:10:01 WIB 2019
Data Bornday : Mon May  6 01:10:01 WIB 2019
Data Bornday : Tue May  7 01:10:01 WIB 2019
Data Bornday : Wed May  8 01:10:01 WIB 2019
Data Bornday : Thu May  9 01:10:01 WIB 2019
Data Bornday : Fri May 10 01:10:01 WIB 2019
Data Bornday : Sat May 11 01:10:01 WIB 2019
Data Bornday : Sun May 12 01:10:02 WIB 2019
Data Bornday : Mon May 13 01:10:01 WIB 2019
Data Bornday : Tue May 14 01:10:01 WIB 2019
Data Bornday : Wed May 15 01:10:01 WIB 2019
Data Bornday : Thu May 16 01:10:01 WIB 2019
Data Bornday : Fri May 17 01:10:01 WIB 2019
Data Bornday : Sat May 18 01:10:01 WIB 2019
Data Bornday : Sun May 19 01:10:01 WIB 2019
Data Bornday : Mon May 20 01:10:01 WIB 2019
Data Bornday : Tue May 21 01:10:01 WIB 2019
Data Bornday : Wed May 22 01:10:01 WIB 2019
Data Bornday : Thu May 23 01:10:01 WIB 2019
Data Bornday : Fri May 24 01:10:01 WIB 2019
Data Bornday : Sat May 25 01:10:02 WIB 2019
Data Bornday : Sun May 26 01:10:01 WIB 2019
Data Bornday : Mon May 27 01:10:01 WIB 2019
Data Bornday : Tue May 28 01:10:01 WIB 2019
Data Bornday : Wed May 29 01:10:01 WIB 2019
Data Bornday : Thu May 30 01:10:01 WIB 2019
Data Bornday : Fri May 31 01:10:01 WIB 2019
Data Bornday : Sat Jun  1 01:10:01 WIB 2019
Data Bornday : Sun Jun  2 01:10:01 WIB 2019
Data Bornday : Mon Jun  3 01:10:01 WIB 2019
Data Bornday : Tue Jun  4 01:10:01 WIB 2019
Data Bornday : Wed Jun  5 01:10:01 WIB 2019
Data Bornday : Thu Jun  6 01:10:01 WIB 2019
Data Bornday : Fri Jun  7 01:10:02 WIB 2019
Data Bornday : Sat Jun  8 01:10:01 WIB 2019
Data Bornday : Sun Jun  9 01:10:02 WIB 2019
Data Bornday : Mon Jun 10 01:10:02 WIB 2019
Data Bornday : Tue Jun 11 01:10:01 WIB 2019
Data Bornday : Wed Jun 12 01:10:01 WIB 2019
Data Bornday : Thu Jun 13 01:10:01 WIB 2019
Data Bornday : Fri Jun 14 01:10:01 WIB 2019
Data Bornday : Sat Jun 15 01:10:01 WIB 2019
Data Bornday : Sun Jun 16 01:10:01 WIB 2019
Data Bornday : Mon Jun 17 01:10:02 WIB 2019
Data Bornday : Tue Jun 18 01:10:01 WIB 2019
Data Bornday : Wed Jun 19 01:10:01 WIB 2019
Data Bornday : Thu Jun 20 01:10:01 WIB 2019
Data Bornday : Fri Jun 21 01:10:01 WIB 2019
Data Bornday : Sat Jun 22 01:10:01 WIB 2019
Data Bornday : Sun Jun 23 01:10:01 WIB 2019
Data Bornday : Mon Jun 24 01:10:02 WIB 2019
Data Bornday : Tue Jun 25 01:10:01 WIB 2019
Data Bornday : Wed Jun 26 01:10:01 WIB 2019
Data Bornday : Thu Jun 27 01:10:01 WIB 2019
Data Bornday : Fri Jun 28 01:10:01 WIB 2019
Data Bornday : Sat Jun 29 01:10:01 WIB 2019
Data Bornday : Sun Jun 30 01:10:02 WIB 2019
Data Bornday : Mon Jul  1 01:10:02 WIB 2019
Data Bornday : Tue Jul  2 01:10:01 WIB 2019
Data Bornday : Wed Jul  3 01:10:01 WIB 2019
Data Bornday : Thu Jul  4 01:10:01 WIB 2019
Data Bornday : Fri Jul  5 01:10:01 WIB 2019
Data Bornday : Sat Jul  6 01:10:01 WIB 2019
Data Bornday : Sun Jul  7 01:10:01 WIB 2019
Data Bornday : Mon Jul  8 01:10:01 WIB 2019
Data Bornday : Tue Jul  9 01:10:02 WIB 2019
Data Bornday : Wed Jul 10 01:10:01 WIB 2019
Data Bornday : Thu Jul 11 01:10:01 WIB 2019
Data Bornday : Fri Jul 12 01:10:01 WIB 2019
Data Bornday : Sat Jul 13 01:10:01 WIB 2019
Data Bornday : Sun Jul 14 01:10:01 WIB 2019
Data Bornday : Mon Jul 15 01:10:01 WIB 2019
Data Bornday : Tue Jul 16 01:10:01 WIB 2019
Data Bornday : Wed Jul 17 01:10:01 WIB 2019
Data Bornday : Thu Jul 18 01:10:01 WIB 2019
Data Bornday : Fri Jul 19 01:10:01 WIB 2019
Data Bornday : Sat Jul 20 01:10:02 WIB 2019
Data Bornday : Sun Jul 21 01:10:01 WIB 2019
Data Bornday : Mon Jul 22 01:10:02 WIB 2019
Data Bornday : Tue Jul 23 01:10:01 WIB 2019
Data Bornday : Wed Jul 24 01:10:02 WIB 2019
Data Bornday : Thu Jul 25 01:10:01 WIB 2019
Data Bornday : Fri Jul 26 01:10:01 WIB 2019
Data Bornday : Sat Jul 27 01:10:01 WIB 2019
Data Bornday : Sun Jul 28 01:10:01 WIB 2019
Data Bornday : Mon Jul 29 01:10:01 WIB 2019
Data Bornday : Tue Jul 30 01:10:01 WIB 2019
Data Bornday : Wed Jul 31 01:10:01 WIB 2019
Data Bornday : Thu Aug  1 01:10:01 WIB 2019
Data Bornday : Fri Aug  2 01:10:02 WIB 2019
Data Bornday : Sat Aug  3 01:10:02 WIB 2019
Data Bornday : Sun Aug  4 01:10:01 WIB 2019
Data Bornday : Mon Aug  5 01:10:01 WIB 2019
Data Bornday : Tue Aug  6 01:10:01 WIB 2019
Data Bornday : Wed Aug  7 01:10:01 WIB 2019
Data Bornday : Thu Aug  8 01:10:01 WIB 2019
Data Bornday : Fri Aug  9 01:10:01 WIB 2019
Data Bornday : Sat Aug 10 01:10:02 WIB 2019
Data Bornday : Sun Aug 11 01:10:02 WIB 2019
Data Bornday : Mon Aug 12 01:10:01 WIB 2019
Data Bornday : Tue Aug 13 01:10:02 WIB 2019
Data Bornday : Wed Aug 14 01:10:01 WIB 2019
Data Bornday : Thu Aug 15 01:10:02 WIB 2019
Data Bornday : Fri Aug 16 01:10:01 WIB 2019
Data Bornday : Sat Aug 17 01:10:01 WIB 2019
Data Bornday : Sun Aug 18 01:10:01 WIB 2019
Data Bornday : Mon Aug 19 01:10:01 WIB 2019
Data Bornday : Tue Aug 20 01:10:01 WIB 2019
Data Bornday : Wed Aug 21 01:10:01 WIB 2019
Data Bornday : Thu Aug 22 01:10:01 WIB 2019
Data Bornday : Fri Aug 23 01:10:01 WIB 2019
Data Bornday : Sat Aug 24 01:10:01 WIB 2019
Data Bornday : Sun Aug 25 01:10:02 WIB 2019
Data Bornday : Mon Aug 26 01:10:01 WIB 2019
Data Bornday : Tue Aug 27 01:10:01 WIB 2019
Data Bornday : Wed Aug 28 01:10:01 WIB 2019
Data Bornday : Thu Aug 29 01:10:01 WIB 2019
Data Bornday : Fri Aug 30 01:10:01 WIB 2019
Data Bornday : Sat Aug 31 01:10:01 WIB 2019
Data Bornday : Sun Sep  1 01:10:01 WIB 2019
Data Bornday : Mon Sep  2 01:10:01 WIB 2019
Data Bornday : Tue Sep  3 01:10:01 WIB 2019
Data Bornday : Wed Sep  4 01:10:02 WIB 2019
Data Bornday : Thu Sep  5 01:10:01 WIB 2019
Data Bornday : Fri Sep  6 01:10:01 WIB 2019
Data Bornday : Sat Sep  7 01:10:01 WIB 2019
Data Bornday : Sun Sep  8 01:10:01 WIB 2019
Data Bornday : Mon Sep  9 01:10:01 WIB 2019
Data Bornday : Tue Sep 10 01:10:01 WIB 2019
Data Bornday : Wed Sep 11 01:10:01 WIB 2019
Data Bornday : Thu Sep 12 01:10:02 WIB 2019
Data Bornday : Fri Sep 13 01:10:01 WIB 2019
Data Bornday : Sat Sep 14 01:10:01 WIB 2019
Data Bornday : Sun Sep 15 01:10:02 WIB 2019
Data Bornday : Mon Sep 16 01:10:01 WIB 2019
Data Bornday : Tue Sep 17 01:10:02 WIB 2019
Data Bornday : Wed Sep 18 01:10:01 WIB 2019
Data Bornday : Thu Sep 19 01:10:01 WIB 2019
Data Bornday : Fri Sep 20 01:10:01 WIB 2019
Data Bornday : Sat Sep 21 01:10:01 WIB 2019
Data Bornday : Sun Sep 22 01:10:01 WIB 2019
Data Bornday : Mon Sep 23 01:10:01 WIB 2019
Data Bornday : Tue Sep 24 01:10:01 WIB 2019
Data Bornday : Wed Sep 25 01:10:01 WIB 2019
Data Bornday : Thu Sep 26 01:10:01 WIB 2019
Data Bornday : Fri Sep 27 01:10:01 WIB 2019
Data Bornday : Sat Sep 28 01:10:01 WIB 2019
Data Bornday : Sun Sep 29 01:10:01 WIB 2019
Data Bornday : Mon Sep 30 01:10:01 WIB 2019
Data Bornday : Tue Oct  1 01:10:01 WIB 2019
Data Bornday : Wed Oct  2 01:10:01 WIB 2019
Data Bornday : Thu Oct  3 01:10:01 WIB 2019
Data Bornday : Fri Oct  4 01:10:01 WIB 2019
Data Bornday : Sat Oct  5 01:10:01 WIB 2019
Data Bornday : Sun Oct  6 01:10:01 WIB 2019
Data Bornday : Mon Oct  7 01:10:01 WIB 2019
Data Bornday : Tue Oct  8 01:10:01 WIB 2019
Data Bornday : Wed Oct  9 01:10:01 WIB 2019
Data Bornday : Thu Oct 10 01:10:01 WIB 2019
Data Bornday : Fri Oct 11 01:10:01 WIB 2019
Data Bornday : Sat Oct 12 01:10:02 WIB 2019
Data Bornday : Sun Oct 13 01:10:01 WIB 2019
Data Bornday : Mon Oct 14 01:10:01 WIB 2019
Data Bornday : Tue Oct 15 01:10:01 WIB 2019
Data Bornday : Wed Oct 16 01:10:01 WIB 2019
Data Bornday : Thu Oct 17 01:10:01 WIB 2019
Data Bornday : Fri Oct 18 01:10:01 WIB 2019
Data Bornday : Sat Oct 19 01:10:01 WIB 2019
Data Bornday : Sun Oct 20 01:10:02 WIB 2019
Data Bornday : Mon Oct 21 01:10:01 WIB 2019
Data Bornday : Tue Oct 22 01:10:01 WIB 2019
Data Bornday : Wed Oct 23 01:10:02 WIB 2019
Data Bornday : Thu Oct 24 01:10:01 WIB 2019
Data Bornday : Fri Oct 25 01:10:01 WIB 2019
Data Bornday : Sat Oct 26 01:10:01 WIB 2019
Data Bornday : Sun Oct 27 01:10:01 WIB 2019
Data Bornday : Mon Oct 28 01:10:01 WIB 2019
Data Bornday : Tue Oct 29 01:10:01 WIB 2019
Data Bornday : Wed Oct 30 01:10:01 WIB 2019
Data Bornday : Thu Oct 31 01:10:01 WIB 2019
Data Bornday : Fri Nov  1 01:10:02 WIB 2019
Data Bornday : Sat Nov  2 01:10:01 WIB 2019
Data Bornday : Sun Nov  3 01:10:01 WIB 2019
Data Bornday : Mon Nov  4 01:10:01 WIB 2019
Data Bornday : Tue Nov  5 01:10:01 WIB 2019
Data Bornday : Wed Nov  6 01:10:01 WIB 2019
Data Bornday : Thu Nov  7 01:10:01 WIB 2019
Data Bornday : Fri Nov  8 01:10:02 WIB 2019
Data Bornday : Sat Nov  9 01:10:01 WIB 2019
Data Bornday : Sun Nov 10 01:10:01 WIB 2019
Data Bornday : Mon Nov 11 01:10:01 WIB 2019
Data Bornday : Tue Nov 12 01:10:01 WIB 2019
Data Bornday : Wed Nov 13 01:10:01 WIB 2019
Data Bornday : Thu Nov 14 01:10:01 WIB 2019
Data Bornday : Fri Nov 15 01:10:01 WIB 2019
Data Bornday : Sat Nov 16 01:10:01 WIB 2019
Data Bornday : Sun Nov 17 01:10:01 WIB 2019
Data Bornday : Mon Nov 18 01:10:02 WIB 2019
Data Bornday : Tue Nov 19 01:10:02 WIB 2019
Data Bornday : Wed Nov 20 01:10:01 WIB 2019
Data Bornday : Thu Nov 21 01:10:01 WIB 2019
Data Bornday : Fri Nov 22 01:10:02 WIB 2019
Data Bornday : Sat Nov 23 01:10:01 WIB 2019
Data Bornday : Sun Nov 24 01:10:01 WIB 2019
Data Bornday : Mon Nov 25 01:10:01 WIB 2019
Data Bornday : Tue Nov 26 01:10:01 WIB 2019
Data Bornday : Wed Nov 27 01:10:01 WIB 2019
Data Bornday : Thu Nov 28 01:10:01 WIB 2019
Data Bornday : Fri Nov 29 01:10:01 WIB 2019
Data Bornday : Sat Nov 30 01:10:01 WIB 2019
Data Bornday : Sun Dec  1 01:10:02 WIB 2019
Data Bornday : Mon Dec  2 01:10:01 WIB 2019
Data Bornday : Tue Dec  3 01:10:01 WIB 2019
Data Bornday : Wed Dec  4 01:10:01 WIB 2019
Data Bornday : Thu Dec  5 01:10:01 WIB 2019
Data Bornday : Fri Dec  6 01:10:01 WIB 2019
Data Bornday : Sat Dec  7 01:10:01 WIB 2019
Data Bornday : Sun Dec  8 01:10:02 WIB 2019
Data Bornday : Mon Dec  9 01:10:02 WIB 2019
Data Bornday : Tue Dec 10 01:10:01 WIB 2019
Data Bornday : Wed Dec 11 01:10:02 WIB 2019
Data Bornday : Thu Dec 12 01:10:01 WIB 2019
Data Bornday : Fri Dec 13 01:10:01 WIB 2019
Data Bornday : Sat Dec 14 01:10:02 WIB 2019
Data Bornday : Sun Dec 15 01:10:01 WIB 2019
Data Bornday : Mon Dec 16 01:10:01 WIB 2019
Data Bornday : Tue Dec 17 01:10:01 WIB 2019
Data Bornday : Wed Dec 18 01:10:01 WIB 2019
Data Bornday : Thu Dec 19 01:10:01 WIB 2019
Data Bornday : Fri Dec 20 01:10:02 WIB 2019
Data Bornday : Sat Dec 21 01:10:02 WIB 2019
Data Bornday : Sun Dec 22 01:10:01 WIB 2019
Data Bornday : Mon Dec 23 01:10:01 WIB 2019
Data Bornday : Tue Dec 24 01:10:01 WIB 2019
Data Bornday : Wed Dec 25 01:10:01 WIB 2019
Data Bornday : Thu Dec 26 01:10:01 WIB 2019
Data Bornday : Fri Dec 27 01:10:01 WIB 2019
Data Bornday : Sat Dec 28 01:10:01 WIB 2019
Data Bornday : Sun Dec 29 01:10:01 WIB 2019
Data Bornday : Mon Dec 30 01:10:01 WIB 2019
Data Bornday : Tue Dec 31 01:10:01 WIB 2019
Data Bornday : Wed Jan  1 01:10:01 WIB 2020
Data Bornday : Thu Jan  2 01:10:01 WIB 2020
Data Bornday : Fri Jan  3 01:10:01 WIB 2020
Data Bornday : Sat Jan  4 01:10:01 WIB 2020
Data Bornday : Sun Jan  5 01:10:01 WIB 2020
Data Bornday : Mon Jan  6 01:10:01 WIB 2020
Data Bornday : Tue Jan  7 01:10:01 WIB 2020
Data Bornday : Wed Jan  8 01:10:01 WIB 2020
Data Bornday : Thu Jan  9 01:10:02 WIB 2020
Data Bornday : Fri Jan 10 01:10:02 WIB 2020
Data Bornday : Sat Jan 11 01:10:02 WIB 2020
Data Bornday : Sun Jan 12 01:10:02 WIB 2020
Data Bornday : Mon Jan 13 01:10:01 WIB 2020
Data Bornday : Tue Jan 14 01:10:01 WIB 2020
Data Bornday : Wed Jan 15 01:10:01 WIB 2020
Data Bornday : Thu Jan 16 01:10:01 WIB 2020
Data Bornday : Fri Jan 17 01:10:01 WIB 2020
Data Bornday : Sat Jan 18 01:10:01 WIB 2020
Data Bornday : Sun Jan 19 01:10:01 WIB 2020
Data Bornday : Mon Jan 20 01:10:01 WIB 2020
Data Bornday : Tue Jan 21 01:10:01 WIB 2020
Data Bornday : Wed Jan 22 01:10:01 WIB 2020
Data Bornday : Thu Jan 23 01:10:01 WIB 2020
Data Bornday : Fri Jan 24 01:10:01 WIB 2020
Data Bornday : Sat Jan 25 01:10:01 WIB 2020
Data Bornday : Sun Jan 26 01:10:01 WIB 2020
Data Bornday : Mon Jan 27 01:10:02 WIB 2020
Data Bornday : Tue Jan 28 01:10:01 WIB 2020
Data Bornday : Wed Jan 29 01:10:01 WIB 2020
Data Bornday : Thu Jan 30 01:10:01 WIB 2020
Data Bornday : Fri Jan 31 01:10:01 WIB 2020
Data Bornday : Sat Feb  1 01:10:01 WIB 2020
Data Bornday : Sun Feb  2 01:10:02 WIB 2020
Data Bornday : Mon Feb  3 01:10:01 WIB 2020
Data Bornday : Tue Feb  4 01:10:01 WIB 2020
Data Bornday : Wed Feb  5 01:10:01 WIB 2020
Data Bornday : Thu Feb  6 01:10:02 WIB 2020
Data Bornday : Fri Feb  7 01:10:01 WIB 2020
Data Bornday : Sat Feb  8 01:10:02 WIB 2020
Data Bornday : Sun Feb  9 01:10:01 WIB 2020
Data Bornday : Mon Feb 10 01:10:01 WIB 2020
Data Bornday : Tue Feb 11 01:10:01 WIB 2020
Data Bornday : Wed Feb 12 01:10:01 WIB 2020
Data Bornday : Thu Feb 13 01:10:01 WIB 2020
Data Bornday : Fri Feb 14 01:10:01 WIB 2020
Data Bornday : Sat Feb 15 01:10:01 WIB 2020
Data Bornday : Sun Feb 16 01:10:02 WIB 2020
Data Bornday : Mon Feb 17 01:10:01 WIB 2020
Data Bornday : Tue Feb 18 01:10:01 WIB 2020
Data Bornday : Wed Feb 19 01:10:01 WIB 2020
Data Bornday : Thu Feb 20 01:10:02 WIB 2020
Data Bornday : Fri Feb 21 01:10:02 WIB 2020
Data Bornday : Sat Feb 22 01:10:02 WIB 2020
Data Bornday : Sun Feb 23 01:10:01 WIB 2020
Data Bornday : Mon Feb 24 01:10:01 WIB 2020
Data Bornday : Tue Feb 25 01:10:01 WIB 2020
Data Bornday : Wed Feb 26 01:10:01 WIB 2020
Data Bornday : Thu Feb 27 01:10:02 WIB 2020
Data Bornday : Fri Feb 28 01:10:02 WIB 2020
Data Bornday : Sat Feb 29 01:10:02 WIB 2020
Data Bornday : Sun Mar  1 01:10:01 WIB 2020
Data Bornday : Mon Mar  2 01:10:01 WIB 2020
Data Bornday : Tue Mar  3 01:10:01 WIB 2020
Data Bornday : Wed Mar  4 01:10:01 WIB 2020
Data Bornday : Thu Mar  5 01:10:01 WIB 2020
Data Bornday : Fri Mar  6 01:10:01 WIB 2020
Data Bornday : Sat Mar  7 01:10:02 WIB 2020
Data Bornday : Sun Mar  8 01:10:02 WIB 2020
Data Bornday : Mon Mar  9 01:10:01 WIB 2020
Data Bornday : Tue Mar 10 01:10:02 WIB 2020
Data Bornday : Wed Mar 11 01:10:02 WIB 2020
Data Bornday : Thu Mar 12 01:10:02 WIB 2020
Data Bornday : Fri Mar 13 01:10:02 WIB 2020
Data Bornday : Sat Mar 14 01:10:02 WIB 2020
Data Bornday : Sun Mar 15 01:10:01 WIB 2020
Data Bornday : Mon Mar 16 01:10:01 WIB 2020
Data Bornday : Tue Mar 17 01:10:01 WIB 2020
Data Bornday : Wed Mar 18 01:10:01 WIB 2020
Data Bornday : Thu Mar 19 01:10:01 WIB 2020
Data Bornday : Fri Mar 20 01:10:01 WIB 2020
Data Bornday : Sat Mar 21 01:10:02 WIB 2020
Data Bornday : Sun Mar 22 01:10:01 WIB 2020
Data Bornday : Mon Mar 23 01:10:01 WIB 2020
Data Bornday : Tue Mar 24 01:10:01 WIB 2020
Data Bornday : Wed Mar 25 01:10:01 WIB 2020
Data Bornday : Thu Mar 26 01:10:01 WIB 2020
Data Bornday : Fri Mar 27 01:10:01 WIB 2020
Data Bornday : Sat Mar 28 01:10:01 WIB 2020
Data Bornday : Sun Mar 29 01:10:01 WIB 2020
Data Bornday : Mon Mar 30 01:10:02 WIB 2020
Data Bornday : Tue Mar 31 01:10:01 WIB 2020
Data Bornday : Wed Apr  1 01:10:01 WIB 2020
Data Bornday : Thu Apr  2 01:10:01 WIB 2020
Data Bornday : Fri Apr  3 01:10:02 WIB 2020
Data Bornday : Sat Apr  4 01:10:01 WIB 2020
Data Bornday : Sun Apr  5 01:10:02 WIB 2020
Data Bornday : Mon Apr  6 01:10:01 WIB 2020
Data Bornday : Tue Apr  7 01:10:01 WIB 2020
Data Bornday : Wed Apr  8 01:10:01 WIB 2020
Data Bornday : Thu Apr  9 01:10:01 WIB 2020
Data Bornday : Fri Apr 10 01:10:01 WIB 2020
Data Bornday : Sat Apr 11 01:10:02 WIB 2020
Data Bornday : Sun Apr 12 01:10:01 WIB 2020
Data Bornday : Mon Apr 13 01:10:02 WIB 2020
Data Bornday : Tue Apr 14 01:10:01 WIB 2020
Data Bornday : Wed Apr 15 01:10:01 WIB 2020
Data Bornday : Thu Apr 16 01:10:01 WIB 2020
Data Bornday : Fri Apr 17 01:10:02 WIB 2020
Data Bornday : Sat Apr 18 01:10:02 WIB 2020
Data Bornday : Sun Apr 19 01:10:01 WIB 2020
Data Bornday : Mon Apr 20 01:10:01 WIB 2020
Data Bornday : Tue Apr 21 01:10:01 WIB 2020
Data Bornday : Wed Apr 22 01:10:02 WIB 2020
Data Bornday : Thu Apr 23 01:10:02 WIB 2020
Data Bornday : Fri Apr 24 01:10:01 WIB 2020
Data Bornday : Sat Apr 25 01:10:01 WIB 2020
Data Bornday : Sun Apr 26 01:10:02 WIB 2020
Data Bornday : Mon Apr 27 01:10:02 WIB 2020
Data Bornday : Tue Apr 28 01:10:01 WIB 2020
Data Bornday : Wed Apr 29 01:10:02 WIB 2020
Data Bornday : Thu Apr 30 01:10:01 WIB 2020
Data Bornday : Fri May  1 01:10:02 WIB 2020
Data Bornday : Sat May  2 01:10:01 WIB 2020
Data Bornday : Sun May  3 01:10:01 WIB 2020
Data Bornday : Mon May  4 01:10:01 WIB 2020
Data Bornday : Tue May  5 01:10:02 WIB 2020
Data Bornday : Wed May  6 01:10:01 WIB 2020
Data Bornday : Thu May  7 01:10:02 WIB 2020
Data Bornday : Fri May  8 01:10:01 WIB 2020
Data Bornday : Sat May  9 01:10:01 WIB 2020
Data Bornday : Sun May 10 01:10:02 WIB 2020
Data Bornday : Mon May 11 01:10:01 WIB 2020
Data Bornday : Tue May 12 01:10:01 WIB 2020
Data Bornday : Wed May 13 01:10:01 WIB 2020
Data Bornday : Thu May 14 01:10:01 WIB 2020
Data Bornday : Fri May 15 01:10:02 WIB 2020
Data Bornday : Sat May 16 01:10:01 WIB 2020
Data Bornday : Sun May 17 01:10:01 WIB 2020
Data Bornday : Mon May 18 01:10:01 WIB 2020
Data Bornday : Tue May 19 01:10:01 WIB 2020
Data Bornday : Wed May 20 01:10:02 WIB 2020
Data Bornday : Thu May 21 01:10:01 WIB 2020
Data Bornday : Fri May 22 01:10:01 WIB 2020
Data Bornday : Sat May 23 01:10:01 WIB 2020
Data Bornday : Sun May 24 01:10:02 WIB 2020
Data Bornday : Mon May 25 01:10:01 WIB 2020
Data Bornday : Tue May 26 01:10:02 WIB 2020
Data Bornday : Wed May 27 01:10:01 WIB 2020
Data Bornday : Thu May 28 01:10:02 WIB 2020
Data Bornday : Fri May 29 01:10:01 WIB 2020
Data Bornday : Sat May 30 01:10:01 WIB 2020
Data Bornday : Sun May 31 01:10:02 WIB 2020
Data Bornday : Mon Jun  1 01:10:01 WIB 2020
Data Bornday : Tue Jun  2 01:10:01 WIB 2020
Data Bornday : Wed Jun  3 01:10:01 WIB 2020
Data Bornday : Thu Jun  4 01:10:02 WIB 2020
Data Bornday : Fri Jun  5 01:10:01 WIB 2020
Data Bornday : Sat Jun  6 01:10:02 WIB 2020
Data Bornday : Sun Jun  7 01:10:01 WIB 2020
Data Bornday : Mon Jun  8 01:10:01 WIB 2020
Data Bornday : Tue Jun  9 01:10:01 WIB 2020
Data Bornday : Wed Jun 10 01:10:01 WIB 2020
Data Bornday : Thu Jun 11 01:10:01 WIB 2020
Data Bornday : Fri Jun 12 01:10:02 WIB 2020
Data Bornday : Sat Jun 13 01:10:01 WIB 2020
Data Bornday : Sun Jun 14 01:10:01 WIB 2020
Data Bornday : Mon Jun 15 01:10:01 WIB 2020
Data Bornday : Tue Jun 16 01:10:02 WIB 2020
Data Bornday : Wed Jun 17 01:10:01 WIB 2020
Data Bornday : Thu Jun 18 01:10:02 WIB 2020
Data Bornday : Fri Jun 19 01:10:02 WIB 2020
Data Bornday : Sat Jun 20 01:10:01 WIB 2020
Data Bornday : Sun Jun 21 01:10:02 WIB 2020
Data Bornday : Mon Jun 22 01:10:01 WIB 2020
Data Bornday : Tue Jun 23 01:10:02 WIB 2020
Data Bornday : Wed Jun 24 01:10:01 WIB 2020
Data Bornday : Thu Jun 25 01:10:01 WIB 2020
Data Bornday : Fri Jun 26 01:10:01 WIB 2020
Data Bornday : Sat Jun 27 01:10:02 WIB 2020
Data Bornday : Sun Jun 28 01:10:02 WIB 2020
Data Bornday : Mon Jun 29 01:10:01 WIB 2020
Data Bornday : Tue Jun 30 01:10:02 WIB 2020
Data Bornday : Wed Jul  1 01:10:01 WIB 2020
Data Bornday : Thu Jul  2 01:10:01 WIB 2020
Data Bornday : Fri Jul  3 01:10:01 WIB 2020
Data Bornday : Sat Jul  4 01:10:01 WIB 2020
Data Bornday : Sun Jul  5 01:10:02 WIB 2020
Data Bornday : Mon Jul  6 01:10:01 WIB 2020
Data Bornday : Tue Jul  7 01:10:01 WIB 2020
Data Bornday : Wed Jul  8 01:10:01 WIB 2020
Data Bornday : Thu Jul  9 01:10:01 WIB 2020
Data Bornday : Fri Jul 10 01:10:01 WIB 2020
Data Bornday : Sat Jul 11 01:10:01 WIB 2020
Data Bornday : Sun Jul 12 01:10:01 WIB 2020
Data Bornday : Mon Jul 13 01:10:01 WIB 2020
Data Bornday : Tue Jul 14 01:10:01 WIB 2020
Data Bornday : Wed Jul 15 01:10:01 WIB 2020
Data Bornday : Thu Jul 16 01:10:01 WIB 2020
Data Bornday : Fri Jul 17 01:10:01 WIB 2020
Data Bornday : Sat Jul 18 01:10:01 WIB 2020
Data Bornday : Sun Jul 19 01:10:02 WIB 2020
Data Bornday : Mon Jul 20 01:10:01 WIB 2020
Data Bornday : Tue Jul 21 01:10:01 WIB 2020
Data Bornday : Wed Jul 22 01:10:02 WIB 2020
Data Bornday : Thu Jul 23 01:10:01 WIB 2020
Data Bornday : Fri Jul 24 01:10:01 WIB 2020
Data Bornday : Sat Jul 25 01:10:01 WIB 2020
Data Bornday : Sun Jul 26 01:10:01 WIB 2020
Data Bornday : Mon Jul 27 01:10:01 WIB 2020
Data Bornday : Tue Jul 28 01:10:01 WIB 2020
Data Bornday : Wed Jul 29 01:10:02 WIB 2020
Data Bornday : Thu Jul 30 01:10:02 WIB 2020
Data Bornday : Fri Jul 31 01:10:02 WIB 2020
Data Bornday : Sat Aug  1 01:10:01 WIB 2020
Data Bornday : Sun Aug  2 01:10:01 WIB 2020
Data Bornday : Mon Aug  3 01:10:02 WIB 2020
Data Bornday : Tue Aug  4 01:10:01 WIB 2020
Data Bornday : Wed Aug  5 01:10:01 WIB 2020
Data Bornday : Thu Aug  6 01:10:02 WIB 2020
Data Bornday : Fri Aug  7 01:10:02 WIB 2020
Data Bornday : Sat Aug  8 01:10:01 WIB 2020
Data Bornday : Sun Aug  9 01:10:01 WIB 2020
Data Bornday : Mon Aug 10 01:10:02 WIB 2020
Data Bornday : Tue Aug 11 01:10:01 WIB 2020
Data Bornday : Wed Aug 12 01:10:02 WIB 2020
Data Bornday : Thu Aug 13 01:10:01 WIB 2020
Data Bornday : Fri Aug 14 01:10:02 WIB 2020
Data Bornday : Sat Aug 15 01:10:01 WIB 2020
Data Bornday : Sun Aug 16 01:10:01 WIB 2020
Data Bornday : Mon Aug 17 01:10:02 WIB 2020
Data Bornday : Tue Aug 18 01:10:01 WIB 2020
Data Bornday : Wed Aug 19 01:10:02 WIB 2020
Data Bornday : Thu Aug 20 01:10:01 WIB 2020
Data Bornday : Fri Aug 21 01:10:01 WIB 2020
Data Bornday : Sat Aug 22 01:10:02 WIB 2020
Data Bornday : Sun Aug 23 01:10:01 WIB 2020
Data Bornday : Mon Aug 24 01:10:01 WIB 2020
Data Bornday : Tue Aug 25 01:10:02 WIB 2020
Data Bornday : Wed Aug 26 01:10:01 WIB 2020
Data Bornday : Thu Aug 27 01:10:01 WIB 2020
Data Bornday : Fri Aug 28 01:10:01 WIB 2020
Data Bornday : Sat Aug 29 01:10:01 WIB 2020
Data Bornday : Sun Aug 30 01:10:02 WIB 2020
Data Bornday : Mon Aug 31 01:10:01 WIB 2020
Data Bornday : Tue Sep  1 01:10:02 WIB 2020
Data Bornday : Wed Sep  2 01:10:02 WIB 2020
Data Bornday : Thu Sep  3 01:10:01 WIB 2020
Data Bornday : Fri Sep  4 01:10:01 WIB 2020
Data Bornday : Sat Sep  5 01:10:01 WIB 2020
Data Bornday : Sun Sep  6 01:10:02 WIB 2020
Data Bornday : Mon Sep  7 01:10:01 WIB 2020
Data Bornday : Tue Sep  8 01:10:01 WIB 2020
Data Bornday : Wed Sep  9 01:10:01 WIB 2020
Data Bornday : Thu Sep 10 01:10:01 WIB 2020
Data Bornday : Fri Sep 11 01:10:02 WIB 2020
Data Bornday : Sat Sep 12 01:10:01 WIB 2020
Data Bornday : Sun Sep 13 01:10:01 WIB 2020
Data Bornday : Mon Sep 14 01:10:02 WIB 2020
Data Bornday : Tue Sep 15 01:10:01 WIB 2020
Data Bornday : Wed Sep 16 01:10:01 WIB 2020
Data Bornday : Thu Sep 17 01:10:01 WIB 2020
Data Bornday : Fri Sep 18 01:10:02 WIB 2020
Data Bornday : Sat Sep 19 01:10:01 WIB 2020
Data Bornday : Sun Sep 20 01:10:02 WIB 2020
Data Bornday : Mon Sep 21 01:10:01 WIB 2020
Data Bornday : Tue Sep 22 01:10:01 WIB 2020
Data Bornday : Wed Sep 23 01:10:01 WIB 2020
Data Bornday : Thu Sep 24 01:10:01 WIB 2020
Data Bornday : Fri Sep 25 01:10:01 WIB 2020
Data Bornday : Sat Sep 26 01:10:01 WIB 2020
Data Bornday : Sun Sep 27 01:10:01 WIB 2020
Data Bornday : Mon Sep 28 01:10:01 WIB 2020
Data Bornday : Tue Sep 29 01:10:01 WIB 2020
Data Bornday : Wed Sep 30 01:10:02 WIB 2020
Data Bornday : Thu Oct  1 01:10:01 WIB 2020
Data Bornday : Fri Oct  2 01:10:02 WIB 2020
Data Bornday : Sat Oct  3 01:10:01 WIB 2020
Data Bornday : Sun Oct  4 01:10:01 WIB 2020
Data Bornday : Mon Oct  5 01:10:02 WIB 2020
Data Bornday : Tue Oct  6 01:10:01 WIB 2020
Data Bornday : Wed Oct  7 01:10:01 WIB 2020
Data Bornday : Thu Oct  8 01:10:01 WIB 2020
Data Bornday : Fri Oct  9 01:10:02 WIB 2020
Data Bornday : Sat Oct 10 01:10:02 WIB 2020
Data Bornday : Sun Oct 11 01:10:02 WIB 2020
Data Bornday : Mon Oct 12 01:10:01 WIB 2020
Data Bornday : Tue Oct 13 01:10:02 WIB 2020
Data Bornday : Wed Oct 14 01:10:01 WIB 2020
Data Bornday : Thu Oct 15 01:10:02 WIB 2020
Data Bornday : Fri Oct 16 01:10:01 WIB 2020
Data Bornday : Sat Oct 17 01:10:02 WIB 2020
Data Bornday : Sun Oct 18 01:10:01 WIB 2020
Data Bornday : Mon Oct 19 01:10:02 WIB 2020
Data Bornday : Tue Oct 20 01:10:02 WIB 2020
Data Bornday : Wed Oct 21 01:10:01 WIB 2020
Data Bornday : Thu Oct 22 01:10:02 WIB 2020
Data Bornday : Fri Oct 23 01:10:01 WIB 2020
Data Bornday : Sat Oct 24 01:10:01 WIB 2020
Data Bornday : Sun Oct 25 01:10:01 WIB 2020
Data Bornday : Mon Oct 26 01:10:02 WIB 2020
Data Bornday : Tue Oct 27 01:10:01 WIB 2020
Data Bornday : Wed Oct 28 01:10:01 WIB 2020
Data Bornday : Thu Oct 29 01:10:02 WIB 2020
Data Bornday : Fri Oct 30 01:10:02 WIB 2020
Data Bornday : Sat Oct 31 01:10:02 WIB 2020
Data Bornday : Sun Nov  1 01:10:01 WIB 2020
Data Bornday : Mon Nov  2 01:10:01 WIB 2020
Data Bornday : Tue Nov  3 01:10:02 WIB 2020
Data Bornday : Wed Nov  4 01:10:01 WIB 2020
Data Bornday : Thu Nov  5 01:10:01 WIB 2020
Data Bornday : Fri Nov  6 01:10:01 WIB 2020
Data Bornday : Sat Nov  7 01:10:01 WIB 2020
Data Bornday : Sun Nov  8 01:10:02 WIB 2020
Data Bornday : Mon Nov  9 01:10:01 WIB 2020
Data Bornday : Tue Nov 10 01:10:02 WIB 2020
Data Bornday : Wed Nov 11 01:10:02 WIB 2020
Data Bornday : Thu Nov 12 01:10:02 WIB 2020
Data Bornday : Fri Nov 13 01:10:02 WIB 2020
Data Bornday : Sat Nov 14 01:10:02 WIB 2020
Data Bornday : Sun Nov 15 01:10:02 WIB 2020
Data Bornday : Mon Nov 16 01:10:01 WIB 2020
Data Bornday : Tue Nov 17 01:10:01 WIB 2020
Data Bornday : Wed Nov 18 01:10:02 WIB 2020
Data Bornday : Thu Nov 19 01:10:02 WIB 2020
Data Bornday : Fri Nov 20 01:10:02 WIB 2020
Data Bornday : Sat Nov 21 01:10:01 WIB 2020
Data Bornday : Sun Nov 22 01:10:01 WIB 2020
Data Bornday : Mon Nov 23 01:10:01 WIB 2020
Data Bornday : Tue Nov 24 01:10:02 WIB 2020
Data Bornday : Wed Nov 25 01:10:01 WIB 2020
Data Bornday : Thu Nov 26 01:10:01 WIB 2020
Data Bornday : Fri Nov 27 01:10:02 WIB 2020
Data Bornday : Sat Nov 28 01:10:02 WIB 2020
Data Bornday : Sun Nov 29 01:10:02 WIB 2020
Data Bornday : Mon Nov 30 01:10:01 WIB 2020
Data Bornday : Tue Dec  1 01:10:01 WIB 2020
Data Bornday : Wed Dec  2 01:10:01 WIB 2020
Data Bornday : Thu Dec  3 01:10:01 WIB 2020
Data Bornday : Fri Dec  4 01:10:01 WIB 2020
Data Bornday : Sat Dec  5 01:10:01 WIB 2020
Data Bornday : Sun Dec  6 01:10:01 WIB 2020
Data Bornday : Mon Dec  7 01:10:01 WIB 2020
Data Bornday : Tue Dec  8 01:10:01 WIB 2020
Data Bornday : Wed Dec  9 01:10:02 WIB 2020
Data Bornday : Thu Dec 10 01:10:02 WIB 2020
Data Bornday : Fri Dec 11 01:10:02 WIB 2020
Data Bornday : Sat Dec 12 01:10:01 WIB 2020
Data Bornday : Sun Dec 13 01:10:02 WIB 2020
Data Bornday : Mon Dec 14 01:10:01 WIB 2020
Data Bornday : Tue Dec 15 01:10:02 WIB 2020
Data Bornday : Wed Dec 16 01:10:02 WIB 2020
Data Bornday : Thu Dec 17 01:10:01 WIB 2020
Data Bornday : Fri Dec 18 01:10:01 WIB 2020
Data Bornday : Sat Dec 19 01:10:02 WIB 2020
Data Bornday : Sun Dec 20 01:10:01 WIB 2020
Data Bornday : Mon Dec 21 01:10:01 WIB 2020
Data Bornday : Tue Dec 22 01:10:01 WIB 2020
Data Bornday : Wed Dec 23 01:10:02 WIB 2020
Data Bornday : Thu Dec 24 01:10:01 WIB 2020
Data Bornday : Fri Dec 25 01:10:01 WIB 2020
Data Bornday : Sat Dec 26 01:10:01 WIB 2020
Data Bornday : Sun Dec 27 01:10:02 WIB 2020
Data Bornday : Mon Dec 28 01:10:01 WIB 2020
Data Bornday : Tue Dec 29 01:10:01 WIB 2020
Data Bornday : Wed Dec 30 01:10:01 WIB 2020
Data Bornday : Thu Dec 31 01:10:02 WIB 2020
Data Bornday : Fri Jan  1 01:10:02 WIB 2021
Data Bornday : Sat Jan  2 01:10:02 WIB 2021
Data Bornday : Sun Jan  3 01:10:01 WIB 2021
Data Bornday : Mon Jan  4 01:10:01 WIB 2021
Data Bornday : Tue Jan  5 01:10:02 WIB 2021
Data Bornday : Wed Jan  6 01:10:01 WIB 2021
Data Bornday : Thu Jan  7 01:10:01 WIB 2021
Data Bornday : Fri Jan  8 01:10:01 WIB 2021
Data Bornday : Sat Jan  9 01:10:02 WIB 2021
Data Bornday : Sun Jan 10 01:10:01 WIB 2021
Data Bornday : Mon Jan 11 01:10:01 WIB 2021
Data Bornday : Tue Jan 12 01:10:01 WIB 2021
Data Bornday : Wed Jan 13 01:10:02 WIB 2021
Data Bornday : Thu Jan 14 01:10:01 WIB 2021
Data Bornday : Fri Jan 15 01:10:02 WIB 2021
Data Bornday : Sat Jan 16 01:10:01 WIB 2021
Data Bornday : Sun Jan 17 01:10:01 WIB 2021
Data Bornday : Mon Jan 18 01:10:01 WIB 2021
Data Bornday : Tue Jan 19 01:10:02 WIB 2021
Data Bornday : Wed Jan 20 01:10:02 WIB 2021
Data Bornday : Thu Jan 21 01:10:02 WIB 2021
Data Bornday : Fri Jan 22 01:10:01 WIB 2021
Data Bornday : Sat Jan 23 01:10:02 WIB 2021
Data Bornday : Sun Jan 24 01:10:01 WIB 2021
Data Bornday : Mon Jan 25 01:10:01 WIB 2021
Data Bornday : Tue Jan 26 01:10:01 WIB 2021
Data Bornday : Wed Jan 27 01:10:01 WIB 2021
Data Bornday : Thu Jan 28 01:10:02 WIB 2021
Data Bornday : Fri Jan 29 01:10:01 WIB 2021
Data Bornday : Sat Jan 30 01:10:01 WIB 2021
Data Bornday : Sun Jan 31 01:10:02 WIB 2021
Data Bornday : Mon Feb  1 01:10:01 WIB 2021
Data Bornday : Tue Feb  2 01:10:01 WIB 2021
Data Bornday : Wed Feb  3 01:10:02 WIB 2021
Data Bornday : Thu Feb  4 01:10:02 WIB 2021
Data Bornday : Fri Feb  5 01:10:02 WIB 2021
Data Bornday : Sat Feb  6 01:10:02 WIB 2021
Data Bornday : Sun Feb  7 01:10:01 WIB 2021
Data Bornday : Mon Feb  8 01:10:01 WIB 2021
Data Bornday : Tue Feb  9 01:10:01 WIB 2021
Data Bornday : Wed Feb 10 01:10:01 WIB 2021
Data Bornday : Thu Feb 11 01:10:02 WIB 2021
Data Bornday : Fri Feb 12 01:10:02 WIB 2021
Data Bornday : Sat Feb 13 01:10:01 WIB 2021
Data Bornday : Sun Feb 14 01:10:01 WIB 2021
Data Bornday : Mon Feb 15 01:10:01 WIB 2021
Data Bornday : Tue Feb 16 01:10:01 WIB 2021
Data Bornday : Wed Feb 17 01:10:01 WIB 2021
Data Bornday : Thu Feb 18 01:10:01 WIB 2021
Data Bornday : Fri Feb 19 01:10:02 WIB 2021
Data Bornday : Sat Feb 20 01:10:02 WIB 2021
Data Bornday : Sun Feb 21 01:10:02 WIB 2021
Data Bornday : Mon Feb 22 01:10:01 WIB 2021
Data Bornday : Tue Feb 23 01:10:02 WIB 2021
Data Bornday : Wed Feb 24 01:10:01 WIB 2021
Data Bornday : Thu Feb 25 01:10:01 WIB 2021
Data Bornday : Fri Feb 26 01:10:01 WIB 2021
Data Bornday : Sat Feb 27 01:10:01 WIB 2021
Data Bornday : Sun Feb 28 01:10:02 WIB 2021
Data Bornday : Mon Mar  1 01:10:02 WIB 2021
Data Bornday : Tue Mar  2 01:10:02 WIB 2021
Data Bornday : Wed Mar  3 01:10:02 WIB 2021
Data Bornday : Thu Mar  4 01:10:01 WIB 2021
Data Bornday : Fri Mar  5 01:10:02 WIB 2021
Data Bornday : Sat Mar  6 01:10:01 WIB 2021
Data Bornday : Sun Mar  7 01:10:02 WIB 2021
Data Bornday : Mon Mar  8 01:10:01 WIB 2021
Data Bornday : Tue Mar  9 01:10:01 WIB 2021
Data Bornday : Wed Mar 10 01:10:01 WIB 2021
Data Bornday : Thu Mar 11 01:10:02 WIB 2021
Data Bornday : Fri Mar 12 01:10:01 WIB 2021
Data Bornday : Sat Mar 13 01:10:01 WIB 2021
Data Bornday : Sun Mar 14 01:10:01 WIB 2021
Data Bornday : Mon Mar 15 01:10:01 WIB 2021
Data Bornday : Tue Mar 16 01:10:01 WIB 2021
Data Bornday : Wed Mar 17 01:10:01 WIB 2021
Data Bornday : Thu Mar 18 01:10:01 WIB 2021
Data Bornday : Fri Mar 19 01:10:02 WIB 2021
Data Bornday : Sat Mar 20 01:10:01 WIB 2021
Data Bornday : Sun Mar 21 01:10:01 WIB 2021
Data Bornday : Mon Mar 22 01:10:01 WIB 2021
Data Bornday : Tue Mar 23 01:10:02 WIB 2021
Data Bornday : Wed Mar 24 01:10:02 WIB 2021
Data Bornday : Thu Mar 25 01:10:02 WIB 2021
Data Bornday : Fri Mar 26 01:10:02 WIB 2021
Data Bornday : Sat Mar 27 01:10:01 WIB 2021
Data Bornday : Sun Mar 28 01:10:01 WIB 2021
Data Bornday : Mon Mar 29 01:10:01 WIB 2021
Data Bornday : Tue Mar 30 01:10:02 WIB 2021
Data Bornday : Wed Mar 31 01:10:01 WIB 2021
Data Bornday : Thu Apr  1 01:10:01 WIB 2021
Data Bornday : Fri Apr  2 01:10:01 WIB 2021
Data Bornday : Sat Apr  3 01:10:01 WIB 2021
Data Bornday : Sun Apr  4 01:10:01 WIB 2021
Data Bornday : Mon Apr  5 01:10:01 WIB 2021
Data Bornday : Tue Apr  6 01:10:01 WIB 2021
Data Bornday : Wed Apr  7 01:10:01 WIB 2021
Data Bornday : Thu Apr  8 01:10:01 WIB 2021
Data Bornday : Fri Apr  9 01:10:01 WIB 2021
Data Bornday : Sat Apr 10 01:10:01 WIB 2021
Data Bornday : Sun Apr 11 01:10:02 WIB 2021
Data Bornday : Mon Apr 12 01:10:02 WIB 2021
Data Bornday : Tue Apr 13 01:10:01 WIB 2021
Data Bornday : Wed Apr 14 01:10:01 WIB 2021
Data Bornday : Thu Apr 15 01:10:01 WIB 2021
Data Bornday : Fri Apr 16 01:10:01 WIB 2021
Data Bornday : Sat Apr 17 01:10:01 WIB 2021
Data Bornday : Sun Apr 18 01:10:01 WIB 2021
Data Bornday : Mon Apr 19 01:10:01 WIB 2021
Data Bornday : Tue Apr 20 01:10:01 WIB 2021
Data Bornday : Wed Apr 21 01:10:01 WIB 2021
Data Bornday : Thu Apr 22 01:10:01 WIB 2021
Data Bornday : Fri Apr 23 01:10:01 WIB 2021
Data Bornday : Sat Apr 24 01:10:01 WIB 2021
Data Bornday : Sun Apr 25 01:10:01 WIB 2021
Data Bornday : Mon Apr 26 01:10:02 WIB 2021
Data Bornday : Tue Apr 27 01:10:02 WIB 2021
Data Bornday : Wed Apr 28 01:10:02 WIB 2021
Data Bornday : Thu Apr 29 01:10:01 WIB 2021
Data Bornday : Fri Apr 30 01:10:01 WIB 2021
Data Bornday : Sat May  1 01:10:01 WIB 2021
Data Bornday : Sun May  2 01:10:01 WIB 2021
Data Bornday : Mon May  3 01:10:02 WIB 2021
Data Bornday : Tue May  4 01:10:01 WIB 2021
Data Bornday : Wed May  5 01:10:02 WIB 2021
Data Bornday : Thu May  6 01:10:01 WIB 2021
Data Bornday : Fri May  7 01:10:02 WIB 2021
Data Bornday : Sat May  8 01:10:02 WIB 2021
Data Bornday : Sun May  9 01:10:02 WIB 2021
Data Bornday : Mon May 10 01:10:02 WIB 2021
Data Bornday : Tue May 11 01:10:01 WIB 2021
Data Bornday : Wed May 12 01:10:02 WIB 2021
Data Bornday : Thu May 13 01:10:02 WIB 2021
Data Bornday : Fri May 14 01:10:01 WIB 2021
Data Bornday : Sat May 15 01:10:01 WIB 2021
Data Bornday : Sun May 16 01:10:02 WIB 2021
Data Bornday : Mon May 17 01:10:01 WIB 2021
Data Bornday : Tue May 18 01:10:02 WIB 2021
Data Bornday : Wed May 19 01:10:02 WIB 2021
Data Bornday : Thu May 20 01:10:02 WIB 2021
Data Bornday : Fri May 21 01:10:01 WIB 2021
Data Bornday : Sat May 22 01:10:02 WIB 2021
Data Bornday : Sun May 23 01:10:01 WIB 2021
Data Bornday : Mon May 24 01:10:01 WIB 2021
Data Bornday : Tue May 25 01:10:02 WIB 2021
Data Bornday : Wed May 26 01:10:01 WIB 2021
Data Bornday : Thu May 27 01:10:01 WIB 2021
Data Bornday : Fri May 28 01:10:02 WIB 2021
Data Bornday : Sat May 29 01:10:02 WIB 2021
Data Bornday : Sun May 30 01:10:01 WIB 2021
Data Bornday : Mon May 31 01:10:01 WIB 2021
Data Bornday : Tue Jun  1 01:10:01 WIB 2021
Data Bornday : Wed Jun  2 01:10:02 WIB 2021
Data Bornday : Thu Jun  3 01:10:01 WIB 2021
Data Bornday : Fri Jun  4 01:10:01 WIB 2021
Data Bornday : Sat Jun  5 01:10:01 WIB 2021
Data Bornday : Sun Jun  6 01:10:01 WIB 2021
Data Bornday : Mon Jun  7 01:10:02 WIB 2021
Data Bornday : Tue Jun  8 01:10:01 WIB 2021
Data Bornday : Wed Jun  9 01:10:02 WIB 2021
Data Bornday : Thu Jun 10 01:10:01 WIB 2021
Data Bornday : Fri Jun 11 01:10:01 WIB 2021
Data Bornday : Sat Jun 12 01:10:01 WIB 2021
Data Bornday : Sun Jun 13 01:10:01 WIB 2021
Data Bornday : Mon Jun 14 01:10:02 WIB 2021
Data Bornday : Tue Jun 15 01:10:01 WIB 2021
Data Bornday : Wed Jun 16 01:10:01 WIB 2021
Data Bornday : Thu Jun 17 01:10:01 WIB 2021
Data Bornday : Fri Jun 18 01:10:01 WIB 2021
Data Bornday : Sat Jun 19 01:10:01 WIB 2021
Data Bornday : Sun Jun 20 01:10:02 WIB 2021
Data Bornday : Mon Jun 21 01:10:01 WIB 2021
Data Bornday : Tue Jun 22 01:10:02 WIB 2021
Data Bornday : Wed Jun 23 01:10:02 WIB 2021
Data Bornday : Thu Jun 24 01:10:01 WIB 2021
Data Bornday : Fri Jun 25 01:10:01 WIB 2021
Data Bornday : Sat Jun 26 01:10:01 WIB 2021
Data Bornday : Sun Jun 27 01:10:01 WIB 2021
Data Bornday : Mon Jun 28 01:10:01 WIB 2021
Data Bornday : Tue Jun 29 01:10:01 WIB 2021
Data Bornday : Wed Jun 30 01:10:01 WIB 2021
Data Bornday : Thu Jul  1 01:10:02 WIB 2021
Data Bornday : Fri Jul  2 01:10:01 WIB 2021
Data Bornday : Sat Jul  3 01:10:01 WIB 2021
Data Bornday : Sun Jul  4 01:10:01 WIB 2021
Data Bornday : Mon Jul  5 01:10:01 WIB 2021
Data Bornday : Tue Jul  6 01:10:01 WIB 2021
Data Bornday : Wed Jul  7 01:10:01 WIB 2021
Data Bornday : Thu Jul  8 01:10:01 WIB 2021
Data Bornday : Fri Jul  9 01:10:02 WIB 2021
Data Bornday : Sat Jul 10 01:10:02 WIB 2021
Data Bornday : Sun Jul 11 01:10:02 WIB 2021
Data Bornday : Mon Jul 12 01:10:01 WIB 2021
Data Bornday : Tue Jul 13 01:10:01 WIB 2021
Data Bornday : Wed Jul 14 01:10:02 WIB 2021
Data Bornday : Thu Jul 15 01:10:01 WIB 2021
Data Bornday : Fri Jul 16 01:10:01 WIB 2021
Data Bornday : Sat Jul 17 01:10:02 WIB 2021
Data Bornday : Sun Jul 18 01:10:01 WIB 2021
Data Bornday : Mon Jul 19 01:10:01 WIB 2021
Data Bornday : Tue Jul 20 01:10:01 WIB 2021
Data Bornday : Wed Jul 21 01:10:02 WIB 2021
Data Bornday : Thu Jul 22 01:10:01 WIB 2021
Data Bornday : Fri Jul 23 01:10:01 WIB 2021
Data Bornday : Sat Jul 24 01:10:01 WIB 2021
Data Bornday : Sun Jul 25 01:10:01 WIB 2021
Data Bornday : Mon Jul 26 01:10:01 WIB 2021
Data Bornday : Tue Jul 27 01:10:01 WIB 2021
Data Bornday : Wed Jul 28 01:10:02 WIB 2021
Data Bornday : Thu Jul 29 01:10:01 WIB 2021
Data Bornday : Fri Jul 30 01:10:01 WIB 2021
Data Bornday : Sat Jul 31 01:10:01 WIB 2021
Data Bornday : Sun Aug  1 01:10:02 WIB 2021
Data Bornday : Mon Aug  2 01:10:01 WIB 2021
Data Bornday : Tue Aug  3 01:10:02 WIB 2021
Data Bornday : Wed Aug  4 01:10:01 WIB 2021
Data Bornday : Thu Aug  5 01:10:01 WIB 2021
Data Bornday : Fri Aug  6 01:10:01 WIB 2021
Data Bornday : Sat Aug  7 01:10:01 WIB 2021
Data Bornday : Sun Aug  8 01:10:02 WIB 2021
Data Bornday : Mon Aug  9 01:10:01 WIB 2021
Data Bornday : Tue Aug 10 01:10:02 WIB 2021
Data Bornday : Wed Aug 11 01:10:02 WIB 2021
Data Bornday : Thu Aug 12 01:10:02 WIB 2021
Data Bornday : Fri Aug 13 01:10:02 WIB 2021
Data Bornday : Sat Aug 14 01:10:02 WIB 2021
Data Bornday : Sun Aug 15 01:10:01 WIB 2021
Data Bornday : Mon Aug 16 01:10:01 WIB 2021
Data Bornday : Tue Aug 17 01:10:01 WIB 2021
Data Bornday : Wed Aug 18 01:10:01 WIB 2021
Data Bornday : Thu Aug 19 01:10:02 WIB 2021
Data Bornday : Fri Aug 20 01:10:01 WIB 2021
Data Bornday : Sat Aug 21 01:10:01 WIB 2021
Data Bornday : Sun Aug 22 01:10:01 WIB 2021
Data Bornday : Mon Aug 23 01:10:02 WIB 2021
Data Bornday : Tue Aug 24 01:10:01 WIB 2021
Data Bornday : Wed Aug 25 01:10:01 WIB 2021
Data Bornday : Thu Aug 26 01:10:01 WIB 2021
Data Bornday : Fri Aug 27 01:10:01 WIB 2021
Data Bornday : Sat Aug 28 01:10:01 WIB 2021
Data Bornday : Sun Aug 29 01:10:01 WIB 2021
Data Bornday : Mon Aug 30 01:10:01 WIB 2021
Data Bornday : Tue Aug 31 01:10:01 WIB 2021
Data Bornday : Wed Sep  1 01:10:01 WIB 2021
Data Bornday : Thu Sep  2 01:10:01 WIB 2021
Data Bornday : Fri Sep  3 01:10:01 WIB 2021
Data Bornday : Sat Sep  4 01:10:01 WIB 2021
Data Bornday : Sun Sep  5 01:10:02 WIB 2021
Data Bornday : Mon Sep  6 01:10:01 WIB 2021
Data Bornday : Tue Sep  7 01:10:01 WIB 2021
Data Bornday : Wed Sep  8 01:10:02 WIB 2021
Data Bornday : Thu Sep  9 01:10:02 WIB 2021
Data Bornday : Fri Sep 10 01:10:01 WIB 2021
Data Bornday : Sat Sep 11 01:10:02 WIB 2021
Data Bornday : Sun Sep 12 01:10:01 WIB 2021
Data Bornday : Mon Sep 13 01:10:01 WIB 2021
Data Bornday : Tue Sep 14 01:10:02 WIB 2021
Data Bornday : Wed Sep 15 01:10:02 WIB 2021
Data Bornday : Thu Sep 16 01:10:02 WIB 2021
Data Bornday : Fri Sep 17 01:10:01 WIB 2021
Data Bornday : Sat Sep 18 01:10:02 WIB 2021
Data Bornday : Sun Sep 19 01:10:02 WIB 2021
Data Bornday : Mon Sep 20 01:10:02 WIB 2021
Data Bornday : Tue Sep 21 01:10:01 WIB 2021
Data Bornday : Wed Sep 22 01:10:02 WIB 2021
Data Bornday : Thu Sep 23 01:10:01 WIB 2021
Data Bornday : Fri Sep 24 01:10:01 WIB 2021
Data Bornday : Sat Sep 25 01:10:01 WIB 2021
Data Bornday : Sun Sep 26 01:10:01 WIB 2021
Data Bornday : Mon Sep 27 01:10:01 WIB 2021
Data Bornday : Tue Sep 28 01:10:02 WIB 2021
Data Bornday : Wed Sep 29 01:10:01 WIB 2021
Data Bornday : Thu Sep 30 01:10:01 WIB 2021
Data Bornday : Fri Oct  1 01:10:01 WIB 2021
Data Bornday : Sat Oct  2 01:10:01 WIB 2021
Data Bornday : Sun Oct  3 01:10:02 WIB 2021
Data Bornday : Mon Oct  4 01:10:02 WIB 2021
Data Bornday : Tue Oct  5 01:10:02 WIB 2021
Data Bornday : Wed Oct  6 01:10:01 WIB 2021
Data Bornday : Thu Oct  7 01:10:02 WIB 2021
Data Bornday : Fri Oct  8 01:10:01 WIB 2021
Data Bornday : Sat Oct  9 01:10:02 WIB 2021
Data Bornday : Sun Oct 10 01:10:01 WIB 2021
Data Bornday : Mon Oct 11 01:10:01 WIB 2021
Data Bornday : Tue Oct 12 01:10:02 WIB 2021
Data Bornday : Wed Oct 13 01:10:01 WIB 2021
Data Bornday : Thu Oct 14 01:10:01 WIB 2021
Data Bornday : Fri Oct 15 01:10:01 WIB 2021
Data Bornday : Sat Oct 16 01:10:02 WIB 2021
Data Bornday : Sun Oct 17 01:10:02 WIB 2021
Data Bornday : Mon Oct 18 01:10:01 WIB 2021
Data Bornday : Tue Oct 19 01:10:01 WIB 2021
Data Bornday : Wed Oct 20 01:10:02 WIB 2021
Data Bornday : Thu Oct 21 01:10:02 WIB 2021
Data Bornday : Fri Oct 22 01:10:01 WIB 2021
Data Bornday : Sat Oct 23 01:10:01 WIB 2021
Data Bornday : Sun Oct 24 01:10:02 WIB 2021
Data Bornday : Mon Oct 25 01:10:01 WIB 2021
Data Bornday : Tue Oct 26 01:10:01 WIB 2021
Data Bornday : Wed Oct 27 01:10:01 WIB 2021
Data Bornday : Thu Oct 28 01:10:01 WIB 2021
Data Bornday : Fri Oct 29 01:10:01 WIB 2021
Data Bornday : Sat Oct 30 01:10:01 WIB 2021
Data Bornday : Sun Oct 31 01:10:01 WIB 2021
Data Bornday : Mon Nov  1 01:10:01 WIB 2021
Data Bornday : Tue Nov  2 01:10:01 WIB 2021
Data Bornday : Wed Nov  3 01:10:01 WIB 2021
Data Bornday : Thu Nov  4 01:10:01 WIB 2021
Data Bornday : Fri Nov  5 01:10:01 WIB 2021
Data Bornday : Sat Nov  6 01:10:02 WIB 2021
Data Bornday : Sun Nov  7 01:10:01 WIB 2021
Data Bornday : Mon Nov  8 01:10:02 WIB 2021
Data Bornday : Tue Nov  9 01:10:01 WIB 2021
Data Bornday : Wed Nov 10 01:10:02 WIB 2021
Data Bornday : Thu Nov 11 01:10:01 WIB 2021
Data Bornday : Fri Nov 12 01:10:01 WIB 2021
Data Bornday : Sat Nov 13 01:10:01 WIB 2021
Data Bornday : Sun Nov 14 01:10:01 WIB 2021
Data Bornday : Mon Nov 15 01:10:01 WIB 2021
Data Bornday : Tue Nov 16 01:10:01 WIB 2021
Data Bornday : Wed Nov 17 01:10:01 WIB 2021
Data Bornday : Thu Nov 18 01:10:01 WIB 2021
Data Bornday : Fri Nov 19 01:10:01 WIB 2021
Data Bornday : Sat Nov 20 01:10:01 WIB 2021
Data Bornday : Sun Nov 21 01:10:02 WIB 2021
Data Bornday : Mon Nov 22 01:10:01 WIB 2021
Data Bornday : Tue Nov 23 01:10:01 WIB 2021
Data Bornday : Wed Nov 24 01:10:01 WIB 2021
Data Bornday : Thu Nov 25 01:10:01 WIB 2021
Data Bornday : Fri Nov 26 01:10:01 WIB 2021
Data Bornday : Sat Nov 27 01:10:01 WIB 2021
Data Bornday : Sun Nov 28 01:10:01 WIB 2021
Data Bornday : Mon Nov 29 01:10:01 WIB 2021
Data Bornday : Tue Nov 30 01:10:01 WIB 2021
Data Bornday : Wed Dec  1 01:10:02 WIB 2021
Data Bornday : Thu Dec  2 01:10:01 WIB 2021
Data Bornday : Fri Dec  3 01:10:01 WIB 2021
Data Bornday : Sat Dec  4 01:10:01 WIB 2021
Data Bornday : Sun Dec  5 01:10:01 WIB 2021
Data Bornday : Mon Dec  6 01:10:02 WIB 2021
Data Bornday : Tue Dec  7 01:10:01 WIB 2021
Data Bornday : Wed Dec  8 01:10:01 WIB 2021
Data Bornday : Thu Dec  9 01:10:03 WIB 2021
Data Bornday : Fri Dec 10 01:10:01 WIB 2021
Data Bornday : Sat Dec 11 01:10:01 WIB 2021
Data Bornday : Sun Dec 12 01:10:01 WIB 2021
Data Bornday : Mon Dec 13 01:10:01 WIB 2021
Data Bornday : Tue Dec 14 01:10:01 WIB 2021
Data Bornday : Wed Dec 15 01:10:01 WIB 2021
Data Bornday : Thu Dec 16 01:10:01 WIB 2021
Data Bornday : Fri Dec 17 01:10:02 WIB 2021
Data Bornday : Sat Dec 18 01:10:01 WIB 2021
Data Bornday : Sun Dec 19 01:10:02 WIB 2021
Data Bornday : Mon Dec 20 01:10:01 WIB 2021
Data Bornday : Tue Dec 21 01:10:01 WIB 2021
Data Bornday : Wed Dec 22 01:10:01 WIB 2021
Data Bornday : Thu Dec 23 01:10:01 WIB 2021
Data Bornday : Fri Dec 24 01:10:01 WIB 2021
Data Bornday : Sat Dec 25 01:10:02 WIB 2021
Data Bornday : Sun Dec 26 01:10:01 WIB 2021
Data Bornday : Mon Dec 27 01:10:01 WIB 2021
Data Bornday : Tue Dec 28 01:10:01 WIB 2021
Data Bornday : Wed Dec 29 01:10:02 WIB 2021
Data Bornday : Thu Dec 30 01:10:01 WIB 2021
Data Bornday : Fri Dec 31 01:10:01 WIB 2021
Data Bornday : Sat Jan  1 01:10:02 WIB 2022
Data Bornday : Sun Jan  2 01:10:01 WIB 2022
Data Bornday : Mon Jan  3 01:10:02 WIB 2022
Data Bornday : Tue Jan  4 01:10:02 WIB 2022
Data Bornday : Wed Jan  5 01:10:01 WIB 2022
Data Bornday : Thu Jan  6 01:10:02 WIB 2022
Data Bornday : Fri Jan  7 01:10:02 WIB 2022
Data Bornday : Sat Jan  8 01:10:02 WIB 2022
Data Bornday : Sun Jan  9 01:10:02 WIB 2022
Data Bornday : Mon Jan 10 01:10:01 WIB 2022
Data Bornday : Tue Jan 11 01:10:02 WIB 2022
Data Bornday : Wed Jan 12 01:10:02 WIB 2022
Data Bornday : Thu Jan 13 01:10:02 WIB 2022
Data Bornday : Fri Jan 14 01:10:01 WIB 2022
Data Bornday : Sat Jan 15 01:10:01 WIB 2022
Data Bornday : Sun Jan 16 01:10:01 WIB 2022
Data Bornday : Mon Jan 17 01:10:01 WIB 2022
Data Bornday : Tue Jan 18 01:10:01 WIB 2022
Data Bornday : Wed Jan 19 01:10:01 WIB 2022
Data Bornday : Thu Jan 20 01:10:01 WIB 2022
Data Bornday : Fri Jan 21 01:10:01 WIB 2022
Data Bornday : Sat Jan 22 01:10:01 WIB 2022
Data Bornday : Sun Jan 23 01:10:01 WIB 2022
Data Bornday : Mon Jan 24 01:10:02 WIB 2022
Data Bornday : Tue Jan 25 01:10:02 WIB 2022
Data Bornday : Wed Jan 26 01:10:01 WIB 2022
Data Bornday : Thu Jan 27 01:10:02 WIB 2022
Data Bornday : Fri Jan 28 01:10:01 WIB 2022
Data Bornday : Sat Jan 29 01:10:01 WIB 2022
Data Bornday : Sun Jan 30 01:10:02 WIB 2022
Data Bornday : Mon Jan 31 01:10:02 WIB 2022
Data Bornday : Tue Feb  1 01:10:01 WIB 2022
Data Bornday : Wed Feb  2 01:10:02 WIB 2022
Data Bornday : Thu Feb  3 01:10:01 WIB 2022
Data Bornday : Fri Feb  4 01:10:01 WIB 2022
Data Bornday : Sat Feb  5 01:10:01 WIB 2022
Data Bornday : Sun Feb  6 01:10:01 WIB 2022
Data Bornday : Mon Feb  7 01:10:01 WIB 2022
Data Bornday : Tue Feb  8 01:10:02 WIB 2022
Data Bornday : Wed Feb  9 01:10:02 WIB 2022
Data Bornday : Thu Feb 10 01:10:01 WIB 2022
Data Bornday : Fri Feb 11 01:10:01 WIB 2022
Data Bornday : Sat Feb 12 01:10:02 WIB 2022
Data Bornday : Sun Feb 13 01:10:01 WIB 2022
Data Bornday : Mon Feb 14 01:10:01 WIB 2022
Data Bornday : Tue Feb 15 01:10:01 WIB 2022
Data Bornday : Wed Feb 16 01:10:01 WIB 2022
Data Bornday : Thu Feb 17 01:10:01 WIB 2022
Data Bornday : Fri Feb 18 01:10:01 WIB 2022
Data Bornday : Sat Feb 19 01:10:01 WIB 2022
Data Bornday : Sun Feb 20 01:10:01 WIB 2022
Data Bornday : Mon Feb 21 01:10:02 WIB 2022
Data Bornday : Tue Feb 22 01:10:01 WIB 2022
Data Bornday : Wed Feb 23 01:10:01 WIB 2022
Data Bornday : Thu Feb 24 01:10:02 WIB 2022
Data Bornday : Fri Feb 25 01:10:01 WIB 2022
Data Bornday : Sat Feb 26 01:10:01 WIB 2022
Data Bornday : Sun Feb 27 01:10:02 WIB 2022
Data Bornday : Mon Feb 28 01:10:02 WIB 2022
Data Bornday : Tue Mar  1 01:10:01 WIB 2022
Data Bornday : Wed Mar  2 01:10:02 WIB 2022
Data Bornday : Thu Mar  3 01:10:01 WIB 2022
Data Bornday : Fri Mar  4 01:10:01 WIB 2022
Data Bornday : Sat Mar  5 01:10:02 WIB 2022
Data Bornday : Sun Mar  6 01:10:01 WIB 2022
Data Bornday : Mon Mar  7 01:10:01 WIB 2022
Data Bornday : Tue Mar  8 01:10:01 WIB 2022
Data Bornday : Wed Mar  9 01:10:01 WIB 2022
Data Bornday : Thu Mar 10 01:10:02 WIB 2022
Data Bornday : Fri Mar 11 01:10:01 WIB 2022
Data Bornday : Sat Mar 12 01:10:01 WIB 2022
Data Bornday : Sun Mar 13 01:10:02 WIB 2022
Data Bornday : Mon Mar 14 01:10:01 WIB 2022
Data Bornday : Tue Mar 15 01:10:01 WIB 2022
Data Bornday : Wed Mar 16 01:10:01 WIB 2022
Data Bornday : Thu Mar 17 01:10:01 WIB 2022
Data Bornday : Fri Mar 18 01:10:01 WIB 2022
Data Bornday : Sat Mar 19 01:10:01 WIB 2022
Data Bornday : Sun Mar 20 01:10:02 WIB 2022
Data Bornday : Mon Mar 21 01:10:01 WIB 2022
Data Bornday : Tue Mar 22 01:10:01 WIB 2022
Data Bornday : Wed Mar 23 01:10:01 WIB 2022
Data Bornday : Thu Mar 24 01:10:01 WIB 2022
Data Bornday : Fri Mar 25 01:10:02 WIB 2022
Data Bornday : Sat Mar 26 01:10:02 WIB 2022
Data Bornday : Sun Mar 27 01:10:02 WIB 2022
Data Bornday : Mon Mar 28 01:10:01 WIB 2022
Data Bornday : Tue Mar 29 01:10:01 WIB 2022
Data Bornday : Wed Mar 30 01:10:02 WIB 2022
Data Bornday : Thu Mar 31 01:10:02 WIB 2022
Data Bornday : Fri Apr  1 01:10:01 WIB 2022
Data Bornday : Sat Apr  2 01:10:01 WIB 2022
Data Bornday : Sun Apr  3 01:10:01 WIB 2022
Data Bornday : Mon Apr  4 01:10:01 WIB 2022
Data Bornday : Tue Apr  5 01:10:01 WIB 2022
Data Bornday : Wed Apr  6 01:10:01 WIB 2022
Data Bornday : Thu Apr  7 01:10:01 WIB 2022
Data Bornday : Fri Apr  8 01:10:01 WIB 2022
Data Bornday : Sat Apr  9 01:10:01 WIB 2022
Data Bornday : Sun Apr 10 01:10:01 WIB 2022
Data Bornday : Mon Apr 11 01:10:01 WIB 2022
Data Bornday : Tue Apr 12 01:10:01 WIB 2022
Data Bornday : Wed Apr 13 01:10:01 WIB 2022
Data Bornday : Thu Apr 14 01:10:01 WIB 2022
Data Bornday : Fri Apr 15 01:10:02 WIB 2022
Data Bornday : Sat Apr 16 01:10:01 WIB 2022
Data Bornday : Sun Apr 17 01:10:02 WIB 2022
Data Bornday : Mon Apr 18 01:10:02 WIB 2022
Data Bornday : Tue Apr 19 01:10:02 WIB 2022
Data Bornday : Wed Apr 20 01:10:02 WIB 2022
Data Bornday : Thu Apr 21 01:10:01 WIB 2022
Data Bornday : Fri Apr 22 01:10:01 WIB 2022
Data Bornday : Sat Apr 23 01:10:01 WIB 2022
Data Bornday : Sun Apr 24 01:10:02 WIB 2022
Data Bornday : Mon Apr 25 01:10:01 WIB 2022
Data Bornday : Tue Apr 26 01:10:01 WIB 2022
Data Bornday : Wed Apr 27 01:10:01 WIB 2022
Data Bornday : Thu Apr 28 01:10:01 WIB 2022
Data Bornday : Fri Apr 29 01:10:01 WIB 2022
Data Bornday : Sat Apr 30 01:10:01 WIB 2022
Data Bornday : Sun May  1 01:10:01 WIB 2022
Data Bornday : Mon May  2 01:10:02 WIB 2022
Data Bornday : Tue May  3 01:10:02 WIB 2022
Data Bornday : Wed May  4 01:10:01 WIB 2022
Data Bornday : Thu May  5 01:10:01 WIB 2022
Data Bornday : Fri May  6 01:10:01 WIB 2022
Data Bornday : Sat May  7 01:10:02 WIB 2022
Data Bornday : Sun May  8 01:10:01 WIB 2022
Data Bornday : Mon May  9 01:10:01 WIB 2022
Data Bornday : Tue May 10 01:10:01 WIB 2022
Data Bornday : Wed May 11 01:10:02 WIB 2022
Data Bornday : Thu May 12 01:10:02 WIB 2022
Data Bornday : Fri May 13 01:10:02 WIB 2022
Data Bornday : Sat May 14 01:10:02 WIB 2022
Data Bornday : Sun May 15 01:10:02 WIB 2022
Data Bornday : Mon May 16 01:10:01 WIB 2022
Data Bornday : Tue May 17 01:10:01 WIB 2022
Data Bornday : Wed May 18 01:10:01 WIB 2022
Data Bornday : Thu May 19 01:10:02 WIB 2022
Data Bornday : Fri May 20 01:10:01 WIB 2022
Data Bornday : Sat May 21 01:10:01 WIB 2022
Data Bornday : Sun May 22 01:10:01 WIB 2022
Data Bornday : Mon May 23 01:10:01 WIB 2022
Data Bornday : Tue May 24 01:10:02 WIB 2022
Data Bornday : Wed May 25 01:10:01 WIB 2022
Data Bornday : Thu May 26 01:10:01 WIB 2022
Data Bornday : Fri May 27 01:10:01 WIB 2022
Data Bornday : Sat May 28 01:10:01 WIB 2022
Data Bornday : Sun May 29 01:10:01 WIB 2022
Data Bornday : Mon May 30 01:10:01 WIB 2022
Data Bornday : Tue May 31 01:10:01 WIB 2022
Data Bornday : Wed Jun  1 01:10:01 WIB 2022
Data Bornday : Thu Jun  2 01:10:01 WIB 2022
Data Bornday : Fri Jun  3 01:10:01 WIB 2022
Data Bornday : Sat Jun  4 01:10:02 WIB 2022
Data Bornday : Sun Jun  5 01:10:01 WIB 2022
Data Bornday : Mon Jun  6 01:10:01 WIB 2022
Data Bornday : Tue Jun  7 01:10:02 WIB 2022
Data Bornday : Wed Jun  8 01:10:01 WIB 2022
Data Bornday : Thu Jun  9 01:10:01 WIB 2022
Data Bornday : Fri Jun 10 01:10:02 WIB 2022
Data Bornday : Sat Jun 11 01:10:01 WIB 2022
Data Bornday : Sun Jun 12 01:10:02 WIB 2022
Data Bornday : Mon Jun 13 01:10:01 WIB 2022
Data Bornday : Tue Jun 14 01:10:02 WIB 2022
Data Bornday : Wed Jun 15 01:10:01 WIB 2022
Data Bornday : Thu Jun 16 01:10:02 WIB 2022
Data Bornday : Fri Jun 17 01:10:02 WIB 2022
Data Bornday : Sat Jun 18 01:10:01 WIB 2022
Data Bornday : Sun Jun 19 01:10:01 WIB 2022
Data Bornday : Mon Jun 20 01:10:02 WIB 2022
Data Bornday : Tue Jun 21 01:10:02 WIB 2022
Data Bornday : Wed Jun 22 01:10:01 WIB 2022
Data Bornday : Thu Jun 23 01:10:02 WIB 2022
Data Bornday : Fri Jun 24 01:10:01 WIB 2022
Data Bornday : Sat Jun 25 01:10:02 WIB 2022
Data Bornday : Sun Jun 26 01:10:01 WIB 2022
Data Bornday : Mon Jun 27 01:10:01 WIB 2022
Data Bornday : Tue Jun 28 01:10:01 WIB 2022
Data Bornday : Wed Jun 29 01:10:01 WIB 2022
Data Bornday : Thu Jun 30 01:10:01 WIB 2022
Data Bornday : Fri Jul  1 01:10:01 WIB 2022
Data Bornday : Sat Jul  2 01:10:02 WIB 2022
Data Bornday : Sun Jul  3 01:10:02 WIB 2022
Data Bornday : Mon Jul  4 01:10:01 WIB 2022
Data Bornday : Tue Jul  5 01:10:01 WIB 2022
Data Bornday : Wed Jul  6 01:10:01 WIB 2022
Data Bornday : Thu Jul  7 01:10:01 WIB 2022
Data Bornday : Fri Jul  8 01:10:01 WIB 2022
Data Bornday : Sat Jul  9 01:10:02 WIB 2022
Data Bornday : Sun Jul 10 01:10:02 WIB 2022
Data Bornday : Mon Jul 11 01:10:01 WIB 2022
Data Bornday : Tue Jul 12 01:10:01 WIB 2022
Data Bornday : Wed Jul 13 01:10:01 WIB 2022
