Cron KPI : Tue Jul 31 00:05:03 WIB 2018
Cron KPI : Wed Aug  1 00:05:03 WIB 2018
Cron KPI : Thu Aug  2 00:05:02 WIB 2018
Cron KPI : Fri Aug  3 00:05:03 WIB 2018
Cron KPI : Sat Aug  4 00:05:03 WIB 2018
Cron KPI : Sun Aug  5 00:05:03 WIB 2018
Cron KPI : Mon Aug  6 00:05:03 WIB 2018
Cron KPI : Tue Aug  7 00:05:03 WIB 2018
Cron KPI : Wed Aug  8 00:05:03 WIB 2018
Cron KPI : Thu Aug  9 00:05:03 WIB 2018
Cron KPI : Fri Aug 10 00:05:03 WIB 2018
Cron KPI : Sat Aug 11 00:05:03 WIB 2018
Cron KPI : Sun Aug 12 00:05:03 WIB 2018
Cron KPI : Mon Aug 13 00:05:03 WIB 2018
Cron KPI : Tue Aug 14 00:05:02 WIB 2018
Cron KPI : Wed Aug 15 00:05:03 WIB 2018
Cron KPI : Thu Aug 16 00:05:03 WIB 2018
Cron KPI : Fri Aug 17 00:05:03 WIB 2018
Cron KPI : Sat Aug 18 00:05:04 WIB 2018
Cron KPI : Sun Aug 19 00:05:03 WIB 2018
Cron KPI : Mon Aug 20 00:05:03 WIB 2018
Cron KPI : Tue Aug 21 00:05:03 WIB 2018
Cron KPI : Wed Aug 22 00:05:03 WIB 2018
Cron KPI : Thu Aug 23 00:05:02 WIB 2018
Cron KPI : Fri Aug 24 00:05:03 WIB 2018
Cron KPI : Sat Aug 25 00:05:03 WIB 2018
Cron KPI : Sun Aug 26 00:05:03 WIB 2018
Cron KPI : Mon Aug 27 00:05:03 WIB 2018
Cron KPI : Tue Aug 28 00:05:03 WIB 2018
Cron KPI : Wed Aug 29 00:05:02 WIB 2018
Cron KPI : Thu Aug 30 00:05:03 WIB 2018
Cron KPI : Fri Aug 31 00:05:03 WIB 2018
Cron KPI : Sat Sep  1 00:05:03 WIB 2018
Cron KPI : Sun Sep  2 00:05:03 WIB 2018
Cron KPI : Mon Sep  3 00:05:03 WIB 2018
Cron KPI : Tue Sep  4 00:05:03 WIB 2018
Cron KPI : Wed Sep  5 00:05:03 WIB 2018
Cron KPI : Thu Sep  6 00:05:03 WIB 2018
Cron KPI : Fri Sep  7 00:05:03 WIB 2018
Cron KPI : Sat Sep  8 00:05:03 WIB 2018
Cron KPI : Sun Sep  9 00:05:03 WIB 2018
Cron KPI : Mon Sep 10 00:05:03 WIB 2018
Cron KPI : Tue Sep 11 00:05:03 WIB 2018
Cron KPI : Wed Sep 12 00:05:02 WIB 2018
Cron KPI : Thu Sep 13 00:05:01 WIB 2018
Cron KPI : Fri Sep 14 00:05:01 WIB 2018
Cron KPI : Sat Sep 15 00:05:01 WIB 2018
Cron KPI : Sun Sep 16 00:05:02 WIB 2018
Cron KPI : Mon Sep 17 00:05:02 WIB 2018
Cron KPI : Tue Sep 18 00:05:01 WIB 2018
Cron KPI : Wed Sep 19 00:05:01 WIB 2018
Cron KPI : Thu Sep 20 00:05:01 WIB 2018
Cron KPI : Fri Sep 21 00:05:01 WIB 2018
Cron KPI : Sat Sep 22 00:05:01 WIB 2018
Cron KPI : Sun Sep 23 00:05:01 WIB 2018
Cron KPI : Mon Sep 24 00:05:01 WIB 2018
Cron KPI : Tue Sep 25 00:05:02 WIB 2018
Cron KPI : Wed Sep 26 00:05:02 WIB 2018
Cron KPI : Thu Sep 27 00:05:01 WIB 2018
Cron KPI : Fri Sep 28 00:05:01 WIB 2018
Cron KPI : Sat Sep 29 00:05:01 WIB 2018
Cron KPI : Sun Sep 30 00:05:01 WIB 2018
Cron KPI : Mon Oct  1 00:05:01 WIB 2018
Cron KPI : Tue Oct  2 00:05:01 WIB 2018
Cron KPI : Wed Oct  3 00:05:02 WIB 2018
Cron KPI : Thu Oct  4 00:05:01 WIB 2018
Cron KPI : Fri Oct  5 00:05:02 WIB 2018
Cron KPI : Sat Oct  6 00:05:02 WIB 2018
Cron KPI : Sun Oct  7 00:05:01 WIB 2018
Cron KPI : Mon Oct  8 00:05:01 WIB 2018
Cron KPI : Tue Oct  9 00:05:02 WIB 2018
Cron KPI : Wed Oct 10 00:05:02 WIB 2018
Cron KPI : Thu Oct 11 00:05:01 WIB 2018
Cron KPI : Fri Oct 12 00:05:01 WIB 2018
Cron KPI : Sat Oct 13 00:05:02 WIB 2018
Cron KPI : Sun Oct 14 00:05:02 WIB 2018
Cron KPI : Mon Oct 15 00:05:02 WIB 2018
Cron KPI : Tue Oct 16 00:05:02 WIB 2018
Cron KPI : Wed Oct 17 00:05:02 WIB 2018
Cron KPI : Thu Oct 18 00:05:02 WIB 2018
Cron KPI : Fri Oct 19 00:05:02 WIB 2018
Cron KPI : Sat Oct 20 00:05:01 WIB 2018
Cron KPI : Sun Oct 21 00:05:01 WIB 2018
Cron KPI : Mon Oct 22 00:05:02 WIB 2018
Cron KPI : Tue Oct 23 00:05:02 WIB 2018
Cron KPI : Wed Oct 24 00:05:01 WIB 2018
Cron KPI : Thu Oct 25 00:05:01 WIB 2018
Cron KPI : Fri Oct 26 00:05:01 WIB 2018
Cron KPI : Sat Oct 27 00:05:02 WIB 2018
Cron KPI : Sun Oct 28 00:05:01 WIB 2018
Cron KPI : Mon Oct 29 00:05:02 WIB 2018
Cron KPI : Tue Oct 30 00:05:01 WIB 2018
Cron KPI : Wed Oct 31 00:05:02 WIB 2018
Cron KPI : Thu Nov  1 00:05:02 WIB 2018
Cron KPI : Fri Nov  2 00:05:02 WIB 2018
Cron KPI : Sat Nov  3 00:05:02 WIB 2018
Cron KPI : Sun Nov  4 00:05:01 WIB 2018
Cron KPI : Mon Nov  5 00:05:01 WIB 2018
Cron KPI : Tue Nov  6 00:05:02 WIB 2018
Cron KPI : Wed Nov  7 00:05:02 WIB 2018
Cron KPI : Thu Nov  8 00:05:02 WIB 2018
Cron KPI : Fri Nov  9 00:05:01 WIB 2018
Cron KPI : Sat Nov 10 00:05:02 WIB 2018
Cron KPI : Sun Nov 11 00:05:01 WIB 2018
Cron KPI : Mon Nov 12 00:05:02 WIB 2018
Cron KPI : Tue Nov 13 00:05:02 WIB 2018
Cron KPI : Wed Nov 14 00:05:01 WIB 2018
Cron KPI : Thu Nov 15 00:05:06 WIB 2018
Cron KPI : Fri Nov 16 00:05:02 WIB 2018
Cron KPI : Sat Nov 17 00:05:02 WIB 2018
Cron KPI : Sun Nov 18 00:05:01 WIB 2018
Cron KPI : Mon Nov 19 00:05:02 WIB 2018
Cron KPI : Tue Nov 20 00:05:02 WIB 2018
Cron KPI : Wed Nov 21 00:05:01 WIB 2018
Cron KPI : Thu Nov 22 00:05:01 WIB 2018
Cron KPI : Fri Nov 23 00:05:01 WIB 2018
Cron KPI : Sat Nov 24 00:05:02 WIB 2018
Cron KPI : Sun Nov 25 00:05:02 WIB 2018
Cron KPI : Mon Nov 26 00:05:02 WIB 2018
Cron KPI : Tue Nov 27 00:05:02 WIB 2018
Cron KPI : Wed Nov 28 00:05:01 WIB 2018
Cron KPI : Thu Nov 29 00:05:01 WIB 2018
Cron KPI : Fri Nov 30 00:05:01 WIB 2018
Cron KPI : Sat Dec  1 00:05:01 WIB 2018
Cron KPI : Sun Dec  2 00:05:01 WIB 2018
Cron KPI : Mon Dec  3 00:05:01 WIB 2018
Cron KPI : Tue Dec  4 00:05:01 WIB 2018
Cron KPI : Wed Dec  5 00:05:01 WIB 2018
Cron KPI : Thu Dec  6 00:05:02 WIB 2018
Cron KPI : Fri Dec  7 00:05:02 WIB 2018
Cron KPI : Sat Dec  8 00:05:02 WIB 2018
Cron KPI : Sun Dec  9 00:05:01 WIB 2018
Cron KPI : Mon Dec 10 00:05:02 WIB 2018
Cron KPI : Tue Dec 11 00:05:01 WIB 2018
Cron KPI : Wed Dec 12 00:05:02 WIB 2018
Cron KPI : Thu Dec 13 00:05:02 WIB 2018
Cron KPI : Fri Dec 14 00:05:01 WIB 2018
Cron KPI : Sat Dec 15 00:05:02 WIB 2018
Cron KPI : Sun Dec 16 00:05:02 WIB 2018
Cron KPI : Mon Dec 17 00:05:01 WIB 2018
Cron KPI : Tue Dec 18 00:05:02 WIB 2018
Cron KPI : Wed Dec 19 00:05:02 WIB 2018
Cron KPI : Thu Dec 20 00:05:02 WIB 2018
Cron KPI : Fri Dec 21 00:05:02 WIB 2018
Cron KPI : Sat Dec 22 00:05:01 WIB 2018
Cron KPI : Sun Dec 23 00:05:01 WIB 2018
Cron KPI : Mon Dec 24 00:05:01 WIB 2018
Cron KPI : Tue Dec 25 00:05:02 WIB 2018
Cron KPI : Wed Dec 26 00:05:01 WIB 2018
Cron KPI : Thu Dec 27 00:05:01 WIB 2018
Cron KPI : Fri Dec 28 00:05:02 WIB 2018
Cron KPI : Sat Dec 29 00:05:02 WIB 2018
Cron KPI : Sun Dec 30 00:05:02 WIB 2018
Cron KPI : Mon Dec 31 00:05:01 WIB 2018
Cron KPI : Tue Jan  1 00:05:02 WIB 2019
Cron KPI : Wed Jan  2 00:05:02 WIB 2019
Cron KPI : Thu Jan  3 00:05:02 WIB 2019
Cron KPI : Fri Jan  4 00:05:01 WIB 2019
Cron KPI : Sat Jan  5 00:05:02 WIB 2019
Cron KPI : Sun Jan  6 00:05:02 WIB 2019
Cron KPI : Mon Jan  7 00:05:01 WIB 2019
Cron KPI : Tue Jan  8 00:05:01 WIB 2019
Cron KPI : Wed Jan  9 00:05:02 WIB 2019
Cron KPI : Thu Jan 10 00:05:02 WIB 2019
Cron KPI : Fri Jan 11 00:05:02 WIB 2019
Cron KPI : Sat Jan 12 00:05:01 WIB 2019
Cron KPI : Sun Jan 13 00:05:01 WIB 2019
Cron KPI : Mon Jan 14 00:05:02 WIB 2019
Cron KPI : Tue Jan 15 00:05:01 WIB 2019
Cron KPI : Wed Jan 16 00:05:02 WIB 2019
Cron KPI : Thu Jan 17 00:05:02 WIB 2019
Cron KPI : Fri Jan 18 00:05:02 WIB 2019
Cron KPI : Sat Jan 19 00:05:02 WIB 2019
Cron KPI : Sun Jan 20 00:05:01 WIB 2019
Cron KPI : Mon Jan 21 00:05:02 WIB 2019
Cron KPI : Tue Jan 22 00:05:01 WIB 2019
Cron KPI : Wed Jan 23 00:05:02 WIB 2019
Cron KPI : Thu Jan 24 00:05:02 WIB 2019
Cron KPI : Fri Jan 25 00:05:01 WIB 2019
Cron KPI : Sat Jan 26 00:05:01 WIB 2019
Cron KPI : Sun Jan 27 00:05:02 WIB 2019
Cron KPI : Mon Jan 28 00:05:01 WIB 2019
Cron KPI : Tue Jan 29 00:05:01 WIB 2019
Cron KPI : Wed Jan 30 00:05:01 WIB 2019
Cron KPI : Thu Jan 31 00:05:01 WIB 2019
Cron KPI : Fri Feb  1 00:05:01 WIB 2019
Cron KPI : Sat Feb  2 00:05:02 WIB 2019
Cron KPI : Sun Feb  3 00:05:02 WIB 2019
Cron KPI : Mon Feb  4 00:05:02 WIB 2019
Cron KPI : Tue Feb  5 00:05:01 WIB 2019
Cron KPI : Wed Feb  6 00:05:02 WIB 2019
Cron KPI : Thu Feb  7 00:05:02 WIB 2019
Cron KPI : Fri Feb  8 00:05:01 WIB 2019
Cron KPI : Sat Feb  9 00:05:02 WIB 2019
Cron KPI : Sun Feb 10 00:05:01 WIB 2019
Cron KPI : Mon Feb 11 00:05:01 WIB 2019
Cron KPI : Tue Feb 12 00:05:01 WIB 2019
Cron KPI : Wed Feb 13 00:05:01 WIB 2019
Cron KPI : Thu Feb 14 00:05:02 WIB 2019
Cron KPI : Fri Feb 15 00:05:02 WIB 2019
Cron KPI : Sat Feb 16 00:05:02 WIB 2019
Cron KPI : Sun Feb 17 00:05:01 WIB 2019
Cron KPI : Mon Feb 18 00:05:02 WIB 2019
Cron KPI : Tue Feb 19 00:05:02 WIB 2019
Cron KPI : Wed Feb 20 00:05:01 WIB 2019
Cron KPI : Thu Feb 21 00:05:01 WIB 2019
Cron KPI : Fri Feb 22 00:05:02 WIB 2019
Cron KPI : Sat Feb 23 00:05:02 WIB 2019
Cron KPI : Sun Feb 24 00:05:02 WIB 2019
Cron KPI : Mon Feb 25 00:05:01 WIB 2019
Cron KPI : Tue Feb 26 00:05:02 WIB 2019
Cron KPI : Wed Feb 27 00:05:02 WIB 2019
Cron KPI : Thu Feb 28 00:05:01 WIB 2019
Cron KPI : Fri Mar  1 00:05:02 WIB 2019
Cron KPI : Sat Mar  2 00:05:02 WIB 2019
Cron KPI : Sun Mar  3 00:05:01 WIB 2019
Cron KPI : Mon Mar  4 00:05:01 WIB 2019
Cron KPI : Tue Mar  5 00:05:02 WIB 2019
Cron KPI : Wed Mar  6 00:05:02 WIB 2019
Cron KPI : Thu Mar  7 00:05:01 WIB 2019
Cron KPI : Fri Mar  8 00:05:02 WIB 2019
Cron KPI : Sat Mar  9 00:05:01 WIB 2019
Cron KPI : Sun Mar 10 00:05:02 WIB 2019
Cron KPI : Mon Mar 11 00:05:01 WIB 2019
Cron KPI : Tue Mar 12 00:05:01 WIB 2019
Cron KPI : Wed Mar 13 00:05:02 WIB 2019
Cron KPI : Thu Mar 14 00:05:01 WIB 2019
Cron KPI : Fri Mar 15 00:05:01 WIB 2019
Cron KPI : Sat Mar 16 00:05:02 WIB 2019
Cron KPI : Sun Mar 17 00:05:01 WIB 2019
Cron KPI : Mon Mar 18 00:05:02 WIB 2019
Cron KPI : Tue Mar 19 00:05:01 WIB 2019
Cron KPI : Wed Mar 20 00:05:01 WIB 2019
Cron KPI : Thu Mar 21 00:05:01 WIB 2019
Cron KPI : Fri Mar 22 00:05:01 WIB 2019
Cron KPI : Sat Mar 23 00:05:02 WIB 2019
Cron KPI : Sun Mar 24 00:05:02 WIB 2019
Cron KPI : Mon Mar 25 00:05:01 WIB 2019
Cron KPI : Tue Mar 26 00:05:01 WIB 2019
Cron KPI : Wed Mar 27 00:05:01 WIB 2019
Cron KPI : Thu Mar 28 00:05:01 WIB 2019
Cron KPI : Fri Mar 29 00:05:01 WIB 2019
Cron KPI : Sat Mar 30 00:05:01 WIB 2019
Cron KPI : Sun Mar 31 00:05:02 WIB 2019
Cron KPI : Mon Apr  1 00:05:02 WIB 2019
Cron KPI : Tue Apr  2 00:05:01 WIB 2019
Cron KPI : Wed Apr  3 00:05:02 WIB 2019
Cron KPI : Thu Apr  4 00:05:01 WIB 2019
Cron KPI : Fri Apr  5 00:05:02 WIB 2019
Cron KPI : Sat Apr  6 00:05:01 WIB 2019
Cron KPI : Sun Apr  7 00:05:01 WIB 2019
Cron KPI : Mon Apr  8 00:05:02 WIB 2019
Cron KPI : Tue Apr  9 00:05:01 WIB 2019
Cron KPI : Wed Apr 10 00:05:02 WIB 2019
Cron KPI : Thu Apr 11 00:05:01 WIB 2019
Cron KPI : Fri Apr 12 00:05:01 WIB 2019
Cron KPI : Sat Apr 13 00:05:01 WIB 2019
Cron KPI : Sun Apr 14 00:05:01 WIB 2019
Cron KPI : Mon Apr 15 00:05:01 WIB 2019
Cron KPI : Tue Apr 16 00:05:01 WIB 2019
Cron KPI : Wed Apr 17 00:05:01 WIB 2019
Cron KPI : Thu Apr 18 00:05:01 WIB 2019
Cron KPI : Fri Apr 19 00:05:02 WIB 2019
Cron KPI : Sat Apr 20 00:05:02 WIB 2019
Cron KPI : Sun Apr 21 00:05:02 WIB 2019
Cron KPI : Mon Apr 22 00:05:01 WIB 2019
Cron KPI : Tue Apr 23 00:05:02 WIB 2019
Cron KPI : Wed Apr 24 00:05:02 WIB 2019
Cron KPI : Thu Apr 25 00:05:01 WIB 2019
Cron KPI : Fri Apr 26 00:05:01 WIB 2019
Cron KPI : Sat Apr 27 00:05:01 WIB 2019
Cron KPI : Sun Apr 28 00:05:02 WIB 2019
Cron KPI : Mon Apr 29 00:05:02 WIB 2019
Cron KPI : Tue Apr 30 00:05:02 WIB 2019
Cron KPI : Wed May  1 00:05:01 WIB 2019
Cron KPI : Thu May  2 00:05:02 WIB 2019
Cron KPI : Fri May  3 00:05:02 WIB 2019
Cron KPI : Sat May  4 00:05:01 WIB 2019
Cron KPI : Sun May  5 00:05:02 WIB 2019
Cron KPI : Mon May  6 00:05:01 WIB 2019
Cron KPI : Tue May  7 00:05:01 WIB 2019
Cron KPI : Wed May  8 00:05:02 WIB 2019
Cron KPI : Thu May  9 00:05:01 WIB 2019
Cron KPI : Fri May 10 00:05:02 WIB 2019
Cron KPI : Sat May 11 00:05:02 WIB 2019
Cron KPI : Sun May 12 00:05:02 WIB 2019
Cron KPI : Mon May 13 00:05:01 WIB 2019
Cron KPI : Tue May 14 00:05:01 WIB 2019
Cron KPI : Wed May 15 00:05:01 WIB 2019
Cron KPI : Thu May 16 00:05:02 WIB 2019
Cron KPI : Fri May 17 00:05:02 WIB 2019
Cron KPI : Sat May 18 00:05:01 WIB 2019
Cron KPI : Sun May 19 00:05:01 WIB 2019
Cron KPI : Mon May 20 00:05:02 WIB 2019
Cron KPI : Tue May 21 00:05:01 WIB 2019
Cron KPI : Wed May 22 00:05:01 WIB 2019
Cron KPI : Thu May 23 00:05:01 WIB 2019
Cron KPI : Fri May 24 00:05:01 WIB 2019
Cron KPI : Sat May 25 00:05:01 WIB 2019
Cron KPI : Sun May 26 00:05:01 WIB 2019
Cron KPI : Mon May 27 00:05:01 WIB 2019
Cron KPI : Tue May 28 00:05:01 WIB 2019
Cron KPI : Wed May 29 00:05:01 WIB 2019
Cron KPI : Thu May 30 00:05:01 WIB 2019
Cron KPI : Fri May 31 00:05:01 WIB 2019
Cron KPI : Sat Jun  1 00:05:02 WIB 2019
Cron KPI : Sun Jun  2 00:05:02 WIB 2019
Cron KPI : Mon Jun  3 00:05:01 WIB 2019
Cron KPI : Tue Jun  4 00:05:01 WIB 2019
Cron KPI : Wed Jun  5 00:05:01 WIB 2019
Cron KPI : Thu Jun  6 00:05:01 WIB 2019
Cron KPI : Fri Jun  7 00:05:01 WIB 2019
Cron KPI : Sat Jun  8 00:05:01 WIB 2019
Cron KPI : Sun Jun  9 00:05:01 WIB 2019
Cron KPI : Mon Jun 10 00:05:01 WIB 2019
Cron KPI : Tue Jun 11 00:05:02 WIB 2019
Cron KPI : Wed Jun 12 00:05:02 WIB 2019
Cron KPI : Thu Jun 13 00:05:02 WIB 2019
Cron KPI : Fri Jun 14 00:05:01 WIB 2019
Cron KPI : Sat Jun 15 00:05:02 WIB 2019
Cron KPI : Sun Jun 16 00:05:01 WIB 2019
Cron KPI : Mon Jun 17 00:05:01 WIB 2019
Cron KPI : Tue Jun 18 00:05:01 WIB 2019
Cron KPI : Wed Jun 19 00:05:01 WIB 2019
Cron KPI : Thu Jun 20 00:05:01 WIB 2019
Cron KPI : Fri Jun 21 00:05:02 WIB 2019
Cron KPI : Sat Jun 22 00:05:02 WIB 2019
Cron KPI : Sun Jun 23 00:05:01 WIB 2019
Cron KPI : Mon Jun 24 00:05:01 WIB 2019
Cron KPI : Tue Jun 25 00:05:02 WIB 2019
Cron KPI : Wed Jun 26 00:05:01 WIB 2019
Cron KPI : Thu Jun 27 00:05:01 WIB 2019
Cron KPI : Fri Jun 28 00:05:02 WIB 2019
Cron KPI : Sat Jun 29 00:05:01 WIB 2019
Cron KPI : Sun Jun 30 00:05:02 WIB 2019
Cron KPI : Mon Jul  1 00:05:01 WIB 2019
Cron KPI : Tue Jul  2 00:05:02 WIB 2019
Cron KPI : Wed Jul  3 00:05:02 WIB 2019
Cron KPI : Thu Jul  4 00:05:01 WIB 2019
Cron KPI : Fri Jul  5 00:05:02 WIB 2019
Cron KPI : Sat Jul  6 00:05:01 WIB 2019
Cron KPI : Sun Jul  7 00:05:01 WIB 2019
Cron KPI : Mon Jul  8 00:05:01 WIB 2019
Cron KPI : Tue Jul  9 00:05:02 WIB 2019
Cron KPI : Wed Jul 10 00:05:01 WIB 2019
Cron KPI : Thu Jul 11 00:05:01 WIB 2019
Cron KPI : Fri Jul 12 00:05:01 WIB 2019
Cron KPI : Sat Jul 13 00:05:01 WIB 2019
Cron KPI : Sun Jul 14 00:05:01 WIB 2019
Cron KPI : Mon Jul 15 00:05:01 WIB 2019
Cron KPI : Tue Jul 16 00:05:01 WIB 2019
Cron KPI : Wed Jul 17 00:05:02 WIB 2019
Cron KPI : Thu Jul 18 00:05:01 WIB 2019
Cron KPI : Fri Jul 19 00:05:01 WIB 2019
Cron KPI : Sat Jul 20 00:05:02 WIB 2019
Cron KPI : Sun Jul 21 00:05:02 WIB 2019
Cron KPI : Mon Jul 22 00:05:01 WIB 2019
Cron KPI : Tue Jul 23 00:05:01 WIB 2019
Cron KPI : Wed Jul 24 00:05:02 WIB 2019
Cron KPI : Thu Jul 25 00:05:01 WIB 2019
Cron KPI : Fri Jul 26 00:05:01 WIB 2019
Cron KPI : Sat Jul 27 00:05:01 WIB 2019
Cron KPI : Sun Jul 28 00:05:02 WIB 2019
Cron KPI : Mon Jul 29 00:05:02 WIB 2019
Cron KPI : Tue Jul 30 00:05:02 WIB 2019
Cron KPI : Wed Jul 31 00:05:01 WIB 2019
Cron KPI : Thu Aug  1 00:05:01 WIB 2019
Cron KPI : Fri Aug  2 00:05:02 WIB 2019
Cron KPI : Sat Aug  3 00:05:02 WIB 2019
Cron KPI : Sun Aug  4 00:05:02 WIB 2019
Cron KPI : Mon Aug  5 00:05:01 WIB 2019
Cron KPI : Tue Aug  6 00:05:02 WIB 2019
Cron KPI : Wed Aug  7 00:05:02 WIB 2019
Cron KPI : Thu Aug  8 00:05:02 WIB 2019
Cron KPI : Fri Aug  9 00:05:02 WIB 2019
Cron KPI : Sat Aug 10 00:05:02 WIB 2019
Cron KPI : Sun Aug 11 00:05:01 WIB 2019
Cron KPI : Mon Aug 12 00:05:01 WIB 2019
Cron KPI : Tue Aug 13 00:05:02 WIB 2019
Cron KPI : Wed Aug 14 00:05:02 WIB 2019
Cron KPI : Thu Aug 15 00:05:02 WIB 2019
Cron KPI : Fri Aug 16 00:05:02 WIB 2019
Cron KPI : Sat Aug 17 00:05:02 WIB 2019
Cron KPI : Sun Aug 18 00:05:02 WIB 2019
Cron KPI : Mon Aug 19 00:05:02 WIB 2019
Cron KPI : Tue Aug 20 00:05:02 WIB 2019
Cron KPI : Wed Aug 21 00:05:02 WIB 2019
Cron KPI : Thu Aug 22 00:05:01 WIB 2019
Cron KPI : Fri Aug 23 00:05:02 WIB 2019
Cron KPI : Sat Aug 24 00:05:01 WIB 2019
Cron KPI : Sun Aug 25 00:05:01 WIB 2019
Cron KPI : Mon Aug 26 00:05:01 WIB 2019
Cron KPI : Tue Aug 27 00:05:01 WIB 2019
Cron KPI : Wed Aug 28 00:05:01 WIB 2019
Cron KPI : Thu Aug 29 00:05:02 WIB 2019
Cron KPI : Fri Aug 30 00:05:01 WIB 2019
Cron KPI : Sat Aug 31 00:05:01 WIB 2019
Cron KPI : Sun Sep  1 00:05:02 WIB 2019
Cron KPI : Mon Sep  2 00:05:01 WIB 2019
Cron KPI : Tue Sep  3 00:05:01 WIB 2019
Cron KPI : Wed Sep  4 00:05:01 WIB 2019
Cron KPI : Thu Sep  5 00:05:01 WIB 2019
Cron KPI : Fri Sep  6 00:05:02 WIB 2019
Cron KPI : Sat Sep  7 00:05:02 WIB 2019
Cron KPI : Sun Sep  8 00:05:02 WIB 2019
Cron KPI : Mon Sep  9 00:05:01 WIB 2019
Cron KPI : Tue Sep 10 00:05:01 WIB 2019
Cron KPI : Wed Sep 11 00:05:01 WIB 2019
Cron KPI : Thu Sep 12 00:05:01 WIB 2019
Cron KPI : Fri Sep 13 00:05:01 WIB 2019
Cron KPI : Sat Sep 14 00:05:02 WIB 2019
Cron KPI : Sun Sep 15 00:05:01 WIB 2019
Cron KPI : Mon Sep 16 00:05:02 WIB 2019
Cron KPI : Tue Sep 17 00:05:01 WIB 2019
Cron KPI : Wed Sep 18 00:05:02 WIB 2019
Cron KPI : Thu Sep 19 00:05:01 WIB 2019
Cron KPI : Fri Sep 20 00:05:02 WIB 2019
Cron KPI : Sat Sep 21 00:05:01 WIB 2019
Cron KPI : Sun Sep 22 00:05:02 WIB 2019
Cron KPI : Mon Sep 23 00:05:02 WIB 2019
Cron KPI : Tue Sep 24 00:05:01 WIB 2019
Cron KPI : Wed Sep 25 00:05:01 WIB 2019
Cron KPI : Thu Sep 26 00:05:01 WIB 2019
Cron KPI : Fri Sep 27 00:05:02 WIB 2019
Cron KPI : Sat Sep 28 00:05:02 WIB 2019
Cron KPI : Sun Sep 29 00:05:02 WIB 2019
Cron KPI : Mon Sep 30 00:05:02 WIB 2019
Cron KPI : Tue Oct  1 00:05:01 WIB 2019
Cron KPI : Wed Oct  2 00:05:01 WIB 2019
Cron KPI : Thu Oct  3 00:05:02 WIB 2019
Cron KPI : Fri Oct  4 00:05:01 WIB 2019
Cron KPI : Sat Oct  5 00:05:02 WIB 2019
Cron KPI : Sun Oct  6 00:05:02 WIB 2019
Cron KPI : Mon Oct  7 00:05:01 WIB 2019
Cron KPI : Tue Oct  8 00:05:02 WIB 2019
Cron KPI : Wed Oct  9 00:05:02 WIB 2019
Cron KPI : Thu Oct 10 00:05:01 WIB 2019
Cron KPI : Fri Oct 11 00:05:01 WIB 2019
Cron KPI : Sat Oct 12 00:05:02 WIB 2019
Cron KPI : Sun Oct 13 00:05:02 WIB 2019
Cron KPI : Mon Oct 14 00:05:01 WIB 2019
Cron KPI : Tue Oct 15 00:05:02 WIB 2019
Cron KPI : Wed Oct 16 00:05:01 WIB 2019
Cron KPI : Thu Oct 17 00:05:01 WIB 2019
Cron KPI : Fri Oct 18 00:05:01 WIB 2019
Cron KPI : Sat Oct 19 00:05:01 WIB 2019
Cron KPI : Sun Oct 20 00:05:01 WIB 2019
Cron KPI : Mon Oct 21 00:05:01 WIB 2019
Cron KPI : Tue Oct 22 00:05:02 WIB 2019
Cron KPI : Wed Oct 23 00:05:02 WIB 2019
Cron KPI : Thu Oct 24 00:05:01 WIB 2019
Cron KPI : Fri Oct 25 00:05:01 WIB 2019
Cron KPI : Sat Oct 26 00:05:01 WIB 2019
Cron KPI : Sun Oct 27 00:05:01 WIB 2019
Cron KPI : Mon Oct 28 00:05:01 WIB 2019
Cron KPI : Tue Oct 29 00:05:01 WIB 2019
Cron KPI : Wed Oct 30 00:05:02 WIB 2019
Cron KPI : Thu Oct 31 00:05:01 WIB 2019
Cron KPI : Fri Nov  1 00:05:01 WIB 2019
Cron KPI : Sat Nov  2 00:05:01 WIB 2019
Cron KPI : Sun Nov  3 00:05:01 WIB 2019
Cron KPI : Mon Nov  4 00:05:01 WIB 2019
Cron KPI : Tue Nov  5 00:05:02 WIB 2019
Cron KPI : Wed Nov  6 00:05:02 WIB 2019
Cron KPI : Thu Nov  7 00:05:01 WIB 2019
Cron KPI : Fri Nov  8 00:05:01 WIB 2019
Cron KPI : Sat Nov  9 00:05:01 WIB 2019
Cron KPI : Sun Nov 10 00:05:01 WIB 2019
Cron KPI : Mon Nov 11 00:05:01 WIB 2019
Cron KPI : Tue Nov 12 00:05:01 WIB 2019
Cron KPI : Wed Nov 13 00:05:02 WIB 2019
Cron KPI : Thu Nov 14 00:05:02 WIB 2019
Cron KPI : Fri Nov 15 00:05:01 WIB 2019
Cron KPI : Sat Nov 16 00:05:01 WIB 2019
Cron KPI : Sun Nov 17 00:05:02 WIB 2019
Cron KPI : Mon Nov 18 00:05:01 WIB 2019
Cron KPI : Tue Nov 19 00:05:01 WIB 2019
Cron KPI : Wed Nov 20 00:05:01 WIB 2019
Cron KPI : Thu Nov 21 00:05:01 WIB 2019
Cron KPI : Fri Nov 22 00:05:01 WIB 2019
Cron KPI : Sat Nov 23 00:05:01 WIB 2019
Cron KPI : Sun Nov 24 00:05:01 WIB 2019
Cron KPI : Mon Nov 25 00:05:01 WIB 2019
Cron KPI : Tue Nov 26 00:05:01 WIB 2019
Cron KPI : Wed Nov 27 00:05:02 WIB 2019
Cron KPI : Thu Nov 28 00:05:01 WIB 2019
Cron KPI : Fri Nov 29 00:05:01 WIB 2019
Cron KPI : Sat Nov 30 00:05:01 WIB 2019
Cron KPI : Sun Dec  1 00:05:01 WIB 2019
Cron KPI : Mon Dec  2 00:05:02 WIB 2019
Cron KPI : Tue Dec  3 00:05:01 WIB 2019
Cron KPI : Wed Dec  4 00:05:02 WIB 2019
Cron KPI : Thu Dec  5 00:05:02 WIB 2019
Cron KPI : Fri Dec  6 00:05:01 WIB 2019
Cron KPI : Sat Dec  7 00:05:01 WIB 2019
Cron KPI : Sun Dec  8 00:05:01 WIB 2019
Cron KPI : Mon Dec  9 00:05:02 WIB 2019
Cron KPI : Tue Dec 10 00:05:01 WIB 2019
Cron KPI : Wed Dec 11 00:05:01 WIB 2019
Cron KPI : Thu Dec 12 00:05:01 WIB 2019
Cron KPI : Fri Dec 13 00:05:01 WIB 2019
Cron KPI : Sat Dec 14 00:05:02 WIB 2019
Cron KPI : Sun Dec 15 00:05:02 WIB 2019
Cron KPI : Mon Dec 16 00:05:01 WIB 2019
Cron KPI : Tue Dec 17 00:05:02 WIB 2019
Cron KPI : Wed Dec 18 00:05:02 WIB 2019
Cron KPI : Thu Dec 19 00:05:01 WIB 2019
Cron KPI : Fri Dec 20 00:05:01 WIB 2019
Cron KPI : Sat Dec 21 00:05:02 WIB 2019
Cron KPI : Sun Dec 22 00:05:02 WIB 2019
Cron KPI : Mon Dec 23 00:05:02 WIB 2019
Cron KPI : Tue Dec 24 00:05:01 WIB 2019
Cron KPI : Wed Dec 25 00:05:01 WIB 2019
Cron KPI : Thu Dec 26 00:05:02 WIB 2019
Cron KPI : Fri Dec 27 00:05:02 WIB 2019
Cron KPI : Sat Dec 28 00:05:01 WIB 2019
Cron KPI : Sun Dec 29 00:05:02 WIB 2019
Cron KPI : Mon Dec 30 00:05:02 WIB 2019
Cron KPI : Tue Dec 31 00:05:01 WIB 2019
Cron KPI : Wed Jan  1 00:05:02 WIB 2020
Cron KPI : Thu Jan  2 00:05:01 WIB 2020
Cron KPI : Fri Jan  3 00:05:02 WIB 2020
Cron KPI : Sat Jan  4 00:05:01 WIB 2020
Cron KPI : Sun Jan  5 00:05:01 WIB 2020
Cron KPI : Mon Jan  6 00:05:01 WIB 2020
Cron KPI : Tue Jan  7 00:05:02 WIB 2020
Cron KPI : Wed Jan  8 00:05:02 WIB 2020
Cron KPI : Thu Jan  9 00:05:01 WIB 2020
Cron KPI : Fri Jan 10 00:05:02 WIB 2020
Cron KPI : Sat Jan 11 00:05:01 WIB 2020
Cron KPI : Sun Jan 12 00:05:02 WIB 2020
Cron KPI : Mon Jan 13 00:05:02 WIB 2020
Cron KPI : Tue Jan 14 00:05:02 WIB 2020
Cron KPI : Wed Jan 15 00:05:01 WIB 2020
Cron KPI : Thu Jan 16 00:05:02 WIB 2020
Cron KPI : Fri Jan 17 00:05:01 WIB 2020
Cron KPI : Sat Jan 18 00:05:01 WIB 2020
Cron KPI : Sun Jan 19 00:05:02 WIB 2020
Cron KPI : Mon Jan 20 00:05:02 WIB 2020
Cron KPI : Tue Jan 21 00:05:01 WIB 2020
Cron KPI : Wed Jan 22 00:05:01 WIB 2020
Cron KPI : Thu Jan 23 00:05:01 WIB 2020
Cron KPI : Fri Jan 24 00:05:01 WIB 2020
Cron KPI : Sat Jan 25 00:05:01 WIB 2020
Cron KPI : Sun Jan 26 00:05:02 WIB 2020
Cron KPI : Mon Jan 27 00:05:02 WIB 2020
Cron KPI : Tue Jan 28 00:05:02 WIB 2020
Cron KPI : Wed Jan 29 00:05:01 WIB 2020
Cron KPI : Thu Jan 30 00:05:02 WIB 2020
Cron KPI : Fri Jan 31 00:05:02 WIB 2020
Cron KPI : Sat Feb  1 00:05:01 WIB 2020
Cron KPI : Sun Feb  2 00:05:02 WIB 2020
Cron KPI : Mon Feb  3 00:05:01 WIB 2020
Cron KPI : Tue Feb  4 00:05:01 WIB 2020
Cron KPI : Wed Feb  5 00:05:02 WIB 2020
Cron KPI : Thu Feb  6 00:05:01 WIB 2020
Cron KPI : Fri Feb  7 00:05:02 WIB 2020
Cron KPI : Sat Feb  8 00:05:01 WIB 2020
Cron KPI : Sun Feb  9 00:05:02 WIB 2020
Cron KPI : Mon Feb 10 00:05:02 WIB 2020
Cron KPI : Tue Feb 11 00:05:01 WIB 2020
Cron KPI : Wed Feb 12 00:05:01 WIB 2020
Cron KPI : Thu Feb 13 00:05:02 WIB 2020
Cron KPI : Fri Feb 14 00:05:02 WIB 2020
Cron KPI : Sat Feb 15 00:05:01 WIB 2020
Cron KPI : Sun Feb 16 00:05:02 WIB 2020
Cron KPI : Mon Feb 17 00:05:02 WIB 2020
Cron KPI : Tue Feb 18 00:05:01 WIB 2020
Cron KPI : Wed Feb 19 00:05:01 WIB 2020
Cron KPI : Thu Feb 20 00:05:02 WIB 2020
Cron KPI : Fri Feb 21 00:05:01 WIB 2020
Cron KPI : Sat Feb 22 00:05:01 WIB 2020
Cron KPI : Sun Feb 23 00:05:01 WIB 2020
Cron KPI : Mon Feb 24 00:05:02 WIB 2020
Cron KPI : Tue Feb 25 00:05:01 WIB 2020
Cron KPI : Wed Feb 26 00:05:01 WIB 2020
Cron KPI : Thu Feb 27 00:05:02 WIB 2020
Cron KPI : Fri Feb 28 00:05:01 WIB 2020
Cron KPI : Sat Feb 29 00:05:02 WIB 2020
Cron KPI : Sun Mar  1 00:05:02 WIB 2020
Cron KPI : Mon Mar  2 00:05:01 WIB 2020
Cron KPI : Tue Mar  3 00:05:02 WIB 2020
Cron KPI : Wed Mar  4 00:05:02 WIB 2020
Cron KPI : Thu Mar  5 00:05:01 WIB 2020
Cron KPI : Fri Mar  6 00:05:02 WIB 2020
Cron KPI : Sat Mar  7 00:05:01 WIB 2020
Cron KPI : Sun Mar  8 00:05:02 WIB 2020
Cron KPI : Mon Mar  9 00:05:02 WIB 2020
Cron KPI : Tue Mar 10 00:05:01 WIB 2020
Cron KPI : Wed Mar 11 00:05:01 WIB 2020
Cron KPI : Thu Mar 12 00:05:01 WIB 2020
Cron KPI : Fri Mar 13 00:05:02 WIB 2020
Cron KPI : Sat Mar 14 00:05:02 WIB 2020
Cron KPI : Sun Mar 15 00:05:02 WIB 2020
Cron KPI : Mon Mar 16 00:05:02 WIB 2020
Cron KPI : Tue Mar 17 00:05:02 WIB 2020
Cron KPI : Wed Mar 18 00:05:02 WIB 2020
Cron KPI : Thu Mar 19 00:05:01 WIB 2020
Cron KPI : Fri Mar 20 00:05:01 WIB 2020
Cron KPI : Sat Mar 21 00:05:01 WIB 2020
Cron KPI : Sun Mar 22 00:05:02 WIB 2020
Cron KPI : Mon Mar 23 00:05:02 WIB 2020
Cron KPI : Tue Mar 24 00:05:01 WIB 2020
Cron KPI : Wed Mar 25 00:05:02 WIB 2020
Cron KPI : Thu Mar 26 00:05:02 WIB 2020
Cron KPI : Fri Mar 27 00:05:02 WIB 2020
Cron KPI : Sat Mar 28 00:05:02 WIB 2020
Cron KPI : Sun Mar 29 00:05:02 WIB 2020
Cron KPI : Mon Mar 30 00:05:01 WIB 2020
Cron KPI : Tue Mar 31 00:05:02 WIB 2020
Cron KPI : Wed Apr  1 00:05:02 WIB 2020
Cron KPI : Thu Apr  2 00:05:01 WIB 2020
Cron KPI : Fri Apr  3 00:05:02 WIB 2020
Cron KPI : Sat Apr  4 00:05:02 WIB 2020
Cron KPI : Sun Apr  5 00:05:01 WIB 2020
Cron KPI : Mon Apr  6 00:05:02 WIB 2020
Cron KPI : Tue Apr  7 00:05:02 WIB 2020
Cron KPI : Wed Apr  8 00:05:02 WIB 2020
Cron KPI : Thu Apr  9 00:05:02 WIB 2020
Cron KPI : Fri Apr 10 00:05:01 WIB 2020
Cron KPI : Sat Apr 11 00:05:02 WIB 2020
Cron KPI : Sun Apr 12 00:05:01 WIB 2020
Cron KPI : Mon Apr 13 00:05:01 WIB 2020
Cron KPI : Tue Apr 14 00:05:01 WIB 2020
Cron KPI : Wed Apr 15 00:05:02 WIB 2020
Cron KPI : Thu Apr 16 00:05:02 WIB 2020
Cron KPI : Fri Apr 17 00:05:01 WIB 2020
Cron KPI : Sat Apr 18 00:05:01 WIB 2020
Cron KPI : Sun Apr 19 00:05:01 WIB 2020
Cron KPI : Mon Apr 20 00:05:01 WIB 2020
Cron KPI : Tue Apr 21 00:05:02 WIB 2020
Cron KPI : Wed Apr 22 00:05:02 WIB 2020
Cron KPI : Thu Apr 23 00:05:01 WIB 2020
Cron KPI : Fri Apr 24 00:05:02 WIB 2020
Cron KPI : Sat Apr 25 00:05:02 WIB 2020
Cron KPI : Sun Apr 26 00:05:01 WIB 2020
Cron KPI : Mon Apr 27 00:05:01 WIB 2020
Cron KPI : Tue Apr 28 00:05:02 WIB 2020
Cron KPI : Wed Apr 29 00:05:01 WIB 2020
Cron KPI : Thu Apr 30 00:05:02 WIB 2020
Cron KPI : Fri May  1 00:05:01 WIB 2020
Cron KPI : Sat May  2 00:05:01 WIB 2020
Cron KPI : Sun May  3 00:05:02 WIB 2020
Cron KPI : Mon May  4 00:05:01 WIB 2020
Cron KPI : Tue May  5 00:05:01 WIB 2020
Cron KPI : Wed May  6 00:05:02 WIB 2020
Cron KPI : Thu May  7 00:05:01 WIB 2020
Cron KPI : Fri May  8 00:05:02 WIB 2020
Cron KPI : Sat May  9 00:05:01 WIB 2020
Cron KPI : Sun May 10 00:05:02 WIB 2020
Cron KPI : Mon May 11 00:05:01 WIB 2020
Cron KPI : Tue May 12 00:05:02 WIB 2020
Cron KPI : Wed May 13 00:05:02 WIB 2020
Cron KPI : Thu May 14 00:05:01 WIB 2020
Cron KPI : Fri May 15 00:05:02 WIB 2020
Cron KPI : Sat May 16 00:05:01 WIB 2020
Cron KPI : Sun May 17 00:05:02 WIB 2020
Cron KPI : Mon May 18 00:05:02 WIB 2020
Cron KPI : Tue May 19 00:05:02 WIB 2020
Cron KPI : Wed May 20 00:05:01 WIB 2020
Cron KPI : Thu May 21 00:05:02 WIB 2020
Cron KPI : Fri May 22 00:05:01 WIB 2020
Cron KPI : Sat May 23 00:05:01 WIB 2020
Cron KPI : Sun May 24 00:05:01 WIB 2020
Cron KPI : Mon May 25 00:05:01 WIB 2020
Cron KPI : Tue May 26 00:05:02 WIB 2020
Cron KPI : Wed May 27 00:05:01 WIB 2020
Cron KPI : Thu May 28 00:05:02 WIB 2020
Cron KPI : Fri May 29 00:05:01 WIB 2020
Cron KPI : Sat May 30 00:05:01 WIB 2020
Cron KPI : Sun May 31 00:05:02 WIB 2020
Cron KPI : Mon Jun  1 00:05:02 WIB 2020
Cron KPI : Tue Jun  2 00:05:02 WIB 2020
Cron KPI : Wed Jun  3 00:05:02 WIB 2020
Cron KPI : Thu Jun  4 00:05:02 WIB 2020
Cron KPI : Fri Jun  5 00:05:02 WIB 2020
Cron KPI : Sat Jun  6 00:05:01 WIB 2020
Cron KPI : Sun Jun  7 00:05:02 WIB 2020
Cron KPI : Mon Jun  8 00:05:01 WIB 2020
Cron KPI : Tue Jun  9 00:05:02 WIB 2020
Cron KPI : Wed Jun 10 00:05:01 WIB 2020
Cron KPI : Thu Jun 11 00:05:01 WIB 2020
Cron KPI : Fri Jun 12 00:05:01 WIB 2020
Cron KPI : Sat Jun 13 00:05:01 WIB 2020
Cron KPI : Sun Jun 14 00:05:01 WIB 2020
Cron KPI : Mon Jun 15 00:05:02 WIB 2020
Cron KPI : Tue Jun 16 00:05:02 WIB 2020
Cron KPI : Wed Jun 17 00:05:02 WIB 2020
Cron KPI : Thu Jun 18 00:05:01 WIB 2020
Cron KPI : Fri Jun 19 00:05:01 WIB 2020
Cron KPI : Sat Jun 20 00:05:02 WIB 2020
Cron KPI : Sun Jun 21 00:05:02 WIB 2020
Cron KPI : Mon Jun 22 00:05:02 WIB 2020
Cron KPI : Tue Jun 23 00:05:01 WIB 2020
Cron KPI : Wed Jun 24 00:05:01 WIB 2020
Cron KPI : Thu Jun 25 00:05:02 WIB 2020
Cron KPI : Fri Jun 26 00:05:02 WIB 2020
Cron KPI : Sat Jun 27 00:05:01 WIB 2020
Cron KPI : Sun Jun 28 00:05:02 WIB 2020
Cron KPI : Mon Jun 29 00:05:02 WIB 2020
Cron KPI : Tue Jun 30 00:05:01 WIB 2020
Cron KPI : Wed Jul  1 00:05:01 WIB 2020
Cron KPI : Thu Jul  2 00:05:02 WIB 2020
Cron KPI : Fri Jul  3 00:05:02 WIB 2020
Cron KPI : Sat Jul  4 00:05:01 WIB 2020
Cron KPI : Sun Jul  5 00:05:01 WIB 2020
Cron KPI : Mon Jul  6 00:05:02 WIB 2020
Cron KPI : Tue Jul  7 00:05:02 WIB 2020
Cron KPI : Wed Jul  8 00:05:02 WIB 2020
Cron KPI : Thu Jul  9 00:05:02 WIB 2020
Cron KPI : Fri Jul 10 00:05:02 WIB 2020
Cron KPI : Sat Jul 11 00:05:01 WIB 2020
Cron KPI : Sun Jul 12 00:05:02 WIB 2020
Cron KPI : Mon Jul 13 00:05:01 WIB 2020
Cron KPI : Tue Jul 14 00:05:01 WIB 2020
Cron KPI : Wed Jul 15 00:05:02 WIB 2020
Cron KPI : Thu Jul 16 00:05:02 WIB 2020
Cron KPI : Fri Jul 17 00:05:02 WIB 2020
Cron KPI : Sat Jul 18 00:05:01 WIB 2020
Cron KPI : Sun Jul 19 00:05:01 WIB 2020
Cron KPI : Mon Jul 20 00:05:01 WIB 2020
Cron KPI : Tue Jul 21 00:05:01 WIB 2020
Cron KPI : Wed Jul 22 00:05:01 WIB 2020
Cron KPI : Thu Jul 23 00:05:01 WIB 2020
Cron KPI : Fri Jul 24 00:05:02 WIB 2020
Cron KPI : Sat Jul 25 00:05:01 WIB 2020
Cron KPI : Sun Jul 26 00:05:01 WIB 2020
Cron KPI : Mon Jul 27 00:05:01 WIB 2020
Cron KPI : Tue Jul 28 00:05:01 WIB 2020
Cron KPI : Wed Jul 29 00:05:01 WIB 2020
Cron KPI : Thu Jul 30 00:05:02 WIB 2020
Cron KPI : Fri Jul 31 00:05:01 WIB 2020
Cron KPI : Sat Aug  1 00:05:01 WIB 2020
Cron KPI : Sun Aug  2 00:05:02 WIB 2020
Cron KPI : Mon Aug  3 00:05:01 WIB 2020
Cron KPI : Tue Aug  4 00:05:02 WIB 2020
Cron KPI : Wed Aug  5 00:05:01 WIB 2020
Cron KPI : Thu Aug  6 00:05:02 WIB 2020
Cron KPI : Fri Aug  7 00:05:01 WIB 2020
Cron KPI : Sat Aug  8 00:05:02 WIB 2020
Cron KPI : Sun Aug  9 00:05:01 WIB 2020
Cron KPI : Mon Aug 10 00:05:02 WIB 2020
Cron KPI : Tue Aug 11 00:05:01 WIB 2020
Cron KPI : Wed Aug 12 00:05:02 WIB 2020
Cron KPI : Thu Aug 13 00:05:01 WIB 2020
Cron KPI : Fri Aug 14 00:05:01 WIB 2020
Cron KPI : Sat Aug 15 00:05:02 WIB 2020
Cron KPI : Sun Aug 16 00:05:02 WIB 2020
Cron KPI : Mon Aug 17 00:05:02 WIB 2020
Cron KPI : Tue Aug 18 00:05:01 WIB 2020
Cron KPI : Wed Aug 19 00:05:02 WIB 2020
Cron KPI : Thu Aug 20 00:05:01 WIB 2020
Cron KPI : Fri Aug 21 00:05:01 WIB 2020
Cron KPI : Sat Aug 22 00:05:01 WIB 2020
Cron KPI : Sun Aug 23 00:05:02 WIB 2020
Cron KPI : Mon Aug 24 00:05:01 WIB 2020
Cron KPI : Tue Aug 25 00:05:01 WIB 2020
Cron KPI : Wed Aug 26 00:05:01 WIB 2020
Cron KPI : Thu Aug 27 00:05:02 WIB 2020
Cron KPI : Fri Aug 28 00:05:02 WIB 2020
Cron KPI : Sat Aug 29 00:05:02 WIB 2020
Cron KPI : Sun Aug 30 00:05:02 WIB 2020
Cron KPI : Mon Aug 31 00:05:01 WIB 2020
Cron KPI : Tue Sep  1 00:05:01 WIB 2020
Cron KPI : Wed Sep  2 00:05:02 WIB 2020
Cron KPI : Thu Sep  3 00:05:02 WIB 2020
Cron KPI : Fri Sep  4 00:05:01 WIB 2020
Cron KPI : Sat Sep  5 00:05:01 WIB 2020
Cron KPI : Sun Sep  6 00:05:01 WIB 2020
Cron KPI : Mon Sep  7 00:05:02 WIB 2020
Cron KPI : Tue Sep  8 00:05:02 WIB 2020
Cron KPI : Wed Sep  9 00:05:01 WIB 2020
Cron KPI : Thu Sep 10 00:05:02 WIB 2020
Cron KPI : Fri Sep 11 00:05:02 WIB 2020
Cron KPI : Sat Sep 12 00:05:02 WIB 2020
Cron KPI : Sun Sep 13 00:05:01 WIB 2020
Cron KPI : Mon Sep 14 00:05:01 WIB 2020
Cron KPI : Tue Sep 15 00:05:01 WIB 2020
Cron KPI : Wed Sep 16 00:05:01 WIB 2020
Cron KPI : Thu Sep 17 00:05:01 WIB 2020
Cron KPI : Fri Sep 18 00:05:01 WIB 2020
Cron KPI : Sat Sep 19 00:05:02 WIB 2020
Cron KPI : Sun Sep 20 00:05:01 WIB 2020
Cron KPI : Mon Sep 21 00:05:02 WIB 2020
Cron KPI : Tue Sep 22 00:05:01 WIB 2020
Cron KPI : Wed Sep 23 00:05:02 WIB 2020
Cron KPI : Thu Sep 24 00:05:02 WIB 2020
Cron KPI : Fri Sep 25 00:05:01 WIB 2020
Cron KPI : Sat Sep 26 00:05:01 WIB 2020
Cron KPI : Sun Sep 27 00:05:02 WIB 2020
Cron KPI : Mon Sep 28 00:05:01 WIB 2020
Cron KPI : Tue Sep 29 00:05:01 WIB 2020
Cron KPI : Wed Sep 30 00:05:01 WIB 2020
Cron KPI : Thu Oct  1 00:05:02 WIB 2020
Cron KPI : Fri Oct  2 00:05:02 WIB 2020
Cron KPI : Sat Oct  3 00:05:02 WIB 2020
Cron KPI : Sun Oct  4 00:05:01 WIB 2020
Cron KPI : Mon Oct  5 00:05:02 WIB 2020
Cron KPI : Tue Oct  6 00:05:01 WIB 2020
Cron KPI : Wed Oct  7 00:05:03 WIB 2020
Cron KPI : Thu Oct  8 00:05:02 WIB 2020
Cron KPI : Fri Oct  9 00:05:02 WIB 2020
Cron KPI : Sat Oct 10 00:05:01 WIB 2020
Cron KPI : Sun Oct 11 00:05:02 WIB 2020
Cron KPI : Mon Oct 12 00:05:02 WIB 2020
Cron KPI : Tue Oct 13 00:05:02 WIB 2020
Cron KPI : Wed Oct 14 00:05:01 WIB 2020
Cron KPI : Thu Oct 15 00:05:01 WIB 2020
Cron KPI : Fri Oct 16 00:05:02 WIB 2020
Cron KPI : Sat Oct 17 00:05:02 WIB 2020
Cron KPI : Sun Oct 18 00:05:02 WIB 2020
Cron KPI : Mon Oct 19 00:05:01 WIB 2020
Cron KPI : Tue Oct 20 00:05:02 WIB 2020
Cron KPI : Wed Oct 21 00:05:01 WIB 2020
Cron KPI : Thu Oct 22 00:05:01 WIB 2020
Cron KPI : Fri Oct 23 00:05:02 WIB 2020
Cron KPI : Sat Oct 24 00:05:02 WIB 2020
Cron KPI : Sun Oct 25 00:05:01 WIB 2020
Cron KPI : Mon Oct 26 00:05:03 WIB 2020
Cron KPI : Tue Oct 27 00:05:01 WIB 2020
Cron KPI : Wed Oct 28 00:05:01 WIB 2020
Cron KPI : Thu Oct 29 00:05:01 WIB 2020
Cron KPI : Fri Oct 30 00:05:01 WIB 2020
Cron KPI : Sat Oct 31 00:05:02 WIB 2020
Cron KPI : Sun Nov  1 00:05:02 WIB 2020
Cron KPI : Mon Nov  2 00:05:02 WIB 2020
Cron KPI : Tue Nov  3 00:05:02 WIB 2020
Cron KPI : Wed Nov  4 00:05:02 WIB 2020
Cron KPI : Thu Nov  5 00:05:02 WIB 2020
Cron KPI : Fri Nov  6 00:05:02 WIB 2020
Cron KPI : Sat Nov  7 00:05:02 WIB 2020
Cron KPI : Sun Nov  8 00:05:02 WIB 2020
Cron KPI : Mon Nov  9 00:05:02 WIB 2020
Cron KPI : Tue Nov 10 00:05:02 WIB 2020
Cron KPI : Wed Nov 11 00:05:01 WIB 2020
Cron KPI : Thu Nov 12 00:05:01 WIB 2020
Cron KPI : Fri Nov 13 00:05:01 WIB 2020
Cron KPI : Sat Nov 14 00:05:01 WIB 2020
Cron KPI : Sun Nov 15 00:05:02 WIB 2020
Cron KPI : Mon Nov 16 00:05:04 WIB 2020
Cron KPI : Tue Nov 17 00:05:02 WIB 2020
Cron KPI : Wed Nov 18 00:05:01 WIB 2020
Cron KPI : Thu Nov 19 00:05:02 WIB 2020
Cron KPI : Fri Nov 20 00:05:02 WIB 2020
Cron KPI : Sat Nov 21 00:05:01 WIB 2020
Cron KPI : Sun Nov 22 00:05:02 WIB 2020
Cron KPI : Mon Nov 23 00:05:02 WIB 2020
Cron KPI : Tue Nov 24 00:05:02 WIB 2020
Cron KPI : Wed Nov 25 00:05:02 WIB 2020
Cron KPI : Thu Nov 26 00:05:02 WIB 2020
Cron KPI : Fri Nov 27 00:05:01 WIB 2020
Cron KPI : Sat Nov 28 00:05:02 WIB 2020
Cron KPI : Sun Nov 29 00:05:02 WIB 2020
Cron KPI : Mon Nov 30 00:05:02 WIB 2020
Cron KPI : Tue Dec  1 00:05:01 WIB 2020
Cron KPI : Wed Dec  2 00:05:01 WIB 2020
Cron KPI : Thu Dec  3 00:05:02 WIB 2020
Cron KPI : Fri Dec  4 00:05:01 WIB 2020
Cron KPI : Sat Dec  5 00:05:01 WIB 2020
Cron KPI : Sun Dec  6 00:05:02 WIB 2020
Cron KPI : Mon Dec  7 00:05:01 WIB 2020
Cron KPI : Tue Dec  8 00:05:01 WIB 2020
Cron KPI : Wed Dec  9 00:05:01 WIB 2020
Cron KPI : Thu Dec 10 00:05:02 WIB 2020
Cron KPI : Fri Dec 11 00:05:02 WIB 2020
Cron KPI : Sat Dec 12 00:05:01 WIB 2020
Cron KPI : Sun Dec 13 00:05:01 WIB 2020
Cron KPI : Mon Dec 14 00:05:02 WIB 2020
Cron KPI : Tue Dec 15 00:05:02 WIB 2020
Cron KPI : Wed Dec 16 00:05:02 WIB 2020
Cron KPI : Thu Dec 17 00:05:01 WIB 2020
Cron KPI : Fri Dec 18 00:05:02 WIB 2020
Cron KPI : Sat Dec 19 00:05:02 WIB 2020
Cron KPI : Sun Dec 20 00:05:02 WIB 2020
Cron KPI : Mon Dec 21 00:05:02 WIB 2020
Cron KPI : Tue Dec 22 00:05:01 WIB 2020
Cron KPI : Wed Dec 23 00:05:01 WIB 2020
Cron KPI : Thu Dec 24 00:05:02 WIB 2020
Cron KPI : Fri Dec 25 00:05:01 WIB 2020
Cron KPI : Sat Dec 26 00:05:01 WIB 2020
Cron KPI : Sun Dec 27 00:05:02 WIB 2020
Cron KPI : Mon Dec 28 00:05:02 WIB 2020
Cron KPI : Tue Dec 29 00:05:01 WIB 2020
Cron KPI : Wed Dec 30 00:05:02 WIB 2020
Cron KPI : Thu Dec 31 00:05:01 WIB 2020
Cron KPI : Fri Jan  1 00:05:02 WIB 2021
Cron KPI : Sat Jan  2 00:05:01 WIB 2021
Cron KPI : Sun Jan  3 00:05:02 WIB 2021
Cron KPI : Mon Jan  4 00:05:02 WIB 2021
Cron KPI : Tue Jan  5 00:05:01 WIB 2021
Cron KPI : Wed Jan  6 00:05:01 WIB 2021
Cron KPI : Thu Jan  7 00:05:02 WIB 2021
Cron KPI : Fri Jan  8 00:05:01 WIB 2021
Cron KPI : Sat Jan  9 00:05:01 WIB 2021
Cron KPI : Sun Jan 10 00:05:02 WIB 2021
Cron KPI : Mon Jan 11 00:05:01 WIB 2021
Cron KPI : Tue Jan 12 00:05:02 WIB 2021
Cron KPI : Wed Jan 13 00:05:01 WIB 2021
Cron KPI : Thu Jan 14 00:05:01 WIB 2021
Cron KPI : Fri Jan 15 00:05:02 WIB 2021
Cron KPI : Sat Jan 16 00:05:02 WIB 2021
Cron KPI : Sun Jan 17 00:05:02 WIB 2021
Cron KPI : Mon Jan 18 00:05:01 WIB 2021
Cron KPI : Tue Jan 19 00:05:01 WIB 2021
Cron KPI : Wed Jan 20 00:05:02 WIB 2021
Cron KPI : Thu Jan 21 00:05:02 WIB 2021
Cron KPI : Fri Jan 22 00:05:01 WIB 2021
Cron KPI : Sat Jan 23 00:05:02 WIB 2021
Cron KPI : Sun Jan 24 00:05:02 WIB 2021
Cron KPI : Mon Jan 25 00:05:01 WIB 2021
Cron KPI : Tue Jan 26 00:05:02 WIB 2021
Cron KPI : Wed Jan 27 00:05:02 WIB 2021
Cron KPI : Thu Jan 28 00:05:01 WIB 2021
Cron KPI : Fri Jan 29 00:05:01 WIB 2021
Cron KPI : Sat Jan 30 00:05:02 WIB 2021
Cron KPI : Sun Jan 31 00:05:02 WIB 2021
Cron KPI : Mon Feb  1 00:05:01 WIB 2021
Cron KPI : Tue Feb  2 00:05:01 WIB 2021
Cron KPI : Wed Feb  3 00:05:01 WIB 2021
Cron KPI : Thu Feb  4 00:05:01 WIB 2021
Cron KPI : Fri Feb  5 00:05:01 WIB 2021
Cron KPI : Sat Feb  6 00:05:02 WIB 2021
Cron KPI : Sun Feb  7 00:05:01 WIB 2021
Cron KPI : Mon Feb  8 00:05:02 WIB 2021
Cron KPI : Tue Feb  9 00:05:01 WIB 2021
Cron KPI : Wed Feb 10 00:05:02 WIB 2021
Cron KPI : Thu Feb 11 00:05:01 WIB 2021
Cron KPI : Fri Feb 12 00:05:02 WIB 2021
Cron KPI : Sat Feb 13 00:05:01 WIB 2021
Cron KPI : Sun Feb 14 00:05:02 WIB 2021
Cron KPI : Mon Feb 15 00:05:02 WIB 2021
Cron KPI : Tue Feb 16 00:05:01 WIB 2021
Cron KPI : Wed Feb 17 00:05:02 WIB 2021
Cron KPI : Thu Feb 18 00:05:01 WIB 2021
Cron KPI : Fri Feb 19 00:05:02 WIB 2021
Cron KPI : Sat Feb 20 00:05:01 WIB 2021
Cron KPI : Sun Feb 21 00:05:02 WIB 2021
Cron KPI : Mon Feb 22 00:05:02 WIB 2021
Cron KPI : Tue Feb 23 00:05:02 WIB 2021
Cron KPI : Wed Feb 24 00:05:01 WIB 2021
Cron KPI : Thu Feb 25 00:05:01 WIB 2021
Cron KPI : Fri Feb 26 00:05:01 WIB 2021
Cron KPI : Sat Feb 27 00:05:02 WIB 2021
Cron KPI : Sun Feb 28 00:05:02 WIB 2021
Cron KPI : Mon Mar  1 00:05:02 WIB 2021
Cron KPI : Tue Mar  2 00:05:01 WIB 2021
Cron KPI : Wed Mar  3 00:05:01 WIB 2021
Cron KPI : Thu Mar  4 00:05:01 WIB 2021
Cron KPI : Fri Mar  5 00:05:01 WIB 2021
Cron KPI : Sat Mar  6 00:05:02 WIB 2021
Cron KPI : Sun Mar  7 00:05:02 WIB 2021
Cron KPI : Mon Mar  8 00:05:01 WIB 2021
Cron KPI : Tue Mar  9 00:05:02 WIB 2021
Cron KPI : Wed Mar 10 00:05:02 WIB 2021
Cron KPI : Thu Mar 11 00:05:01 WIB 2021
Cron KPI : Fri Mar 12 00:05:02 WIB 2021
Cron KPI : Sat Mar 13 00:05:01 WIB 2021
Cron KPI : Sun Mar 14 00:05:02 WIB 2021
Cron KPI : Mon Mar 15 00:05:02 WIB 2021
Cron KPI : Tue Mar 16 00:05:01 WIB 2021
Cron KPI : Wed Mar 17 00:05:02 WIB 2021
Cron KPI : Thu Mar 18 00:05:02 WIB 2021
Cron KPI : Fri Mar 19 00:05:01 WIB 2021
Cron KPI : Sat Mar 20 00:05:02 WIB 2021
Cron KPI : Sun Mar 21 00:05:01 WIB 2021
Cron KPI : Mon Mar 22 00:05:01 WIB 2021
Cron KPI : Tue Mar 23 00:05:02 WIB 2021
Cron KPI : Wed Mar 24 00:05:02 WIB 2021
Cron KPI : Thu Mar 25 00:05:01 WIB 2021
Cron KPI : Fri Mar 26 00:05:02 WIB 2021
Cron KPI : Sat Mar 27 00:05:02 WIB 2021
Cron KPI : Sun Mar 28 00:05:01 WIB 2021
Cron KPI : Mon Mar 29 00:05:02 WIB 2021
Cron KPI : Tue Mar 30 00:05:02 WIB 2021
Cron KPI : Wed Mar 31 00:05:01 WIB 2021
Cron KPI : Thu Apr  1 00:05:01 WIB 2021
Cron KPI : Fri Apr  2 00:05:01 WIB 2021
Cron KPI : Sat Apr  3 00:05:01 WIB 2021
Cron KPI : Sun Apr  4 00:05:01 WIB 2021
Cron KPI : Mon Apr  5 00:05:02 WIB 2021
Cron KPI : Tue Apr  6 00:05:02 WIB 2021
Cron KPI : Wed Apr  7 00:05:01 WIB 2021
Cron KPI : Thu Apr  8 00:05:01 WIB 2021
Cron KPI : Fri Apr  9 00:05:01 WIB 2021
Cron KPI : Sat Apr 10 00:05:02 WIB 2021
Cron KPI : Sun Apr 11 00:05:01 WIB 2021
Cron KPI : Mon Apr 12 00:05:02 WIB 2021
Cron KPI : Tue Apr 13 00:05:01 WIB 2021
Cron KPI : Wed Apr 14 00:05:01 WIB 2021
Cron KPI : Thu Apr 15 00:05:02 WIB 2021
Cron KPI : Fri Apr 16 00:05:01 WIB 2021
Cron KPI : Sat Apr 17 00:05:01 WIB 2021
Cron KPI : Sun Apr 18 00:05:01 WIB 2021
Cron KPI : Mon Apr 19 00:05:01 WIB 2021
Cron KPI : Tue Apr 20 00:05:01 WIB 2021
Cron KPI : Wed Apr 21 00:05:02 WIB 2021
Cron KPI : Thu Apr 22 00:05:01 WIB 2021
Cron KPI : Fri Apr 23 00:05:02 WIB 2021
Cron KPI : Sat Apr 24 00:05:01 WIB 2021
Cron KPI : Sun Apr 25 00:05:02 WIB 2021
Cron KPI : Mon Apr 26 00:05:01 WIB 2021
Cron KPI : Tue Apr 27 00:05:02 WIB 2021
Cron KPI : Wed Apr 28 00:05:01 WIB 2021
Cron KPI : Thu Apr 29 00:05:01 WIB 2021
Cron KPI : Fri Apr 30 00:05:01 WIB 2021
Cron KPI : Sat May  1 00:05:02 WIB 2021
Cron KPI : Sun May  2 00:05:02 WIB 2021
Cron KPI : Mon May  3 00:05:01 WIB 2021
Cron KPI : Tue May  4 00:05:02 WIB 2021
Cron KPI : Wed May  5 00:05:02 WIB 2021
Cron KPI : Thu May  6 00:05:02 WIB 2021
Cron KPI : Fri May  7 00:05:02 WIB 2021
Cron KPI : Sat May  8 00:05:01 WIB 2021
Cron KPI : Sun May  9 00:05:02 WIB 2021
Cron KPI : Mon May 10 00:05:01 WIB 2021
Cron KPI : Tue May 11 00:05:02 WIB 2021
Cron KPI : Wed May 12 00:05:02 WIB 2021
Cron KPI : Thu May 13 00:05:01 WIB 2021
Cron KPI : Fri May 14 00:05:02 WIB 2021
Cron KPI : Sat May 15 00:05:02 WIB 2021
Cron KPI : Sun May 16 00:05:01 WIB 2021
Cron KPI : Mon May 17 00:05:01 WIB 2021
Cron KPI : Tue May 18 00:05:01 WIB 2021
Cron KPI : Wed May 19 00:05:02 WIB 2021
Cron KPI : Thu May 20 00:05:02 WIB 2021
Cron KPI : Fri May 21 00:05:02 WIB 2021
Cron KPI : Sat May 22 00:05:02 WIB 2021
Cron KPI : Sun May 23 00:05:01 WIB 2021
Cron KPI : Mon May 24 00:05:02 WIB 2021
Cron KPI : Tue May 25 00:05:01 WIB 2021
Cron KPI : Wed May 26 00:05:02 WIB 2021
Cron KPI : Thu May 27 00:05:02 WIB 2021
Cron KPI : Fri May 28 00:05:01 WIB 2021
Cron KPI : Sat May 29 00:05:02 WIB 2021
Cron KPI : Sun May 30 00:05:01 WIB 2021
Cron KPI : Mon May 31 00:05:03 WIB 2021
Cron KPI : Tue Jun  1 00:05:02 WIB 2021
Cron KPI : Wed Jun  2 00:05:02 WIB 2021
Cron KPI : Thu Jun  3 00:05:01 WIB 2021
Cron KPI : Fri Jun  4 00:05:02 WIB 2021
Cron KPI : Sat Jun  5 00:05:02 WIB 2021
Cron KPI : Sun Jun  6 00:05:02 WIB 2021
Cron KPI : Mon Jun  7 00:05:01 WIB 2021
Cron KPI : Tue Jun  8 00:05:02 WIB 2021
Cron KPI : Wed Jun  9 00:05:01 WIB 2021
Cron KPI : Thu Jun 10 00:05:02 WIB 2021
Cron KPI : Fri Jun 11 00:05:02 WIB 2021
Cron KPI : Sat Jun 12 00:05:01 WIB 2021
Cron KPI : Sun Jun 13 00:05:01 WIB 2021
Cron KPI : Mon Jun 14 00:05:01 WIB 2021
Cron KPI : Tue Jun 15 00:05:02 WIB 2021
Cron KPI : Wed Jun 16 00:05:01 WIB 2021
Cron KPI : Thu Jun 17 00:05:02 WIB 2021
Cron KPI : Fri Jun 18 00:05:02 WIB 2021
Cron KPI : Sat Jun 19 00:05:02 WIB 2021
Cron KPI : Sun Jun 20 00:05:01 WIB 2021
Cron KPI : Mon Jun 21 00:05:02 WIB 2021
Cron KPI : Tue Jun 22 00:05:02 WIB 2021
Cron KPI : Wed Jun 23 00:05:01 WIB 2021
Cron KPI : Thu Jun 24 00:05:01 WIB 2021
Cron KPI : Fri Jun 25 00:05:02 WIB 2021
Cron KPI : Sat Jun 26 00:05:01 WIB 2021
Cron KPI : Sun Jun 27 00:05:02 WIB 2021
Cron KPI : Mon Jun 28 00:05:01 WIB 2021
Cron KPI : Tue Jun 29 00:05:01 WIB 2021
Cron KPI : Wed Jun 30 00:05:02 WIB 2021
Cron KPI : Thu Jul  1 00:05:02 WIB 2021
Cron KPI : Fri Jul  2 00:05:01 WIB 2021
Cron KPI : Sat Jul  3 00:05:02 WIB 2021
Cron KPI : Sun Jul  4 00:05:01 WIB 2021
Cron KPI : Mon Jul  5 00:05:01 WIB 2021
Cron KPI : Tue Jul  6 00:05:02 WIB 2021
Cron KPI : Wed Jul  7 00:05:02 WIB 2021
Cron KPI : Thu Jul  8 00:05:01 WIB 2021
Cron KPI : Fri Jul  9 00:05:02 WIB 2021
Cron KPI : Sat Jul 10 00:05:01 WIB 2021
Cron KPI : Sun Jul 11 00:05:01 WIB 2021
Cron KPI : Mon Jul 12 00:05:01 WIB 2021
Cron KPI : Tue Jul 13 00:05:02 WIB 2021
Cron KPI : Wed Jul 14 00:05:01 WIB 2021
Cron KPI : Thu Jul 15 00:05:02 WIB 2021
Cron KPI : Fri Jul 16 00:05:01 WIB 2021
Cron KPI : Sat Jul 17 00:05:01 WIB 2021
Cron KPI : Sun Jul 18 00:05:02 WIB 2021
Cron KPI : Mon Jul 19 00:05:02 WIB 2021
Cron KPI : Tue Jul 20 00:05:02 WIB 2021
Cron KPI : Wed Jul 21 00:05:02 WIB 2021
Cron KPI : Thu Jul 22 00:05:02 WIB 2021
Cron KPI : Fri Jul 23 00:05:02 WIB 2021
Cron KPI : Sat Jul 24 00:05:02 WIB 2021
Cron KPI : Sun Jul 25 00:05:02 WIB 2021
Cron KPI : Mon Jul 26 00:05:01 WIB 2021
Cron KPI : Tue Jul 27 00:05:02 WIB 2021
Cron KPI : Wed Jul 28 00:05:02 WIB 2021
Cron KPI : Thu Jul 29 00:05:02 WIB 2021
Cron KPI : Fri Jul 30 00:05:01 WIB 2021
Cron KPI : Sat Jul 31 00:05:01 WIB 2021
Cron KPI : Sun Aug  1 00:05:02 WIB 2021
Cron KPI : Mon Aug  2 00:05:02 WIB 2021
Cron KPI : Tue Aug  3 00:05:01 WIB 2021
Cron KPI : Wed Aug  4 00:05:02 WIB 2021
Cron KPI : Thu Aug  5 00:05:01 WIB 2021
Cron KPI : Fri Aug  6 00:05:02 WIB 2021
Cron KPI : Sat Aug  7 00:05:01 WIB 2021
Cron KPI : Sun Aug  8 00:05:02 WIB 2021
Cron KPI : Mon Aug  9 00:05:01 WIB 2021
Cron KPI : Tue Aug 10 00:05:01 WIB 2021
Cron KPI : Wed Aug 11 00:05:01 WIB 2021
Cron KPI : Thu Aug 12 00:05:01 WIB 2021
Cron KPI : Fri Aug 13 00:05:02 WIB 2021
Cron KPI : Sat Aug 14 00:05:02 WIB 2021
Cron KPI : Sun Aug 15 00:05:02 WIB 2021
Cron KPI : Mon Aug 16 00:05:01 WIB 2021
Cron KPI : Tue Aug 17 00:05:01 WIB 2021
Cron KPI : Wed Aug 18 00:05:01 WIB 2021
Cron KPI : Thu Aug 19 00:05:02 WIB 2021
Cron KPI : Fri Aug 20 00:05:01 WIB 2021
Cron KPI : Sat Aug 21 00:05:01 WIB 2021
Cron KPI : Sun Aug 22 00:05:02 WIB 2021
Cron KPI : Mon Aug 23 00:05:02 WIB 2021
Cron KPI : Tue Aug 24 00:05:02 WIB 2021
Cron KPI : Wed Aug 25 00:05:02 WIB 2021
Cron KPI : Thu Aug 26 00:05:02 WIB 2021
Cron KPI : Fri Aug 27 00:05:02 WIB 2021
Cron KPI : Sat Aug 28 00:05:02 WIB 2021
Cron KPI : Sun Aug 29 00:05:01 WIB 2021
Cron KPI : Mon Aug 30 00:05:02 WIB 2021
Cron KPI : Tue Aug 31 00:05:01 WIB 2021
Cron KPI : Wed Sep  1 00:05:01 WIB 2021
Cron KPI : Thu Sep  2 00:05:02 WIB 2021
Cron KPI : Fri Sep  3 00:05:01 WIB 2021
Cron KPI : Sat Sep  4 00:05:01 WIB 2021
Cron KPI : Sun Sep  5 00:05:02 WIB 2021
Cron KPI : Mon Sep  6 00:05:02 WIB 2021
Cron KPI : Tue Sep  7 00:05:01 WIB 2021
Cron KPI : Wed Sep  8 00:05:02 WIB 2021
Cron KPI : Thu Sep  9 00:05:01 WIB 2021
Cron KPI : Fri Sep 10 00:05:01 WIB 2021
Cron KPI : Sat Sep 11 00:05:01 WIB 2021
Cron KPI : Sun Sep 12 00:05:01 WIB 2021
Cron KPI : Mon Sep 13 00:05:01 WIB 2021
Cron KPI : Tue Sep 14 00:05:01 WIB 2021
Cron KPI : Wed Sep 15 00:05:02 WIB 2021
Cron KPI : Thu Sep 16 00:05:02 WIB 2021
Cron KPI : Fri Sep 17 00:05:02 WIB 2021
Cron KPI : Sat Sep 18 00:05:02 WIB 2021
Cron KPI : Sun Sep 19 00:05:02 WIB 2021
Cron KPI : Mon Sep 20 00:05:02 WIB 2021
Cron KPI : Tue Sep 21 00:05:02 WIB 2021
Cron KPI : Wed Sep 22 00:05:02 WIB 2021
Cron KPI : Thu Sep 23 00:05:02 WIB 2021
Cron KPI : Fri Sep 24 00:05:01 WIB 2021
Cron KPI : Sat Sep 25 00:05:01 WIB 2021
Cron KPI : Sun Sep 26 00:05:02 WIB 2021
Cron KPI : Mon Sep 27 00:05:02 WIB 2021
Cron KPI : Tue Sep 28 00:05:01 WIB 2021
Cron KPI : Wed Sep 29 00:05:01 WIB 2021
Cron KPI : Thu Sep 30 00:05:01 WIB 2021
Cron KPI : Fri Oct  1 00:05:02 WIB 2021
Cron KPI : Sat Oct  2 00:05:02 WIB 2021
Cron KPI : Sun Oct  3 00:05:01 WIB 2021
Cron KPI : Mon Oct  4 00:05:02 WIB 2021
Cron KPI : Tue Oct  5 00:05:02 WIB 2021
Cron KPI : Wed Oct  6 00:05:02 WIB 2021
Cron KPI : Thu Oct  7 00:05:02 WIB 2021
Cron KPI : Fri Oct  8 00:05:01 WIB 2021
Cron KPI : Sat Oct  9 00:05:02 WIB 2021
Cron KPI : Sun Oct 10 00:05:02 WIB 2021
Cron KPI : Mon Oct 11 00:05:02 WIB 2021
Cron KPI : Tue Oct 12 00:05:01 WIB 2021
Cron KPI : Wed Oct 13 00:05:02 WIB 2021
Cron KPI : Thu Oct 14 00:05:02 WIB 2021
Cron KPI : Fri Oct 15 00:05:01 WIB 2021
Cron KPI : Sat Oct 16 00:05:01 WIB 2021
Cron KPI : Sun Oct 17 00:05:02 WIB 2021
Cron KPI : Mon Oct 18 00:05:02 WIB 2021
Cron KPI : Tue Oct 19 00:05:02 WIB 2021
Cron KPI : Wed Oct 20 00:05:02 WIB 2021
Cron KPI : Thu Oct 21 00:05:01 WIB 2021
Cron KPI : Fri Oct 22 00:05:01 WIB 2021
Cron KPI : Sat Oct 23 00:05:01 WIB 2021
Cron KPI : Sun Oct 24 00:05:02 WIB 2021
Cron KPI : Mon Oct 25 00:05:06 WIB 2021
Cron KPI : Tue Oct 26 00:05:02 WIB 2021
Cron KPI : Wed Oct 27 00:05:02 WIB 2021
Cron KPI : Thu Oct 28 00:05:01 WIB 2021
Cron KPI : Fri Oct 29 00:05:01 WIB 2021
Cron KPI : Sat Oct 30 00:05:02 WIB 2021
Cron KPI : Sun Oct 31 00:05:01 WIB 2021
Cron KPI : Mon Nov  1 00:05:02 WIB 2021
Cron KPI : Tue Nov  2 00:05:01 WIB 2021
Cron KPI : Wed Nov  3 00:05:02 WIB 2021
Cron KPI : Thu Nov  4 00:05:02 WIB 2021
Cron KPI : Fri Nov  5 00:05:01 WIB 2021
Cron KPI : Sat Nov  6 00:05:02 WIB 2021
Cron KPI : Sun Nov  7 00:05:02 WIB 2021
Cron KPI : Mon Nov  8 00:05:02 WIB 2021
Cron KPI : Tue Nov  9 00:05:02 WIB 2021
Cron KPI : Wed Nov 10 00:05:02 WIB 2021
Cron KPI : Thu Nov 11 00:05:01 WIB 2021
Cron KPI : Fri Nov 12 00:05:01 WIB 2021
Cron KPI : Sat Nov 13 00:05:02 WIB 2021
Cron KPI : Sun Nov 14 00:05:02 WIB 2021
Cron KPI : Mon Nov 15 00:05:02 WIB 2021
Cron KPI : Tue Nov 16 00:05:02 WIB 2021
Cron KPI : Wed Nov 17 00:05:02 WIB 2021
Cron KPI : Thu Nov 18 00:05:02 WIB 2021
Cron KPI : Fri Nov 19 00:05:01 WIB 2021
Cron KPI : Sat Nov 20 00:05:02 WIB 2021
Cron KPI : Sun Nov 21 00:05:01 WIB 2021
Cron KPI : Mon Nov 22 00:05:02 WIB 2021
Cron KPI : Tue Nov 23 00:05:02 WIB 2021
Cron KPI : Wed Nov 24 00:05:02 WIB 2021
Cron KPI : Thu Nov 25 00:05:02 WIB 2021
Cron KPI : Fri Nov 26 00:05:01 WIB 2021
Cron KPI : Sat Nov 27 00:05:01 WIB 2021
Cron KPI : Sun Nov 28 00:05:01 WIB 2021
Cron KPI : Mon Nov 29 00:05:02 WIB 2021
Cron KPI : Tue Nov 30 00:05:02 WIB 2021
Cron KPI : Wed Dec  1 00:05:02 WIB 2021
Cron KPI : Thu Dec  2 00:05:02 WIB 2021
Cron KPI : Fri Dec  3 00:05:01 WIB 2021
Cron KPI : Sat Dec  4 00:05:01 WIB 2021
Cron KPI : Sun Dec  5 00:05:01 WIB 2021
Cron KPI : Mon Dec  6 00:05:01 WIB 2021
Cron KPI : Tue Dec  7 00:05:02 WIB 2021
Cron KPI : Wed Dec  8 00:05:02 WIB 2021
Cron KPI : Thu Dec  9 00:05:01 WIB 2021
Cron KPI : Fri Dec 10 00:05:02 WIB 2021
Cron KPI : Sat Dec 11 00:05:02 WIB 2021
Cron KPI : Sun Dec 12 00:05:02 WIB 2021
Cron KPI : Mon Dec 13 00:05:02 WIB 2021
Cron KPI : Tue Dec 14 00:05:01 WIB 2021
Cron KPI : Wed Dec 15 00:05:02 WIB 2021
Cron KPI : Thu Dec 16 00:05:02 WIB 2021
Cron KPI : Fri Dec 17 00:05:01 WIB 2021
Cron KPI : Sat Dec 18 00:05:01 WIB 2021
Cron KPI : Sun Dec 19 00:05:02 WIB 2021
Cron KPI : Mon Dec 20 00:05:01 WIB 2021
Cron KPI : Tue Dec 21 00:05:02 WIB 2021
Cron KPI : Wed Dec 22 00:05:01 WIB 2021
Cron KPI : Thu Dec 23 00:05:02 WIB 2021
Cron KPI : Fri Dec 24 00:05:02 WIB 2021
Cron KPI : Sat Dec 25 00:05:02 WIB 2021
Cron KPI : Sun Dec 26 00:05:02 WIB 2021
Cron KPI : Mon Dec 27 00:05:02 WIB 2021
Cron KPI : Tue Dec 28 00:05:01 WIB 2021
Cron KPI : Wed Dec 29 00:05:05 WIB 2021
Cron KPI : Thu Dec 30 00:05:01 WIB 2021
Cron KPI : Fri Dec 31 00:05:02 WIB 2021
Cron KPI : Sat Jan  1 00:05:01 WIB 2022
Cron KPI : Sun Jan  2 00:05:02 WIB 2022
Cron KPI : Mon Jan  3 00:05:01 WIB 2022
Cron KPI : Tue Jan  4 00:05:01 WIB 2022
Cron KPI : Wed Jan  5 00:05:01 WIB 2022
Cron KPI : Thu Jan  6 00:05:02 WIB 2022
Cron KPI : Fri Jan  7 00:05:04 WIB 2022
Cron KPI : Sat Jan  8 00:05:02 WIB 2022
Cron KPI : Sun Jan  9 00:05:02 WIB 2022
Cron KPI : Mon Jan 10 00:05:02 WIB 2022
Cron KPI : Tue Jan 11 00:05:01 WIB 2022
Cron KPI : Wed Jan 12 00:05:02 WIB 2022
Cron KPI : Thu Jan 13 00:05:01 WIB 2022
Cron KPI : Fri Jan 14 00:05:02 WIB 2022
Cron KPI : Sat Jan 15 00:05:01 WIB 2022
Cron KPI : Sun Jan 16 00:05:02 WIB 2022
Cron KPI : Mon Jan 17 00:05:01 WIB 2022
Cron KPI : Tue Jan 18 00:05:01 WIB 2022
Cron KPI : Wed Jan 19 00:05:01 WIB 2022
Cron KPI : Thu Jan 20 00:05:01 WIB 2022
Cron KPI : Fri Jan 21 00:05:02 WIB 2022
Cron KPI : Sat Jan 22 00:05:02 WIB 2022
Cron KPI : Sun Jan 23 00:05:02 WIB 2022
Cron KPI : Mon Jan 24 00:05:02 WIB 2022
Cron KPI : Tue Jan 25 00:05:01 WIB 2022
Cron KPI : Wed Jan 26 00:05:02 WIB 2022
Cron KPI : Thu Jan 27 00:05:01 WIB 2022
Cron KPI : Fri Jan 28 00:05:01 WIB 2022
Cron KPI : Sat Jan 29 00:05:02 WIB 2022
Cron KPI : Sun Jan 30 00:05:01 WIB 2022
Cron KPI : Mon Jan 31 00:05:01 WIB 2022
Cron KPI : Tue Feb  1 00:05:02 WIB 2022
Cron KPI : Wed Feb  2 00:05:02 WIB 2022
Cron KPI : Thu Feb  3 00:05:02 WIB 2022
Cron KPI : Fri Feb  4 00:05:02 WIB 2022
Cron KPI : Sat Feb  5 00:05:01 WIB 2022
Cron KPI : Sun Feb  6 00:05:01 WIB 2022
Cron KPI : Mon Feb  7 00:05:02 WIB 2022
Cron KPI : Tue Feb  8 00:05:01 WIB 2022
Cron KPI : Wed Feb  9 00:05:02 WIB 2022
Cron KPI : Thu Feb 10 00:05:01 WIB 2022
Cron KPI : Fri Feb 11 00:05:01 WIB 2022
Cron KPI : Sat Feb 12 00:05:01 WIB 2022
Cron KPI : Sun Feb 13 00:05:01 WIB 2022
Cron KPI : Mon Feb 14 00:05:02 WIB 2022
Cron KPI : Tue Feb 15 00:05:02 WIB 2022
Cron KPI : Wed Feb 16 00:05:01 WIB 2022
Cron KPI : Thu Feb 17 00:05:02 WIB 2022
Cron KPI : Fri Feb 18 00:05:01 WIB 2022
Cron KPI : Sat Feb 19 00:05:02 WIB 2022
Cron KPI : Sun Feb 20 00:05:02 WIB 2022
Cron KPI : Mon Feb 21 00:05:01 WIB 2022
Cron KPI : Tue Feb 22 00:05:01 WIB 2022
Cron KPI : Wed Feb 23 00:05:02 WIB 2022
Cron KPI : Thu Feb 24 00:05:01 WIB 2022
Cron KPI : Fri Feb 25 00:05:02 WIB 2022
Cron KPI : Sat Feb 26 00:05:02 WIB 2022
Cron KPI : Sun Feb 27 00:05:02 WIB 2022
Cron KPI : Mon Feb 28 00:05:02 WIB 2022
Cron KPI : Tue Mar  1 00:05:01 WIB 2022
Cron KPI : Wed Mar  2 00:05:02 WIB 2022
Cron KPI : Thu Mar  3 00:05:02 WIB 2022
Cron KPI : Fri Mar  4 00:05:01 WIB 2022
Cron KPI : Sat Mar  5 00:05:01 WIB 2022
Cron KPI : Sun Mar  6 00:05:02 WIB 2022
Cron KPI : Mon Mar  7 00:05:02 WIB 2022
Cron KPI : Tue Mar  8 00:05:01 WIB 2022
Cron KPI : Wed Mar  9 00:05:02 WIB 2022
Cron KPI : Thu Mar 10 00:05:02 WIB 2022
Cron KPI : Fri Mar 11 00:05:02 WIB 2022
Cron KPI : Sat Mar 12 00:05:01 WIB 2022
Cron KPI : Sun Mar 13 00:05:02 WIB 2022
Cron KPI : Mon Mar 14 00:05:02 WIB 2022
Cron KPI : Tue Mar 15 00:05:02 WIB 2022
Cron KPI : Wed Mar 16 00:05:02 WIB 2022
Cron KPI : Thu Mar 17 00:05:02 WIB 2022
Cron KPI : Fri Mar 18 00:05:02 WIB 2022
Cron KPI : Sat Mar 19 00:05:02 WIB 2022
Cron KPI : Sun Mar 20 00:05:01 WIB 2022
Cron KPI : Mon Mar 21 00:05:02 WIB 2022
Cron KPI : Tue Mar 22 00:05:02 WIB 2022
Cron KPI : Wed Mar 23 00:05:02 WIB 2022
Cron KPI : Thu Mar 24 00:05:02 WIB 2022
Cron KPI : Fri Mar 25 00:05:01 WIB 2022
Cron KPI : Sat Mar 26 00:05:01 WIB 2022
Cron KPI : Sun Mar 27 00:05:02 WIB 2022
Cron KPI : Mon Mar 28 00:05:02 WIB 2022
Cron KPI : Tue Mar 29 00:05:01 WIB 2022
Cron KPI : Wed Mar 30 00:05:01 WIB 2022
Cron KPI : Thu Mar 31 00:05:01 WIB 2022
Cron KPI : Fri Apr  1 00:05:02 WIB 2022
Cron KPI : Sat Apr  2 00:05:01 WIB 2022
Cron KPI : Sun Apr  3 00:05:03 WIB 2022
Cron KPI : Mon Apr  4 00:05:01 WIB 2022
Cron KPI : Tue Apr  5 00:05:02 WIB 2022
Cron KPI : Wed Apr  6 00:05:02 WIB 2022
Cron KPI : Thu Apr  7 00:05:02 WIB 2022
Cron KPI : Fri Apr  8 00:05:02 WIB 2022
Cron KPI : Sat Apr  9 00:05:01 WIB 2022
Cron KPI : Sun Apr 10 00:05:01 WIB 2022
Cron KPI : Mon Apr 11 00:05:02 WIB 2022
Cron KPI : Tue Apr 12 00:05:02 WIB 2022
Cron KPI : Wed Apr 13 00:05:02 WIB 2022
Cron KPI : Thu Apr 14 00:05:02 WIB 2022
Cron KPI : Fri Apr 15 00:05:02 WIB 2022
Cron KPI : Sat Apr 16 00:05:01 WIB 2022
Cron KPI : Sun Apr 17 00:05:02 WIB 2022
Cron KPI : Mon Apr 18 00:05:02 WIB 2022
Cron KPI : Tue Apr 19 00:05:02 WIB 2022
Cron KPI : Wed Apr 20 00:05:02 WIB 2022
Cron KPI : Thu Apr 21 00:05:02 WIB 2022
Cron KPI : Fri Apr 22 00:05:02 WIB 2022
Cron KPI : Sat Apr 23 00:05:02 WIB 2022
Cron KPI : Sun Apr 24 00:05:02 WIB 2022
Cron KPI : Mon Apr 25 00:05:02 WIB 2022
Cron KPI : Tue Apr 26 00:05:02 WIB 2022
Cron KPI : Wed Apr 27 00:05:02 WIB 2022
Cron KPI : Thu Apr 28 00:05:02 WIB 2022
Cron KPI : Fri Apr 29 00:05:01 WIB 2022
Cron KPI : Sat Apr 30 00:05:02 WIB 2022
Cron KPI : Sun May  1 00:05:01 WIB 2022
Cron KPI : Mon May  2 00:05:01 WIB 2022
Cron KPI : Tue May  3 00:05:02 WIB 2022
Cron KPI : Wed May  4 00:05:01 WIB 2022
Cron KPI : Thu May  5 00:05:02 WIB 2022
Cron KPI : Fri May  6 00:05:02 WIB 2022
Cron KPI : Sat May  7 00:05:01 WIB 2022
Cron KPI : Sun May  8 00:05:02 WIB 2022
Cron KPI : Mon May  9 00:05:01 WIB 2022
Cron KPI : Tue May 10 00:05:01 WIB 2022
Cron KPI : Wed May 11 00:05:02 WIB 2022
Cron KPI : Thu May 12 00:05:02 WIB 2022
Cron KPI : Fri May 13 00:05:01 WIB 2022
Cron KPI : Sat May 14 00:05:02 WIB 2022
Cron KPI : Sun May 15 00:05:02 WIB 2022
Cron KPI : Mon May 16 00:05:02 WIB 2022
Cron KPI : Tue May 17 00:05:02 WIB 2022
Cron KPI : Wed May 18 00:05:02 WIB 2022
Cron KPI : Thu May 19 00:05:02 WIB 2022
Cron KPI : Fri May 20 00:05:02 WIB 2022
Cron KPI : Sat May 21 00:05:02 WIB 2022
Cron KPI : Sun May 22 00:05:02 WIB 2022
Cron KPI : Mon May 23 00:05:02 WIB 2022
Cron KPI : Tue May 24 00:05:01 WIB 2022
Cron KPI : Wed May 25 00:05:01 WIB 2022
Cron KPI : Thu May 26 00:05:02 WIB 2022
Cron KPI : Fri May 27 00:05:02 WIB 2022
Cron KPI : Sat May 28 00:05:02 WIB 2022
Cron KPI : Sun May 29 00:05:01 WIB 2022
Cron KPI : Mon May 30 00:05:02 WIB 2022
Cron KPI : Tue May 31 00:05:02 WIB 2022
Cron KPI : Wed Jun  1 00:05:02 WIB 2022
Cron KPI : Thu Jun  2 00:05:01 WIB 2022
Cron KPI : Fri Jun  3 00:05:02 WIB 2022
Cron KPI : Sat Jun  4 00:05:02 WIB 2022
Cron KPI : Sun Jun  5 00:05:01 WIB 2022
Cron KPI : Mon Jun  6 00:05:01 WIB 2022
Cron KPI : Tue Jun  7 00:05:02 WIB 2022
Cron KPI : Wed Jun  8 00:05:01 WIB 2022
Cron KPI : Thu Jun  9 00:05:02 WIB 2022
Cron KPI : Fri Jun 10 00:05:01 WIB 2022
Cron KPI : Sat Jun 11 00:05:01 WIB 2022
Cron KPI : Sun Jun 12 00:05:01 WIB 2022
Cron KPI : Mon Jun 13 00:05:02 WIB 2022
Cron KPI : Tue Jun 14 00:05:02 WIB 2022
Cron KPI : Wed Jun 15 00:05:02 WIB 2022
Cron KPI : Thu Jun 16 00:05:02 WIB 2022
Cron KPI : Fri Jun 17 00:05:02 WIB 2022
Cron KPI : Sat Jun 18 00:05:01 WIB 2022
Cron KPI : Sun Jun 19 00:05:01 WIB 2022
Cron KPI : Mon Jun 20 00:05:02 WIB 2022
Cron KPI : Tue Jun 21 00:05:01 WIB 2022
Cron KPI : Wed Jun 22 00:05:01 WIB 2022
Cron KPI : Thu Jun 23 00:05:02 WIB 2022
Cron KPI : Fri Jun 24 00:05:02 WIB 2022
Cron KPI : Sat Jun 25 00:05:01 WIB 2022
Cron KPI : Sun Jun 26 00:05:01 WIB 2022
Cron KPI : Mon Jun 27 00:05:01 WIB 2022
Cron KPI : Tue Jun 28 00:05:01 WIB 2022
Cron KPI : Wed Jun 29 00:05:02 WIB 2022
Cron KPI : Thu Jun 30 00:05:01 WIB 2022
Cron KPI : Fri Jul  1 00:05:02 WIB 2022
Cron KPI : Sat Jul  2 00:05:01 WIB 2022
Cron KPI : Sun Jul  3 00:05:01 WIB 2022
Cron KPI : Mon Jul  4 00:05:01 WIB 2022
Cron KPI : Tue Jul  5 00:05:02 WIB 2022
Cron KPI : Wed Jul  6 00:05:02 WIB 2022
Cron KPI : Thu Jul  7 00:05:02 WIB 2022
Cron KPI : Fri Jul  8 00:05:02 WIB 2022
Cron KPI : Sat Jul  9 00:05:02 WIB 2022
Cron KPI : Sun Jul 10 00:05:01 WIB 2022
Cron KPI : Mon Jul 11 00:05:02 WIB 2022
Cron KPI : Tue Jul 12 00:05:02 WIB 2022
Cron KPI : Wed Jul 13 00:05:01 WIB 2022
