WFH Activity : Thu Apr 23 12:32:25 WIB 2020
WFH Activity : Fri Apr 24 03:00:04 WIB 2020
WFH Activity : Sat Apr 25 03:00:07 WIB 2020
WFH Activity : Sun Apr 26 03:00:10 WIB 2020
WFH Activity : Mon Apr 27 03:00:10 WIB 2020
WFH Activity : Tue Apr 28 03:00:12 WIB 2020
WFH Activity : Wed Apr 29 03:00:15 WIB 2020
WFH Activity : Thu Apr 30 03:00:15 WIB 2020
WFH Activity : Fri May  1 03:00:17 WIB 2020
WFH Activity : Sat May  2 03:00:18 WIB 2020
WFH Activity : Sun May  3 03:00:19 WIB 2020
WFH Activity : Mon May  4 03:00:18 WIB 2020
WFH Activity : Tue May  5 03:00:18 WIB 2020
WFH Activity : Wed May  6 03:00:24 WIB 2020
WFH Activity : Thu May  7 03:00:28 WIB 2020
WFH Activity : Fri May  8 03:00:29 WIB 2020
WFH Activity : Sat May  9 03:00:29 WIB 2020
WFH Activity : Sun May 10 03:00:30 WIB 2020
WFH Activity : Mon May 11 03:00:30 WIB 2020
WFH Activity : Tue May 12 03:00:30 WIB 2020
WFH Activity : Wed May 13 03:00:32 WIB 2020
WFH Activity : Thu May 14 03:00:30 WIB 2020
WFH Activity : Fri May 15 03:00:38 WIB 2020
WFH Activity : Sat May 16 03:00:33 WIB 2020
WFH Activity : Sun May 17 03:00:37 WIB 2020
WFH Activity : Mon May 18 03:00:39 WIB 2020
WFH Activity : Tue May 19 03:00:38 WIB 2020
WFH Activity : Wed May 20 03:00:34 WIB 2020
WFH Activity : Thu May 21 03:00:44 WIB 2020
WFH Activity : Fri May 22 03:00:46 WIB 2020
WFH Activity : Sat May 23 03:00:38 WIB 2020
WFH Activity : Sun May 24 03:00:20 WIB 2020
WFH Activity : Mon May 25 03:00:16 WIB 2020
WFH Activity : Tue May 26 03:00:15 WIB 2020
WFH Activity : Wed May 27 03:00:21 WIB 2020
WFH Activity : Thu May 28 03:00:46 WIB 2020
WFH Activity : Fri May 29 03:00:35 WIB 2020
WFH Activity : Sat May 30 03:00:48 WIB 2020
WFH Activity : Sun May 31 03:00:47 WIB 2020
WFH Activity : Mon Jun  1 03:00:53 WIB 2020
WFH Activity : Tue Jun  2 03:00:49 WIB 2020
WFH Activity : Wed Jun  3 03:00:47 WIB 2020
WFH Activity : Thu Jun  4 03:00:44 WIB 2020
WFH Activity : Fri Jun  5 03:00:44 WIB 2020
WFH Activity : Sat Jun  6 03:00:47 WIB 2020
WFH Activity : Sun Jun  7 03:00:50 WIB 2020
WFH Activity : Mon Jun  8 03:00:48 WIB 2020
WFH Activity : Tue Jun  9 03:00:43 WIB 2020
WFH Activity : Wed Jun 10 03:00:41 WIB 2020
WFH Activity : Thu Jun 11 03:00:46 WIB 2020
WFH Activity : Fri Jun 12 03:00:48 WIB 2020
WFH Activity : Sat Jun 13 03:00:46 WIB 2020
WFH Activity : Sun Jun 14 03:00:49 WIB 2020
WFH Activity : Mon Jun 15 03:00:50 WIB 2020
WFH Activity : Tue Jun 16 03:00:50 WIB 2020
WFH Activity : Wed Jun 17 03:00:49 WIB 2020
WFH Activity : Thu Jun 18 03:00:52 WIB 2020
WFH Activity : Fri Jun 19 03:00:48 WIB 2020
WFH Activity : Sat Jun 20 03:00:48 WIB 2020
WFH Activity : Sun Jun 21 03:00:45 WIB 2020
WFH Activity : Mon Jun 22 03:00:50 WIB 2020
WFH Activity : Tue Jun 23 03:00:40 WIB 2020
WFH Activity : Wed Jun 24 03:00:49 WIB 2020
WFH Activity : Thu Jun 25 03:00:36 WIB 2020
WFH Activity : Fri Jun 26 03:00:46 WIB 2020
WFH Activity : Sat Jun 27 03:00:42 WIB 2020
WFH Activity : Sun Jun 28 03:00:37 WIB 2020
WFH Activity : Mon Jun 29 03:00:35 WIB 2020
WFH Activity : Tue Jun 30 03:00:36 WIB 2020
WFH Activity : Wed Jul  1 03:00:47 WIB 2020
WFH Activity : Thu Jul  2 03:00:48 WIB 2020
WFH Activity : Fri Jul  3 03:00:48 WIB 2020
WFH Activity : Sat Jul  4 03:00:48 WIB 2020
WFH Activity : Sun Jul  5 03:00:47 WIB 2020
WFH Activity : Mon Jul  6 03:00:48 WIB 2020
WFH Activity : Tue Jul  7 03:00:48 WIB 2020
WFH Activity : Wed Jul  8 03:00:43 WIB 2020
WFH Activity : Thu Jul  9 03:00:50 WIB 2020
WFH Activity : Fri Jul 10 03:00:45 WIB 2020
WFH Activity : Sat Jul 11 03:00:53 WIB 2020
WFH Activity : Sun Jul 12 03:00:49 WIB 2020
WFH Activity : Mon Jul 13 03:00:44 WIB 2020
WFH Activity : Tue Jul 14 03:00:50 WIB 2020
WFH Activity : Wed Jul 15 03:00:55 WIB 2020
WFH Activity : Thu Jul 16 03:00:42 WIB 2020
WFH Activity : Fri Jul 17 03:00:53 WIB 2020
WFH Activity : Sat Jul 18 03:00:54 WIB 2020
WFH Activity : Sun Jul 19 03:00:40 WIB 2020
WFH Activity : Mon Jul 20 03:00:39 WIB 2020
WFH Activity : Tue Jul 21 03:00:43 WIB 2020
WFH Activity : Wed Jul 22 03:00:55 WIB 2020
WFH Activity : Thu Jul 23 03:00:48 WIB 2020
WFH Activity : Fri Jul 24 03:00:46 WIB 2020
WFH Activity : Sat Jul 25 03:00:51 WIB 2020
WFH Activity : Sun Jul 26 03:00:42 WIB 2020
WFH Activity : Mon Jul 27 03:00:50 WIB 2020
WFH Activity : Tue Jul 28 03:00:44 WIB 2020
WFH Activity : Wed Jul 29 03:00:54 WIB 2020
WFH Activity : Thu Jul 30 03:00:53 WIB 2020
WFH Activity : Fri Jul 31 03:00:52 WIB 2020
WFH Activity : Sat Aug  1 03:00:21 WIB 2020
WFH Activity : Sun Aug  2 03:00:48 WIB 2020
WFH Activity : Mon Aug  3 03:00:52 WIB 2020
WFH Activity : Tue Aug  4 03:00:52 WIB 2020
WFH Activity : Wed Aug  5 03:00:55 WIB 2020
WFH Activity : Thu Aug  6 03:00:57 WIB 2020
WFH Activity : Fri Aug  7 03:00:41 WIB 2020
WFH Activity : Sat Aug  8 03:00:47 WIB 2020
WFH Activity : Sun Aug  9 03:00:44 WIB 2020
WFH Activity : Mon Aug 10 03:00:43 WIB 2020
WFH Activity : Tue Aug 11 03:00:52 WIB 2020
WFH Activity : Wed Aug 12 03:00:49 WIB 2020
WFH Activity : Thu Aug 13 03:00:50 WIB 2020
WFH Activity : Fri Aug 14 03:00:49 WIB 2020
WFH Activity : Sat Aug 15 03:00:38 WIB 2020
WFH Activity : Sun Aug 16 03:00:46 WIB 2020
WFH Activity : Mon Aug 17 03:00:46 WIB 2020
WFH Activity : Tue Aug 18 03:00:25 WIB 2020
WFH Activity : Wed Aug 19 03:00:47 WIB 2020
WFH Activity : Thu Aug 20 03:00:49 WIB 2020
WFH Activity : Fri Aug 21 03:00:27 WIB 2020
WFH Activity : Sat Aug 22 03:00:45 WIB 2020
WFH Activity : Sun Aug 23 03:00:46 WIB 2020
WFH Activity : Mon Aug 24 03:00:47 WIB 2020
WFH Activity : Tue Aug 25 03:00:51 WIB 2020
WFH Activity : Wed Aug 26 03:00:48 WIB 2020
WFH Activity : Thu Aug 27 03:00:50 WIB 2020
WFH Activity : Fri Aug 28 03:00:52 WIB 2020
WFH Activity : Sat Aug 29 03:00:48 WIB 2020
WFH Activity : Sun Aug 30 03:00:47 WIB 2020
WFH Activity : Mon Aug 31 03:00:50 WIB 2020
WFH Activity : Tue Sep  1 03:00:50 WIB 2020
WFH Activity : Wed Sep  2 03:00:47 WIB 2020
WFH Activity : Thu Sep  3 03:00:49 WIB 2020
WFH Activity : Fri Sep  4 03:01:02 WIB 2020
WFH Activity : Sat Sep  5 03:01:22 WIB 2020
WFH Activity : Sun Sep  6 03:01:21 WIB 2020
WFH Activity : Mon Sep  7 03:01:14 WIB 2020
WFH Activity : Tue Sep  8 03:01:28 WIB 2020
WFH Activity : Wed Sep  9 03:01:16 WIB 2020
WFH Activity : Thu Sep 10 03:01:19 WIB 2020
WFH Activity : Fri Sep 11 03:01:19 WIB 2020
WFH Activity : Sat Sep 12 03:01:21 WIB 2020
WFH Activity : Sun Sep 13 03:01:30 WIB 2020
WFH Activity : Mon Sep 14 03:01:20 WIB 2020
WFH Activity : Tue Sep 15 03:01:27 WIB 2020
WFH Activity : Wed Sep 16 03:01:27 WIB 2020
WFH Activity : Thu Sep 17 03:01:55 WIB 2020
WFH Activity : Fri Sep 18 03:01:50 WIB 2020
WFH Activity : Sat Sep 19 03:02:07 WIB 2020
WFH Activity : Sun Sep 20 03:02:12 WIB 2020
WFH Activity : Mon Sep 21 03:02:04 WIB 2020
WFH Activity : Tue Sep 22 03:02:22 WIB 2020
WFH Activity : Wed Sep 23 03:01:36 WIB 2020
WFH Activity : Thu Sep 24 03:02:02 WIB 2020
WFH Activity : Fri Sep 25 03:01:37 WIB 2020
WFH Activity : Sat Sep 26 03:02:14 WIB 2020
WFH Activity : Sun Sep 27 03:02:19 WIB 2020
WFH Activity : Mon Sep 28 03:02:02 WIB 2020
WFH Activity : Tue Sep 29 03:02:21 WIB 2020
WFH Activity : Wed Sep 30 03:02:11 WIB 2020
WFH Activity : Thu Oct  1 03:02:04 WIB 2020
WFH Activity : Fri Oct  2 03:02:10 WIB 2020
WFH Activity : Sat Oct  3 03:02:03 WIB 2020
WFH Activity : Sun Oct  4 03:02:11 WIB 2020
WFH Activity : Mon Oct  5 03:02:01 WIB 2020
WFH Activity : Tue Oct  6 03:02:15 WIB 2020
WFH Activity : Wed Oct  7 03:02:27 WIB 2020
WFH Activity : Thu Oct  8 03:02:11 WIB 2020
WFH Activity : Fri Oct  9 03:02:09 WIB 2020
WFH Activity : Sat Oct 10 03:02:14 WIB 2020
WFH Activity : Sun Oct 11 03:02:21 WIB 2020
WFH Activity : Mon Oct 12 03:02:11 WIB 2020
WFH Activity : Tue Oct 13 03:02:36 WIB 2020
WFH Activity : Wed Oct 14 03:02:16 WIB 2020
WFH Activity : Thu Oct 15 03:02:24 WIB 2020
WFH Activity : Fri Oct 16 03:02:19 WIB 2020
WFH Activity : Sat Oct 17 03:02:21 WIB 2020
WFH Activity : Sun Oct 18 03:02:42 WIB 2020
WFH Activity : Mon Oct 19 03:02:03 WIB 2020
WFH Activity : Tue Oct 20 03:02:33 WIB 2020
WFH Activity : Wed Oct 21 03:02:25 WIB 2020
WFH Activity : Thu Oct 22 03:02:27 WIB 2020
WFH Activity : Fri Oct 23 03:01:50 WIB 2020
WFH Activity : Sat Oct 24 03:02:09 WIB 2020
WFH Activity : Sun Oct 25 03:02:48 WIB 2020
WFH Activity : Mon Oct 26 03:02:00 WIB 2020
WFH Activity : Tue Oct 27 03:02:13 WIB 2020
WFH Activity : Wed Oct 28 03:02:01 WIB 2020
WFH Activity : Thu Oct 29 03:02:28 WIB 2020
WFH Activity : Fri Oct 30 03:00:40 WIB 2020
WFH Activity : Sat Oct 31 03:02:00 WIB 2020
WFH Activity : Sun Nov  1 03:02:13 WIB 2020
WFH Activity : Mon Nov  2 03:01:55 WIB 2020
WFH Activity : Tue Nov  3 03:02:21 WIB 2020
WFH Activity : Wed Nov  4 03:02:06 WIB 2020
WFH Activity : Thu Nov  5 03:01:55 WIB 2020
WFH Activity : Fri Nov  6 03:01:53 WIB 2020
WFH Activity : Sat Nov  7 03:02:14 WIB 2020
WFH Activity : Sun Nov  8 03:02:16 WIB 2020
WFH Activity : Mon Nov  9 03:02:25 WIB 2020
WFH Activity : Tue Nov 10 03:02:45 WIB 2020
WFH Activity : Wed Nov 11 03:02:19 WIB 2020
WFH Activity : Thu Nov 12 03:02:11 WIB 2020
WFH Activity : Fri Nov 13 03:02:05 WIB 2020
WFH Activity : Sat Nov 14 03:02:21 WIB 2020
WFH Activity : Sun Nov 15 03:02:19 WIB 2020
WFH Activity : Mon Nov 16 03:02:13 WIB 2020
WFH Activity : Tue Nov 17 03:02:33 WIB 2020
WFH Activity : Wed Nov 18 03:02:12 WIB 2020
WFH Activity : Thu Nov 19 03:02:06 WIB 2020
WFH Activity : Fri Nov 20 03:02:00 WIB 2020
WFH Activity : Sat Nov 21 03:02:16 WIB 2020
WFH Activity : Sun Nov 22 03:02:21 WIB 2020
WFH Activity : Mon Nov 23 03:02:04 WIB 2020
WFH Activity : Tue Nov 24 03:02:26 WIB 2020
WFH Activity : Wed Nov 25 03:02:18 WIB 2020
WFH Activity : Thu Nov 26 03:02:17 WIB 2020
WFH Activity : Fri Nov 27 03:02:10 WIB 2020
WFH Activity : Sat Nov 28 03:02:46 WIB 2020
WFH Activity : Sun Nov 29 03:02:39 WIB 2020
WFH Activity : Mon Nov 30 03:02:18 WIB 2020
WFH Activity : Tue Dec  1 03:02:33 WIB 2020
WFH Activity : Wed Dec  2 03:02:32 WIB 2020
WFH Activity : Thu Dec  3 03:02:19 WIB 2020
WFH Activity : Fri Dec  4 03:02:07 WIB 2020
WFH Activity : Sat Dec  5 03:02:18 WIB 2020
WFH Activity : Sun Dec  6 03:02:38 WIB 2020
WFH Activity : Mon Dec  7 03:02:20 WIB 2020
WFH Activity : Tue Dec  8 03:02:52 WIB 2020
WFH Activity : Wed Dec  9 03:02:35 WIB 2020
WFH Activity : Thu Dec 10 03:00:57 WIB 2020
WFH Activity : Fri Dec 11 03:02:18 WIB 2020
WFH Activity : Sat Dec 12 03:02:40 WIB 2020
WFH Activity : Sun Dec 13 03:02:42 WIB 2020
WFH Activity : Mon Dec 14 03:02:26 WIB 2020
WFH Activity : Tue Dec 15 03:02:59 WIB 2020
WFH Activity : Wed Dec 16 03:02:47 WIB 2020
WFH Activity : Thu Dec 17 03:02:50 WIB 2020
WFH Activity : Fri Dec 18 03:02:28 WIB 2020
WFH Activity : Sat Dec 19 03:02:41 WIB 2020
WFH Activity : Sun Dec 20 03:02:47 WIB 2020
WFH Activity : Mon Dec 21 03:02:24 WIB 2020
WFH Activity : Tue Dec 22 03:02:52 WIB 2020
WFH Activity : Wed Dec 23 03:02:35 WIB 2020
WFH Activity : Thu Dec 24 03:02:23 WIB 2020
WFH Activity : Fri Dec 25 03:02:28 WIB 2020
WFH Activity : Sat Dec 26 03:00:55 WIB 2020
WFH Activity : Sun Dec 27 03:02:53 WIB 2020
WFH Activity : Mon Dec 28 03:02:42 WIB 2020
WFH Activity : Tue Dec 29 03:03:01 WIB 2020
WFH Activity : Wed Dec 30 03:02:40 WIB 2020
WFH Activity : Thu Dec 31 03:02:27 WIB 2020
WFH Activity : Fri Jan  1 03:02:21 WIB 2021
WFH Activity : Sat Jan  2 03:00:56 WIB 2021
WFH Activity : Sun Jan  3 03:02:59 WIB 2021
WFH Activity : Mon Jan  4 03:02:58 WIB 2021
WFH Activity : Tue Jan  5 03:03:26 WIB 2021
WFH Activity : Wed Jan  6 03:03:13 WIB 2021
WFH Activity : Thu Jan  7 03:03:09 WIB 2021
WFH Activity : Fri Jan  8 03:02:31 WIB 2021
WFH Activity : Sat Jan  9 03:03:18 WIB 2021
WFH Activity : Sun Jan 10 03:03:38 WIB 2021
WFH Activity : Mon Jan 11 03:03:10 WIB 2021
WFH Activity : Tue Jan 12 03:03:46 WIB 2021
WFH Activity : Wed Jan 13 03:03:18 WIB 2021
WFH Activity : Thu Jan 14 03:03:22 WIB 2021
WFH Activity : Fri Jan 15 03:03:00 WIB 2021
WFH Activity : Sat Jan 16 03:03:25 WIB 2021
WFH Activity : Sun Jan 17 03:03:56 WIB 2021
WFH Activity : Mon Jan 18 03:03:10 WIB 2021
WFH Activity : Tue Jan 19 03:03:47 WIB 2021
WFH Activity : Wed Jan 20 03:03:37 WIB 2021
WFH Activity : Thu Jan 21 03:03:59 WIB 2021
WFH Activity : Fri Jan 22 03:03:33 WIB 2021
WFH Activity : Sat Jan 23 03:03:51 WIB 2021
WFH Activity : Sun Jan 24 03:04:24 WIB 2021
WFH Activity : Mon Jan 25 03:04:05 WIB 2021
WFH Activity : Tue Jan 26 03:04:30 WIB 2021
WFH Activity : Wed Jan 27 03:04:14 WIB 2021
WFH Activity : Thu Jan 28 03:04:05 WIB 2021
WFH Activity : Fri Jan 29 03:03:52 WIB 2021
WFH Activity : Sat Jan 30 03:04:27 WIB 2021
WFH Activity : Sun Jan 31 03:04:24 WIB 2021
WFH Activity : Mon Feb  1 03:03:49 WIB 2021
WFH Activity : Tue Feb  2 03:04:30 WIB 2021
WFH Activity : Wed Feb  3 03:04:18 WIB 2021
WFH Activity : Thu Feb  4 03:04:22 WIB 2021
WFH Activity : Fri Feb  5 03:04:24 WIB 2021
WFH Activity : Sat Feb  6 03:04:42 WIB 2021
WFH Activity : Sun Feb  7 03:05:13 WIB 2021
WFH Activity : Mon Feb  8 03:04:29 WIB 2021
WFH Activity : Tue Feb  9 03:04:58 WIB 2021
WFH Activity : Wed Feb 10 03:04:43 WIB 2021
WFH Activity : Thu Feb 11 03:04:38 WIB 2021
WFH Activity : Fri Feb 12 03:04:22 WIB 2021
WFH Activity : Sat Feb 13 03:01:40 WIB 2021
WFH Activity : Sun Feb 14 03:05:26 WIB 2021
WFH Activity : Mon Feb 15 03:04:18 WIB 2021
WFH Activity : Tue Feb 16 03:05:01 WIB 2021
WFH Activity : Wed Feb 17 03:04:34 WIB 2021
WFH Activity : Thu Feb 18 03:04:58 WIB 2021
WFH Activity : Fri Feb 19 03:04:20 WIB 2021
WFH Activity : Sat Feb 20 03:05:01 WIB 2021
WFH Activity : Sun Feb 21 03:05:04 WIB 2021
WFH Activity : Mon Feb 22 03:05:20 WIB 2021
WFH Activity : Tue Feb 23 03:05:27 WIB 2021
WFH Activity : Wed Feb 24 03:04:29 WIB 2021
WFH Activity : Thu Feb 25 03:04:43 WIB 2021
WFH Activity : Fri Feb 26 03:04:48 WIB 2021
WFH Activity : Sat Feb 27 03:05:36 WIB 2021
WFH Activity : Sun Feb 28 03:05:43 WIB 2021
WFH Activity : Mon Mar  1 03:05:03 WIB 2021
WFH Activity : Tue Mar  2 03:05:40 WIB 2021
WFH Activity : Wed Mar  3 03:05:23 WIB 2021
WFH Activity : Thu Mar  4 03:05:43 WIB 2021
WFH Activity : Fri Mar  5 03:05:25 WIB 2021
WFH Activity : Sat Mar  6 03:06:03 WIB 2021
WFH Activity : Sun Mar  7 03:06:02 WIB 2021
WFH Activity : Mon Mar  8 03:05:09 WIB 2021
WFH Activity : Tue Mar  9 03:06:14 WIB 2021
WFH Activity : Wed Mar 10 03:05:48 WIB 2021
WFH Activity : Thu Mar 11 03:05:25 WIB 2021
WFH Activity : Fri Mar 12 03:02:08 WIB 2021
WFH Activity : Sat Mar 13 03:04:18 WIB 2021
WFH Activity : Sun Mar 14 03:04:40 WIB 2021
WFH Activity : Mon Mar 15 03:03:51 WIB 2021
WFH Activity : Tue Mar 16 03:04:58 WIB 2021
WFH Activity : Wed Mar 17 03:04:43 WIB 2021
WFH Activity : Thu Mar 18 03:05:38 WIB 2021
WFH Activity : Fri Mar 19 03:05:18 WIB 2021
WFH Activity : Sat Mar 20 03:05:14 WIB 2021
WFH Activity : Sun Mar 21 03:05:19 WIB 2021
WFH Activity : Mon Mar 22 03:05:27 WIB 2021
WFH Activity : Tue Mar 23 03:06:04 WIB 2021
WFH Activity : Wed Mar 24 03:04:46 WIB 2021
WFH Activity : Thu Mar 25 03:04:49 WIB 2021
WFH Activity : Fri Mar 26 03:04:34 WIB 2021
WFH Activity : Sat Mar 27 03:04:48 WIB 2021
WFH Activity : Sun Mar 28 03:04:22 WIB 2021
WFH Activity : Mon Mar 29 03:04:01 WIB 2021
WFH Activity : Tue Mar 30 03:04:33 WIB 2021
WFH Activity : Wed Mar 31 03:03:59 WIB 2021
WFH Activity : Thu Apr  1 03:04:12 WIB 2021
WFH Activity : Fri Apr  2 03:05:30 WIB 2021
WFH Activity : Sat Apr  3 03:02:17 WIB 2021
WFH Activity : Sun Apr  4 03:06:13 WIB 2021
WFH Activity : Mon Apr  5 03:05:12 WIB 2021
WFH Activity : Tue Apr  6 03:05:57 WIB 2021
WFH Activity : Wed Apr  7 03:06:08 WIB 2021
WFH Activity : Thu Apr  8 03:05:40 WIB 2021
WFH Activity : Fri Apr  9 03:05:49 WIB 2021
WFH Activity : Sat Apr 10 03:05:47 WIB 2021
WFH Activity : Sun Apr 11 03:06:03 WIB 2021
WFH Activity : Mon Apr 12 03:05:30 WIB 2021
WFH Activity : Tue Apr 13 03:06:01 WIB 2021
WFH Activity : Wed Apr 14 03:05:54 WIB 2021
WFH Activity : Thu Apr 15 03:06:05 WIB 2021
WFH Activity : Fri Apr 16 03:06:06 WIB 2021
WFH Activity : Sat Apr 17 03:05:37 WIB 2021
WFH Activity : Sun Apr 18 03:05:22 WIB 2021
WFH Activity : Mon Apr 19 03:05:28 WIB 2021
WFH Activity : Tue Apr 20 03:05:31 WIB 2021
WFH Activity : Wed Apr 21 03:05:24 WIB 2021
WFH Activity : Thu Apr 22 03:05:02 WIB 2021
WFH Activity : Fri Apr 23 03:05:19 WIB 2021
WFH Activity : Sat Apr 24 03:05:21 WIB 2021
WFH Activity : Sun Apr 25 03:05:44 WIB 2021
WFH Activity : Mon Apr 26 03:05:29 WIB 2021
WFH Activity : Tue Apr 27 03:05:28 WIB 2021
WFH Activity : Wed Apr 28 03:05:10 WIB 2021
WFH Activity : Thu Apr 29 03:05:14 WIB 2021
WFH Activity : Fri Apr 30 03:05:38 WIB 2021
WFH Activity : Sat May  1 03:05:32 WIB 2021
WFH Activity : Sun May  2 03:05:12 WIB 2021
WFH Activity : Mon May  3 03:06:26 WIB 2021
WFH Activity : Tue May  4 03:05:57 WIB 2021
WFH Activity : Wed May  5 03:06:04 WIB 2021
WFH Activity : Thu May  6 03:05:42 WIB 2021
WFH Activity : Fri May  7 03:05:24 WIB 2021
WFH Activity : Sat May  8 03:05:50 WIB 2021
WFH Activity : Sun May  9 03:05:50 WIB 2021
WFH Activity : Mon May 10 03:05:34 WIB 2021
WFH Activity : Tue May 11 03:03:45 WIB 2021
WFH Activity : Wed May 12 03:03:49 WIB 2021
WFH Activity : Thu May 13 03:02:26 WIB 2021
WFH Activity : Fri May 14 03:02:20 WIB 2021
WFH Activity : Sat May 15 03:02:24 WIB 2021
WFH Activity : Sun May 16 03:02:23 WIB 2021
WFH Activity : Mon May 17 03:02:42 WIB 2021
WFH Activity : Tue May 18 03:03:48 WIB 2021
WFH Activity : Wed May 19 03:03:50 WIB 2021
WFH Activity : Thu May 20 03:03:29 WIB 2021
WFH Activity : Fri May 21 03:06:31 WIB 2021
WFH Activity : Sat May 22 03:06:11 WIB 2021
WFH Activity : Sun May 23 03:06:37 WIB 2021
WFH Activity : Mon May 24 03:06:04 WIB 2021
WFH Activity : Tue May 25 03:05:43 WIB 2021
WFH Activity : Wed May 26 03:06:12 WIB 2021
WFH Activity : Thu May 27 03:02:49 WIB 2021
WFH Activity : Fri May 28 03:06:02 WIB 2021
WFH Activity : Sat May 29 03:06:11 WIB 2021
WFH Activity : Sun May 30 03:05:47 WIB 2021
WFH Activity : Mon May 31 03:07:01 WIB 2021
WFH Activity : Tue Jun  1 03:05:35 WIB 2021
WFH Activity : Wed Jun  2 03:03:14 WIB 2021
WFH Activity : Thu Jun  3 03:05:36 WIB 2021
WFH Activity : Fri Jun  4 03:05:25 WIB 2021
WFH Activity : Sat Jun  5 03:05:38 WIB 2021
WFH Activity : Sun Jun  6 03:06:06 WIB 2021
WFH Activity : Mon Jun  7 03:05:17 WIB 2021
WFH Activity : Tue Jun  8 03:05:35 WIB 2021
WFH Activity : Wed Jun  9 03:05:29 WIB 2021
WFH Activity : Thu Jun 10 03:06:35 WIB 2021
WFH Activity : Fri Jun 11 03:06:29 WIB 2021
WFH Activity : Sat Jun 12 03:06:39 WIB 2021
WFH Activity : Sun Jun 13 03:07:25 WIB 2021
WFH Activity : Mon Jun 14 03:06:35 WIB 2021
WFH Activity : Tue Jun 15 03:07:27 WIB 2021
WFH Activity : Wed Jun 16 03:07:01 WIB 2021
WFH Activity : Thu Jun 17 03:06:45 WIB 2021
WFH Activity : Fri Jun 18 03:06:18 WIB 2021
WFH Activity : Sat Jun 19 03:07:02 WIB 2021
WFH Activity : Sun Jun 20 03:06:55 WIB 2021
WFH Activity : Mon Jun 21 03:06:33 WIB 2021
WFH Activity : Tue Jun 22 03:07:06 WIB 2021
WFH Activity : Wed Jun 23 03:06:19 WIB 2021
WFH Activity : Thu Jun 24 03:06:52 WIB 2021
WFH Activity : Fri Jun 25 03:06:03 WIB 2021
WFH Activity : Sat Jun 26 03:06:52 WIB 2021
WFH Activity : Sun Jun 27 03:07:11 WIB 2021
WFH Activity : Mon Jun 28 03:06:39 WIB 2021
WFH Activity : Tue Jun 29 03:06:46 WIB 2021
WFH Activity : Wed Jun 30 03:06:20 WIB 2021
WFH Activity : Thu Jul  1 03:06:29 WIB 2021
WFH Activity : Fri Jul  2 03:07:05 WIB 2021
WFH Activity : Sat Jul  3 03:06:44 WIB 2021
WFH Activity : Sun Jul  4 03:06:43 WIB 2021
WFH Activity : Mon Jul  5 03:06:57 WIB 2021
WFH Activity : Tue Jul  6 03:07:32 WIB 2021
WFH Activity : Wed Jul  7 03:06:58 WIB 2021
WFH Activity : Thu Jul  8 03:07:04 WIB 2021
WFH Activity : Fri Jul  9 03:06:52 WIB 2021
WFH Activity : Sat Jul 10 03:07:14 WIB 2021
WFH Activity : Sun Jul 11 03:07:06 WIB 2021
WFH Activity : Mon Jul 12 03:06:32 WIB 2021
WFH Activity : Tue Jul 13 03:07:12 WIB 2021
WFH Activity : Wed Jul 14 03:06:51 WIB 2021
WFH Activity : Thu Jul 15 03:06:55 WIB 2021
WFH Activity : Fri Jul 16 03:06:24 WIB 2021
WFH Activity : Sat Jul 17 03:06:52 WIB 2021
WFH Activity : Sun Jul 18 03:07:29 WIB 2021
WFH Activity : Mon Jul 19 03:06:52 WIB 2021
WFH Activity : Tue Jul 20 03:07:21 WIB 2021
WFH Activity : Wed Jul 21 03:02:50 WIB 2021
WFH Activity : Thu Jul 22 03:07:53 WIB 2021
WFH Activity : Fri Jul 23 03:07:05 WIB 2021
WFH Activity : Sat Jul 24 03:07:25 WIB 2021
WFH Activity : Sun Jul 25 03:07:57 WIB 2021
WFH Activity : Mon Jul 26 03:07:19 WIB 2021
WFH Activity : Tue Jul 27 03:08:17 WIB 2021
WFH Activity : Wed Jul 28 03:07:24 WIB 2021
WFH Activity : Thu Jul 29 03:07:53 WIB 2021
WFH Activity : Fri Jul 30 03:07:27 WIB 2021
WFH Activity : Sat Jul 31 03:07:59 WIB 2021
WFH Activity : Sun Aug  1 03:07:56 WIB 2021
WFH Activity : Mon Aug  2 03:07:27 WIB 2021
WFH Activity : Tue Aug  3 03:07:46 WIB 2021
WFH Activity : Wed Aug  4 03:07:36 WIB 2021
WFH Activity : Thu Aug  5 03:07:31 WIB 2021
WFH Activity : Fri Aug  6 03:07:42 WIB 2021
WFH Activity : Sat Aug  7 03:07:28 WIB 2021
WFH Activity : Sun Aug  8 03:07:09 WIB 2021
WFH Activity : Mon Aug  9 03:07:24 WIB 2021
WFH Activity : Tue Aug 10 03:07:38 WIB 2021
WFH Activity : Wed Aug 11 03:07:37 WIB 2021
WFH Activity : Thu Aug 12 03:03:00 WIB 2021
WFH Activity : Fri Aug 13 03:06:33 WIB 2021
WFH Activity : Sat Aug 14 03:07:41 WIB 2021
WFH Activity : Sun Aug 15 03:08:08 WIB 2021
WFH Activity : Mon Aug 16 03:06:55 WIB 2021
WFH Activity : Tue Aug 17 03:08:12 WIB 2021
WFH Activity : Wed Aug 18 03:02:51 WIB 2021
WFH Activity : Thu Aug 19 03:08:00 WIB 2021
WFH Activity : Fri Aug 20 03:08:04 WIB 2021
WFH Activity : Sat Aug 21 03:07:53 WIB 2021
WFH Activity : Sun Aug 22 03:07:09 WIB 2021
WFH Activity : Mon Aug 23 03:07:29 WIB 2021
WFH Activity : Tue Aug 24 03:08:12 WIB 2021
WFH Activity : Wed Aug 25 03:07:54 WIB 2021
WFH Activity : Thu Aug 26 03:08:02 WIB 2021
WFH Activity : Fri Aug 27 03:07:49 WIB 2021
WFH Activity : Sat Aug 28 03:07:36 WIB 2021
WFH Activity : Sun Aug 29 03:07:45 WIB 2021
WFH Activity : Mon Aug 30 03:08:37 WIB 2021
WFH Activity : Tue Aug 31 03:08:08 WIB 2021
WFH Activity : Wed Sep  1 03:07:55 WIB 2021
WFH Activity : Thu Sep  2 03:07:34 WIB 2021
WFH Activity : Fri Sep  3 03:07:33 WIB 2021
WFH Activity : Sat Sep  4 03:08:09 WIB 2021
WFH Activity : Sun Sep  5 03:07:53 WIB 2021
WFH Activity : Mon Sep  6 03:07:14 WIB 2021
WFH Activity : Tue Sep  7 03:08:06 WIB 2021
WFH Activity : Wed Sep  8 03:09:22 WIB 2021
WFH Activity : Thu Sep  9 03:07:17 WIB 2021
WFH Activity : Fri Sep 10 03:07:18 WIB 2021
WFH Activity : Sat Sep 11 03:08:30 WIB 2021
WFH Activity : Sun Sep 12 03:08:14 WIB 2021
WFH Activity : Mon Sep 13 03:07:01 WIB 2021
WFH Activity : Tue Sep 14 03:08:03 WIB 2021
WFH Activity : Wed Sep 15 03:07:59 WIB 2021
WFH Activity : Thu Sep 16 03:07:30 WIB 2021
WFH Activity : Fri Sep 17 03:06:53 WIB 2021
WFH Activity : Sat Sep 18 03:07:41 WIB 2021
WFH Activity : Sun Sep 19 03:08:45 WIB 2021
WFH Activity : Mon Sep 20 03:07:36 WIB 2021
WFH Activity : Tue Sep 21 03:08:36 WIB 2021
WFH Activity : Wed Sep 22 03:07:46 WIB 2021
WFH Activity : Thu Sep 23 03:08:08 WIB 2021
WFH Activity : Fri Sep 24 03:07:41 WIB 2021
WFH Activity : Sat Sep 25 03:08:31 WIB 2021
WFH Activity : Sun Sep 26 03:08:21 WIB 2021
WFH Activity : Mon Sep 27 03:07:13 WIB 2021
WFH Activity : Tue Sep 28 03:08:21 WIB 2021
WFH Activity : Wed Sep 29 03:07:22 WIB 2021
WFH Activity : Thu Sep 30 03:07:49 WIB 2021
WFH Activity : Fri Oct  1 03:07:19 WIB 2021
WFH Activity : Sat Oct  2 03:08:32 WIB 2021
WFH Activity : Sun Oct  3 03:08:23 WIB 2021
WFH Activity : Mon Oct  4 03:07:21 WIB 2021
WFH Activity : Tue Oct  5 03:07:42 WIB 2021
WFH Activity : Wed Oct  6 03:07:27 WIB 2021
WFH Activity : Thu Oct  7 03:07:26 WIB 2021
WFH Activity : Fri Oct  8 03:07:50 WIB 2021
WFH Activity : Sat Oct  9 03:08:12 WIB 2021
WFH Activity : Sun Oct 10 03:07:49 WIB 2021
WFH Activity : Mon Oct 11 03:07:29 WIB 2021
WFH Activity : Tue Oct 12 03:07:39 WIB 2021
WFH Activity : Wed Oct 13 03:07:53 WIB 2021
WFH Activity : Thu Oct 14 03:06:54 WIB 2021
WFH Activity : Fri Oct 15 03:07:38 WIB 2021
WFH Activity : Sat Oct 16 03:08:26 WIB 2021
WFH Activity : Sun Oct 17 03:08:09 WIB 2021
WFH Activity : Mon Oct 18 03:07:26 WIB 2021
WFH Activity : Tue Oct 19 03:07:53 WIB 2021
WFH Activity : Wed Oct 20 03:07:22 WIB 2021
WFH Activity : Thu Oct 21 03:03:31 WIB 2021
WFH Activity : Fri Oct 22 03:07:47 WIB 2021
WFH Activity : Sat Oct 23 03:07:11 WIB 2021
WFH Activity : Sun Oct 24 03:09:38 WIB 2021
WFH Activity : Mon Oct 25 03:08:20 WIB 2021
WFH Activity : Tue Oct 26 03:07:51 WIB 2021
WFH Activity : Wed Oct 27 03:08:00 WIB 2021
WFH Activity : Thu Oct 28 03:07:27 WIB 2021
WFH Activity : Fri Oct 29 03:06:47 WIB 2021
WFH Activity : Sat Oct 30 03:08:11 WIB 2021
WFH Activity : Sun Oct 31 03:08:09 WIB 2021
WFH Activity : Mon Nov  1 03:06:58 WIB 2021
WFH Activity : Tue Nov  2 03:07:54 WIB 2021
WFH Activity : Wed Nov  3 03:07:14 WIB 2021
WFH Activity : Thu Nov  4 03:07:24 WIB 2021
WFH Activity : Fri Nov  5 03:07:34 WIB 2021
WFH Activity : Sat Nov  6 03:07:37 WIB 2021
WFH Activity : Sun Nov  7 03:07:44 WIB 2021
WFH Activity : Mon Nov  8 03:07:38 WIB 2021
WFH Activity : Tue Nov  9 03:08:01 WIB 2021
WFH Activity : Wed Nov 10 03:07:27 WIB 2021
WFH Activity : Thu Nov 11 03:08:10 WIB 2021
WFH Activity : Fri Nov 12 03:07:23 WIB 2021
WFH Activity : Sat Nov 13 03:07:47 WIB 2021
WFH Activity : Sun Nov 14 03:08:04 WIB 2021
WFH Activity : Mon Nov 15 03:07:10 WIB 2021
WFH Activity : Tue Nov 16 03:08:04 WIB 2021
WFH Activity : Wed Nov 17 03:07:33 WIB 2021
WFH Activity : Thu Nov 18 03:08:02 WIB 2021
WFH Activity : Fri Nov 19 03:07:41 WIB 2021
WFH Activity : Sat Nov 20 03:07:22 WIB 2021
WFH Activity : Sun Nov 21 03:07:55 WIB 2021
WFH Activity : Mon Nov 22 03:06:42 WIB 2021
WFH Activity : Tue Nov 23 03:08:07 WIB 2021
WFH Activity : Wed Nov 24 03:07:47 WIB 2021
WFH Activity : Thu Nov 25 03:07:52 WIB 2021
WFH Activity : Fri Nov 26 03:07:45 WIB 2021
WFH Activity : Sat Nov 27 03:08:02 WIB 2021
WFH Activity : Sun Nov 28 03:08:21 WIB 2021
WFH Activity : Mon Nov 29 03:06:20 WIB 2021
WFH Activity : Tue Nov 30 03:07:44 WIB 2021
WFH Activity : Wed Dec  1 03:08:03 WIB 2021
WFH Activity : Thu Dec  2 03:07:33 WIB 2021
WFH Activity : Fri Dec  3 03:06:46 WIB 2021
WFH Activity : Sat Dec  4 03:07:37 WIB 2021
WFH Activity : Sun Dec  5 03:08:10 WIB 2021
WFH Activity : Mon Dec  6 03:07:20 WIB 2021
WFH Activity : Tue Dec  7 03:08:15 WIB 2021
WFH Activity : Wed Dec  8 03:07:35 WIB 2021
WFH Activity : Thu Dec  9 03:08:37 WIB 2021
WFH Activity : Fri Dec 10 03:08:26 WIB 2021
WFH Activity : Sat Dec 11 03:07:43 WIB 2021
WFH Activity : Sun Dec 12 03:08:31 WIB 2021
WFH Activity : Mon Dec 13 03:06:30 WIB 2021
WFH Activity : Tue Dec 14 03:08:51 WIB 2021
WFH Activity : Wed Dec 15 03:07:55 WIB 2021
WFH Activity : Thu Dec 16 03:08:13 WIB 2021
WFH Activity : Fri Dec 17 03:07:48 WIB 2021
WFH Activity : Sat Dec 18 03:08:47 WIB 2021
WFH Activity : Sun Dec 19 03:08:54 WIB 2021
WFH Activity : Mon Dec 20 03:06:37 WIB 2021
WFH Activity : Tue Dec 21 03:08:12 WIB 2021
WFH Activity : Wed Dec 22 03:08:20 WIB 2021
WFH Activity : Thu Dec 23 03:08:15 WIB 2021
WFH Activity : Fri Dec 24 03:07:48 WIB 2021
WFH Activity : Sat Dec 25 03:08:24 WIB 2021
WFH Activity : Sun Dec 26 03:03:57 WIB 2021
WFH Activity : Mon Dec 27 03:06:58 WIB 2021
WFH Activity : Tue Dec 28 03:08:16 WIB 2021
WFH Activity : Wed Dec 29 03:08:12 WIB 2021
WFH Activity : Thu Dec 30 03:08:09 WIB 2021
WFH Activity : Fri Dec 31 03:08:27 WIB 2021
WFH Activity : Sat Jan  1 03:08:08 WIB 2022
WFH Activity : Sun Jan  2 03:03:55 WIB 2022
WFH Activity : Mon Jan  3 03:06:38 WIB 2022
WFH Activity : Tue Jan  4 03:09:03 WIB 2022
WFH Activity : Wed Jan  5 03:07:54 WIB 2022
WFH Activity : Thu Jan  6 03:08:38 WIB 2022
WFH Activity : Fri Jan  7 03:08:38 WIB 2022
WFH Activity : Sat Jan  8 03:08:14 WIB 2022
WFH Activity : Sun Jan  9 03:08:24 WIB 2022
WFH Activity : Mon Jan 10 03:06:54 WIB 2022
WFH Activity : Tue Jan 11 03:09:08 WIB 2022
WFH Activity : Wed Jan 12 03:08:27 WIB 2022
WFH Activity : Thu Jan 13 03:09:02 WIB 2022
WFH Activity : Fri Jan 14 03:08:30 WIB 2022
WFH Activity : Sat Jan 15 03:07:48 WIB 2022
WFH Activity : Sun Jan 16 03:08:23 WIB 2022
WFH Activity : Mon Jan 17 03:07:27 WIB 2022
WFH Activity : Tue Jan 18 03:08:24 WIB 2022
WFH Activity : Wed Jan 19 03:08:29 WIB 2022
WFH Activity : Thu Jan 20 03:08:59 WIB 2022
WFH Activity : Fri Jan 21 03:08:59 WIB 2022
WFH Activity : Sat Jan 22 03:09:31 WIB 2022
WFH Activity : Sun Jan 23 03:08:54 WIB 2022
WFH Activity : Mon Jan 24 03:07:32 WIB 2022
WFH Activity : Tue Jan 25 03:09:10 WIB 2022
WFH Activity : Wed Jan 26 03:09:33 WIB 2022
WFH Activity : Thu Jan 27 03:08:24 WIB 2022
WFH Activity : Fri Jan 28 03:09:03 WIB 2022
WFH Activity : Sat Jan 29 03:10:01 WIB 2022
WFH Activity : Sun Jan 30 03:09:56 WIB 2022
WFH Activity : Mon Jan 31 03:07:26 WIB 2022
WFH Activity : Tue Feb  1 03:08:58 WIB 2022
WFH Activity : Wed Feb  2 03:05:26 WIB 2022
WFH Activity : Thu Feb  3 03:09:18 WIB 2022
WFH Activity : Fri Feb  4 03:08:49 WIB 2022
WFH Activity : Sat Feb  5 03:08:52 WIB 2022
WFH Activity : Sun Feb  6 03:08:53 WIB 2022
WFH Activity : Mon Feb  7 03:07:40 WIB 2022
WFH Activity : Tue Feb  8 03:10:07 WIB 2022
WFH Activity : Wed Feb  9 03:08:25 WIB 2022
WFH Activity : Thu Feb 10 03:09:19 WIB 2022
WFH Activity : Fri Feb 11 03:08:00 WIB 2022
WFH Activity : Sat Feb 12 03:09:45 WIB 2022
WFH Activity : Sun Feb 13 03:10:00 WIB 2022
WFH Activity : Mon Feb 14 03:08:02 WIB 2022
WFH Activity : Tue Feb 15 03:09:35 WIB 2022
WFH Activity : Wed Feb 16 03:08:42 WIB 2022
WFH Activity : Thu Feb 17 03:08:37 WIB 2022
WFH Activity : Fri Feb 18 03:09:31 WIB 2022
WFH Activity : Sat Feb 19 03:09:24 WIB 2022
WFH Activity : Sun Feb 20 03:09:50 WIB 2022
WFH Activity : Mon Feb 21 03:07:47 WIB 2022
WFH Activity : Tue Feb 22 03:09:05 WIB 2022
WFH Activity : Wed Feb 23 03:09:20 WIB 2022
WFH Activity : Thu Feb 24 03:09:14 WIB 2022
WFH Activity : Fri Feb 25 03:09:28 WIB 2022
WFH Activity : Sat Feb 26 03:08:39 WIB 2022
WFH Activity : Sun Feb 27 03:09:27 WIB 2022
WFH Activity : Mon Feb 28 03:07:47 WIB 2022
WFH Activity : Tue Mar  1 03:04:59 WIB 2022
WFH Activity : Wed Mar  2 03:09:13 WIB 2022
WFH Activity : Thu Mar  3 03:08:39 WIB 2022
WFH Activity : Fri Mar  4 03:05:15 WIB 2022
WFH Activity : Sat Mar  5 03:08:22 WIB 2022
WFH Activity : Sun Mar  6 03:09:14 WIB 2022
WFH Activity : Mon Mar  7 03:07:08 WIB 2022
WFH Activity : Tue Mar  8 03:09:37 WIB 2022
WFH Activity : Wed Mar  9 03:08:58 WIB 2022
WFH Activity : Thu Mar 10 03:09:16 WIB 2022
WFH Activity : Fri Mar 11 03:08:51 WIB 2022
WFH Activity : Sat Mar 12 03:09:20 WIB 2022
WFH Activity : Sun Mar 13 03:09:18 WIB 2022
WFH Activity : Mon Mar 14 03:07:09 WIB 2022
WFH Activity : Tue Mar 15 03:09:18 WIB 2022
WFH Activity : Wed Mar 16 03:08:59 WIB 2022
WFH Activity : Thu Mar 17 03:08:39 WIB 2022
WFH Activity : Fri Mar 18 03:09:13 WIB 2022
WFH Activity : Sat Mar 19 03:08:05 WIB 2022
WFH Activity : Sun Mar 20 03:08:28 WIB 2022
WFH Activity : Mon Mar 21 03:07:05 WIB 2022
WFH Activity : Tue Mar 22 03:09:22 WIB 2022
WFH Activity : Wed Mar 23 03:09:11 WIB 2022
WFH Activity : Thu Mar 24 03:08:34 WIB 2022
WFH Activity : Fri Mar 25 03:08:43 WIB 2022
WFH Activity : Sat Mar 26 03:08:50 WIB 2022
WFH Activity : Sun Mar 27 03:09:05 WIB 2022
WFH Activity : Mon Mar 28 03:07:25 WIB 2022
WFH Activity : Tue Mar 29 03:08:15 WIB 2022
WFH Activity : Wed Mar 30 03:08:40 WIB 2022
WFH Activity : Thu Mar 31 03:08:20 WIB 2022
WFH Activity : Fri Apr  1 03:07:11 WIB 2022
WFH Activity : Sat Apr  2 03:07:27 WIB 2022
WFH Activity : Sun Apr  3 03:09:01 WIB 2022
WFH Activity : Mon Apr  4 03:08:25 WIB 2022
WFH Activity : Tue Apr  5 03:08:49 WIB 2022
WFH Activity : Wed Apr  6 03:09:00 WIB 2022
WFH Activity : Thu Apr  7 03:08:45 WIB 2022
WFH Activity : Fri Apr  8 03:07:51 WIB 2022
WFH Activity : Sat Apr  9 03:08:12 WIB 2022
WFH Activity : Sun Apr 10 03:08:50 WIB 2022
WFH Activity : Mon Apr 11 03:07:49 WIB 2022
WFH Activity : Tue Apr 12 03:08:12 WIB 2022
WFH Activity : Wed Apr 13 03:08:24 WIB 2022
WFH Activity : Thu Apr 14 03:08:50 WIB 2022
WFH Activity : Fri Apr 15 03:08:16 WIB 2022
WFH Activity : Sat Apr 16 03:05:39 WIB 2022
WFH Activity : Sun Apr 17 03:08:51 WIB 2022
WFH Activity : Mon Apr 18 03:07:53 WIB 2022
WFH Activity : Tue Apr 19 03:07:49 WIB 2022
WFH Activity : Wed Apr 20 03:08:38 WIB 2022
WFH Activity : Thu Apr 21 03:07:33 WIB 2022
WFH Activity : Fri Apr 22 03:08:08 WIB 2022
WFH Activity : Sat Apr 23 03:08:29 WIB 2022
WFH Activity : Sun Apr 24 03:08:10 WIB 2022
WFH Activity : Mon Apr 25 03:07:14 WIB 2022
WFH Activity : Tue Apr 26 03:07:51 WIB 2022
WFH Activity : Wed Apr 27 03:08:29 WIB 2022
WFH Activity : Thu Apr 28 03:08:17 WIB 2022
WFH Activity : Fri Apr 29 03:08:19 WIB 2022
WFH Activity : Sat Apr 30 03:06:05 WIB 2022
WFH Activity : Sun May  1 03:04:45 WIB 2022
WFH Activity : Mon May  2 03:04:20 WIB 2022
WFH Activity : Tue May  3 03:04:49 WIB 2022
WFH Activity : Wed May  4 03:04:50 WIB 2022
WFH Activity : Thu May  5 03:04:49 WIB 2022
WFH Activity : Fri May  6 03:05:08 WIB 2022
WFH Activity : Sat May  7 03:05:46 WIB 2022
WFH Activity : Sun May  8 03:05:44 WIB 2022
WFH Activity : Mon May  9 03:05:38 WIB 2022
WFH Activity : Tue May 10 03:07:41 WIB 2022
WFH Activity : Wed May 11 03:07:33 WIB 2022
WFH Activity : Thu May 12 03:07:33 WIB 2022
WFH Activity : Fri May 13 03:07:18 WIB 2022
WFH Activity : Sat May 14 03:07:40 WIB 2022
WFH Activity : Sun May 15 03:08:20 WIB 2022
WFH Activity : Mon May 16 03:07:19 WIB 2022
WFH Activity : Tue May 17 03:05:43 WIB 2022
WFH Activity : Wed May 18 03:08:02 WIB 2022
WFH Activity : Thu May 19 03:07:54 WIB 2022
WFH Activity : Fri May 20 03:08:03 WIB 2022
WFH Activity : Sat May 21 03:08:12 WIB 2022
WFH Activity : Sun May 22 03:08:01 WIB 2022
WFH Activity : Mon May 23 03:07:29 WIB 2022
WFH Activity : Tue May 24 03:08:17 WIB 2022
WFH Activity : Wed May 25 03:07:37 WIB 2022
WFH Activity : Thu May 26 03:07:29 WIB 2022
WFH Activity : Fri May 27 03:05:23 WIB 2022
WFH Activity : Sat May 28 03:07:37 WIB 2022
WFH Activity : Sun May 29 03:10:17 WIB 2022
WFH Activity : Mon May 30 03:09:01 WIB 2022
WFH Activity : Tue May 31 03:10:07 WIB 2022
WFH Activity : Wed Jun  1 03:09:31 WIB 2022
WFH Activity : Thu Jun  2 03:05:39 WIB 2022
WFH Activity : Fri Jun  3 03:09:58 WIB 2022
WFH Activity : Sat Jun  4 03:09:10 WIB 2022
WFH Activity : Sun Jun  5 03:09:17 WIB 2022
WFH Activity : Mon Jun  6 03:08:06 WIB 2022
WFH Activity : Tue Jun  7 03:09:28 WIB 2022
WFH Activity : Wed Jun  8 03:09:23 WIB 2022
WFH Activity : Thu Jun  9 03:09:46 WIB 2022
WFH Activity : Fri Jun 10 03:10:25 WIB 2022
WFH Activity : Sat Jun 11 03:10:04 WIB 2022
WFH Activity : Sun Jun 12 03:09:37 WIB 2022
WFH Activity : Mon Jun 13 03:08:09 WIB 2022
WFH Activity : Tue Jun 14 03:10:37 WIB 2022
WFH Activity : Wed Jun 15 03:09:58 WIB 2022
WFH Activity : Thu Jun 16 03:08:45 WIB 2022
WFH Activity : Fri Jun 17 03:09:20 WIB 2022
WFH Activity : Sat Jun 18 03:08:55 WIB 2022
WFH Activity : Sun Jun 19 03:09:12 WIB 2022
WFH Activity : Mon Jun 20 03:08:12 WIB 2022
WFH Activity : Tue Jun 21 03:09:48 WIB 2022
WFH Activity : Wed Jun 22 03:09:13 WIB 2022
WFH Activity : Thu Jun 23 03:09:13 WIB 2022
WFH Activity : Fri Jun 24 03:09:16 WIB 2022
WFH Activity : Sat Jun 25 03:09:45 WIB 2022
WFH Activity : Sun Jun 26 03:08:42 WIB 2022
WFH Activity : Mon Jun 27 03:08:21 WIB 2022
WFH Activity : Tue Jun 28 03:09:09 WIB 2022
WFH Activity : Wed Jun 29 03:08:51 WIB 2022
WFH Activity : Thu Jun 30 03:09:02 WIB 2022
WFH Activity : Fri Jul  1 03:08:44 WIB 2022
WFH Activity : Sat Jul  2 03:09:30 WIB 2022
WFH Activity : Sun Jul  3 03:08:41 WIB 2022
WFH Activity : Mon Jul  4 03:08:18 WIB 2022
WFH Activity : Tue Jul  5 03:08:44 WIB 2022
WFH Activity : Wed Jul  6 03:09:01 WIB 2022
WFH Activity : Thu Jul  7 03:08:27 WIB 2022
WFH Activity : Fri Jul  8 03:07:53 WIB 2022
WFH Activity : Sat Jul  9 03:08:53 WIB 2022
WFH Activity : Sun Jul 10 03:08:25 WIB 2022
WFH Activity : Mon Jul 11 03:05:27 WIB 2022
WFH Activity : Tue Jul 12 03:08:05 WIB 2022
WFH Activity : Wed Jul 13 03:08:29 WIB 2022
