Cron Reward CS : Fri Nov  2 04:00:11 WIB 2018
Cron Reward CS : Sat Nov  3 04:00:11 WIB 2018
Cron Reward CS : Sun Nov  4 04:00:11 WIB 2018
Cron Reward CS : Mon Nov  5 04:00:10 WIB 2018
Cron Reward CS : Tue Nov  6 04:00:11 WIB 2018
Cron Reward CS : Wed Nov  7 04:00:06 WIB 2018
Cron Reward CS : Thu Nov  8 04:00:11 WIB 2018
Cron Reward CS : Fri Nov  9 04:00:06 WIB 2018
Cron Reward CS : Sat Nov 10 04:00:11 WIB 2018
Cron Reward CS : Sun Nov 11 04:00:11 WIB 2018
Cron Reward CS : Mon Nov 12 04:00:10 WIB 2018
Cron Reward CS : Tue Nov 13 04:00:12 WIB 2018
Cron Reward CS : Wed Nov 14 04:00:11 WIB 2018
Cron Reward CS : Thu Nov 15 04:00:11 WIB 2018
Cron Reward CS : Fri Nov 16 04:00:12 WIB 2018
Cron Reward CS : Sat Nov 17 04:00:13 WIB 2018
Cron Reward CS : Sun Nov 18 04:00:07 WIB 2018
Cron Reward CS : Mon Nov 19 04:00:11 WIB 2018
Cron Reward CS : Tue Nov 20 04:00:12 WIB 2018
Cron Reward CS : Wed Nov 21 04:00:10 WIB 2018
Cron Reward CS : Thu Nov 22 04:00:14 WIB 2018
Cron Reward CS : Fri Nov 23 04:00:11 WIB 2018
Cron Reward CS : Sat Nov 24 04:00:12 WIB 2018
Cron Reward CS : Sun Nov 25 04:00:06 WIB 2018
Cron Reward CS : Mon Nov 26 04:00:10 WIB 2018
Cron Reward CS : Tue Nov 27 04:00:11 WIB 2018
Cron Reward CS : Wed Nov 28 04:00:11 WIB 2018
Cron Reward CS : Thu Nov 29 04:00:07 WIB 2018
Cron Reward CS : Fri Nov 30 04:00:07 WIB 2018
Cron Reward CS : Sat Dec  1 04:00:07 WIB 2018
Cron Reward CS : Sun Dec  2 04:00:07 WIB 2018
Cron Reward CS : Mon Dec  3 04:00:06 WIB 2018
Cron Reward CS : Tue Dec  4 04:00:06 WIB 2018
Cron Reward CS : Wed Dec  5 04:00:07 WIB 2018
Cron Reward CS : Thu Dec  6 04:00:06 WIB 2018
Cron Reward CS : Fri Dec  7 04:00:08 WIB 2018
Cron Reward CS : Sat Dec  8 04:00:19 WIB 2018
Cron Reward CS : Sun Dec  9 04:00:17 WIB 2018
Cron Reward CS : Mon Dec 10 04:00:08 WIB 2018
Cron Reward CS : Tue Dec 11 04:00:06 WIB 2018
Cron Reward CS : Wed Dec 12 04:00:07 WIB 2018
Cron Reward CS : Thu Dec 13 04:00:08 WIB 2018
Cron Reward CS : Fri Dec 14 04:00:08 WIB 2018
Cron Reward CS : Sat Dec 15 04:00:08 WIB 2018
Cron Reward CS : Sun Dec 16 04:00:07 WIB 2018
Cron Reward CS : Mon Dec 17 04:00:06 WIB 2018
Cron Reward CS : Tue Dec 18 04:00:07 WIB 2018
Cron Reward CS : Wed Dec 19 04:00:08 WIB 2018
Cron Reward CS : Thu Dec 20 04:00:07 WIB 2018
Cron Reward CS : Fri Dec 21 04:00:08 WIB 2018
Cron Reward CS : Sat Dec 22 04:00:08 WIB 2018
Cron Reward CS : Sun Dec 23 04:00:07 WIB 2018
Cron Reward CS : Mon Dec 24 04:00:07 WIB 2018
Cron Reward CS : Tue Dec 25 04:00:09 WIB 2018
Cron Reward CS : Wed Dec 26 04:00:12 WIB 2018
Cron Reward CS : Thu Dec 27 04:00:08 WIB 2018
Cron Reward CS : Fri Dec 28 04:00:08 WIB 2018
Cron Reward CS : Sat Dec 29 04:00:10 WIB 2018
Cron Reward CS : Sun Dec 30 04:00:08 WIB 2018
Cron Reward CS : Mon Dec 31 04:00:08 WIB 2018
Cron Reward CS : Tue Jan  1 04:00:15 WIB 2019
Cron Reward CS : Wed Jan  2 04:00:06 WIB 2019
Cron Reward CS : Thu Jan  3 04:00:07 WIB 2019
Cron Reward CS : Fri Jan  4 04:00:07 WIB 2019
Cron Reward CS : Sat Jan  5 04:00:07 WIB 2019
Cron Reward CS : Sun Jan  6 04:00:06 WIB 2019
Cron Reward CS : Mon Jan  7 04:00:06 WIB 2019
Cron Reward CS : Tue Jan  8 04:00:08 WIB 2019
Cron Reward CS : Wed Jan  9 04:00:07 WIB 2019
Cron Reward CS : Thu Jan 10 04:00:07 WIB 2019
Cron Reward CS : Fri Jan 11 04:00:07 WIB 2019
Cron Reward CS : Sat Jan 12 04:00:07 WIB 2019
Cron Reward CS : Sun Jan 13 04:00:06 WIB 2019
Cron Reward CS : Mon Jan 14 04:00:08 WIB 2019
Cron Reward CS : Tue Jan 15 04:00:07 WIB 2019
Cron Reward CS : Wed Jan 16 04:00:10 WIB 2019
Cron Reward CS : Thu Jan 17 04:08:42 WIB 2019
Cron Reward CS : Fri Jan 18 04:00:07 WIB 2019
Cron Reward CS : Sat Jan 19 04:00:09 WIB 2019
Cron Reward CS : Sun Jan 20 04:00:07 WIB 2019
Cron Reward CS : Mon Jan 21 04:00:07 WIB 2019
Cron Reward CS : Tue Jan 22 04:00:12 WIB 2019
Cron Reward CS : Wed Jan 23 04:00:06 WIB 2019
Cron Reward CS : Thu Jan 24 04:00:06 WIB 2019
Cron Reward CS : Fri Jan 25 04:00:07 WIB 2019
Cron Reward CS : Sat Jan 26 04:00:07 WIB 2019
Cron Reward CS : Sun Jan 27 04:00:07 WIB 2019
Cron Reward CS : Mon Jan 28 04:00:06 WIB 2019
Cron Reward CS : Tue Jan 29 04:00:07 WIB 2019
Cron Reward CS : Wed Jan 30 04:00:07 WIB 2019
Cron Reward CS : Thu Jan 31 04:00:07 WIB 2019
Cron Reward CS : Fri Feb  1 04:00:07 WIB 2019
Cron Reward CS : Sat Feb  2 04:00:07 WIB 2019
Cron Reward CS : Sun Feb  3 04:00:07 WIB 2019
Cron Reward CS : Mon Feb  4 04:00:06 WIB 2019
Cron Reward CS : Tue Feb  5 04:00:08 WIB 2019
Cron Reward CS : Wed Feb  6 04:00:06 WIB 2019
Cron Reward CS : Thu Feb  7 04:00:07 WIB 2019
Cron Reward CS : Fri Feb  8 04:00:07 WIB 2019
Cron Reward CS : Sat Feb  9 04:00:09 WIB 2019
Cron Reward CS : Sun Feb 10 04:00:08 WIB 2019
Cron Reward CS : Mon Feb 11 04:00:07 WIB 2019
Cron Reward CS : Tue Feb 12 04:00:07 WIB 2019
Cron Reward CS : Wed Feb 13 04:00:07 WIB 2019
Cron Reward CS : Thu Feb 14 04:00:07 WIB 2019
Cron Reward CS : Fri Feb 15 04:00:07 WIB 2019
Cron Reward CS : Sat Feb 16 04:00:07 WIB 2019
Cron Reward CS : Sun Feb 17 04:00:06 WIB 2019
Cron Reward CS : Mon Feb 18 04:00:08 WIB 2019
Cron Reward CS : Tue Feb 19 04:00:08 WIB 2019
Cron Reward CS : Wed Feb 20 04:00:07 WIB 2019
Cron Reward CS : Thu Feb 21 04:00:06 WIB 2019
Cron Reward CS : Fri Feb 22 04:00:07 WIB 2019
Cron Reward CS : Sat Feb 23 04:00:38 WIB 2019
Cron Reward CS : Sun Feb 24 04:00:07 WIB 2019
Cron Reward CS : Mon Feb 25 04:00:06 WIB 2019
Cron Reward CS : Tue Feb 26 04:00:07 WIB 2019
Cron Reward CS : Wed Feb 27 04:00:08 WIB 2019
Cron Reward CS : Thu Feb 28 04:00:09 WIB 2019
Cron Reward CS : Fri Mar  1 04:00:09 WIB 2019
Cron Reward CS : Sat Mar  2 04:00:08 WIB 2019
Cron Reward CS : Sun Mar  3 04:00:07 WIB 2019
Cron Reward CS : Mon Mar  4 04:00:06 WIB 2019
Cron Reward CS : Tue Mar  5 04:00:08 WIB 2019
Cron Reward CS : Wed Mar  6 04:00:06 WIB 2019
Cron Reward CS : Thu Mar  7 04:00:07 WIB 2019
Cron Reward CS : Fri Mar  8 04:00:06 WIB 2019
Cron Reward CS : Sat Mar  9 04:00:07 WIB 2019
Cron Reward CS : Sun Mar 10 04:00:07 WIB 2019
Cron Reward CS : Mon Mar 11 04:00:11 WIB 2019
Cron Reward CS : Tue Mar 12 04:00:07 WIB 2019
Cron Reward CS : Wed Mar 13 04:00:06 WIB 2019
Cron Reward CS : Thu Mar 14 04:00:06 WIB 2019
Cron Reward CS : Fri Mar 15 04:00:08 WIB 2019
Cron Reward CS : Sat Mar 16 04:00:06 WIB 2019
Cron Reward CS : Sun Mar 17 04:00:05 WIB 2019
Cron Reward CS : Mon Mar 18 04:00:07 WIB 2019
Cron Reward CS : Tue Mar 19 04:00:06 WIB 2019
Cron Reward CS : Wed Mar 20 04:00:06 WIB 2019
Cron Reward CS : Thu Mar 21 04:00:07 WIB 2019
Cron Reward CS : Fri Mar 22 04:00:07 WIB 2019
Cron Reward CS : Sat Mar 23 04:00:07 WIB 2019
Cron Reward CS : Sun Mar 24 04:00:07 WIB 2019
Cron Reward CS : Mon Mar 25 04:00:07 WIB 2019
Cron Reward CS : Tue Mar 26 04:00:07 WIB 2019
Cron Reward CS : Wed Mar 27 04:00:06 WIB 2019
Cron Reward CS : Thu Mar 28 04:00:06 WIB 2019
Cron Reward CS : Fri Mar 29 04:00:07 WIB 2019
Cron Reward CS : Sat Mar 30 04:00:07 WIB 2019
Cron Reward CS : Sun Mar 31 04:00:06 WIB 2019
Cron Reward CS : Mon Apr  1 04:00:08 WIB 2019
Cron Reward CS : Tue Apr  2 04:00:08 WIB 2019
Cron Reward CS : Wed Apr  3 04:00:08 WIB 2019
Cron Reward CS : Thu Apr  4 04:00:06 WIB 2019
Cron Reward CS : Fri Apr  5 04:00:08 WIB 2019
Cron Reward CS : Sat Apr  6 04:00:07 WIB 2019
Cron Reward CS : Sun Apr  7 04:00:14 WIB 2019
Cron Reward CS : Mon Apr  8 04:00:07 WIB 2019
Cron Reward CS : Tue Apr  9 04:00:09 WIB 2019
Cron Reward CS : Wed Apr 10 04:00:08 WIB 2019
Cron Reward CS : Thu Apr 11 04:00:08 WIB 2019
Cron Reward CS : Fri Apr 12 04:00:06 WIB 2019
Cron Reward CS : Sat Apr 13 04:00:08 WIB 2019
Cron Reward CS : Sun Apr 14 04:00:07 WIB 2019
Cron Reward CS : Mon Apr 15 04:00:07 WIB 2019
Cron Reward CS : Tue Apr 16 04:00:14 WIB 2019
Cron Reward CS : Wed Apr 17 04:00:15 WIB 2019
Cron Reward CS : Thu Apr 18 04:00:19 WIB 2019
Cron Reward CS : Fri Apr 19 04:00:09 WIB 2019
Cron Reward CS : Sat Apr 20 04:00:06 WIB 2019
Cron Reward CS : Sun Apr 21 04:00:08 WIB 2019
Cron Reward CS : Mon Apr 22 04:00:07 WIB 2019
Cron Reward CS : Tue Apr 23 04:00:12 WIB 2019
Cron Reward CS : Wed Apr 24 04:00:08 WIB 2019
Cron Reward CS : Thu Apr 25 04:00:07 WIB 2019
Cron Reward CS : Fri Apr 26 04:00:09 WIB 2019
Cron Reward CS : Sat Apr 27 04:00:08 WIB 2019
Cron Reward CS : Sun Apr 28 04:00:09 WIB 2019
Cron Reward CS : Mon Apr 29 04:00:08 WIB 2019
Cron Reward CS : Tue Apr 30 04:00:07 WIB 2019
Cron Reward CS : Wed May  1 04:00:11 WIB 2019
Cron Reward CS : Thu May  2 04:00:08 WIB 2019
Cron Reward CS : Fri May  3 04:00:09 WIB 2019
Cron Reward CS : Sat May  4 04:00:09 WIB 2019
Cron Reward CS : Sun May  5 04:00:09 WIB 2019
Cron Reward CS : Mon May  6 04:00:07 WIB 2019
Cron Reward CS : Tue May  7 04:00:08 WIB 2019
Cron Reward CS : Wed May  8 04:00:08 WIB 2019
Cron Reward CS : Thu May  9 04:00:08 WIB 2019
Cron Reward CS : Fri May 10 04:00:08 WIB 2019
Cron Reward CS : Sat May 11 04:00:08 WIB 2019
Cron Reward CS : Sun May 12 04:00:08 WIB 2019
Cron Reward CS : Mon May 13 04:00:07 WIB 2019
Cron Reward CS : Tue May 14 04:00:08 WIB 2019
Cron Reward CS : Wed May 15 04:00:07 WIB 2019
Cron Reward CS : Thu May 16 04:00:57 WIB 2019
Cron Reward CS : Fri May 17 04:00:09 WIB 2019
Cron Reward CS : Sat May 18 04:00:08 WIB 2019
Cron Reward CS : Sun May 19 04:00:08 WIB 2019
Cron Reward CS : Mon May 20 04:00:08 WIB 2019
Cron Reward CS : Tue May 21 04:00:13 WIB 2019
Cron Reward CS : Wed May 22 04:00:14 WIB 2019
Cron Reward CS : Thu May 23 04:00:07 WIB 2019
Cron Reward CS : Fri May 24 04:00:08 WIB 2019
Cron Reward CS : Sat May 25 04:00:07 WIB 2019
Cron Reward CS : Sun May 26 04:00:13 WIB 2019
Cron Reward CS : Mon May 27 04:00:10 WIB 2019
Cron Reward CS : Tue May 28 04:00:08 WIB 2019
Cron Reward CS : Wed May 29 04:00:09 WIB 2019
Cron Reward CS : Thu May 30 04:00:08 WIB 2019
Cron Reward CS : Fri May 31 04:00:08 WIB 2019
Cron Reward CS : Sat Jun  1 04:00:09 WIB 2019
Cron Reward CS : Sun Jun  2 04:00:07 WIB 2019
Cron Reward CS : Mon Jun  3 04:00:06 WIB 2019
Cron Reward CS : Tue Jun  4 04:00:07 WIB 2019
Cron Reward CS : Wed Jun  5 04:00:07 WIB 2019
Cron Reward CS : Thu Jun  6 04:00:09 WIB 2019
Cron Reward CS : Fri Jun  7 04:00:06 WIB 2019
Cron Reward CS : Sat Jun  8 04:00:06 WIB 2019
Cron Reward CS : Sun Jun  9 04:00:07 WIB 2019
Cron Reward CS : Mon Jun 10 04:00:07 WIB 2019
Cron Reward CS : Tue Jun 11 04:00:15 WIB 2019
Cron Reward CS : Wed Jun 12 04:00:09 WIB 2019
Cron Reward CS : Thu Jun 13 04:00:15 WIB 2019
Cron Reward CS : Fri Jun 14 04:00:16 WIB 2019
Cron Reward CS : Sat Jun 15 04:00:16 WIB 2019
Cron Reward CS : Sun Jun 16 04:00:26 WIB 2019
Cron Reward CS : Mon Jun 17 04:00:20 WIB 2019
Cron Reward CS : Tue Jun 18 04:00:07 WIB 2019
Cron Reward CS : Wed Jun 19 04:00:08 WIB 2019
Cron Reward CS : Thu Jun 20 04:00:07 WIB 2019
Cron Reward CS : Fri Jun 21 04:00:07 WIB 2019
Cron Reward CS : Sat Jun 22 04:00:07 WIB 2019
Cron Reward CS : Sun Jun 23 04:00:06 WIB 2019
Cron Reward CS : Mon Jun 24 04:00:07 WIB 2019
Cron Reward CS : Tue Jun 25 04:00:07 WIB 2019
Cron Reward CS : Wed Jun 26 04:00:09 WIB 2019
Cron Reward CS : Thu Jun 27 04:00:11 WIB 2019
Cron Reward CS : Fri Jun 28 04:00:06 WIB 2019
Cron Reward CS : Sat Jun 29 04:00:12 WIB 2019
Cron Reward CS : Sun Jun 30 04:00:07 WIB 2019
Cron Reward CS : Mon Jul  1 04:00:07 WIB 2019
Cron Reward CS : Tue Jul  2 04:00:13 WIB 2019
Cron Reward CS : Wed Jul  3 04:00:08 WIB 2019
Cron Reward CS : Thu Jul  4 04:00:11 WIB 2019
Cron Reward CS : Fri Jul  5 04:00:21 WIB 2019
Cron Reward CS : Sat Jul  6 04:00:15 WIB 2019
Cron Reward CS : Sun Jul  7 04:00:15 WIB 2019
Cron Reward CS : Mon Jul  8 04:00:18 WIB 2019
Cron Reward CS : Tue Jul  9 04:00:08 WIB 2019
Cron Reward CS : Wed Jul 10 04:00:07 WIB 2019
Cron Reward CS : Thu Jul 11 04:00:09 WIB 2019
Cron Reward CS : Fri Jul 12 04:00:11 WIB 2019
Cron Reward CS : Sat Jul 13 04:00:08 WIB 2019
Cron Reward CS : Sun Jul 14 04:00:18 WIB 2019
Cron Reward CS : Mon Jul 15 04:00:18 WIB 2019
Cron Reward CS : Tue Jul 16 04:00:16 WIB 2019
Cron Reward CS : Wed Jul 17 04:00:15 WIB 2019
Cron Reward CS : Thu Jul 18 04:00:12 WIB 2019
Cron Reward CS : Fri Jul 19 04:00:09 WIB 2019
Cron Reward CS : Sat Jul 20 04:00:11 WIB 2019
Cron Reward CS : Sun Jul 21 04:00:08 WIB 2019
Cron Reward CS : Mon Jul 22 04:00:10 WIB 2019
Cron Reward CS : Tue Jul 23 04:00:09 WIB 2019
Cron Reward CS : Wed Jul 24 04:00:08 WIB 2019
Cron Reward CS : Thu Jul 25 04:00:12 WIB 2019
Cron Reward CS : Fri Jul 26 04:00:16 WIB 2019
Cron Reward CS : Sat Jul 27 04:00:08 WIB 2019
Cron Reward CS : Sun Jul 28 04:00:17 WIB 2019
Cron Reward CS : Mon Jul 29 04:00:17 WIB 2019
Cron Reward CS : Tue Jul 30 04:00:15 WIB 2019
Cron Reward CS : Wed Jul 31 04:00:10 WIB 2019
Cron Reward CS : Thu Aug  1 04:00:18 WIB 2019
Cron Reward CS : Fri Aug  2 04:00:09 WIB 2019
Cron Reward CS : Sat Aug  3 04:00:09 WIB 2019
Cron Reward CS : Sun Aug  4 04:00:36 WIB 2019
Cron Reward CS : Mon Aug  5 04:00:14 WIB 2019
Cron Reward CS : Tue Aug  6 04:00:13 WIB 2019
Cron Reward CS : Wed Aug  7 04:00:01 WIB 2019
Cron Reward CS : Thu Aug  8 04:00:01 WIB 2019
Cron Reward CS : Fri Aug  9 04:00:11 WIB 2019
Cron Reward CS : Sat Aug 10 04:00:10 WIB 2019
Cron Reward CS : Sun Aug 11 04:00:11 WIB 2019
Cron Reward CS : Mon Aug 12 04:00:15 WIB 2019
Cron Reward CS : Tue Aug 13 04:00:20 WIB 2019
Cron Reward CS : Wed Aug 14 04:00:19 WIB 2019
Cron Reward CS : Thu Aug 15 04:00:10 WIB 2019
Cron Reward CS : Fri Aug 16 04:00:10 WIB 2019
Cron Reward CS : Sat Aug 17 04:00:11 WIB 2019
Cron Reward CS : Sun Aug 18 04:00:16 WIB 2019
Cron Reward CS : Mon Aug 19 04:00:20 WIB 2019
Cron Reward CS : Tue Aug 20 04:00:10 WIB 2019
Cron Reward CS : Wed Aug 21 04:00:19 WIB 2019
Cron Reward CS : Thu Aug 22 04:00:11 WIB 2019
Cron Reward CS : Fri Aug 23 04:00:09 WIB 2019
Cron Reward CS : Sat Aug 24 04:00:18 WIB 2019
Cron Reward CS : Sun Aug 25 04:00:11 WIB 2019
Cron Reward CS : Mon Aug 26 04:00:11 WIB 2019
Cron Reward CS : Tue Aug 27 04:00:12 WIB 2019
Cron Reward CS : Wed Aug 28 04:00:17 WIB 2019
Cron Reward CS : Thu Aug 29 04:00:29 WIB 2019
Cron Reward CS : Fri Aug 30 04:00:12 WIB 2019
Cron Reward CS : Sat Aug 31 04:00:17 WIB 2019
Cron Reward CS : Sun Sep  1 04:00:12 WIB 2019
Cron Reward CS : Mon Sep  2 04:00:09 WIB 2019
Cron Reward CS : Tue Sep  3 04:00:21 WIB 2019
Cron Reward CS : Wed Sep  4 04:00:24 WIB 2019
Cron Reward CS : Thu Sep  5 04:00:56 WIB 2019
Cron Reward CS : Fri Sep  6 04:00:10 WIB 2019
Cron Reward CS : Sat Sep  7 04:00:37 WIB 2019
Cron Reward CS : Sun Sep  8 04:00:20 WIB 2019
Cron Reward CS : Mon Sep  9 04:00:08 WIB 2019
Cron Reward CS : Tue Sep 10 04:00:14 WIB 2019
Cron Reward CS : Wed Sep 11 04:00:10 WIB 2019
Cron Reward CS : Thu Sep 12 04:00:09 WIB 2019
Cron Reward CS : Fri Sep 13 04:00:09 WIB 2019
Cron Reward CS : Sat Sep 14 04:00:09 WIB 2019
Cron Reward CS : Sun Sep 15 04:00:15 WIB 2019
Cron Reward CS : Mon Sep 16 04:00:19 WIB 2019
Cron Reward CS : Tue Sep 17 04:00:10 WIB 2019
Cron Reward CS : Wed Sep 18 04:00:10 WIB 2019
Cron Reward CS : Thu Sep 19 04:00:22 WIB 2019
Cron Reward CS : Fri Sep 20 04:00:13 WIB 2019
Cron Reward CS : Sat Sep 21 04:00:18 WIB 2019
Cron Reward CS : Sun Sep 22 04:00:14 WIB 2019
Cron Reward CS : Mon Sep 23 04:00:17 WIB 2019
Cron Reward CS : Tue Sep 24 04:00:17 WIB 2019
Cron Reward CS : Wed Sep 25 04:00:15 WIB 2019
Cron Reward CS : Thu Sep 26 04:00:17 WIB 2019
Cron Reward CS : Fri Sep 27 04:00:21 WIB 2019
Cron Reward CS : Sat Sep 28 04:00:25 WIB 2019
Cron Reward CS : Sun Sep 29 04:00:19 WIB 2019
Cron Reward CS : Mon Sep 30 04:00:29 WIB 2019
Cron Reward CS : Tue Oct  1 04:00:29 WIB 2019
Cron Reward CS : Wed Oct  2 04:00:09 WIB 2019
Cron Reward CS : Thu Oct  3 04:00:13 WIB 2019
Cron Reward CS : Fri Oct  4 04:00:15 WIB 2019
Cron Reward CS : Sat Oct  5 04:00:15 WIB 2019
Cron Reward CS : Sun Oct  6 04:00:15 WIB 2019
Cron Reward CS : Mon Oct  7 04:00:15 WIB 2019
Cron Reward CS : Tue Oct  8 04:00:14 WIB 2019
Cron Reward CS : Wed Oct  9 04:00:08 WIB 2019
Cron Reward CS : Thu Oct 10 04:00:25 WIB 2019
Cron Reward CS : Fri Oct 11 04:00:19 WIB 2019
Cron Reward CS : Sat Oct 12 04:00:31 WIB 2019
Cron Reward CS : Sun Oct 13 04:00:13 WIB 2019
Cron Reward CS : Mon Oct 14 04:00:13 WIB 2019
Cron Reward CS : Tue Oct 15 04:00:18 WIB 2019
Cron Reward CS : Wed Oct 16 04:00:12 WIB 2019
Cron Reward CS : Thu Oct 17 04:00:18 WIB 2019
Cron Reward CS : Fri Oct 18 04:00:27 WIB 2019
Cron Reward CS : Sat Oct 19 04:00:21 WIB 2019
Cron Reward CS : Sun Oct 20 04:00:21 WIB 2019
Cron Reward CS : Mon Oct 21 04:00:14 WIB 2019
Cron Reward CS : Tue Oct 22 04:00:19 WIB 2019
Cron Reward CS : Wed Oct 23 04:00:24 WIB 2019
Cron Reward CS : Thu Oct 24 04:01:21 WIB 2019
Cron Reward CS : Fri Oct 25 04:01:25 WIB 2019
Cron Reward CS : Sat Oct 26 04:01:20 WIB 2019
Cron Reward CS : Sun Oct 27 04:01:16 WIB 2019
Cron Reward CS : Mon Oct 28 04:00:44 WIB 2019
Cron Reward CS : Tue Oct 29 04:02:03 WIB 2019
Cron Reward CS : Wed Oct 30 04:01:30 WIB 2019
Cron Reward CS : Thu Oct 31 04:00:14 WIB 2019
Cron Reward CS : Fri Nov  1 04:01:51 WIB 2019
Cron Reward CS : Sat Nov  2 04:00:41 WIB 2019
Cron Reward CS : Sun Nov  3 04:00:14 WIB 2019
Cron Reward CS : Mon Nov  4 04:01:29 WIB 2019
Cron Reward CS : Tue Nov  5 04:01:54 WIB 2019
Cron Reward CS : Wed Nov  6 04:01:28 WIB 2019
Cron Reward CS : Thu Nov  7 04:01:48 WIB 2019
Cron Reward CS : Fri Nov  8 04:01:07 WIB 2019
Cron Reward CS : Sat Nov  9 04:01:47 WIB 2019
Cron Reward CS : Sun Nov 10 04:03:12 WIB 2019
Cron Reward CS : Mon Nov 11 04:02:55 WIB 2019
Cron Reward CS : Tue Nov 12 04:00:58 WIB 2019
Cron Reward CS : Wed Nov 13 04:01:38 WIB 2019
Cron Reward CS : Thu Nov 14 04:00:13 WIB 2019
Cron Reward CS : Fri Nov 15 04:02:31 WIB 2019
Cron Reward CS : Sat Nov 16 04:02:12 WIB 2019
Cron Reward CS : Sun Nov 17 04:01:33 WIB 2019
Cron Reward CS : Mon Nov 18 04:00:59 WIB 2019
Cron Reward CS : Tue Nov 19 04:01:50 WIB 2019
Cron Reward CS : Wed Nov 20 04:01:33 WIB 2019
Cron Reward CS : Thu Nov 21 04:00:13 WIB 2019
Cron Reward CS : Fri Nov 22 04:00:13 WIB 2019
Cron Reward CS : Sat Nov 23 04:01:39 WIB 2019
Cron Reward CS : Sun Nov 24 04:01:52 WIB 2019
Cron Reward CS : Mon Nov 25 04:01:44 WIB 2019
Cron Reward CS : Tue Nov 26 04:01:49 WIB 2019
Cron Reward CS : Wed Nov 27 04:02:02 WIB 2019
Cron Reward CS : Thu Nov 28 04:00:13 WIB 2019
Cron Reward CS : Fri Nov 29 04:02:15 WIB 2019
Cron Reward CS : Sat Nov 30 04:01:45 WIB 2019
Cron Reward CS : Sun Dec  1 04:01:00 WIB 2019
Cron Reward CS : Mon Dec  2 04:02:56 WIB 2019
Cron Reward CS : Tue Dec  3 04:01:08 WIB 2019
Cron Reward CS : Wed Dec  4 04:01:19 WIB 2019
Cron Reward CS : Thu Dec  5 04:01:14 WIB 2019
Cron Reward CS : Fri Dec  6 04:00:50 WIB 2019
Cron Reward CS : Sat Dec  7 04:00:59 WIB 2019
Cron Reward CS : Sun Dec  8 04:01:05 WIB 2019
Cron Reward CS : Mon Dec  9 04:00:14 WIB 2019
Cron Reward CS : Tue Dec 10 04:01:25 WIB 2019
Cron Reward CS : Wed Dec 11 04:01:58 WIB 2019
Cron Reward CS : Thu Dec 12 04:00:13 WIB 2019
Cron Reward CS : Fri Dec 13 04:01:42 WIB 2019
Cron Reward CS : Sat Dec 14 04:01:24 WIB 2019
Cron Reward CS : Sun Dec 15 04:01:16 WIB 2019
Cron Reward CS : Mon Dec 16 04:02:14 WIB 2019
Cron Reward CS : Tue Dec 17 04:01:49 WIB 2019
Cron Reward CS : Wed Dec 18 04:00:36 WIB 2019
Cron Reward CS : Thu Dec 19 04:02:36 WIB 2019
Cron Reward CS : Fri Dec 20 04:02:35 WIB 2019
Cron Reward CS : Sat Dec 21 04:02:43 WIB 2019
Cron Reward CS : Sun Dec 22 04:02:37 WIB 2019
Cron Reward CS : Mon Dec 23 04:03:50 WIB 2019
Cron Reward CS : Tue Dec 24 04:01:03 WIB 2019
Cron Reward CS : Wed Dec 25 04:02:12 WIB 2019
Cron Reward CS : Thu Dec 26 04:03:44 WIB 2019
Cron Reward CS : Fri Dec 27 04:02:44 WIB 2019
Cron Reward CS : Sat Dec 28 04:01:46 WIB 2019
Cron Reward CS : Sun Dec 29 04:01:38 WIB 2019
Cron Reward CS : Mon Dec 30 04:01:59 WIB 2019
Cron Reward CS : Tue Dec 31 04:01:27 WIB 2019
Cron Reward CS : Wed Jan  1 04:00:14 WIB 2020
Cron Reward CS : Thu Jan  2 04:03:09 WIB 2020
Cron Reward CS : Fri Jan  3 04:02:00 WIB 2020
Cron Reward CS : Sat Jan  4 04:00:58 WIB 2020
Cron Reward CS : Sun Jan  5 04:00:56 WIB 2020
Cron Reward CS : Mon Jan  6 04:01:50 WIB 2020
Cron Reward CS : Tue Jan  7 04:01:40 WIB 2020
Cron Reward CS : Wed Jan  8 04:01:32 WIB 2020
Cron Reward CS : Thu Jan  9 04:01:39 WIB 2020
Cron Reward CS : Fri Jan 10 04:01:00 WIB 2020
Cron Reward CS : Sat Jan 11 04:01:09 WIB 2020
Cron Reward CS : Sun Jan 12 04:01:21 WIB 2020
Cron Reward CS : Mon Jan 13 04:01:18 WIB 2020
Cron Reward CS : Tue Jan 14 04:01:40 WIB 2020
Cron Reward CS : Wed Jan 15 04:01:39 WIB 2020
Cron Reward CS : Thu Jan 16 04:00:41 WIB 2020
Cron Reward CS : Fri Jan 17 04:01:36 WIB 2020
Cron Reward CS : Sat Jan 18 04:01:29 WIB 2020
Cron Reward CS : Sun Jan 19 04:01:46 WIB 2020
Cron Reward CS : Mon Jan 20 04:01:17 WIB 2020
Cron Reward CS : Tue Jan 21 04:01:54 WIB 2020
Cron Reward CS : Wed Jan 22 04:01:22 WIB 2020
Cron Reward CS : Thu Jan 23 04:02:09 WIB 2020
Cron Reward CS : Fri Jan 24 04:01:40 WIB 2020
Cron Reward CS : Sat Jan 25 04:01:11 WIB 2020
Cron Reward CS : Sun Jan 26 04:01:16 WIB 2020
Cron Reward CS : Mon Jan 27 04:02:04 WIB 2020
Cron Reward CS : Tue Jan 28 04:02:33 WIB 2020
Cron Reward CS : Wed Jan 29 04:00:16 WIB 2020
Cron Reward CS : Thu Jan 30 04:02:01 WIB 2020
Cron Reward CS : Fri Jan 31 04:02:23 WIB 2020
Cron Reward CS : Sat Feb  1 04:01:34 WIB 2020
Cron Reward CS : Sun Feb  2 04:02:16 WIB 2020
Cron Reward CS : Mon Feb  3 04:10:17 WIB 2020
Cron Reward CS : Tue Feb  4 04:01:34 WIB 2020
Cron Reward CS : Wed Feb  5 04:01:14 WIB 2020
Cron Reward CS : Thu Feb  6 04:02:31 WIB 2020
Cron Reward CS : Fri Feb  7 04:01:43 WIB 2020
Cron Reward CS : Sat Feb  8 04:01:50 WIB 2020
Cron Reward CS : Sun Feb  9 04:01:21 WIB 2020
Cron Reward CS : Mon Feb 10 04:01:36 WIB 2020
Cron Reward CS : Tue Feb 11 04:01:40 WIB 2020
Cron Reward CS : Wed Feb 12 04:01:56 WIB 2020
Cron Reward CS : Thu Feb 13 04:01:46 WIB 2020
Cron Reward CS : Fri Feb 14 04:02:06 WIB 2020
Cron Reward CS : Sat Feb 15 04:01:26 WIB 2020
Cron Reward CS : Sun Feb 16 04:01:34 WIB 2020
Cron Reward CS : Mon Feb 17 04:01:35 WIB 2020
Cron Reward CS : Tue Feb 18 04:01:46 WIB 2020
Cron Reward CS : Wed Feb 19 04:01:19 WIB 2020
Cron Reward CS : Thu Feb 20 04:00:28 WIB 2020
Cron Reward CS : Fri Feb 21 04:02:26 WIB 2020
Cron Reward CS : Sat Feb 22 04:01:54 WIB 2020
Cron Reward CS : Sun Feb 23 04:01:15 WIB 2020
Cron Reward CS : Mon Feb 24 04:02:16 WIB 2020
Cron Reward CS : Tue Feb 25 04:02:08 WIB 2020
Cron Reward CS : Wed Feb 26 04:00:16 WIB 2020
Cron Reward CS : Thu Feb 27 04:01:20 WIB 2020
Cron Reward CS : Fri Feb 28 04:02:22 WIB 2020
Cron Reward CS : Sat Feb 29 04:01:25 WIB 2020
Cron Reward CS : Sun Mar  1 04:00:15 WIB 2020
Cron Reward CS : Mon Mar  2 04:02:16 WIB 2020
Cron Reward CS : Tue Mar  3 04:01:28 WIB 2020
Cron Reward CS : Wed Mar  4 04:01:50 WIB 2020
Cron Reward CS : Thu Mar  5 04:01:53 WIB 2020
Cron Reward CS : Fri Mar  6 04:01:47 WIB 2020
Cron Reward CS : Sat Mar  7 04:02:06 WIB 2020
Cron Reward CS : Sun Mar  8 04:02:06 WIB 2020
Cron Reward CS : Mon Mar  9 04:00:10 WIB 2020
Cron Reward CS : Tue Mar 10 04:01:34 WIB 2020
Cron Reward CS : Wed Mar 11 04:01:31 WIB 2020
Cron Reward CS : Thu Mar 12 04:01:39 WIB 2020
Cron Reward CS : Fri Mar 13 04:01:21 WIB 2020
Cron Reward CS : Sat Mar 14 04:01:41 WIB 2020
Cron Reward CS : Sun Mar 15 04:01:46 WIB 2020
Cron Reward CS : Mon Mar 16 04:01:58 WIB 2020
Cron Reward CS : Tue Mar 17 04:01:36 WIB 2020
Cron Reward CS : Wed Mar 18 04:02:48 WIB 2020
Cron Reward CS : Thu Mar 19 04:02:13 WIB 2020
Cron Reward CS : Fri Mar 20 04:00:24 WIB 2020
Cron Reward CS : Sat Mar 21 04:00:15 WIB 2020
Cron Reward CS : Sun Mar 22 04:00:15 WIB 2020
Cron Reward CS : Mon Mar 23 04:00:14 WIB 2020
Cron Reward CS : Tue Mar 24 04:00:14 WIB 2020
Cron Reward CS : Wed Mar 25 04:00:14 WIB 2020
Cron Reward CS : Thu Mar 26 04:00:12 WIB 2020
Cron Reward CS : Fri Mar 27 04:00:15 WIB 2020
Cron Reward CS : Sat Mar 28 04:00:15 WIB 2020
Cron Reward CS : Sun Mar 29 04:01:15 WIB 2020
Cron Reward CS : Mon Mar 30 04:00:14 WIB 2020
Cron Reward CS : Tue Mar 31 04:00:14 WIB 2020
Cron Reward CS : Wed Apr  1 04:00:14 WIB 2020
Cron Reward CS : Thu Apr  2 04:00:15 WIB 2020
Cron Reward CS : Fri Apr  3 04:00:15 WIB 2020
Cron Reward CS : Sat Apr  4 04:00:14 WIB 2020
Cron Reward CS : Sun Apr  5 04:00:14 WIB 2020
Cron Reward CS : Mon Apr  6 04:00:14 WIB 2020
Cron Reward CS : Tue Apr  7 04:00:15 WIB 2020
Cron Reward CS : Wed Apr  8 04:00:15 WIB 2020
Cron Reward CS : Thu Apr  9 04:00:15 WIB 2020
Cron Reward CS : Fri Apr 10 04:00:14 WIB 2020
Cron Reward CS : Sat Apr 11 04:00:14 WIB 2020
Cron Reward CS : Sun Apr 12 04:00:14 WIB 2020
Cron Reward CS : Mon Apr 13 04:00:14 WIB 2020
Cron Reward CS : Tue Apr 14 04:00:16 WIB 2020
Cron Reward CS : Wed Apr 15 04:00:14 WIB 2020
Cron Reward CS : Thu Apr 16 04:00:15 WIB 2020
Cron Reward CS : Fri Apr 17 04:00:15 WIB 2020
Cron Reward CS : Sat Apr 18 04:00:14 WIB 2020
Cron Reward CS : Sun Apr 19 04:00:14 WIB 2020
Cron Reward CS : Mon Apr 20 04:00:15 WIB 2020
Cron Reward CS : Tue Apr 21 04:00:16 WIB 2020
Cron Reward CS : Wed Apr 22 04:00:16 WIB 2020
Cron Reward CS : Thu Apr 23 04:00:17 WIB 2020
Cron Reward CS : Fri Apr 24 04:00:14 WIB 2020
Cron Reward CS : Sat Apr 25 04:00:17 WIB 2020
Cron Reward CS : Sun Apr 26 04:00:15 WIB 2020
Cron Reward CS : Mon Apr 27 04:00:15 WIB 2020
Cron Reward CS : Tue Apr 28 04:00:15 WIB 2020
Cron Reward CS : Wed Apr 29 04:00:16 WIB 2020
Cron Reward CS : Thu Apr 30 04:00:15 WIB 2020
Cron Reward CS : Fri May  1 04:00:16 WIB 2020
Cron Reward CS : Sat May  2 04:00:15 WIB 2020
Cron Reward CS : Sun May  3 04:00:16 WIB 2020
Cron Reward CS : Mon May  4 04:00:16 WIB 2020
Cron Reward CS : Tue May  5 04:00:16 WIB 2020
Cron Reward CS : Wed May  6 04:00:16 WIB 2020
Cron Reward CS : Thu May  7 04:00:31 WIB 2020
Cron Reward CS : Fri May  8 04:00:30 WIB 2020
Cron Reward CS : Sat May  9 04:00:15 WIB 2020
Cron Reward CS : Sun May 10 04:00:17 WIB 2020
Cron Reward CS : Mon May 11 04:00:16 WIB 2020
Cron Reward CS : Tue May 12 04:00:16 WIB 2020
Cron Reward CS : Wed May 13 04:00:15 WIB 2020
Cron Reward CS : Thu May 14 04:00:16 WIB 2020
Cron Reward CS : Fri May 15 04:00:18 WIB 2020
Cron Reward CS : Sat May 16 04:00:16 WIB 2020
Cron Reward CS : Sun May 17 04:00:19 WIB 2020
Cron Reward CS : Mon May 18 04:00:17 WIB 2020
Cron Reward CS : Tue May 19 04:00:22 WIB 2020
Cron Reward CS : Wed May 20 04:00:16 WIB 2020
Cron Reward CS : Thu May 21 04:00:16 WIB 2020
Cron Reward CS : Fri May 22 04:00:16 WIB 2020
Cron Reward CS : Sat May 23 04:00:17 WIB 2020
Cron Reward CS : Sun May 24 04:00:18 WIB 2020
Cron Reward CS : Mon May 25 04:00:16 WIB 2020
Cron Reward CS : Tue May 26 04:00:17 WIB 2020
Cron Reward CS : Wed May 27 04:00:20 WIB 2020
Cron Reward CS : Thu May 28 04:00:20 WIB 2020
Cron Reward CS : Fri May 29 04:00:25 WIB 2020
Cron Reward CS : Sat May 30 04:00:19 WIB 2020
Cron Reward CS : Sun May 31 04:00:18 WIB 2020
Cron Reward CS : Mon Jun  1 04:04:50 WIB 2020
Cron Reward CS : Tue Jun  2 04:00:22 WIB 2020
Cron Reward CS : Wed Jun  3 04:00:24 WIB 2020
Cron Reward CS : Thu Jun  4 04:00:22 WIB 2020
Cron Reward CS : Fri Jun  5 04:00:20 WIB 2020
Cron Reward CS : Sat Jun  6 04:00:22 WIB 2020
Cron Reward CS : Sun Jun  7 04:00:21 WIB 2020
Cron Reward CS : Mon Jun  8 04:00:21 WIB 2020
Cron Reward CS : Tue Jun  9 04:00:21 WIB 2020
Cron Reward CS : Wed Jun 10 04:00:21 WIB 2020
Cron Reward CS : Thu Jun 11 04:00:22 WIB 2020
Cron Reward CS : Fri Jun 12 04:00:27 WIB 2020
Cron Reward CS : Sat Jun 13 04:00:28 WIB 2020
Cron Reward CS : Sun Jun 14 04:00:28 WIB 2020
Cron Reward CS : Mon Jun 15 04:00:29 WIB 2020
Cron Reward CS : Tue Jun 16 04:00:29 WIB 2020
Cron Reward CS : Wed Jun 17 04:00:29 WIB 2020
Cron Reward CS : Thu Jun 18 04:00:29 WIB 2020
Cron Reward CS : Fri Jun 19 04:00:26 WIB 2020
Cron Reward CS : Sat Jun 20 04:00:29 WIB 2020
Cron Reward CS : Sun Jun 21 04:00:28 WIB 2020
Cron Reward CS : Mon Jun 22 04:00:26 WIB 2020
Cron Reward CS : Tue Jun 23 04:02:20 WIB 2020
Cron Reward CS : Wed Jun 24 04:00:28 WIB 2020
Cron Reward CS : Thu Jun 25 04:00:29 WIB 2020
Cron Reward CS : Fri Jun 26 04:00:32 WIB 2020
Cron Reward CS : Sat Jun 27 04:00:30 WIB 2020
Cron Reward CS : Sun Jun 28 04:00:27 WIB 2020
Cron Reward CS : Mon Jun 29 04:00:31 WIB 2020
Cron Reward CS : Tue Jun 30 04:00:26 WIB 2020
Cron Reward CS : Wed Jul  1 04:00:32 WIB 2020
Cron Reward CS : Thu Jul  2 04:00:31 WIB 2020
Cron Reward CS : Fri Jul  3 04:00:27 WIB 2020
Cron Reward CS : Sat Jul  4 04:00:31 WIB 2020
Cron Reward CS : Sun Jul  5 04:00:30 WIB 2020
Cron Reward CS : Mon Jul  6 04:00:30 WIB 2020
Cron Reward CS : Tue Jul  7 04:00:32 WIB 2020
Cron Reward CS : Wed Jul  8 04:00:30 WIB 2020
Cron Reward CS : Thu Jul  9 04:00:31 WIB 2020
Cron Reward CS : Fri Jul 10 04:00:30 WIB 2020
Cron Reward CS : Sat Jul 11 04:00:29 WIB 2020
Cron Reward CS : Sun Jul 12 04:00:30 WIB 2020
Cron Reward CS : Mon Jul 13 04:00:28 WIB 2020
Cron Reward CS : Tue Jul 14 04:00:28 WIB 2020
Cron Reward CS : Wed Jul 15 04:00:28 WIB 2020
Cron Reward CS : Thu Jul 16 04:00:31 WIB 2020
Cron Reward CS : Fri Jul 17 04:00:35 WIB 2020
Cron Reward CS : Sat Jul 18 04:00:37 WIB 2020
Cron Reward CS : Sun Jul 19 04:04:32 WIB 2020
Cron Reward CS : Mon Jul 20 04:00:40 WIB 2020
Cron Reward CS : Tue Jul 21 04:08:29 WIB 2020
Cron Reward CS : Wed Jul 22 04:00:41 WIB 2020
Cron Reward CS : Thu Jul 23 04:00:38 WIB 2020
Cron Reward CS : Fri Jul 24 04:01:04 WIB 2020
Cron Reward CS : Sat Jul 25 04:01:09 WIB 2020
Cron Reward CS : Sun Jul 26 04:03:46 WIB 2020
Cron Reward CS : Mon Jul 27 04:00:40 WIB 2020
Cron Reward CS : Tue Jul 28 04:00:44 WIB 2020
Cron Reward CS : Wed Jul 29 04:05:49 WIB 2020
Cron Reward CS : Thu Jul 30 04:08:18 WIB 2020
Cron Reward CS : Fri Jul 31 04:14:17 WIB 2020
Cron Reward CS : Sat Aug  1 04:22:40 WIB 2020
Cron Reward CS : Sun Aug  2 04:00:39 WIB 2020
Cron Reward CS : Mon Aug  3 04:00:36 WIB 2020
Cron Reward CS : Tue Aug  4 04:00:36 WIB 2020
Cron Reward CS : Wed Aug  5 04:01:47 WIB 2020
Cron Reward CS : Thu Aug  6 04:00:51 WIB 2020
Cron Reward CS : Fri Aug  7 04:00:36 WIB 2020
Cron Reward CS : Sat Aug  8 04:00:41 WIB 2020
Cron Reward CS : Sun Aug  9 04:00:35 WIB 2020
Cron Reward CS : Mon Aug 10 04:00:31 WIB 2020
Cron Reward CS : Tue Aug 11 04:00:33 WIB 2020
Cron Reward CS : Wed Aug 12 04:00:36 WIB 2020
Cron Reward CS : Thu Aug 13 04:00:37 WIB 2020
Cron Reward CS : Fri Aug 14 04:00:35 WIB 2020
Cron Reward CS : Sat Aug 15 04:00:40 WIB 2020
Cron Reward CS : Sun Aug 16 04:00:35 WIB 2020
Cron Reward CS : Mon Aug 17 04:00:36 WIB 2020
Cron Reward CS : Tue Aug 18 04:00:34 WIB 2020
Cron Reward CS : Wed Aug 19 04:00:40 WIB 2020
Cron Reward CS : Thu Aug 20 04:00:33 WIB 2020
Cron Reward CS : Fri Aug 21 04:00:36 WIB 2020
Cron Reward CS : Sat Aug 22 04:00:34 WIB 2020
Cron Reward CS : Sun Aug 23 04:03:26 WIB 2020
Cron Reward CS : Mon Aug 24 04:00:35 WIB 2020
Cron Reward CS : Tue Aug 25 04:00:36 WIB 2020
Cron Reward CS : Wed Aug 26 04:00:39 WIB 2020
Cron Reward CS : Thu Aug 27 04:00:41 WIB 2020
Cron Reward CS : Fri Aug 28 04:04:18 WIB 2020
Cron Reward CS : Sat Aug 29 04:00:35 WIB 2020
Cron Reward CS : Sun Aug 30 04:04:12 WIB 2020
Cron Reward CS : Mon Aug 31 04:00:34 WIB 2020
Cron Reward CS : Tue Sep  1 04:00:38 WIB 2020
Cron Reward CS : Wed Sep  2 04:00:38 WIB 2020
Cron Reward CS : Thu Sep  3 04:00:43 WIB 2020
Cron Reward CS : Fri Sep  4 04:07:18 WIB 2020
Cron Reward CS : Sat Sep  5 04:00:40 WIB 2020
Cron Reward CS : Sun Sep  6 04:03:16 WIB 2020
Cron Reward CS : Mon Sep  7 04:00:44 WIB 2020
Cron Reward CS : Tue Sep  8 04:00:43 WIB 2020
Cron Reward CS : Wed Sep  9 04:00:41 WIB 2020
Cron Reward CS : Thu Sep 10 04:00:44 WIB 2020
Cron Reward CS : Fri Sep 11 04:00:42 WIB 2020
Cron Reward CS : Sat Sep 12 04:00:36 WIB 2020
Cron Reward CS : Sun Sep 13 04:00:45 WIB 2020
Cron Reward CS : Mon Sep 14 04:00:43 WIB 2020
Cron Reward CS : Tue Sep 15 04:00:47 WIB 2020
Cron Reward CS : Wed Sep 16 04:01:25 WIB 2020
Cron Reward CS : Thu Sep 17 04:05:20 WIB 2020
Cron Reward CS : Fri Sep 18 04:00:50 WIB 2020
Cron Reward CS : Sat Sep 19 04:00:46 WIB 2020
Cron Reward CS : Sun Sep 20 04:00:41 WIB 2020
Cron Reward CS : Mon Sep 21 04:00:43 WIB 2020
Cron Reward CS : Tue Sep 22 04:00:43 WIB 2020
Cron Reward CS : Wed Sep 23 04:00:45 WIB 2020
Cron Reward CS : Thu Sep 24 04:04:37 WIB 2020
Cron Reward CS : Fri Sep 25 04:00:43 WIB 2020
Cron Reward CS : Sat Sep 26 04:00:49 WIB 2020
Cron Reward CS : Sun Sep 27 04:00:42 WIB 2020
Cron Reward CS : Mon Sep 28 04:00:41 WIB 2020
Cron Reward CS : Tue Sep 29 04:00:42 WIB 2020
Cron Reward CS : Wed Sep 30 04:00:44 WIB 2020
Cron Reward CS : Thu Oct  1 04:00:46 WIB 2020
Cron Reward CS : Fri Oct  2 04:00:43 WIB 2020
Cron Reward CS : Sat Oct  3 04:00:42 WIB 2020
Cron Reward CS : Sun Oct  4 04:00:43 WIB 2020
Cron Reward CS : Mon Oct  5 04:00:42 WIB 2020
Cron Reward CS : Tue Oct  6 04:00:39 WIB 2020
Cron Reward CS : Wed Oct  7 04:00:50 WIB 2020
Cron Reward CS : Thu Oct  8 04:01:12 WIB 2020
Cron Reward CS : Fri Oct  9 04:00:45 WIB 2020
Cron Reward CS : Sat Oct 10 04:00:40 WIB 2020
Cron Reward CS : Sun Oct 11 04:00:52 WIB 2020
Cron Reward CS : Mon Oct 12 04:00:48 WIB 2020
Cron Reward CS : Tue Oct 13 04:00:38 WIB 2020
Cron Reward CS : Wed Oct 14 04:01:02 WIB 2020
Cron Reward CS : Thu Oct 15 04:01:26 WIB 2020
Cron Reward CS : Fri Oct 16 04:04:37 WIB 2020
Cron Reward CS : Sat Oct 17 04:15:17 WIB 2020
Cron Reward CS : Sun Oct 18 04:18:04 WIB 2020
Cron Reward CS : Mon Oct 19 04:22:18 WIB 2020
Cron Reward CS : Tue Oct 20 04:22:35 WIB 2020
Cron Reward CS : Wed Oct 21 04:03:24 WIB 2020
Cron Reward CS : Thu Oct 22 04:00:48 WIB 2020
Cron Reward CS : Fri Oct 23 04:07:53 WIB 2020
Cron Reward CS : Sat Oct 24 04:00:51 WIB 2020
Cron Reward CS : Sun Oct 25 04:00:58 WIB 2020
Cron Reward CS : Mon Oct 26 04:01:15 WIB 2020
Cron Reward CS : Tue Oct 27 04:12:23 WIB 2020
Cron Reward CS : Wed Oct 28 04:05:50 WIB 2020
Cron Reward CS : Thu Oct 29 04:00:48 WIB 2020
Cron Reward CS : Fri Oct 30 04:01:55 WIB 2020
Cron Reward CS : Sat Oct 31 04:02:41 WIB 2020
Cron Reward CS : Sun Nov  1 04:07:30 WIB 2020
Cron Reward CS : Mon Nov  2 04:03:01 WIB 2020
Cron Reward CS : Tue Nov  3 04:03:39 WIB 2020
Cron Reward CS : Wed Nov  4 04:04:39 WIB 2020
Cron Reward CS : Thu Nov  5 04:00:43 WIB 2020
Cron Reward CS : Fri Nov  6 04:03:16 WIB 2020
Cron Reward CS : Sat Nov  7 04:00:44 WIB 2020
Cron Reward CS : Sun Nov  8 04:03:51 WIB 2020
Cron Reward CS : Mon Nov  9 04:00:44 WIB 2020
Cron Reward CS : Tue Nov 10 04:01:00 WIB 2020
Cron Reward CS : Wed Nov 11 04:03:33 WIB 2020
Cron Reward CS : Thu Nov 12 04:05:10 WIB 2020
Cron Reward CS : Fri Nov 13 04:08:32 WIB 2020
Cron Reward CS : Sat Nov 14 04:04:04 WIB 2020
Cron Reward CS : Sun Nov 15 04:05:35 WIB 2020
Cron Reward CS : Mon Nov 16 04:06:13 WIB 2020
Cron Reward CS : Tue Nov 17 04:00:55 WIB 2020
Cron Reward CS : Wed Nov 18 04:06:42 WIB 2020
Cron Reward CS : Thu Nov 19 04:02:07 WIB 2020
Cron Reward CS : Fri Nov 20 04:04:54 WIB 2020
Cron Reward CS : Sat Nov 21 04:05:21 WIB 2020
Cron Reward CS : Sun Nov 22 04:00:59 WIB 2020
Cron Reward CS : Mon Nov 23 04:05:42 WIB 2020
Cron Reward CS : Tue Nov 24 04:00:50 WIB 2020
Cron Reward CS : Wed Nov 25 04:08:19 WIB 2020
Cron Reward CS : Thu Nov 26 04:03:29 WIB 2020
Cron Reward CS : Fri Nov 27 04:02:31 WIB 2020
Cron Reward CS : Sat Nov 28 04:00:48 WIB 2020
Cron Reward CS : Sun Nov 29 04:03:17 WIB 2020
Cron Reward CS : Mon Nov 30 04:06:24 WIB 2020
Cron Reward CS : Tue Dec  1 04:06:55 WIB 2020
Cron Reward CS : Wed Dec  2 04:07:56 WIB 2020
Cron Reward CS : Thu Dec  3 04:05:16 WIB 2020
Cron Reward CS : Fri Dec  4 04:00:55 WIB 2020
Cron Reward CS : Sat Dec  5 04:00:49 WIB 2020
Cron Reward CS : Sun Dec  6 04:04:27 WIB 2020
Cron Reward CS : Mon Dec  7 04:06:01 WIB 2020
Cron Reward CS : Tue Dec  8 04:06:29 WIB 2020
Cron Reward CS : Wed Dec  9 04:13:07 WIB 2020
Cron Reward CS : Thu Dec 10 04:20:57 WIB 2020
Cron Reward CS : Fri Dec 11 04:15:48 WIB 2020
Cron Reward CS : Sat Dec 12 04:14:44 WIB 2020
Cron Reward CS : Sun Dec 13 04:00:47 WIB 2020
Cron Reward CS : Mon Dec 14 04:00:49 WIB 2020
Cron Reward CS : Tue Dec 15 04:04:28 WIB 2020
Cron Reward CS : Wed Dec 16 04:08:43 WIB 2020
Cron Reward CS : Thu Dec 17 04:11:01 WIB 2020
Cron Reward CS : Fri Dec 18 04:10:24 WIB 2020
Cron Reward CS : Sat Dec 19 04:05:04 WIB 2020
Cron Reward CS : Sun Dec 20 04:04:05 WIB 2020
Cron Reward CS : Mon Dec 21 04:06:41 WIB 2020
Cron Reward CS : Tue Dec 22 04:09:10 WIB 2020
Cron Reward CS : Wed Dec 23 04:01:06 WIB 2020
Cron Reward CS : Thu Dec 24 04:00:55 WIB 2020
Cron Reward CS : Fri Dec 25 04:05:07 WIB 2020
Cron Reward CS : Sat Dec 26 04:06:34 WIB 2020
Cron Reward CS : Sun Dec 27 04:05:02 WIB 2020
Cron Reward CS : Mon Dec 28 04:08:23 WIB 2020
Cron Reward CS : Tue Dec 29 04:07:41 WIB 2020
Cron Reward CS : Wed Dec 30 04:00:58 WIB 2020
Cron Reward CS : Thu Dec 31 04:05:06 WIB 2020
Cron Reward CS : Fri Jan  1 04:07:42 WIB 2021
Cron Reward CS : Sat Jan  2 04:06:44 WIB 2021
Cron Reward CS : Sun Jan  3 04:05:07 WIB 2021
Cron Reward CS : Mon Jan  4 04:07:15 WIB 2021
Cron Reward CS : Tue Jan  5 04:08:59 WIB 2021
Cron Reward CS : Wed Jan  6 04:08:21 WIB 2021
Cron Reward CS : Thu Jan  7 04:15:47 WIB 2021
Cron Reward CS : Fri Jan  8 04:08:13 WIB 2021
Cron Reward CS : Sat Jan  9 04:02:06 WIB 2021
Cron Reward CS : Sun Jan 10 04:03:36 WIB 2021
Cron Reward CS : Mon Jan 11 04:13:41 WIB 2021
Cron Reward CS : Tue Jan 12 04:06:56 WIB 2021
Cron Reward CS : Wed Jan 13 04:11:43 WIB 2021
Cron Reward CS : Thu Jan 14 04:15:48 WIB 2021
Cron Reward CS : Fri Jan 15 04:12:28 WIB 2021
Cron Reward CS : Sat Jan 16 04:01:30 WIB 2021
Cron Reward CS : Sun Jan 17 04:07:47 WIB 2021
Cron Reward CS : Mon Jan 18 04:13:03 WIB 2021
Cron Reward CS : Tue Jan 19 04:01:14 WIB 2021
Cron Reward CS : Wed Jan 20 04:14:40 WIB 2021
Cron Reward CS : Thu Jan 21 04:08:08 WIB 2021
Cron Reward CS : Fri Jan 22 04:13:33 WIB 2021
Cron Reward CS : Sat Jan 23 04:11:28 WIB 2021
Cron Reward CS : Sun Jan 24 04:10:56 WIB 2021
Cron Reward CS : Mon Jan 25 04:11:45 WIB 2021
Cron Reward CS : Tue Jan 26 04:12:32 WIB 2021
Cron Reward CS : Wed Jan 27 04:01:33 WIB 2021
Cron Reward CS : Thu Jan 28 04:01:14 WIB 2021
Cron Reward CS : Fri Jan 29 04:20:17 WIB 2021
Cron Reward CS : Sat Jan 30 04:07:29 WIB 2021
Cron Reward CS : Sun Jan 31 04:01:15 WIB 2021
Cron Reward CS : Mon Feb  1 04:07:40 WIB 2021
Cron Reward CS : Tue Feb  2 04:01:37 WIB 2021
Cron Reward CS : Wed Feb  3 04:09:35 WIB 2021
Cron Reward CS : Thu Feb  4 04:03:14 WIB 2021
Cron Reward CS : Fri Feb  5 04:01:09 WIB 2021
Cron Reward CS : Sat Feb  6 04:02:05 WIB 2021
Cron Reward CS : Sun Feb  7 04:11:34 WIB 2021
Cron Reward CS : Mon Feb  8 04:12:18 WIB 2021
Cron Reward CS : Tue Feb  9 04:07:38 WIB 2021
Cron Reward CS : Wed Feb 10 04:19:01 WIB 2021
Cron Reward CS : Thu Feb 11 04:15:20 WIB 2021
Cron Reward CS : Fri Feb 12 04:09:36 WIB 2021
Cron Reward CS : Sat Feb 13 04:20:20 WIB 2021
Cron Reward CS : Sun Feb 14 04:12:11 WIB 2021
Cron Reward CS : Mon Feb 15 04:17:07 WIB 2021
Cron Reward CS : Tue Feb 16 04:10:22 WIB 2021
Cron Reward CS : Wed Feb 17 04:19:10 WIB 2021
Cron Reward CS : Thu Feb 18 04:27:46 WIB 2021
Cron Reward CS : Fri Feb 19 04:01:18 WIB 2021
Cron Reward CS : Sat Feb 20 04:07:28 WIB 2021
Cron Reward CS : Sun Feb 21 04:17:47 WIB 2021
Cron Reward CS : Mon Feb 22 04:32:23 WIB 2021
Cron Reward CS : Tue Feb 23 04:28:51 WIB 2021
Cron Reward CS : Wed Feb 24 04:27:27 WIB 2021
Cron Reward CS : Thu Feb 25 04:20:52 WIB 2021
Cron Reward CS : Fri Feb 26 04:08:04 WIB 2021
Cron Reward CS : Sat Feb 27 04:16:02 WIB 2021
Cron Reward CS : Sun Feb 28 04:11:31 WIB 2021
Cron Reward CS : Mon Mar  1 04:09:54 WIB 2021
Cron Reward CS : Tue Mar  2 04:16:50 WIB 2021
Cron Reward CS : Wed Mar  3 04:11:53 WIB 2021
Cron Reward CS : Thu Mar  4 04:12:36 WIB 2021
Cron Reward CS : Fri Mar  5 04:01:00 WIB 2021
Cron Reward CS : Sat Mar  6 04:21:21 WIB 2021
Cron Reward CS : Sun Mar  7 04:44:00 WIB 2021
Cron Reward CS : Mon Mar  8 04:43:32 WIB 2021
Cron Reward CS : Tue Mar  9 04:23:14 WIB 2021
Cron Reward CS : Wed Mar 10 04:29:41 WIB 2021
Cron Reward CS : Thu Mar 11 04:27:27 WIB 2021
Cron Reward CS : Fri Mar 12 04:46:18 WIB 2021
Cron Reward CS : Sat Mar 13 04:32:36 WIB 2021
Cron Reward CS : Sun Mar 14 04:52:53 WIB 2021
Cron Reward CS : Mon Mar 15 04:55:17 WIB 2021
Cron Reward CS : Tue Mar 16 04:32:28 WIB 2021
Cron Reward CS : Wed Mar 17 04:00:47 WIB 2021
Cron Reward CS : Thu Mar 18 04:00:25 WIB 2021
Cron Reward CS : Fri Mar 19 04:00:25 WIB 2021
Cron Reward CS : Sat Mar 20 04:00:19 WIB 2021
Cron Reward CS : Sun Mar 21 04:00:31 WIB 2021
Cron Reward CS : Mon Mar 22 04:00:18 WIB 2021
Cron Reward CS : Tue Mar 23 04:02:45 WIB 2021
Cron Reward CS : Wed Mar 24 04:00:20 WIB 2021
Cron Reward CS : Thu Mar 25 04:00:22 WIB 2021
Cron Reward CS : Fri Mar 26 04:00:20 WIB 2021
Cron Reward CS : Sat Mar 27 04:00:19 WIB 2021
Cron Reward CS : Sun Mar 28 04:00:19 WIB 2021
Cron Reward CS : Mon Mar 29 04:00:19 WIB 2021
Cron Reward CS : Tue Mar 30 04:00:21 WIB 2021
Cron Reward CS : Wed Mar 31 04:00:21 WIB 2021
Cron Reward CS : Thu Apr  1 04:00:22 WIB 2021
Cron Reward CS : Fri Apr  2 04:00:19 WIB 2021
Cron Reward CS : Sat Apr  3 04:00:19 WIB 2021
Cron Reward CS : Sun Apr  4 04:00:20 WIB 2021
Cron Reward CS : Mon Apr  5 04:00:20 WIB 2021
Cron Reward CS : Tue Apr  6 04:00:18 WIB 2021
Cron Reward CS : Wed Apr  7 04:00:18 WIB 2021
Cron Reward CS : Thu Apr  8 04:00:20 WIB 2021
Cron Reward CS : Fri Apr  9 04:00:21 WIB 2021
Cron Reward CS : Sat Apr 10 04:00:18 WIB 2021
Cron Reward CS : Sun Apr 11 04:00:19 WIB 2021
Cron Reward CS : Mon Apr 12 04:00:19 WIB 2021
Cron Reward CS : Tue Apr 13 04:00:18 WIB 2021
Cron Reward CS : Wed Apr 14 04:00:19 WIB 2021
Cron Reward CS : Thu Apr 15 04:00:20 WIB 2021
Cron Reward CS : Fri Apr 16 04:00:21 WIB 2021
Cron Reward CS : Sat Apr 17 04:00:21 WIB 2021
Cron Reward CS : Sun Apr 18 04:00:20 WIB 2021
Cron Reward CS : Mon Apr 19 04:00:19 WIB 2021
Cron Reward CS : Tue Apr 20 04:00:19 WIB 2021
Cron Reward CS : Wed Apr 21 04:00:19 WIB 2021
Cron Reward CS : Thu Apr 22 04:00:19 WIB 2021
Cron Reward CS : Fri Apr 23 04:00:19 WIB 2021
Cron Reward CS : Sat Apr 24 04:00:19 WIB 2021
Cron Reward CS : Sun Apr 25 04:00:21 WIB 2021
Cron Reward CS : Mon Apr 26 04:00:21 WIB 2021
Cron Reward CS : Tue Apr 27 04:00:20 WIB 2021
Cron Reward CS : Wed Apr 28 04:00:20 WIB 2021
Cron Reward CS : Thu Apr 29 04:00:22 WIB 2021
Cron Reward CS : Fri Apr 30 04:00:20 WIB 2021
Cron Reward CS : Sat May  1 04:00:19 WIB 2021
Cron Reward CS : Sun May  2 04:00:18 WIB 2021
Cron Reward CS : Mon May  3 04:00:19 WIB 2021
Cron Reward CS : Tue May  4 04:00:19 WIB 2021
Cron Reward CS : Wed May  5 04:00:20 WIB 2021
Cron Reward CS : Thu May  6 04:00:19 WIB 2021
Cron Reward CS : Fri May  7 04:00:21 WIB 2021
Cron Reward CS : Sat May  8 04:00:19 WIB 2021
Cron Reward CS : Sun May  9 04:00:20 WIB 2021
Cron Reward CS : Mon May 10 04:00:19 WIB 2021
Cron Reward CS : Tue May 11 04:00:19 WIB 2021
Cron Reward CS : Wed May 12 04:00:19 WIB 2021
Cron Reward CS : Thu May 13 04:00:19 WIB 2021
Cron Reward CS : Fri May 14 04:00:18 WIB 2021
Cron Reward CS : Sat May 15 04:00:18 WIB 2021
Cron Reward CS : Sun May 16 04:00:36 WIB 2021
Cron Reward CS : Mon May 17 04:00:21 WIB 2021
Cron Reward CS : Tue May 18 04:00:20 WIB 2021
Cron Reward CS : Wed May 19 04:00:19 WIB 2021
Cron Reward CS : Thu May 20 04:00:20 WIB 2021
Cron Reward CS : Fri May 21 04:00:20 WIB 2021
Cron Reward CS : Sat May 22 04:00:20 WIB 2021
Cron Reward CS : Sun May 23 04:00:20 WIB 2021
Cron Reward CS : Mon May 24 04:00:18 WIB 2021
Cron Reward CS : Tue May 25 04:00:21 WIB 2021
Cron Reward CS : Wed May 26 04:00:18 WIB 2021
Cron Reward CS : Thu May 27 04:00:18 WIB 2021
Cron Reward CS : Fri May 28 04:00:19 WIB 2021
Cron Reward CS : Sat May 29 04:00:21 WIB 2021
Cron Reward CS : Sun May 30 04:00:19 WIB 2021
Cron Reward CS : Mon May 31 04:00:21 WIB 2021
Cron Reward CS : Tue Jun  1 04:01:31 WIB 2021
Cron Reward CS : Wed Jun  2 04:00:18 WIB 2021
Cron Reward CS : Thu Jun  3 04:00:21 WIB 2021
Cron Reward CS : Fri Jun  4 04:00:18 WIB 2021
Cron Reward CS : Sat Jun  5 04:00:19 WIB 2021
Cron Reward CS : Sun Jun  6 04:00:20 WIB 2021
Cron Reward CS : Mon Jun  7 04:00:17 WIB 2021
Cron Reward CS : Tue Jun  8 04:00:21 WIB 2021
Cron Reward CS : Wed Jun  9 04:00:20 WIB 2021
Cron Reward CS : Thu Jun 10 04:00:19 WIB 2021
Cron Reward CS : Fri Jun 11 04:00:18 WIB 2021
Cron Reward CS : Sat Jun 12 04:00:20 WIB 2021
Cron Reward CS : Sun Jun 13 04:00:19 WIB 2021
Cron Reward CS : Mon Jun 14 04:00:18 WIB 2021
Cron Reward CS : Tue Jun 15 04:00:20 WIB 2021
Cron Reward CS : Wed Jun 16 04:00:20 WIB 2021
Cron Reward CS : Thu Jun 17 04:00:20 WIB 2021
Cron Reward CS : Fri Jun 18 04:00:19 WIB 2021
Cron Reward CS : Sat Jun 19 04:00:22 WIB 2021
Cron Reward CS : Sun Jun 20 04:00:20 WIB 2021
Cron Reward CS : Mon Jun 21 04:00:19 WIB 2021
Cron Reward CS : Tue Jun 22 04:00:21 WIB 2021
Cron Reward CS : Wed Jun 23 04:00:21 WIB 2021
Cron Reward CS : Thu Jun 24 04:00:19 WIB 2021
Cron Reward CS : Fri Jun 25 04:00:22 WIB 2021
Cron Reward CS : Sat Jun 26 04:00:20 WIB 2021
Cron Reward CS : Sun Jun 27 04:00:21 WIB 2021
Cron Reward CS : Mon Jun 28 04:00:20 WIB 2021
Cron Reward CS : Tue Jun 29 04:00:21 WIB 2021
Cron Reward CS : Wed Jun 30 04:00:20 WIB 2021
Cron Reward CS : Thu Jul  1 04:00:21 WIB 2021
Cron Reward CS : Fri Jul  2 04:00:21 WIB 2021
Cron Reward CS : Sat Jul  3 04:00:22 WIB 2021
Cron Reward CS : Sun Jul  4 04:00:21 WIB 2021
Cron Reward CS : Mon Jul  5 04:00:20 WIB 2021
Cron Reward CS : Tue Jul  6 04:00:21 WIB 2021
Cron Reward CS : Wed Jul  7 04:00:21 WIB 2021
Cron Reward CS : Thu Jul  8 04:00:20 WIB 2021
Cron Reward CS : Fri Jul  9 04:00:20 WIB 2021
Cron Reward CS : Sat Jul 10 04:00:20 WIB 2021
Cron Reward CS : Sun Jul 11 04:00:20 WIB 2021
Cron Reward CS : Mon Jul 12 04:00:20 WIB 2021
Cron Reward CS : Tue Jul 13 04:00:20 WIB 2021
Cron Reward CS : Wed Jul 14 04:00:19 WIB 2021
Cron Reward CS : Thu Jul 15 04:00:19 WIB 2021
Cron Reward CS : Fri Jul 16 04:00:20 WIB 2021
Cron Reward CS : Sat Jul 17 04:00:18 WIB 2021
Cron Reward CS : Sun Jul 18 04:00:21 WIB 2021
Cron Reward CS : Mon Jul 19 04:00:19 WIB 2021
Cron Reward CS : Tue Jul 20 04:00:19 WIB 2021
Cron Reward CS : Wed Jul 21 04:00:18 WIB 2021
Cron Reward CS : Thu Jul 22 04:00:19 WIB 2021
Cron Reward CS : Fri Jul 23 04:00:20 WIB 2021
Cron Reward CS : Sat Jul 24 04:00:20 WIB 2021
Cron Reward CS : Sun Jul 25 04:00:18 WIB 2021
Cron Reward CS : Mon Jul 26 04:00:20 WIB 2021
Cron Reward CS : Tue Jul 27 04:00:21 WIB 2021
Cron Reward CS : Wed Jul 28 04:00:19 WIB 2021
Cron Reward CS : Thu Jul 29 04:00:21 WIB 2021
Cron Reward CS : Fri Jul 30 04:00:21 WIB 2021
Cron Reward CS : Sat Jul 31 04:00:19 WIB 2021
Cron Reward CS : Sun Aug  1 04:00:22 WIB 2021
Cron Reward CS : Mon Aug  2 04:00:20 WIB 2021
Cron Reward CS : Tue Aug  3 04:00:22 WIB 2021
Cron Reward CS : Wed Aug  4 04:00:21 WIB 2021
Cron Reward CS : Thu Aug  5 04:00:20 WIB 2021
Cron Reward CS : Fri Aug  6 04:00:21 WIB 2021
Cron Reward CS : Sat Aug  7 04:00:20 WIB 2021
Cron Reward CS : Sun Aug  8 04:00:22 WIB 2021
Cron Reward CS : Mon Aug  9 04:00:21 WIB 2021
Cron Reward CS : Tue Aug 10 04:00:20 WIB 2021
Cron Reward CS : Wed Aug 11 04:00:21 WIB 2021
Cron Reward CS : Thu Aug 12 04:00:21 WIB 2021
Cron Reward CS : Fri Aug 13 04:00:21 WIB 2021
Cron Reward CS : Sat Aug 14 04:00:22 WIB 2021
Cron Reward CS : Sun Aug 15 04:00:22 WIB 2021
Cron Reward CS : Mon Aug 16 04:00:20 WIB 2021
Cron Reward CS : Tue Aug 17 04:00:20 WIB 2021
Cron Reward CS : Wed Aug 18 04:00:55 WIB 2021
Cron Reward CS : Thu Aug 19 04:00:21 WIB 2021
Cron Reward CS : Fri Aug 20 04:00:33 WIB 2021
Cron Reward CS : Sat Aug 21 04:00:21 WIB 2021
Cron Reward CS : Sun Aug 22 04:00:21 WIB 2021
Cron Reward CS : Mon Aug 23 04:00:20 WIB 2021
Cron Reward CS : Tue Aug 24 04:00:22 WIB 2021
Cron Reward CS : Wed Aug 25 04:00:20 WIB 2021
Cron Reward CS : Thu Aug 26 04:00:21 WIB 2021
Cron Reward CS : Fri Aug 27 04:00:21 WIB 2021
Cron Reward CS : Sat Aug 28 04:00:22 WIB 2021
Cron Reward CS : Sun Aug 29 04:00:20 WIB 2021
Cron Reward CS : Mon Aug 30 04:00:22 WIB 2021
Cron Reward CS : Tue Aug 31 04:00:22 WIB 2021
Cron Reward CS : Wed Sep  1 04:00:23 WIB 2021
Cron Reward CS : Thu Sep  2 04:00:22 WIB 2021
Cron Reward CS : Fri Sep  3 04:00:23 WIB 2021
Cron Reward CS : Sat Sep  4 04:00:21 WIB 2021
Cron Reward CS : Sun Sep  5 04:00:22 WIB 2021
Cron Reward CS : Mon Sep  6 04:00:22 WIB 2021
Cron Reward CS : Tue Sep  7 04:00:22 WIB 2021
Cron Reward CS : Wed Sep  8 04:00:23 WIB 2021
Cron Reward CS : Thu Sep  9 04:00:22 WIB 2021
Cron Reward CS : Fri Sep 10 04:01:13 WIB 2021
Cron Reward CS : Sat Sep 11 04:00:23 WIB 2021
Cron Reward CS : Sun Sep 12 04:01:25 WIB 2021
Cron Reward CS : Mon Sep 13 04:00:23 WIB 2021
Cron Reward CS : Tue Sep 14 04:00:22 WIB 2021
Cron Reward CS : Wed Sep 15 04:00:23 WIB 2021
Cron Reward CS : Thu Sep 16 04:00:23 WIB 2021
Cron Reward CS : Fri Sep 17 04:00:22 WIB 2021
Cron Reward CS : Sat Sep 18 04:00:22 WIB 2021
Cron Reward CS : Sun Sep 19 04:00:23 WIB 2021
Cron Reward CS : Mon Sep 20 04:00:22 WIB 2021
Cron Reward CS : Tue Sep 21 04:00:23 WIB 2021
Cron Reward CS : Wed Sep 22 04:00:23 WIB 2021
Cron Reward CS : Thu Sep 23 04:00:22 WIB 2021
Cron Reward CS : Fri Sep 24 04:00:23 WIB 2021
Cron Reward CS : Sat Sep 25 04:00:23 WIB 2021
Cron Reward CS : Sun Sep 26 04:00:23 WIB 2021
Cron Reward CS : Mon Sep 27 04:00:22 WIB 2021
Cron Reward CS : Tue Sep 28 04:00:23 WIB 2021
Cron Reward CS : Wed Sep 29 04:00:23 WIB 2021
Cron Reward CS : Thu Sep 30 04:00:22 WIB 2021
Cron Reward CS : Fri Oct  1 04:00:22 WIB 2021
Cron Reward CS : Sat Oct  2 04:00:22 WIB 2021
Cron Reward CS : Sun Oct  3 04:00:22 WIB 2021
Cron Reward CS : Mon Oct  4 04:00:23 WIB 2021
Cron Reward CS : Tue Oct  5 04:00:23 WIB 2021
Cron Reward CS : Wed Oct  6 04:00:22 WIB 2021
Cron Reward CS : Thu Oct  7 04:00:22 WIB 2021
Cron Reward CS : Fri Oct  8 04:00:22 WIB 2021
Cron Reward CS : Sat Oct  9 04:00:22 WIB 2021
Cron Reward CS : Sun Oct 10 04:00:23 WIB 2021
Cron Reward CS : Mon Oct 11 04:00:22 WIB 2021
Cron Reward CS : Tue Oct 12 04:00:22 WIB 2021
Cron Reward CS : Wed Oct 13 04:00:22 WIB 2021
Cron Reward CS : Thu Oct 14 04:00:21 WIB 2021
Cron Reward CS : Fri Oct 15 04:00:21 WIB 2021
Cron Reward CS : Sat Oct 16 04:00:23 WIB 2021
Cron Reward CS : Sun Oct 17 04:00:23 WIB 2021
Cron Reward CS : Mon Oct 18 04:00:21 WIB 2021
Cron Reward CS : Tue Oct 19 04:00:23 WIB 2021
Cron Reward CS : Wed Oct 20 04:00:21 WIB 2021
Cron Reward CS : Thu Oct 21 04:00:21 WIB 2021
Cron Reward CS : Fri Oct 22 04:00:22 WIB 2021
Cron Reward CS : Sat Oct 23 04:00:22 WIB 2021
Cron Reward CS : Sun Oct 24 04:00:22 WIB 2021
Cron Reward CS : Mon Oct 25 04:00:23 WIB 2021
Cron Reward CS : Tue Oct 26 04:00:23 WIB 2021
Cron Reward CS : Wed Oct 27 04:00:23 WIB 2021
Cron Reward CS : Thu Oct 28 04:00:22 WIB 2021
Cron Reward CS : Fri Oct 29 04:00:22 WIB 2021
Cron Reward CS : Sat Oct 30 04:00:22 WIB 2021
Cron Reward CS : Sun Oct 31 04:00:22 WIB 2021
Cron Reward CS : Mon Nov  1 04:00:22 WIB 2021
Cron Reward CS : Tue Nov  2 04:00:22 WIB 2021
Cron Reward CS : Wed Nov  3 04:00:22 WIB 2021
Cron Reward CS : Thu Nov  4 04:00:22 WIB 2021
Cron Reward CS : Fri Nov  5 04:00:23 WIB 2021
Cron Reward CS : Sat Nov  6 04:00:22 WIB 2021
Cron Reward CS : Sun Nov  7 04:00:22 WIB 2021
Cron Reward CS : Mon Nov  8 04:00:21 WIB 2021
Cron Reward CS : Tue Nov  9 04:00:21 WIB 2021
Cron Reward CS : Wed Nov 10 04:00:22 WIB 2021
Cron Reward CS : Thu Nov 11 04:00:22 WIB 2021
Cron Reward CS : Fri Nov 12 04:00:23 WIB 2021
Cron Reward CS : Sat Nov 13 04:00:22 WIB 2021
Cron Reward CS : Sun Nov 14 04:00:21 WIB 2021
Cron Reward CS : Mon Nov 15 04:00:21 WIB 2021
Cron Reward CS : Tue Nov 16 04:00:22 WIB 2021
Cron Reward CS : Wed Nov 17 04:00:22 WIB 2021
Cron Reward CS : Thu Nov 18 04:00:20 WIB 2021
Cron Reward CS : Fri Nov 19 04:00:21 WIB 2021
Cron Reward CS : Sat Nov 20 04:00:22 WIB 2021
Cron Reward CS : Sun Nov 21 04:00:21 WIB 2021
Cron Reward CS : Mon Nov 22 04:00:21 WIB 2021
Cron Reward CS : Tue Nov 23 04:00:22 WIB 2021
Cron Reward CS : Wed Nov 24 04:00:22 WIB 2021
Cron Reward CS : Thu Nov 25 04:00:23 WIB 2021
Cron Reward CS : Fri Nov 26 04:00:21 WIB 2021
Cron Reward CS : Sat Nov 27 04:00:22 WIB 2021
Cron Reward CS : Sun Nov 28 04:00:22 WIB 2021
Cron Reward CS : Mon Nov 29 04:00:21 WIB 2021
Cron Reward CS : Tue Nov 30 04:00:22 WIB 2021
Cron Reward CS : Wed Dec  1 04:00:23 WIB 2021
Cron Reward CS : Thu Dec  2 04:00:21 WIB 2021
Cron Reward CS : Fri Dec  3 04:00:49 WIB 2021
Cron Reward CS : Sat Dec  4 04:00:22 WIB 2021
Cron Reward CS : Sun Dec  5 04:00:23 WIB 2021
Cron Reward CS : Mon Dec  6 04:00:21 WIB 2021
Cron Reward CS : Tue Dec  7 04:00:21 WIB 2021
Cron Reward CS : Wed Dec  8 04:00:22 WIB 2021
Cron Reward CS : Thu Dec  9 04:00:22 WIB 2021
Cron Reward CS : Fri Dec 10 04:00:22 WIB 2021
Cron Reward CS : Sat Dec 11 04:00:23 WIB 2021
Cron Reward CS : Sun Dec 12 04:00:22 WIB 2021
Cron Reward CS : Mon Dec 13 04:00:21 WIB 2021
Cron Reward CS : Tue Dec 14 04:00:21 WIB 2021
Cron Reward CS : Wed Dec 15 04:00:21 WIB 2021
Cron Reward CS : Thu Dec 16 04:00:22 WIB 2021
Cron Reward CS : Fri Dec 17 04:00:22 WIB 2021
Cron Reward CS : Sat Dec 18 04:00:23 WIB 2021
Cron Reward CS : Sun Dec 19 04:00:22 WIB 2021
Cron Reward CS : Mon Dec 20 04:00:22 WIB 2021
Cron Reward CS : Tue Dec 21 04:00:22 WIB 2021
Cron Reward CS : Wed Dec 22 04:00:23 WIB 2021
Cron Reward CS : Thu Dec 23 04:00:23 WIB 2021
Cron Reward CS : Fri Dec 24 04:00:23 WIB 2021
Cron Reward CS : Sat Dec 25 04:00:23 WIB 2021
Cron Reward CS : Sun Dec 26 04:00:23 WIB 2021
Cron Reward CS : Mon Dec 27 04:00:23 WIB 2021
Cron Reward CS : Tue Dec 28 04:00:23 WIB 2021
Cron Reward CS : Wed Dec 29 04:00:23 WIB 2021
Cron Reward CS : Thu Dec 30 04:00:24 WIB 2021
Cron Reward CS : Fri Dec 31 04:00:23 WIB 2021
Cron Reward CS : Sat Jan  1 04:00:25 WIB 2022
Cron Reward CS : Sun Jan  2 04:00:23 WIB 2022
Cron Reward CS : Mon Jan  3 04:00:23 WIB 2022
Cron Reward CS : Tue Jan  4 04:00:24 WIB 2022
Cron Reward CS : Wed Jan  5 04:00:23 WIB 2022
Cron Reward CS : Thu Jan  6 04:00:24 WIB 2022
Cron Reward CS : Fri Jan  7 04:00:23 WIB 2022
Cron Reward CS : Sat Jan  8 04:00:24 WIB 2022
Cron Reward CS : Sun Jan  9 04:00:24 WIB 2022
Cron Reward CS : Mon Jan 10 04:00:23 WIB 2022
Cron Reward CS : Tue Jan 11 04:00:22 WIB 2022
Cron Reward CS : Wed Jan 12 04:00:25 WIB 2022
Cron Reward CS : Thu Jan 13 04:00:25 WIB 2022
Cron Reward CS : Fri Jan 14 04:00:24 WIB 2022
Cron Reward CS : Sat Jan 15 04:00:28 WIB 2022
Cron Reward CS : Sun Jan 16 04:00:24 WIB 2022
Cron Reward CS : Mon Jan 17 04:00:24 WIB 2022
Cron Reward CS : Tue Jan 18 04:00:26 WIB 2022
Cron Reward CS : Wed Jan 19 04:00:24 WIB 2022
Cron Reward CS : Thu Jan 20 04:00:25 WIB 2022
Cron Reward CS : Fri Jan 21 04:00:25 WIB 2022
Cron Reward CS : Sat Jan 22 04:00:23 WIB 2022
Cron Reward CS : Sun Jan 23 04:00:23 WIB 2022
Cron Reward CS : Mon Jan 24 04:00:23 WIB 2022
Cron Reward CS : Tue Jan 25 04:00:24 WIB 2022
Cron Reward CS : Wed Jan 26 04:00:24 WIB 2022
Cron Reward CS : Thu Jan 27 04:00:23 WIB 2022
Cron Reward CS : Fri Jan 28 04:00:24 WIB 2022
Cron Reward CS : Sat Jan 29 04:00:23 WIB 2022
Cron Reward CS : Sun Jan 30 04:00:23 WIB 2022
Cron Reward CS : Mon Jan 31 04:00:30 WIB 2022
Cron Reward CS : Tue Feb  1 04:00:24 WIB 2022
Cron Reward CS : Wed Feb  2 04:00:25 WIB 2022
Cron Reward CS : Thu Feb  3 04:00:24 WIB 2022
Cron Reward CS : Fri Feb  4 04:00:28 WIB 2022
Cron Reward CS : Sat Feb  5 04:00:24 WIB 2022
Cron Reward CS : Sun Feb  6 04:00:24 WIB 2022
Cron Reward CS : Mon Feb  7 04:00:24 WIB 2022
Cron Reward CS : Tue Feb  8 04:00:26 WIB 2022
Cron Reward CS : Wed Feb  9 04:00:26 WIB 2022
Cron Reward CS : Thu Feb 10 04:00:24 WIB 2022
Cron Reward CS : Fri Feb 11 04:00:24 WIB 2022
Cron Reward CS : Sat Feb 12 04:00:24 WIB 2022
Cron Reward CS : Sun Feb 13 04:00:24 WIB 2022
Cron Reward CS : Mon Feb 14 04:00:23 WIB 2022
Cron Reward CS : Tue Feb 15 04:00:24 WIB 2022
Cron Reward CS : Wed Feb 16 04:00:25 WIB 2022
Cron Reward CS : Thu Feb 17 04:00:25 WIB 2022
Cron Reward CS : Fri Feb 18 04:00:25 WIB 2022
Cron Reward CS : Sat Feb 19 04:00:27 WIB 2022
Cron Reward CS : Sun Feb 20 04:00:23 WIB 2022
Cron Reward CS : Mon Feb 21 04:00:25 WIB 2022
Cron Reward CS : Tue Feb 22 04:00:24 WIB 2022
Cron Reward CS : Wed Feb 23 04:00:25 WIB 2022
Cron Reward CS : Thu Feb 24 04:00:24 WIB 2022
Cron Reward CS : Fri Feb 25 04:00:24 WIB 2022
Cron Reward CS : Sat Feb 26 04:00:25 WIB 2022
Cron Reward CS : Sun Feb 27 04:00:23 WIB 2022
Cron Reward CS : Mon Feb 28 04:00:24 WIB 2022
Cron Reward CS : Tue Mar  1 04:00:23 WIB 2022
Cron Reward CS : Wed Mar  2 04:00:25 WIB 2022
Cron Reward CS : Thu Mar  3 04:00:26 WIB 2022
Cron Reward CS : Fri Mar  4 04:00:25 WIB 2022
Cron Reward CS : Sat Mar  5 04:00:24 WIB 2022
Cron Reward CS : Sun Mar  6 04:01:28 WIB 2022
Cron Reward CS : Mon Mar  7 04:00:23 WIB 2022
Cron Reward CS : Tue Mar  8 04:00:24 WIB 2022
Cron Reward CS : Wed Mar  9 04:00:26 WIB 2022
Cron Reward CS : Thu Mar 10 04:00:24 WIB 2022
Cron Reward CS : Fri Mar 11 04:00:24 WIB 2022
Cron Reward CS : Sat Mar 12 04:00:24 WIB 2022
Cron Reward CS : Sun Mar 13 04:00:24 WIB 2022
Cron Reward CS : Mon Mar 14 04:00:25 WIB 2022
Cron Reward CS : Tue Mar 15 04:00:23 WIB 2022
Cron Reward CS : Wed Mar 16 04:00:23 WIB 2022
Cron Reward CS : Thu Mar 17 04:00:24 WIB 2022
Cron Reward CS : Fri Mar 18 04:00:24 WIB 2022
Cron Reward CS : Sat Mar 19 04:00:25 WIB 2022
Cron Reward CS : Sun Mar 20 04:00:24 WIB 2022
Cron Reward CS : Mon Mar 21 04:00:24 WIB 2022
Cron Reward CS : Tue Mar 22 04:00:24 WIB 2022
Cron Reward CS : Wed Mar 23 04:00:25 WIB 2022
Cron Reward CS : Thu Mar 24 04:00:23 WIB 2022
Cron Reward CS : Fri Mar 25 04:00:26 WIB 2022
Cron Reward CS : Sat Mar 26 04:00:24 WIB 2022
Cron Reward CS : Sun Mar 27 04:00:26 WIB 2022
Cron Reward CS : Mon Mar 28 04:00:24 WIB 2022
Cron Reward CS : Tue Mar 29 04:00:25 WIB 2022
Cron Reward CS : Wed Mar 30 04:00:25 WIB 2022
Cron Reward CS : Thu Mar 31 04:00:26 WIB 2022
Cron Reward CS : Fri Apr  1 04:00:23 WIB 2022
Cron Reward CS : Sat Apr  2 04:00:27 WIB 2022
Cron Reward CS : Sun Apr  3 04:00:24 WIB 2022
Cron Reward CS : Mon Apr  4 04:00:26 WIB 2022
Cron Reward CS : Tue Apr  5 04:00:26 WIB 2022
Cron Reward CS : Wed Apr  6 04:00:25 WIB 2022
Cron Reward CS : Thu Apr  7 04:00:24 WIB 2022
Cron Reward CS : Fri Apr  8 04:00:23 WIB 2022
Cron Reward CS : Sat Apr  9 04:00:24 WIB 2022
Cron Reward CS : Sun Apr 10 04:00:24 WIB 2022
Cron Reward CS : Mon Apr 11 04:00:22 WIB 2022
Cron Reward CS : Tue Apr 12 04:00:25 WIB 2022
Cron Reward CS : Wed Apr 13 04:00:25 WIB 2022
Cron Reward CS : Thu Apr 14 04:00:25 WIB 2022
Cron Reward CS : Fri Apr 15 04:00:25 WIB 2022
Cron Reward CS : Sat Apr 16 04:00:26 WIB 2022
Cron Reward CS : Sun Apr 17 04:00:24 WIB 2022
Cron Reward CS : Mon Apr 18 04:00:25 WIB 2022
Cron Reward CS : Tue Apr 19 04:00:26 WIB 2022
Cron Reward CS : Wed Apr 20 04:00:27 WIB 2022
Cron Reward CS : Thu Apr 21 04:00:24 WIB 2022
Cron Reward CS : Fri Apr 22 04:00:26 WIB 2022
Cron Reward CS : Sat Apr 23 04:00:26 WIB 2022
Cron Reward CS : Sun Apr 24 04:00:28 WIB 2022
Cron Reward CS : Mon Apr 25 04:00:26 WIB 2022
Cron Reward CS : Tue Apr 26 04:00:25 WIB 2022
Cron Reward CS : Wed Apr 27 04:00:23 WIB 2022
Cron Reward CS : Thu Apr 28 04:00:25 WIB 2022
Cron Reward CS : Fri Apr 29 04:00:27 WIB 2022
Cron Reward CS : Sat Apr 30 04:00:32 WIB 2022
Cron Reward CS : Sun May  1 04:00:31 WIB 2022
Cron Reward CS : Mon May  2 04:00:32 WIB 2022
Cron Reward CS : Tue May  3 04:00:30 WIB 2022
Cron Reward CS : Wed May  4 04:00:36 WIB 2022
Cron Reward CS : Thu May  5 04:00:33 WIB 2022
Cron Reward CS : Fri May  6 04:00:24 WIB 2022
Cron Reward CS : Sat May  7 04:00:25 WIB 2022
Cron Reward CS : Sun May  8 04:00:29 WIB 2022
Cron Reward CS : Mon May  9 04:00:29 WIB 2022
Cron Reward CS : Tue May 10 04:00:35 WIB 2022
Cron Reward CS : Wed May 11 04:00:37 WIB 2022
Cron Reward CS : Thu May 12 04:00:37 WIB 2022
Cron Reward CS : Fri May 13 04:00:35 WIB 2022
Cron Reward CS : Sat May 14 04:00:26 WIB 2022
Cron Reward CS : Sun May 15 04:00:28 WIB 2022
Cron Reward CS : Mon May 16 04:00:26 WIB 2022
Cron Reward CS : Tue May 17 04:00:24 WIB 2022
Cron Reward CS : Wed May 18 04:00:27 WIB 2022
Cron Reward CS : Thu May 19 04:00:26 WIB 2022
Cron Reward CS : Fri May 20 04:00:27 WIB 2022
Cron Reward CS : Sat May 21 04:00:26 WIB 2022
Cron Reward CS : Sun May 22 04:00:26 WIB 2022
Cron Reward CS : Mon May 23 04:00:26 WIB 2022
Cron Reward CS : Tue May 24 04:00:26 WIB 2022
Cron Reward CS : Wed May 25 04:00:27 WIB 2022
Cron Reward CS : Thu May 26 04:00:28 WIB 2022
Cron Reward CS : Fri May 27 04:00:25 WIB 2022
Cron Reward CS : Sat May 28 04:00:27 WIB 2022
Cron Reward CS : Sun May 29 04:00:26 WIB 2022
Cron Reward CS : Mon May 30 04:00:27 WIB 2022
Cron Reward CS : Tue May 31 04:00:27 WIB 2022
Cron Reward CS : Wed Jun  1 04:00:28 WIB 2022
Cron Reward CS : Thu Jun  2 04:00:25 WIB 2022
Cron Reward CS : Fri Jun  3 04:00:26 WIB 2022
Cron Reward CS : Sat Jun  4 04:00:25 WIB 2022
Cron Reward CS : Sun Jun  5 04:00:27 WIB 2022
Cron Reward CS : Mon Jun  6 04:00:26 WIB 2022
Cron Reward CS : Tue Jun  7 04:00:28 WIB 2022
Cron Reward CS : Wed Jun  8 04:00:31 WIB 2022
Cron Reward CS : Thu Jun  9 04:00:29 WIB 2022
Cron Reward CS : Fri Jun 10 04:00:32 WIB 2022
Cron Reward CS : Sat Jun 11 04:00:28 WIB 2022
Cron Reward CS : Sun Jun 12 04:00:30 WIB 2022
Cron Reward CS : Mon Jun 13 04:00:28 WIB 2022
Cron Reward CS : Tue Jun 14 04:00:28 WIB 2022
Cron Reward CS : Wed Jun 15 04:00:29 WIB 2022
Cron Reward CS : Thu Jun 16 04:00:27 WIB 2022
Cron Reward CS : Fri Jun 17 04:00:27 WIB 2022
Cron Reward CS : Sat Jun 18 04:00:26 WIB 2022
Cron Reward CS : Sun Jun 19 04:00:28 WIB 2022
Cron Reward CS : Mon Jun 20 04:00:26 WIB 2022
Cron Reward CS : Tue Jun 21 04:00:29 WIB 2022
Cron Reward CS : Wed Jun 22 04:00:27 WIB 2022
Cron Reward CS : Thu Jun 23 04:00:27 WIB 2022
Cron Reward CS : Fri Jun 24 04:00:27 WIB 2022
Cron Reward CS : Sat Jun 25 04:00:28 WIB 2022
Cron Reward CS : Sun Jun 26 04:00:27 WIB 2022
Cron Reward CS : Mon Jun 27 04:00:26 WIB 2022
Cron Reward CS : Tue Jun 28 04:00:27 WIB 2022
Cron Reward CS : Wed Jun 29 04:00:26 WIB 2022
Cron Reward CS : Thu Jun 30 04:00:27 WIB 2022
Cron Reward CS : Fri Jul  1 04:00:27 WIB 2022
Cron Reward CS : Sat Jul  2 04:00:26 WIB 2022
Cron Reward CS : Sun Jul  3 04:00:28 WIB 2022
Cron Reward CS : Mon Jul  4 04:00:27 WIB 2022
Cron Reward CS : Tue Jul  5 04:00:28 WIB 2022
Cron Reward CS : Wed Jul  6 04:00:27 WIB 2022
Cron Reward CS : Thu Jul  7 04:00:27 WIB 2022
Cron Reward CS : Fri Jul  8 04:00:28 WIB 2022
Cron Reward CS : Sat Jul  9 04:00:26 WIB 2022
Cron Reward CS : Sun Jul 10 04:10:14 WIB 2022
Cron Reward CS : Mon Jul 11 04:00:26 WIB 2022
Cron Reward CS : Tue Jul 12 04:00:29 WIB 2022
Cron Reward CS : Wed Jul 13 04:00:27 WIB 2022
