Cron Reward MS : Thu Jun 11 04:00:05 WIB 2020
Cron Reward MS : Fri Jun 12 04:00:24 WIB 2020
Cron Reward MS : Sat Jun 13 04:01:15 WIB 2020
Cron Reward MS : Sun Jun 14 04:06:29 WIB 2020
Cron Reward MS : Mon Jun 15 04:02:26 WIB 2020
Cron Reward MS : Tue Jun 16 04:03:48 WIB 2020
Cron Reward MS : Wed Jun 17 04:04:24 WIB 2020
Cron Reward MS : Thu Jun 18 04:04:08 WIB 2020
Cron Reward MS : Fri Jun 19 04:04:18 WIB 2020
Cron Reward MS : Sat Jun 20 04:04:25 WIB 2020
Cron Reward MS : Sun Jun 21 04:04:27 WIB 2020
Cron Reward MS : Mon Jun 22 04:04:27 WIB 2020
Cron Reward MS : Tue Jun 23 04:10:57 WIB 2020
Cron Reward MS : Wed Jun 24 04:04:34 WIB 2020
Cron Reward MS : Thu Jun 25 04:06:08 WIB 2020
Cron Reward MS : Fri Jun 26 04:06:15 WIB 2020
Cron Reward MS : Sat Jun 27 04:06:46 WIB 2020
Cron Reward MS : Sun Jun 28 04:07:07 WIB 2020
Cron Reward MS : Mon Jun 29 04:06:56 WIB 2020
Cron Reward MS : Tue Jun 30 04:06:54 WIB 2020
Cron Reward MS : Wed Jul  1 04:07:22 WIB 2020
Cron Reward MS : Thu Jul  2 04:07:28 WIB 2020
Cron Reward MS : Fri Jul  3 04:07:13 WIB 2020
Cron Reward MS : Sat Jul  4 04:07:27 WIB 2020
Cron Reward MS : Sun Jul  5 04:07:32 WIB 2020
Cron Reward MS : Mon Jul  6 04:07:27 WIB 2020
Cron Reward MS : Tue Jul  7 04:07:36 WIB 2020
Cron Reward MS : Wed Jul  8 04:07:49 WIB 2020
Cron Reward MS : Thu Jul  9 04:07:40 WIB 2020
Cron Reward MS : Fri Jul 10 04:07:25 WIB 2020
Cron Reward MS : Sat Jul 11 04:07:38 WIB 2020
Cron Reward MS : Sun Jul 12 04:07:47 WIB 2020
Cron Reward MS : Mon Jul 13 04:07:58 WIB 2020
Cron Reward MS : Tue Jul 14 04:09:40 WIB 2020
Cron Reward MS : Wed Jul 15 04:11:03 WIB 2020
Cron Reward MS : Thu Jul 16 04:12:07 WIB 2020
Cron Reward MS : Fri Jul 17 04:12:56 WIB 2020
Cron Reward MS : Sat Jul 18 04:14:45 WIB 2020
Cron Reward MS : Sun Jul 19 05:55:50 WIB 2020
Cron Reward MS : Mon Jul 20 04:17:29 WIB 2020
Cron Reward MS : Tue Jul 21 07:33:48 WIB 2020
Cron Reward MS : Wed Jul 22 04:16:20 WIB 2020
Cron Reward MS : Thu Jul 23 04:15:21 WIB 2020
Cron Reward MS : Fri Jul 24 04:17:18 WIB 2020
Cron Reward MS : Sat Jul 25 04:24:33 WIB 2020
Cron Reward MS : Sun Jul 26 05:19:54 WIB 2020
Cron Reward MS : Mon Jul 27 04:15:23 WIB 2020
Cron Reward MS : Tue Jul 28 04:15:12 WIB 2020
Cron Reward MS : Wed Jul 29 06:43:53 WIB 2020
Cron Reward MS : Thu Jul 30 09:21:37 WIB 2020
Cron Reward MS : Fri Jul 31 16:43:19 WIB 2020
Cron Reward MS : Sat Aug  1 14:04:58 WIB 2020
Cron Reward MS : Sun Aug  2 04:15:16 WIB 2020
Cron Reward MS : Mon Aug  3 04:15:00 WIB 2020
Cron Reward MS : Tue Aug  4 04:14:30 WIB 2020
Cron Reward MS : Wed Aug  5 04:33:14 WIB 2020
Cron Reward MS : Thu Aug  6 04:17:06 WIB 2020
Cron Reward MS : Fri Aug  7 04:14:24 WIB 2020
Cron Reward MS : Sat Aug  8 04:14:49 WIB 2020
Cron Reward MS : Sun Aug  9 04:14:31 WIB 2020
Cron Reward MS : Mon Aug 10 04:14:23 WIB 2020
Cron Reward MS : Tue Aug 11 04:14:45 WIB 2020
Cron Reward MS : Wed Aug 12 04:14:59 WIB 2020
Cron Reward MS : Thu Aug 13 04:14:58 WIB 2020
Cron Reward MS : Fri Aug 14 04:14:30 WIB 2020
Cron Reward MS : Sat Aug 15 04:15:07 WIB 2020
Cron Reward MS : Sun Aug 16 04:14:40 WIB 2020
Cron Reward MS : Mon Aug 17 04:14:59 WIB 2020
Cron Reward MS : Tue Aug 18 04:15:00 WIB 2020
Cron Reward MS : Wed Aug 19 04:15:37 WIB 2020
Cron Reward MS : Thu Aug 20 04:15:20 WIB 2020
Cron Reward MS : Fri Aug 21 04:16:30 WIB 2020
Cron Reward MS : Sat Aug 22 04:17:06 WIB 2020
Cron Reward MS : Sun Aug 23 05:21:22 WIB 2020
Cron Reward MS : Mon Aug 24 04:17:06 WIB 2020
Cron Reward MS : Tue Aug 25 04:18:40 WIB 2020
Cron Reward MS : Wed Aug 26 04:16:49 WIB 2020
Cron Reward MS : Thu Aug 27 04:17:01 WIB 2020
Cron Reward MS : Fri Aug 28 06:02:51 WIB 2020
Cron Reward MS : Sat Aug 29 04:16:46 WIB 2020
Cron Reward MS : Sun Aug 30 05:48:30 WIB 2020
Cron Reward MS : Mon Aug 31 04:16:08 WIB 2020
Cron Reward MS : Tue Sep  1 04:16:09 WIB 2020
Cron Reward MS : Wed Sep  2 04:17:18 WIB 2020
Cron Reward MS : Thu Sep  3 04:18:10 WIB 2020
Cron Reward MS : Fri Sep  4 07:18:00 WIB 2020
Cron Reward MS : Sat Sep  5 04:17:55 WIB 2020
Cron Reward MS : Sun Sep  6 05:03:30 WIB 2020
Cron Reward MS : Mon Sep  7 04:16:49 WIB 2020
Cron Reward MS : Tue Sep  8 04:17:27 WIB 2020
Cron Reward MS : Wed Sep  9 04:16:49 WIB 2020
Cron Reward MS : Thu Sep 10 04:17:13 WIB 2020
Cron Reward MS : Fri Sep 11 04:16:52 WIB 2020
Cron Reward MS : Sat Sep 12 04:16:21 WIB 2020
Cron Reward MS : Sun Sep 13 04:16:45 WIB 2020
Cron Reward MS : Mon Sep 14 04:16:30 WIB 2020
Cron Reward MS : Tue Sep 15 04:16:57 WIB 2020
Cron Reward MS : Wed Sep 16 04:25:19 WIB 2020
Cron Reward MS : Thu Sep 17 05:54:01 WIB 2020
Cron Reward MS : Fri Sep 18 04:18:04 WIB 2020
Cron Reward MS : Sat Sep 19 04:17:17 WIB 2020
Cron Reward MS : Sun Sep 20 04:17:01 WIB 2020
Cron Reward MS : Mon Sep 21 04:18:17 WIB 2020
Cron Reward MS : Tue Sep 22 04:16:42 WIB 2020
Cron Reward MS : Wed Sep 23 04:16:42 WIB 2020
Cron Reward MS : Thu Sep 24 05:29:42 WIB 2020
Cron Reward MS : Fri Sep 25 04:16:42 WIB 2020
Cron Reward MS : Sat Sep 26 04:17:22 WIB 2020
Cron Reward MS : Sun Sep 27 04:16:35 WIB 2020
Cron Reward MS : Mon Sep 28 04:16:51 WIB 2020
Cron Reward MS : Tue Sep 29 04:16:48 WIB 2020
Cron Reward MS : Wed Sep 30 04:16:50 WIB 2020
Cron Reward MS : Thu Oct  1 04:16:32 WIB 2020
Cron Reward MS : Fri Oct  2 04:16:41 WIB 2020
Cron Reward MS : Sat Oct  3 04:16:23 WIB 2020
Cron Reward MS : Sun Oct  4 04:16:53 WIB 2020
Cron Reward MS : Mon Oct  5 04:16:51 WIB 2020
Cron Reward MS : Tue Oct  6 04:17:32 WIB 2020
Cron Reward MS : Wed Oct  7 04:18:31 WIB 2020
Cron Reward MS : Thu Oct  8 04:22:40 WIB 2020
Cron Reward MS : Fri Oct  9 04:17:23 WIB 2020
Cron Reward MS : Sat Oct 10 04:17:00 WIB 2020
Cron Reward MS : Sun Oct 11 04:19:08 WIB 2020
Cron Reward MS : Mon Oct 12 04:18:10 WIB 2020
Cron Reward MS : Wed Oct 14 04:19:02 WIB 2020
Cron Reward MS : Thu Oct 15 04:24:29 WIB 2020
Cron Reward MS : Fri Oct 16 05:32:05 WIB 2020
Cron Reward MS : Sat Oct 17 11:58:36 WIB 2020
Cron Reward MS : Sun Oct 18 12:03:39 WIB 2020
Cron Reward MS : Mon Oct 19 14:22:05 WIB 2020
Cron Reward MS : Tue Oct 20 14:03:11 WIB 2020
Cron Reward MS : Wed Oct 21 05:07:19 WIB 2020
Cron Reward MS : Thu Oct 22 04:18:01 WIB 2020
Cron Reward MS : Fri Oct 23 06:10:08 WIB 2020
Cron Reward MS : Sat Oct 24 04:19:03 WIB 2020
Cron Reward MS : Sun Oct 25 04:18:42 WIB 2020
Cron Reward MS : Mon Oct 26 04:23:09 WIB 2020
Cron Reward MS : Tue Oct 27 10:59:13 WIB 2020
Cron Reward MS : Wed Oct 28 06:15:05 WIB 2020
Cron Reward MS : Thu Oct 29 04:19:07 WIB 2020
Cron Reward MS : Fri Oct 30 04:31:29 WIB 2020
Cron Reward MS : Sat Oct 31 04:52:09 WIB 2020
Cron Reward MS : Sun Nov  1 07:10:07 WIB 2020
Cron Reward MS : Mon Nov  2 04:54:55 WIB 2020
Cron Reward MS : Tue Nov  3 05:04:40 WIB 2020
Cron Reward MS : Wed Nov  4 05:37:53 WIB 2020
Cron Reward MS : Thu Nov  5 04:18:04 WIB 2020
Cron Reward MS : Fri Nov  6 04:59:43 WIB 2020
Cron Reward MS : Sat Nov  7 04:17:20 WIB 2020
Cron Reward MS : Sun Nov  8 05:17:46 WIB 2020
Cron Reward MS : Mon Nov  9 04:17:59 WIB 2020
Cron Reward MS : Tue Nov 10 04:20:05 WIB 2020
Cron Reward MS : Wed Nov 11 05:08:15 WIB 2020
Cron Reward MS : Thu Nov 12 06:00:33 WIB 2020
Cron Reward MS : Fri Nov 13 07:33:41 WIB 2020
Cron Reward MS : Sat Nov 14 05:27:42 WIB 2020
Cron Reward MS : Sun Nov 15 06:19:25 WIB 2020
Cron Reward MS : Mon Nov 16 06:22:06 WIB 2020
Cron Reward MS : Tue Nov 17 04:18:57 WIB 2020
Cron Reward MS : Wed Nov 18 06:32:17 WIB 2020
Cron Reward MS : Thu Nov 19 04:39:49 WIB 2020
Cron Reward MS : Fri Nov 20 05:48:01 WIB 2020
Cron Reward MS : Sat Nov 21 05:49:16 WIB 2020
Cron Reward MS : Sun Nov 22 04:18:36 WIB 2020
Cron Reward MS : Mon Nov 23 06:08:37 WIB 2020
Cron Reward MS : Tue Nov 24 04:19:09 WIB 2020
Cron Reward MS : Wed Nov 25 07:41:56 WIB 2020
Cron Reward MS : Thu Nov 26 05:05:52 WIB 2020
Cron Reward MS : Fri Nov 27 04:44:47 WIB 2020
Cron Reward MS : Sat Nov 28 04:18:36 WIB 2020
Cron Reward MS : Sun Nov 29 04:55:46 WIB 2020
Cron Reward MS : Mon Nov 30 06:27:46 WIB 2020
Cron Reward MS : Tue Dec  1 06:45:19 WIB 2020
Cron Reward MS : Wed Dec  2 07:12:18 WIB 2020
Cron Reward MS : Thu Dec  3 06:08:44 WIB 2020
Cron Reward MS : Fri Dec  4 04:19:39 WIB 2020
Cron Reward MS : Sat Dec  5 04:18:30 WIB 2020
Cron Reward MS : Sun Dec  6 05:45:23 WIB 2020
Cron Reward MS : Mon Dec  7 06:23:07 WIB 2020
Cron Reward MS : Tue Dec  8 06:46:47 WIB 2020
Cron Reward MS : Wed Dec  9 12:07:26 WIB 2020
Cron Reward MS : Thu Dec 10 14:01:59 WIB 2020
Cron Reward MS : Fri Dec 11 11:02:19 WIB 2020
Cron Reward MS : Sat Dec 12 10:47:43 WIB 2020
Cron Reward MS : Sun Dec 13 04:18:31 WIB 2020
Cron Reward MS : Mon Dec 14 04:18:34 WIB 2020
Cron Reward MS : Tue Dec 15 05:31:16 WIB 2020
Cron Reward MS : Wed Dec 16 07:36:37 WIB 2020
Cron Reward MS : Thu Dec 17 09:03:18 WIB 2020
Cron Reward MS : Fri Dec 18 09:09:19 WIB 2020
Cron Reward MS : Sat Dec 19 06:04:07 WIB 2020
Cron Reward MS : Sun Dec 20 05:22:06 WIB 2020
Cron Reward MS : Mon Dec 21 06:00:31 WIB 2020
Cron Reward MS : Tue Dec 22 07:01:29 WIB 2020
Cron Reward MS : Wed Dec 23 04:19:46 WIB 2020
Cron Reward MS : Thu Dec 24 04:18:20 WIB 2020
Cron Reward MS : Fri Dec 25 05:26:13 WIB 2020
Cron Reward MS : Sat Dec 26 06:07:26 WIB 2020
Cron Reward MS : Sun Dec 27 05:23:22 WIB 2020
Cron Reward MS : Mon Dec 28 06:40:41 WIB 2020
Cron Reward MS : Tue Dec 29 06:27:40 WIB 2020
Cron Reward MS : Wed Dec 30 04:18:36 WIB 2020
Cron Reward MS : Thu Dec 31 05:26:42 WIB 2020
Cron Reward MS : Fri Jan  1 06:29:43 WIB 2021
Cron Reward MS : Sat Jan  2 06:05:19 WIB 2021
Cron Reward MS : Sun Jan  3 05:20:56 WIB 2021
Cron Reward MS : Mon Jan  4 06:11:46 WIB 2021
Cron Reward MS : Tue Jan  5 06:19:10 WIB 2021
Cron Reward MS : Wed Jan  6 06:07:57 WIB 2021
Cron Reward MS : Thu Jan  7 09:03:16 WIB 2021
Cron Reward MS : Fri Jan  8 05:59:12 WIB 2021
Cron Reward MS : Sat Jan  9 04:26:31 WIB 2021
Cron Reward MS : Sun Jan 10 04:41:59 WIB 2021
Cron Reward MS : Mon Jan 11 07:32:31 WIB 2021
Cron Reward MS : Tue Jan 12 05:40:41 WIB 2021
Cron Reward MS : Wed Jan 13 07:04:38 WIB 2021
Cron Reward MS : Fri Jan 15 07:23:37 WIB 2021
Cron Reward MS : Sat Jan 16 04:19:18 WIB 2021
Cron Reward MS : Sun Jan 17 06:05:21 WIB 2021
Cron Reward MS : Mon Jan 18 07:35:44 WIB 2021
Cron Reward MS : Tue Jan 19 04:19:23 WIB 2021
Cron Reward MS : Wed Jan 20 08:26:29 WIB 2021
Cron Reward MS : Thu Jan 21 06:10:50 WIB 2021
Cron Reward MS : Fri Jan 22 07:58:51 WIB 2021
Cron Reward MS : Sat Jan 23 07:17:28 WIB 2021
Cron Reward MS : Sun Jan 24 06:57:49 WIB 2021
Cron Reward MS : Mon Jan 25 07:21:32 WIB 2021
Cron Reward MS : Tue Jan 26 07:33:31 WIB 2021
Cron Reward MS : Wed Jan 27 04:21:01 WIB 2021
Cron Reward MS : Thu Jan 28 04:19:07 WIB 2021
Cron Reward MS : Fri Jan 29 10:38:38 WIB 2021
Cron Reward MS : Sat Jan 30 06:00:37 WIB 2021
Cron Reward MS : Sun Jan 31 04:20:00 WIB 2021
Cron Reward MS : Mon Feb  1 05:57:16 WIB 2021
Cron Reward MS : Tue Feb  2 04:21:54 WIB 2021
Cron Reward MS : Wed Feb  3 06:35:35 WIB 2021
Cron Reward MS : Thu Feb  4 04:37:11 WIB 2021
Cron Reward MS : Sat Feb  6 04:27:41 WIB 2021
Cron Reward MS : Sun Feb  7 07:24:10 WIB 2021
Cron Reward MS : Mon Feb  8 07:39:38 WIB 2021
Cron Reward MS : Tue Feb  9 05:59:11 WIB 2021
Cron Reward MS : Wed Feb 10 10:53:56 WIB 2021
Cron Reward MS : Thu Feb 11 08:52:52 WIB 2021
Cron Reward MS : Fri Feb 12 06:40:32 WIB 2021
Cron Reward MS : Sat Feb 13 10:28:51 WIB 2021
Cron Reward MS : Sun Feb 14 07:33:10 WIB 2021
Cron Reward MS : Mon Feb 15 09:57:58 WIB 2021
Cron Reward MS : Tue Feb 16 06:59:12 WIB 2021
Cron Reward MS : Wed Feb 17 10:38:25 WIB 2021
Cron Reward MS : Thu Feb 18 12:26:43 WIB 2021
Cron Reward MS : Fri Feb 19 04:20:28 WIB 2021
Cron Reward MS : Sat Feb 20 05:54:18 WIB 2021
Cron Reward MS : Sun Feb 21 10:44:13 WIB 2021
Cron Reward MS : Mon Feb 22 13:52:30 WIB 2021
Cron Reward MS : Tue Feb 23 13:29:50 WIB 2021
Cron Reward MS : Wed Feb 24 14:28:39 WIB 2021
Cron Reward MS : Thu Feb 25 12:05:45 WIB 2021
Cron Reward MS : Fri Feb 26 06:06:42 WIB 2021
Cron Reward MS : Sat Feb 27 09:30:07 WIB 2021
Cron Reward MS : Sun Feb 28 07:30:44 WIB 2021
Cron Reward MS : Mon Mar  1 06:38:08 WIB 2021
Cron Reward MS : Tue Mar  2 09:48:00 WIB 2021
Cron Reward MS : Wed Mar  3 07:40:17 WIB 2021
Cron Reward MS : Thu Mar  4 07:49:39 WIB 2021
Cron Reward MS : Fri Mar  5 04:21:01 WIB 2021
Cron Reward MS : Sat Mar  6 14:32:35 WIB 2021
Cron Reward MS : Sun Mar  7 19:56:53 WIB 2021
Cron Reward MS : Mon Mar  8 18:45:55 WIB 2021
Cron Reward MS : Tue Mar  9 14:09:40 WIB 2021
Cron Reward MS : Wed Mar 10 13:29:05 WIB 2021
Cron Reward MS : Thu Mar 11 17:00:20 WIB 2021
Cron Reward MS : Fri Mar 12 17:16:13 WIB 2021
Cron Reward MS : Sat Mar 13 17:05:20 WIB 2021
Cron Reward MS : Sun Mar 14 23:37:36 WIB 2021
Cron Reward MS : Mon Mar 15 20:37:16 WIB 2021
Cron Reward MS : Tue Mar 16 18:12:52 WIB 2021
Cron Reward MS : Wed Mar 17 04:20:01 WIB 2021
Cron Reward MS : Thu Mar 18 04:11:47 WIB 2021
Cron Reward MS : Fri Mar 19 04:11:59 WIB 2021
Cron Reward MS : Sat Mar 20 04:09:39 WIB 2021
Cron Reward MS : Sun Mar 21 07:47:23 WIB 2021
Cron Reward MS : Mon Mar 22 04:10:05 WIB 2021
Cron Reward MS : Tue Mar 23 05:07:25 WIB 2021
Cron Reward MS : Wed Mar 24 04:08:35 WIB 2021
Cron Reward MS : Thu Mar 25 04:08:37 WIB 2021
Cron Reward MS : Fri Mar 26 04:09:55 WIB 2021
Cron Reward MS : Sat Mar 27 04:08:47 WIB 2021
Cron Reward MS : Sun Mar 28 04:08:54 WIB 2021
Cron Reward MS : Mon Mar 29 04:08:56 WIB 2021
Cron Reward MS : Tue Mar 30 04:09:06 WIB 2021
Cron Reward MS : Wed Mar 31 04:09:08 WIB 2021
Cron Reward MS : Thu Apr  1 04:09:12 WIB 2021
Cron Reward MS : Fri Apr  2 04:09:32 WIB 2021
Cron Reward MS : Sat Apr  3 04:09:33 WIB 2021
Cron Reward MS : Sun Apr  4 04:09:54 WIB 2021
Cron Reward MS : Mon Apr  5 04:09:05 WIB 2021
Cron Reward MS : Tue Apr  6 04:09:46 WIB 2021
Cron Reward MS : Wed Apr  7 04:09:54 WIB 2021
Cron Reward MS : Thu Apr  8 04:09:54 WIB 2021
Cron Reward MS : Fri Apr  9 04:09:48 WIB 2021
Cron Reward MS : Sat Apr 10 04:09:48 WIB 2021
Cron Reward MS : Sun Apr 11 04:09:54 WIB 2021
Cron Reward MS : Mon Apr 12 04:10:02 WIB 2021
Cron Reward MS : Tue Apr 13 04:09:54 WIB 2021
Cron Reward MS : Wed Apr 14 04:09:50 WIB 2021
Cron Reward MS : Thu Apr 15 04:11:12 WIB 2021
Cron Reward MS : Fri Apr 16 04:10:20 WIB 2021
Cron Reward MS : Sat Apr 17 04:09:14 WIB 2021
Cron Reward MS : Sun Apr 18 04:08:59 WIB 2021
Cron Reward MS : Mon Apr 19 04:09:03 WIB 2021
Cron Reward MS : Tue Apr 20 04:08:58 WIB 2021
Cron Reward MS : Wed Apr 21 04:09:23 WIB 2021
Cron Reward MS : Thu Apr 22 04:09:15 WIB 2021
Cron Reward MS : Fri Apr 23 04:10:06 WIB 2021
Cron Reward MS : Sat Apr 24 04:09:01 WIB 2021
Cron Reward MS : Sun Apr 25 04:09:02 WIB 2021
Cron Reward MS : Mon Apr 26 04:09:02 WIB 2021
Cron Reward MS : Tue Apr 27 04:09:06 WIB 2021
Cron Reward MS : Wed Apr 28 04:09:19 WIB 2021
Cron Reward MS : Thu Apr 29 04:09:47 WIB 2021
Cron Reward MS : Fri Apr 30 04:09:51 WIB 2021
Cron Reward MS : Sat May  1 04:09:11 WIB 2021
Cron Reward MS : Sun May  2 04:10:22 WIB 2021
Cron Reward MS : Mon May  3 04:10:18 WIB 2021
Cron Reward MS : Tue May  4 04:09:54 WIB 2021
Cron Reward MS : Wed May  5 04:10:48 WIB 2021
Cron Reward MS : Thu May  6 04:10:24 WIB 2021
Cron Reward MS : Fri May  7 04:10:19 WIB 2021
Cron Reward MS : Sat May  8 04:10:34 WIB 2021
Cron Reward MS : Sun May  9 04:09:59 WIB 2021
Cron Reward MS : Mon May 10 04:09:24 WIB 2021
Cron Reward MS : Tue May 11 04:10:26 WIB 2021
Cron Reward MS : Wed May 12 04:11:20 WIB 2021
Cron Reward MS : Thu May 13 04:10:29 WIB 2021
Cron Reward MS : Fri May 14 04:10:08 WIB 2021
Cron Reward MS : Sat May 15 04:10:58 WIB 2021
Cron Reward MS : Sun May 16 04:11:01 WIB 2021
Cron Reward MS : Mon May 17 04:10:37 WIB 2021
Cron Reward MS : Tue May 18 04:10:51 WIB 2021
Cron Reward MS : Wed May 19 04:09:48 WIB 2021
Cron Reward MS : Thu May 20 04:09:51 WIB 2021
Cron Reward MS : Fri May 21 04:11:04 WIB 2021
Cron Reward MS : Sat May 22 04:11:26 WIB 2021
Cron Reward MS : Sun May 23 04:10:44 WIB 2021
Cron Reward MS : Mon May 24 04:10:36 WIB 2021
Cron Reward MS : Tue May 25 04:09:58 WIB 2021
Cron Reward MS : Wed May 26 04:11:12 WIB 2021
Cron Reward MS : Thu May 27 04:10:25 WIB 2021
Cron Reward MS : Fri May 28 04:10:35 WIB 2021
Cron Reward MS : Sat May 29 04:10:24 WIB 2021
Cron Reward MS : Sun May 30 04:09:49 WIB 2021
Cron Reward MS : Mon May 31 04:10:07 WIB 2021
Cron Reward MS : Tue Jun  1 04:11:54 WIB 2021
Cron Reward MS : Wed Jun  2 04:09:45 WIB 2021
Cron Reward MS : Thu Jun  3 04:09:32 WIB 2021
Cron Reward MS : Fri Jun  4 04:09:52 WIB 2021
Cron Reward MS : Sat Jun  5 04:09:35 WIB 2021
Cron Reward MS : Sun Jun  6 04:09:55 WIB 2021
Cron Reward MS : Mon Jun  7 04:09:56 WIB 2021
Cron Reward MS : Tue Jun  8 04:09:40 WIB 2021
Cron Reward MS : Wed Jun  9 04:09:50 WIB 2021
Cron Reward MS : Thu Jun 10 04:11:29 WIB 2021
Cron Reward MS : Fri Jun 11 04:11:36 WIB 2021
Cron Reward MS : Sat Jun 12 04:12:06 WIB 2021
Cron Reward MS : Sun Jun 13 04:11:32 WIB 2021
Cron Reward MS : Mon Jun 14 04:12:12 WIB 2021
Cron Reward MS : Tue Jun 15 04:11:41 WIB 2021
Cron Reward MS : Wed Jun 16 04:11:34 WIB 2021
Cron Reward MS : Thu Jun 17 04:11:42 WIB 2021
Cron Reward MS : Fri Jun 18 04:11:22 WIB 2021
Cron Reward MS : Sat Jun 19 04:11:12 WIB 2021
Cron Reward MS : Sun Jun 20 04:11:30 WIB 2021
Cron Reward MS : Mon Jun 21 04:10:59 WIB 2021
Cron Reward MS : Tue Jun 22 04:11:51 WIB 2021
Cron Reward MS : Wed Jun 23 04:10:04 WIB 2021
Cron Reward MS : Thu Jun 24 04:11:37 WIB 2021
Cron Reward MS : Fri Jun 25 04:11:32 WIB 2021
Cron Reward MS : Sat Jun 26 04:11:32 WIB 2021
Cron Reward MS : Sun Jun 27 04:12:11 WIB 2021
Cron Reward MS : Mon Jun 28 04:12:11 WIB 2021
Cron Reward MS : Tue Jun 29 04:12:41 WIB 2021
Cron Reward MS : Wed Jun 30 04:12:04 WIB 2021
Cron Reward MS : Thu Jul  1 04:11:18 WIB 2021
Cron Reward MS : Fri Jul  2 04:11:53 WIB 2021
Cron Reward MS : Sat Jul  3 04:11:56 WIB 2021
Cron Reward MS : Sun Jul  4 04:12:05 WIB 2021
Cron Reward MS : Mon Jul  5 04:11:41 WIB 2021
Cron Reward MS : Tue Jul  6 04:12:35 WIB 2021
Cron Reward MS : Wed Jul  7 04:10:04 WIB 2021
Cron Reward MS : Thu Jul  8 04:12:54 WIB 2021
Cron Reward MS : Fri Jul  9 04:10:30 WIB 2021
Cron Reward MS : Sat Jul 10 04:11:44 WIB 2021
Cron Reward MS : Sun Jul 11 04:11:10 WIB 2021
Cron Reward MS : Mon Jul 12 04:13:09 WIB 2021
Cron Reward MS : Tue Jul 13 04:12:08 WIB 2021
Cron Reward MS : Wed Jul 14 04:10:36 WIB 2021
Cron Reward MS : Thu Jul 15 04:12:34 WIB 2021
Cron Reward MS : Fri Jul 16 04:14:08 WIB 2021
Cron Reward MS : Sat Jul 17 04:12:30 WIB 2021
Cron Reward MS : Sun Jul 18 04:12:35 WIB 2021
Cron Reward MS : Mon Jul 19 04:13:00 WIB 2021
Cron Reward MS : Tue Jul 20 04:12:55 WIB 2021
Cron Reward MS : Wed Jul 21 04:12:06 WIB 2021
Cron Reward MS : Thu Jul 22 04:12:45 WIB 2021
Cron Reward MS : Fri Jul 23 04:10:45 WIB 2021
Cron Reward MS : Sat Jul 24 04:11:07 WIB 2021
Cron Reward MS : Sun Jul 25 04:12:18 WIB 2021
Cron Reward MS : Mon Jul 26 04:12:39 WIB 2021
Cron Reward MS : Tue Jul 27 04:13:07 WIB 2021
Cron Reward MS : Wed Jul 28 04:11:43 WIB 2021
Cron Reward MS : Thu Jul 29 04:13:08 WIB 2021
Cron Reward MS : Fri Jul 30 04:12:25 WIB 2021
Cron Reward MS : Sat Jul 31 04:12:48 WIB 2021
Cron Reward MS : Sun Aug  1 04:13:12 WIB 2021
Cron Reward MS : Mon Aug  2 04:14:06 WIB 2021
Cron Reward MS : Tue Aug  3 04:12:28 WIB 2021
Cron Reward MS : Wed Aug  4 04:12:54 WIB 2021
Cron Reward MS : Thu Aug  5 04:14:14 WIB 2021
Cron Reward MS : Fri Aug  6 04:13:37 WIB 2021
Cron Reward MS : Sat Aug  7 04:13:26 WIB 2021
Cron Reward MS : Sun Aug  8 04:11:33 WIB 2021
Cron Reward MS : Mon Aug  9 04:13:39 WIB 2021
Cron Reward MS : Tue Aug 10 04:12:59 WIB 2021
Cron Reward MS : Wed Aug 11 04:13:49 WIB 2021
Cron Reward MS : Thu Aug 12 04:10:49 WIB 2021
Cron Reward MS : Fri Aug 13 04:12:22 WIB 2021
Cron Reward MS : Sat Aug 14 04:13:56 WIB 2021
Cron Reward MS : Sun Aug 15 04:15:20 WIB 2021
Cron Reward MS : Mon Aug 16 04:14:35 WIB 2021
Cron Reward MS : Tue Aug 17 04:14:11 WIB 2021
Cron Reward MS : Wed Aug 18 04:17:58 WIB 2021
Cron Reward MS : Thu Aug 19 04:14:29 WIB 2021
Cron Reward MS : Fri Aug 20 04:15:51 WIB 2021
Cron Reward MS : Sat Aug 21 04:13:47 WIB 2021
Cron Reward MS : Sun Aug 22 04:14:16 WIB 2021
Cron Reward MS : Mon Aug 23 04:14:26 WIB 2021
Cron Reward MS : Tue Aug 24 04:13:55 WIB 2021
Cron Reward MS : Wed Aug 25 04:14:46 WIB 2021
Cron Reward MS : Thu Aug 26 04:14:02 WIB 2021
Cron Reward MS : Fri Aug 27 04:14:58 WIB 2021
Cron Reward MS : Sat Aug 28 04:11:29 WIB 2021
Cron Reward MS : Sun Aug 29 04:14:26 WIB 2021
Cron Reward MS : Mon Aug 30 05:36:34 WIB 2021
Cron Reward MS : Tue Aug 31 04:16:42 WIB 2021
Cron Reward MS : Wed Sep  1 04:14:04 WIB 2021
Cron Reward MS : Thu Sep  2 04:14:10 WIB 2021
Cron Reward MS : Fri Sep  3 04:14:03 WIB 2021
Cron Reward MS : Sat Sep  4 04:14:15 WIB 2021
Cron Reward MS : Sun Sep  5 04:13:55 WIB 2021
Cron Reward MS : Mon Sep  6 04:16:02 WIB 2021
Cron Reward MS : Tue Sep  7 04:15:08 WIB 2021
Cron Reward MS : Wed Sep  8 04:13:12 WIB 2021
Cron Reward MS : Thu Sep  9 04:14:30 WIB 2021
Cron Reward MS : Fri Sep 10 04:17:34 WIB 2021
Cron Reward MS : Sat Sep 11 04:14:45 WIB 2021
Cron Reward MS : Sun Sep 12 04:16:04 WIB 2021
Cron Reward MS : Mon Sep 13 04:14:58 WIB 2021
Cron Reward MS : Tue Sep 14 04:14:37 WIB 2021
Cron Reward MS : Wed Sep 15 04:16:09 WIB 2021
Cron Reward MS : Thu Sep 16 04:14:54 WIB 2021
Cron Reward MS : Fri Sep 17 04:15:25 WIB 2021
Cron Reward MS : Sat Sep 18 04:15:06 WIB 2021
Cron Reward MS : Sun Sep 19 04:16:19 WIB 2021
Cron Reward MS : Mon Sep 20 04:15:32 WIB 2021
Cron Reward MS : Tue Sep 21 04:18:27 WIB 2021
Cron Reward MS : Wed Sep 22 04:16:11 WIB 2021
Cron Reward MS : Thu Sep 23 04:16:19 WIB 2021
Cron Reward MS : Fri Sep 24 04:16:44 WIB 2021
Cron Reward MS : Sat Sep 25 04:15:00 WIB 2021
Cron Reward MS : Sun Sep 26 04:15:56 WIB 2021
Cron Reward MS : Mon Sep 27 04:14:46 WIB 2021
Cron Reward MS : Tue Sep 28 04:14:28 WIB 2021
Cron Reward MS : Wed Sep 29 04:14:43 WIB 2021
Cron Reward MS : Thu Sep 30 04:14:10 WIB 2021
Cron Reward MS : Fri Oct  1 04:16:33 WIB 2021
Cron Reward MS : Sat Oct  2 04:17:53 WIB 2021
Cron Reward MS : Sun Oct  3 04:17:23 WIB 2021
Cron Reward MS : Mon Oct  4 04:13:57 WIB 2021
Cron Reward MS : Tue Oct  5 04:13:08 WIB 2021
Cron Reward MS : Wed Oct  6 04:15:14 WIB 2021
Cron Reward MS : Thu Oct  7 04:13:25 WIB 2021
Cron Reward MS : Fri Oct  8 04:16:39 WIB 2021
Cron Reward MS : Sat Oct  9 04:17:43 WIB 2021
Cron Reward MS : Sun Oct 10 04:15:53 WIB 2021
Cron Reward MS : Mon Oct 11 04:17:15 WIB 2021
Cron Reward MS : Tue Oct 12 04:13:28 WIB 2021
Cron Reward MS : Wed Oct 13 04:17:21 WIB 2021
Cron Reward MS : Thu Oct 14 04:16:20 WIB 2021
Cron Reward MS : Fri Oct 15 04:16:53 WIB 2021
Cron Reward MS : Sat Oct 16 04:17:17 WIB 2021
Cron Reward MS : Sun Oct 17 04:16:31 WIB 2021
Cron Reward MS : Mon Oct 18 04:13:53 WIB 2021
Cron Reward MS : Tue Oct 19 04:16:41 WIB 2021
Cron Reward MS : Wed Oct 20 04:17:32 WIB 2021
Cron Reward MS : Thu Oct 21 04:17:41 WIB 2021
Cron Reward MS : Fri Oct 22 04:16:26 WIB 2021
Cron Reward MS : Sat Oct 23 04:14:37 WIB 2021
Cron Reward MS : Sun Oct 24 04:14:11 WIB 2021
Cron Reward MS : Mon Oct 25 04:19:04 WIB 2021
Cron Reward MS : Tue Oct 26 04:16:53 WIB 2021
Cron Reward MS : Wed Oct 27 04:18:09 WIB 2021
Cron Reward MS : Thu Oct 28 04:17:38 WIB 2021
Cron Reward MS : Fri Oct 29 04:17:48 WIB 2021
Cron Reward MS : Sat Oct 30 04:15:57 WIB 2021
Cron Reward MS : Sun Oct 31 04:14:20 WIB 2021
Cron Reward MS : Mon Nov  1 04:15:08 WIB 2021
Cron Reward MS : Tue Nov  2 04:15:42 WIB 2021
Cron Reward MS : Wed Nov  3 04:14:52 WIB 2021
Cron Reward MS : Thu Nov  4 04:18:26 WIB 2021
Cron Reward MS : Fri Nov  5 04:18:13 WIB 2021
Cron Reward MS : Sat Nov  6 04:16:44 WIB 2021
Cron Reward MS : Sun Nov  7 04:18:01 WIB 2021
Cron Reward MS : Mon Nov  8 04:18:28 WIB 2021
Cron Reward MS : Tue Nov  9 04:15:32 WIB 2021
Cron Reward MS : Wed Nov 10 04:17:36 WIB 2021
Cron Reward MS : Thu Nov 11 04:18:11 WIB 2021
Cron Reward MS : Fri Nov 12 04:18:43 WIB 2021
Cron Reward MS : Sat Nov 13 04:18:42 WIB 2021
Cron Reward MS : Sun Nov 14 04:18:50 WIB 2021
Cron Reward MS : Mon Nov 15 04:19:35 WIB 2021
Cron Reward MS : Tue Nov 16 04:18:53 WIB 2021
Cron Reward MS : Wed Nov 17 04:17:52 WIB 2021
Cron Reward MS : Thu Nov 18 04:17:50 WIB 2021
Cron Reward MS : Fri Nov 19 04:16:27 WIB 2021
Cron Reward MS : Sat Nov 20 04:15:21 WIB 2021
Cron Reward MS : Sun Nov 21 04:16:32 WIB 2021
Cron Reward MS : Mon Nov 22 04:15:55 WIB 2021
Cron Reward MS : Tue Nov 23 04:19:13 WIB 2021
Cron Reward MS : Wed Nov 24 04:19:11 WIB 2021
Cron Reward MS : Thu Nov 25 04:19:36 WIB 2021
Cron Reward MS : Fri Nov 26 04:18:30 WIB 2021
Cron Reward MS : Sat Nov 27 04:19:58 WIB 2021
Cron Reward MS : Sun Nov 28 04:19:33 WIB 2021
Cron Reward MS : Mon Nov 29 04:19:58 WIB 2021
Cron Reward MS : Tue Nov 30 04:18:58 WIB 2021
Cron Reward MS : Wed Dec  1 04:20:43 WIB 2021
Cron Reward MS : Thu Dec  2 04:20:26 WIB 2021
Cron Reward MS : Fri Dec  3 05:21:06 WIB 2021
Cron Reward MS : Sat Dec  4 04:20:23 WIB 2021
Cron Reward MS : Sun Dec  5 04:19:06 WIB 2021
Cron Reward MS : Mon Dec  6 04:20:13 WIB 2021
Cron Reward MS : Tue Dec  7 04:13:57 WIB 2021
Cron Reward MS : Wed Dec  8 04:26:28 WIB 2021
Cron Reward MS : Thu Dec  9 04:22:54 WIB 2021
Cron Reward MS : Fri Dec 10 04:23:19 WIB 2021
Cron Reward MS : Sat Dec 11 04:16:42 WIB 2021
Cron Reward MS : Sun Dec 12 04:14:47 WIB 2021
Cron Reward MS : Mon Dec 13 04:18:18 WIB 2021
Cron Reward MS : Tue Dec 14 04:20:06 WIB 2021
Cron Reward MS : Wed Dec 15 04:21:12 WIB 2021
Cron Reward MS : Thu Dec 16 04:20:33 WIB 2021
Cron Reward MS : Fri Dec 17 04:21:51 WIB 2021
Cron Reward MS : Sat Dec 18 04:21:23 WIB 2021
Cron Reward MS : Sun Dec 19 04:21:49 WIB 2021
Cron Reward MS : Mon Dec 20 04:22:28 WIB 2021
Cron Reward MS : Tue Dec 21 04:22:30 WIB 2021
Cron Reward MS : Wed Dec 22 04:24:08 WIB 2021
Cron Reward MS : Thu Dec 23 04:23:36 WIB 2021
Cron Reward MS : Fri Dec 24 04:24:18 WIB 2021
Cron Reward MS : Sat Dec 25 04:22:48 WIB 2021
Cron Reward MS : Sun Dec 26 04:22:27 WIB 2021
Cron Reward MS : Mon Dec 27 04:22:25 WIB 2021
Cron Reward MS : Tue Dec 28 04:22:57 WIB 2021
Cron Reward MS : Wed Dec 29 04:21:13 WIB 2021
Cron Reward MS : Thu Dec 30 04:21:47 WIB 2021
Cron Reward MS : Fri Dec 31 04:22:06 WIB 2021
Cron Reward MS : Sat Jan  1 04:20:13 WIB 2022
Cron Reward MS : Sun Jan  2 04:17:17 WIB 2022
Cron Reward MS : Mon Jan  3 04:21:19 WIB 2022
Cron Reward MS : Tue Jan  4 04:25:12 WIB 2022
Cron Reward MS : Wed Jan  5 04:23:50 WIB 2022
Cron Reward MS : Thu Jan  6 04:24:44 WIB 2022
Cron Reward MS : Fri Jan  7 04:22:41 WIB 2022
Cron Reward MS : Sat Jan  8 04:21:44 WIB 2022
Cron Reward MS : Sun Jan  9 04:24:16 WIB 2022
Cron Reward MS : Mon Jan 10 04:20:54 WIB 2022
Cron Reward MS : Tue Jan 11 04:31:57 WIB 2022
Cron Reward MS : Wed Jan 12 04:23:31 WIB 2022
Cron Reward MS : Thu Jan 13 04:24:58 WIB 2022
Cron Reward MS : Fri Jan 14 04:25:02 WIB 2022
Cron Reward MS : Sat Jan 15 04:24:07 WIB 2022
Cron Reward MS : Sun Jan 16 04:25:32 WIB 2022
Cron Reward MS : Mon Jan 17 04:24:30 WIB 2022
Cron Reward MS : Tue Jan 18 04:23:28 WIB 2022
Cron Reward MS : Wed Jan 19 04:23:47 WIB 2022
Cron Reward MS : Thu Jan 20 04:23:41 WIB 2022
Cron Reward MS : Fri Jan 21 04:25:57 WIB 2022
Cron Reward MS : Sat Jan 22 04:21:42 WIB 2022
Cron Reward MS : Sun Jan 23 04:26:25 WIB 2022
Cron Reward MS : Mon Jan 24 04:23:28 WIB 2022
Cron Reward MS : Tue Jan 25 04:24:20 WIB 2022
Cron Reward MS : Wed Jan 26 04:27:52 WIB 2022
Cron Reward MS : Thu Jan 27 04:26:45 WIB 2022
Cron Reward MS : Fri Jan 28 04:27:35 WIB 2022
Cron Reward MS : Sat Jan 29 04:27:20 WIB 2022
Cron Reward MS : Sun Jan 30 04:26:06 WIB 2022
Cron Reward MS : Mon Jan 31 04:26:56 WIB 2022
Cron Reward MS : Tue Feb  1 04:26:15 WIB 2022
Cron Reward MS : Wed Feb  2 04:24:02 WIB 2022
Cron Reward MS : Thu Feb  3 04:27:21 WIB 2022
Cron Reward MS : Fri Feb  4 04:18:03 WIB 2022
Cron Reward MS : Sat Feb  5 04:21:09 WIB 2022
Cron Reward MS : Sun Feb  6 04:24:54 WIB 2022
Cron Reward MS : Mon Feb  7 04:23:08 WIB 2022
Cron Reward MS : Tue Feb  8 04:18:27 WIB 2022
Cron Reward MS : Wed Feb  9 04:23:32 WIB 2022
Cron Reward MS : Thu Feb 10 04:24:50 WIB 2022
Cron Reward MS : Fri Feb 11 04:26:39 WIB 2022
Cron Reward MS : Sat Feb 12 04:25:20 WIB 2022
Cron Reward MS : Sun Feb 13 04:25:06 WIB 2022
Cron Reward MS : Mon Feb 14 04:22:24 WIB 2022
Cron Reward MS : Tue Feb 15 04:23:49 WIB 2022
Cron Reward MS : Wed Feb 16 04:22:58 WIB 2022
Cron Reward MS : Thu Feb 17 04:29:00 WIB 2022
Cron Reward MS : Fri Feb 18 04:29:02 WIB 2022
Cron Reward MS : Sat Feb 19 04:26:41 WIB 2022
Cron Reward MS : Sun Feb 20 04:27:40 WIB 2022
Cron Reward MS : Mon Feb 21 04:29:12 WIB 2022
Cron Reward MS : Tue Feb 22 04:25:42 WIB 2022
Cron Reward MS : Wed Feb 23 04:27:11 WIB 2022
Cron Reward MS : Thu Feb 24 04:28:05 WIB 2022
Cron Reward MS : Fri Feb 25 04:24:44 WIB 2022
Cron Reward MS : Sat Feb 26 04:29:12 WIB 2022
Cron Reward MS : Sun Feb 27 04:28:34 WIB 2022
Cron Reward MS : Mon Feb 28 04:27:24 WIB 2022
Cron Reward MS : Tue Mar  1 04:28:39 WIB 2022
Cron Reward MS : Wed Mar  2 04:27:52 WIB 2022
Cron Reward MS : Thu Mar  3 04:27:44 WIB 2022
Cron Reward MS : Fri Mar  4 04:28:07 WIB 2022
Cron Reward MS : Sat Mar  5 04:31:44 WIB 2022
Cron Reward MS : Sun Mar  6 04:30:53 WIB 2022
Cron Reward MS : Mon Mar  7 04:31:49 WIB 2022
Cron Reward MS : Tue Mar  8 04:32:38 WIB 2022
Cron Reward MS : Wed Mar  9 04:26:52 WIB 2022
Cron Reward MS : Thu Mar 10 04:31:45 WIB 2022
Cron Reward MS : Fri Mar 11 04:31:21 WIB 2022
Cron Reward MS : Sat Mar 12 04:31:49 WIB 2022
Cron Reward MS : Sun Mar 13 04:25:55 WIB 2022
Cron Reward MS : Mon Mar 14 04:24:50 WIB 2022
Cron Reward MS : Tue Mar 15 04:23:35 WIB 2022
Cron Reward MS : Wed Mar 16 04:28:41 WIB 2022
Cron Reward MS : Thu Mar 17 04:28:13 WIB 2022
Cron Reward MS : Fri Mar 18 04:29:38 WIB 2022
Cron Reward MS : Sat Mar 19 04:28:20 WIB 2022
Cron Reward MS : Sun Mar 20 04:20:42 WIB 2022
Cron Reward MS : Mon Mar 21 04:20:32 WIB 2022
Cron Reward MS : Tue Mar 22 04:24:15 WIB 2022
Cron Reward MS : Wed Mar 23 04:28:03 WIB 2022
Cron Reward MS : Thu Mar 24 04:30:44 WIB 2022
Cron Reward MS : Fri Mar 25 04:28:32 WIB 2022
Cron Reward MS : Sat Mar 26 04:30:49 WIB 2022
Cron Reward MS : Sun Mar 27 04:29:04 WIB 2022
Cron Reward MS : Mon Mar 28 04:30:51 WIB 2022
Cron Reward MS : Tue Mar 29 04:49:18 WIB 2022
Cron Reward MS : Wed Mar 30 04:29:27 WIB 2022
Cron Reward MS : Thu Mar 31 04:28:30 WIB 2022
Cron Reward MS : Fri Apr  1 04:28:34 WIB 2022
Cron Reward MS : Sat Apr  2 04:29:08 WIB 2022
Cron Reward MS : Sun Apr  3 04:27:29 WIB 2022
Cron Reward MS : Mon Apr  4 04:27:51 WIB 2022
Cron Reward MS : Tue Apr  5 04:22:04 WIB 2022
Cron Reward MS : Wed Apr  6 04:25:45 WIB 2022
Cron Reward MS : Thu Apr  7 04:29:37 WIB 2022
Cron Reward MS : Fri Apr  8 04:27:10 WIB 2022
Cron Reward MS : Sat Apr  9 04:23:16 WIB 2022
Cron Reward MS : Sun Apr 10 04:25:22 WIB 2022
Cron Reward MS : Mon Apr 11 04:28:57 WIB 2022
Cron Reward MS : Tue Apr 12 04:32:04 WIB 2022
Cron Reward MS : Wed Apr 13 04:26:27 WIB 2022
Cron Reward MS : Thu Apr 14 04:28:31 WIB 2022
Cron Reward MS : Fri Apr 15 04:28:31 WIB 2022
Cron Reward MS : Sat Apr 16 04:34:28 WIB 2022
Cron Reward MS : Sun Apr 17 04:33:58 WIB 2022
Cron Reward MS : Mon Apr 18 04:25:15 WIB 2022
Cron Reward MS : Tue Apr 19 04:31:59 WIB 2022
Cron Reward MS : Wed Apr 20 04:30:49 WIB 2022
Cron Reward MS : Thu Apr 21 04:30:43 WIB 2022
Cron Reward MS : Fri Apr 22 04:32:10 WIB 2022
Cron Reward MS : Sat Apr 23 04:31:57 WIB 2022
Cron Reward MS : Sun Apr 24 04:28:00 WIB 2022
Cron Reward MS : Mon Apr 25 04:35:30 WIB 2022
Cron Reward MS : Tue Apr 26 04:27:39 WIB 2022
Cron Reward MS : Wed Apr 27 04:29:06 WIB 2022
Cron Reward MS : Thu Apr 28 04:26:11 WIB 2022
Cron Reward MS : Fri Apr 29 04:34:32 WIB 2022
Cron Reward MS : Sat Apr 30 04:27:10 WIB 2022
Cron Reward MS : Sun May  1 04:39:53 WIB 2022
Cron Reward MS : Mon May  2 04:36:01 WIB 2022
Cron Reward MS : Tue May  3 04:33:44 WIB 2022
Cron Reward MS : Wed May  4 04:35:00 WIB 2022
Cron Reward MS : Thu May  5 04:47:01 WIB 2022
Cron Reward MS : Fri May  6 04:47:05 WIB 2022
Cron Reward MS : Sat May  7 04:40:13 WIB 2022
Cron Reward MS : Sun May  8 04:43:10 WIB 2022
Cron Reward MS : Mon May  9 04:33:40 WIB 2022
Cron Reward MS : Tue May 10 04:34:17 WIB 2022
Cron Reward MS : Wed May 11 04:38:22 WIB 2022
Cron Reward MS : Thu May 12 04:36:58 WIB 2022
Cron Reward MS : Fri May 13 04:37:37 WIB 2022
Cron Reward MS : Sat May 14 04:35:12 WIB 2022
Cron Reward MS : Sun May 15 04:32:40 WIB 2022
Cron Reward MS : Mon May 16 04:32:24 WIB 2022
Cron Reward MS : Tue May 17 04:31:41 WIB 2022
Cron Reward MS : Wed May 18 04:34:29 WIB 2022
Cron Reward MS : Thu May 19 04:33:45 WIB 2022
Cron Reward MS : Fri May 20 04:32:09 WIB 2022
Cron Reward MS : Sat May 21 04:33:13 WIB 2022
Cron Reward MS : Sun May 22 04:31:31 WIB 2022
Cron Reward MS : Mon May 23 04:36:56 WIB 2022
Cron Reward MS : Tue May 24 04:35:16 WIB 2022
Cron Reward MS : Wed May 25 04:32:18 WIB 2022
Cron Reward MS : Thu May 26 04:23:35 WIB 2022
Cron Reward MS : Fri May 27 04:26:27 WIB 2022
Cron Reward MS : Sat May 28 04:26:29 WIB 2022
Cron Reward MS : Sun May 29 04:23:18 WIB 2022
Cron Reward MS : Mon May 30 04:21:57 WIB 2022
Cron Reward MS : Tue May 31 04:23:17 WIB 2022
Cron Reward MS : Wed Jun  1 04:33:00 WIB 2022
Cron Reward MS : Thu Jun  2 04:25:45 WIB 2022
Cron Reward MS : Fri Jun  3 04:23:39 WIB 2022
Cron Reward MS : Sat Jun  4 04:32:49 WIB 2022
Cron Reward MS : Sun Jun  5 04:37:21 WIB 2022
Cron Reward MS : Mon Jun  6 04:35:01 WIB 2022
Cron Reward MS : Tue Jun  7 04:23:21 WIB 2022
Cron Reward MS : Wed Jun  8 04:28:57 WIB 2022
Cron Reward MS : Thu Jun  9 04:25:10 WIB 2022
Cron Reward MS : Fri Jun 10 04:20:25 WIB 2022
Cron Reward MS : Sat Jun 11 04:28:31 WIB 2022
Cron Reward MS : Sun Jun 12 04:32:00 WIB 2022
Cron Reward MS : Mon Jun 13 04:34:59 WIB 2022
Cron Reward MS : Tue Jun 14 04:29:49 WIB 2022
Cron Reward MS : Wed Jun 15 04:29:41 WIB 2022
Cron Reward MS : Thu Jun 16 04:29:56 WIB 2022
Cron Reward MS : Fri Jun 17 04:35:59 WIB 2022
Cron Reward MS : Sat Jun 18 04:32:07 WIB 2022
Cron Reward MS : Sun Jun 19 04:38:53 WIB 2022
Cron Reward MS : Mon Jun 20 04:46:44 WIB 2022
Cron Reward MS : Tue Jun 21 04:40:17 WIB 2022
Cron Reward MS : Wed Jun 22 04:42:45 WIB 2022
Cron Reward MS : Thu Jun 23 04:43:52 WIB 2022
Cron Reward MS : Fri Jun 24 04:44:06 WIB 2022
Cron Reward MS : Sat Jun 25 04:43:20 WIB 2022
Cron Reward MS : Sun Jun 26 04:31:52 WIB 2022
Cron Reward MS : Mon Jun 27 04:44:50 WIB 2022
Cron Reward MS : Tue Jun 28 04:33:20 WIB 2022
Cron Reward MS : Wed Jun 29 04:44:49 WIB 2022
Cron Reward MS : Thu Jun 30 04:45:31 WIB 2022
Cron Reward MS : Fri Jul  1 04:44:31 WIB 2022
Cron Reward MS : Sat Jul  2 04:49:06 WIB 2022
Cron Reward MS : Sun Jul  3 05:01:48 WIB 2022
Cron Reward MS : Mon Jul  4 04:56:51 WIB 2022
Cron Reward MS : Tue Jul  5 04:54:40 WIB 2022
Cron Reward MS : Wed Jul  6 06:32:12 WIB 2022
Cron Reward MS : Thu Jul  7 05:29:35 WIB 2022
Cron Reward MS : Fri Jul  8 04:55:17 WIB 2022
Cron Reward MS : Sat Jul  9 04:53:56 WIB 2022
Cron Reward MS : Sun Jul 10 08:46:11 WIB 2022
Cron Reward MS : Mon Jul 11 09:24:30 WIB 2022
Cron Reward MS : Tue Jul 12 07:37:18 WIB 2022
Cron Reward MS : Wed Jul 13 06:51:18 WIB 2022
