Cron Reward : Mon Aug 13 04:08:10 WIB 2018
Cron Reward : Tue Aug 14 04:02:32 WIB 2018
Cron Reward : Wed Aug 15 04:02:28 WIB 2018
Cron Reward : Thu Aug 16 04:02:33 WIB 2018
Cron Reward : Fri Aug 17 04:02:34 WIB 2018
Cron Reward : Sat Aug 18 04:02:23 WIB 2018
Cron Reward : Sun Aug 19 04:00:07 WIB 2018
Cron Reward : Mon Aug 20 04:00:07 WIB 2018
Cron Reward : Tue Aug 21 04:00:07 WIB 2018
Cron Reward : Wed Aug 22 04:00:12 WIB 2018
Cron Reward : Thu Aug 23 04:00:02 WIB 2018
Cron Reward : Fri Aug 24 04:00:07 WIB 2018
Cron Reward : Sat Aug 25 04:00:42 WIB 2018
Cron Reward : Sun Aug 26 04:01:54 WIB 2018
Cron Reward : Mon Aug 27 04:00:06 WIB 2018
Cron Reward : Tue Aug 28 04:00:12 WIB 2018
Cron Reward : Wed Aug 29 04:00:06 WIB 2018
Cron Reward : Thu Aug 30 04:00:11 WIB 2018
Cron Reward : Fri Aug 31 04:00:07 WIB 2018
Cron Reward : Sat Sep  1 04:00:12 WIB 2018
Cron Reward : Sun Sep  2 04:01:57 WIB 2018
Cron Reward : Mon Sep  3 04:02:12 WIB 2018
Cron Reward : Tue Sep  4 04:03:29 WIB 2018
Cron Reward : Wed Sep  5 04:01:58 WIB 2018
Cron Reward : Thu Sep  6 04:02:16 WIB 2018
Cron Reward : Fri Sep  7 04:01:58 WIB 2018
Cron Reward : Sat Sep  8 04:02:13 WIB 2018
Cron Reward : Sun Sep  9 04:02:01 WIB 2018
Cron Reward : Mon Sep 10 04:01:54 WIB 2018
Cron Reward : Tue Sep 11 04:01:52 WIB 2018
Cron Reward : Wed Sep 12 04:01:53 WIB 2018
Cron Reward : Thu Sep 13 04:01:48 WIB 2018
Cron Reward : Fri Sep 14 04:01:50 WIB 2018
Cron Reward : Sat Sep 15 04:01:47 WIB 2018
Cron Reward : Sun Sep 16 04:01:55 WIB 2018
Cron Reward : Mon Sep 17 04:01:56 WIB 2018
Cron Reward : Tue Sep 18 04:02:15 WIB 2018
Cron Reward : Wed Sep 19 04:01:54 WIB 2018
Cron Reward : Thu Sep 20 04:02:03 WIB 2018
Cron Reward : Fri Sep 21 04:01:48 WIB 2018
Cron Reward : Sat Sep 22 04:01:51 WIB 2018
Cron Reward : Sun Sep 23 04:01:57 WIB 2018
Cron Reward : Mon Sep 24 04:01:51 WIB 2018
Cron Reward : Tue Sep 25 04:01:50 WIB 2018
Cron Reward : Wed Sep 26 04:01:47 WIB 2018
Cron Reward : Thu Sep 27 04:01:52 WIB 2018
Cron Reward : Fri Sep 28 04:01:54 WIB 2018
Cron Reward : Sat Sep 29 04:01:54 WIB 2018
Cron Reward : Sun Sep 30 04:02:23 WIB 2018
Cron Reward : Mon Oct  1 04:01:53 WIB 2018
Cron Reward : Tue Oct  2 04:01:53 WIB 2018
Cron Reward : Wed Oct  3 04:01:57 WIB 2018
Cron Reward : Thu Oct  4 04:01:41 WIB 2018
Cron Reward : Fri Oct  5 04:01:59 WIB 2018
Cron Reward : Sat Oct  6 04:01:56 WIB 2018
Cron Reward : Sun Oct  7 04:01:54 WIB 2018
Cron Reward : Mon Oct  8 04:01:59 WIB 2018
Cron Reward : Tue Oct  9 04:01:46 WIB 2018
Cron Reward : Wed Oct 10 04:01:51 WIB 2018
Cron Reward : Thu Oct 11 04:01:44 WIB 2018
Cron Reward : Fri Oct 12 04:01:49 WIB 2018
Cron Reward : Sat Oct 13 04:01:49 WIB 2018
Cron Reward : Sun Oct 14 04:01:50 WIB 2018
Cron Reward : Mon Oct 15 04:01:47 WIB 2018
Cron Reward : Tue Oct 16 04:01:51 WIB 2018
Cron Reward : Wed Oct 17 04:01:45 WIB 2018
Cron Reward : Thu Oct 18 04:02:02 WIB 2018
Cron Reward : Fri Oct 19 04:01:51 WIB 2018
Cron Reward : Sat Oct 20 04:01:48 WIB 2018
Cron Reward : Sun Oct 21 04:01:50 WIB 2018
Cron Reward : Mon Oct 22 04:01:49 WIB 2018
Cron Reward : Tue Oct 23 04:01:50 WIB 2018
Cron Reward : Wed Oct 24 04:01:49 WIB 2018
Cron Reward : Thu Oct 25 04:01:50 WIB 2018
Cron Reward : Fri Oct 26 04:01:50 WIB 2018
Cron Reward : Sat Oct 27 04:01:43 WIB 2018
Cron Reward : Sun Oct 28 04:01:53 WIB 2018
Cron Reward : Mon Oct 29 04:01:49 WIB 2018
Cron Reward : Tue Oct 30 04:01:50 WIB 2018
Cron Reward : Wed Oct 31 04:01:46 WIB 2018
Cron Reward : Thu Nov  1 04:01:50 WIB 2018
Cron Reward : Fri Nov  2 04:01:43 WIB 2018
Cron Reward : Sat Nov  3 04:01:43 WIB 2018
Cron Reward : Sun Nov  4 04:01:43 WIB 2018
Cron Reward : Mon Nov  5 04:02:01 WIB 2018
Cron Reward : Tue Nov  6 04:01:55 WIB 2018
Cron Reward : Wed Nov  7 04:01:53 WIB 2018
Cron Reward : Thu Nov  8 04:01:54 WIB 2018
Cron Reward : Fri Nov  9 04:01:53 WIB 2018
Cron Reward : Sat Nov 10 04:01:51 WIB 2018
Cron Reward : Sun Nov 11 04:01:55 WIB 2018
Cron Reward : Mon Nov 12 04:01:57 WIB 2018
Cron Reward : Tue Nov 13 04:01:58 WIB 2018
Cron Reward : Wed Nov 14 04:02:04 WIB 2018
Cron Reward : Thu Nov 15 04:01:55 WIB 2018
Cron Reward : Fri Nov 16 04:01:55 WIB 2018
Cron Reward : Sat Nov 17 04:01:55 WIB 2018
Cron Reward : Sun Nov 18 04:01:52 WIB 2018
Cron Reward : Mon Nov 19 04:01:55 WIB 2018
Cron Reward : Tue Nov 20 04:01:59 WIB 2018
Cron Reward : Wed Nov 21 04:01:47 WIB 2018
Cron Reward : Thu Nov 22 04:01:57 WIB 2018
Cron Reward : Fri Nov 23 04:03:00 WIB 2018
Cron Reward : Sat Nov 24 04:01:58 WIB 2018
Cron Reward : Sun Nov 25 04:02:01 WIB 2018
Cron Reward : Mon Nov 26 04:03:08 WIB 2018
Cron Reward : Tue Nov 27 04:02:04 WIB 2018
Cron Reward : Wed Nov 28 04:01:58 WIB 2018
Cron Reward : Thu Nov 29 04:01:53 WIB 2018
Cron Reward : Fri Nov 30 04:01:54 WIB 2018
Cron Reward : Sat Dec  1 04:01:56 WIB 2018
Cron Reward : Sun Dec  2 04:01:54 WIB 2018
Cron Reward : Mon Dec  3 04:01:52 WIB 2018
Cron Reward : Tue Dec  4 04:01:58 WIB 2018
Cron Reward : Wed Dec  5 04:01:57 WIB 2018
Cron Reward : Thu Dec  6 04:01:53 WIB 2018
Cron Reward : Fri Dec  7 04:01:55 WIB 2018
Cron Reward : Sat Dec  8 04:02:07 WIB 2018
Cron Reward : Sun Dec  9 04:02:19 WIB 2018
Cron Reward : Mon Dec 10 04:01:57 WIB 2018
Cron Reward : Tue Dec 11 04:01:56 WIB 2018
Cron Reward : Wed Dec 12 04:01:56 WIB 2018
Cron Reward : Thu Dec 13 04:01:56 WIB 2018
Cron Reward : Fri Dec 14 04:02:58 WIB 2018
Cron Reward : Sat Dec 15 04:01:54 WIB 2018
Cron Reward : Sun Dec 16 04:01:58 WIB 2018
Cron Reward : Mon Dec 17 04:01:57 WIB 2018
Cron Reward : Tue Dec 18 04:01:58 WIB 2018
Cron Reward : Wed Dec 19 04:01:54 WIB 2018
Cron Reward : Thu Dec 20 04:01:57 WIB 2018
Cron Reward : Fri Dec 21 04:01:57 WIB 2018
Cron Reward : Sat Dec 22 04:01:57 WIB 2018
Cron Reward : Sun Dec 23 04:01:59 WIB 2018
Cron Reward : Mon Dec 24 04:01:57 WIB 2018
Cron Reward : Tue Dec 25 04:02:03 WIB 2018
Cron Reward : Wed Dec 26 04:01:49 WIB 2018
Cron Reward : Thu Dec 27 04:02:09 WIB 2018
Cron Reward : Fri Dec 28 04:02:03 WIB 2018
Cron Reward : Sat Dec 29 04:02:11 WIB 2018
Cron Reward : Sun Dec 30 04:02:01 WIB 2018
Cron Reward : Mon Dec 31 04:02:01 WIB 2018
Cron Reward : Tue Jan  1 04:02:08 WIB 2019
Cron Reward : Wed Jan  2 04:01:48 WIB 2019
Cron Reward : Thu Jan  3 04:01:59 WIB 2019
Cron Reward : Fri Jan  4 04:02:01 WIB 2019
Cron Reward : Sat Jan  5 04:02:03 WIB 2019
Cron Reward : Sun Jan  6 04:02:05 WIB 2019
Cron Reward : Mon Jan  7 04:02:05 WIB 2019
Cron Reward : Tue Jan  8 04:02:07 WIB 2019
Cron Reward : Wed Jan  9 04:02:03 WIB 2019
Cron Reward : Thu Jan 10 04:02:01 WIB 2019
Cron Reward : Fri Jan 11 04:02:03 WIB 2019
Cron Reward : Sat Jan 12 04:01:59 WIB 2019
Cron Reward : Sun Jan 13 04:02:03 WIB 2019
Cron Reward : Mon Jan 14 04:02:00 WIB 2019
Cron Reward : Tue Jan 15 04:02:07 WIB 2019
Cron Reward : Wed Jan 16 04:02:07 WIB 2019
Cron Reward : Thu Jan 17 07:39:52 WIB 2019
Cron Reward : Fri Jan 18 04:02:06 WIB 2019
Cron Reward : Sat Jan 19 04:02:12 WIB 2019
Cron Reward : Sun Jan 20 04:02:09 WIB 2019
Cron Reward : Mon Jan 21 04:02:08 WIB 2019
Cron Reward : Tue Jan 22 04:02:17 WIB 2019
Cron Reward : Wed Jan 23 04:02:06 WIB 2019
Cron Reward : Thu Jan 24 04:02:06 WIB 2019
Cron Reward : Fri Jan 25 04:02:08 WIB 2019
Cron Reward : Sat Jan 26 04:02:10 WIB 2019
Cron Reward : Sun Jan 27 04:02:10 WIB 2019
Cron Reward : Mon Jan 28 04:02:09 WIB 2019
Cron Reward : Tue Jan 29 04:02:06 WIB 2019
Cron Reward : Wed Jan 30 04:02:04 WIB 2019
Cron Reward : Thu Jan 31 04:02:09 WIB 2019
Cron Reward : Fri Feb  1 04:02:08 WIB 2019
Cron Reward : Sat Feb  2 04:02:07 WIB 2019
Cron Reward : Sun Feb  3 04:02:13 WIB 2019
Cron Reward : Mon Feb  4 04:02:09 WIB 2019
Cron Reward : Tue Feb  5 04:02:13 WIB 2019
Cron Reward : Wed Feb  6 04:01:54 WIB 2019
Cron Reward : Thu Feb  7 04:03:10 WIB 2019
Cron Reward : Fri Feb  8 04:02:10 WIB 2019
Cron Reward : Sat Feb  9 04:02:11 WIB 2019
Cron Reward : Sun Feb 10 04:02:15 WIB 2019
Cron Reward : Mon Feb 11 04:02:11 WIB 2019
Cron Reward : Tue Feb 12 04:02:16 WIB 2019
Cron Reward : Wed Feb 13 04:02:06 WIB 2019
Cron Reward : Thu Feb 14 04:02:06 WIB 2019
Cron Reward : Fri Feb 15 04:02:10 WIB 2019
Cron Reward : Sat Feb 16 04:02:13 WIB 2019
Cron Reward : Sun Feb 17 04:02:14 WIB 2019
Cron Reward : Mon Feb 18 04:02:12 WIB 2019
Cron Reward : Tue Feb 19 04:02:17 WIB 2019
Cron Reward : Wed Feb 20 04:02:07 WIB 2019
Cron Reward : Thu Feb 21 04:02:09 WIB 2019
Cron Reward : Fri Feb 22 04:02:08 WIB 2019
Cron Reward : Sat Feb 23 04:02:39 WIB 2019
Cron Reward : Sun Feb 24 04:02:11 WIB 2019
Cron Reward : Mon Feb 25 04:02:08 WIB 2019
Cron Reward : Tue Feb 26 04:02:16 WIB 2019
Cron Reward : Wed Feb 27 04:02:14 WIB 2019
Cron Reward : Thu Feb 28 04:02:08 WIB 2019
Cron Reward : Fri Mar  1 04:02:12 WIB 2019
Cron Reward : Sat Mar  2 04:02:10 WIB 2019
Cron Reward : Sun Mar  3 04:02:15 WIB 2019
Cron Reward : Mon Mar  4 04:02:14 WIB 2019
Cron Reward : Tue Mar  5 04:02:11 WIB 2019
Cron Reward : Wed Mar  6 04:02:07 WIB 2019
Cron Reward : Thu Mar  7 04:02:17 WIB 2019
Cron Reward : Fri Mar  8 04:01:53 WIB 2019
Cron Reward : Sat Mar  9 04:02:12 WIB 2019
Cron Reward : Sun Mar 10 04:02:09 WIB 2019
Cron Reward : Mon Mar 11 04:02:15 WIB 2019
Cron Reward : Tue Mar 12 04:03:19 WIB 2019
Cron Reward : Wed Mar 13 04:02:06 WIB 2019
Cron Reward : Thu Mar 14 04:02:09 WIB 2019
Cron Reward : Fri Mar 15 04:02:07 WIB 2019
Cron Reward : Sat Mar 16 04:01:52 WIB 2019
Cron Reward : Sun Mar 17 04:02:09 WIB 2019
Cron Reward : Mon Mar 18 04:02:07 WIB 2019
Cron Reward : Tue Mar 19 04:02:10 WIB 2019
Cron Reward : Wed Mar 20 04:02:11 WIB 2019
Cron Reward : Thu Mar 21 04:02:04 WIB 2019
Cron Reward : Fri Mar 22 04:02:06 WIB 2019
Cron Reward : Sat Mar 23 04:02:18 WIB 2019
Cron Reward : Sun Mar 24 04:02:13 WIB 2019
Cron Reward : Mon Mar 25 04:02:05 WIB 2019
Cron Reward : Tue Mar 26 04:02:10 WIB 2019
Cron Reward : Wed Mar 27 04:01:50 WIB 2019
Cron Reward : Thu Mar 28 04:02:07 WIB 2019
Cron Reward : Fri Mar 29 04:02:11 WIB 2019
Cron Reward : Sat Mar 30 04:02:09 WIB 2019
Cron Reward : Sun Mar 31 04:02:17 WIB 2019
Cron Reward : Mon Apr  1 04:02:16 WIB 2019
Cron Reward : Tue Apr  2 04:02:12 WIB 2019
Cron Reward : Wed Apr  3 04:02:12 WIB 2019
Cron Reward : Thu Apr  4 04:02:00 WIB 2019
Cron Reward : Fri Apr  5 04:02:13 WIB 2019
Cron Reward : Sat Apr  6 04:02:10 WIB 2019
Cron Reward : Sun Apr  7 04:02:14 WIB 2019
Cron Reward : Mon Apr  8 04:02:07 WIB 2019
Cron Reward : Tue Apr  9 04:03:18 WIB 2019
Cron Reward : Wed Apr 10 04:02:10 WIB 2019
Cron Reward : Thu Apr 11 04:02:07 WIB 2019
Cron Reward : Fri Apr 12 04:01:59 WIB 2019
Cron Reward : Sat Apr 13 04:02:14 WIB 2019
Cron Reward : Sun Apr 14 04:02:18 WIB 2019
Cron Reward : Mon Apr 15 04:02:13 WIB 2019
Cron Reward : Tue Apr 16 04:04:52 WIB 2019
Cron Reward : Wed Apr 17 04:03:48 WIB 2019
Cron Reward : Thu Apr 18 04:08:20 WIB 2019
Cron Reward : Fri Apr 19 04:02:19 WIB 2019
Cron Reward : Sat Apr 20 04:01:54 WIB 2019
Cron Reward : Sun Apr 21 04:02:15 WIB 2019
Cron Reward : Mon Apr 22 04:02:11 WIB 2019
Cron Reward : Tue Apr 23 04:02:22 WIB 2019
Cron Reward : Wed Apr 24 04:02:13 WIB 2019
Cron Reward : Thu Apr 25 04:02:13 WIB 2019
Cron Reward : Fri Apr 26 04:02:11 WIB 2019
Cron Reward : Sat Apr 27 04:02:12 WIB 2019
Cron Reward : Sun Apr 28 04:02:18 WIB 2019
Cron Reward : Mon Apr 29 04:02:16 WIB 2019
Cron Reward : Tue Apr 30 04:02:20 WIB 2019
Cron Reward : Wed May  1 04:02:23 WIB 2019
Cron Reward : Thu May  2 04:01:55 WIB 2019
Cron Reward : Fri May  3 04:02:09 WIB 2019
Cron Reward : Sat May  4 04:02:11 WIB 2019
Cron Reward : Sun May  5 04:02:18 WIB 2019
Cron Reward : Mon May  6 04:02:18 WIB 2019
Cron Reward : Tue May  7 04:02:19 WIB 2019
Cron Reward : Wed May  8 04:02:15 WIB 2019
Cron Reward : Thu May  9 04:02:17 WIB 2019
Cron Reward : Fri May 10 04:02:15 WIB 2019
Cron Reward : Sat May 11 04:02:13 WIB 2019
Cron Reward : Sun May 12 04:02:21 WIB 2019
Cron Reward : Mon May 13 04:02:13 WIB 2019
Cron Reward : Tue May 14 04:02:36 WIB 2019
Cron Reward : Wed May 15 04:03:19 WIB 2019
Cron Reward : Thu May 16 04:05:53 WIB 2019
Cron Reward : Fri May 17 04:02:15 WIB 2019
Cron Reward : Sat May 18 04:02:16 WIB 2019
Cron Reward : Sun May 19 04:02:26 WIB 2019
Cron Reward : Mon May 20 04:02:01 WIB 2019
Cron Reward : Tue May 21 04:05:02 WIB 2019
Cron Reward : Wed May 22 04:04:49 WIB 2019
Cron Reward : Thu May 23 04:02:13 WIB 2019
Cron Reward : Fri May 24 04:02:23 WIB 2019
Cron Reward : Sat May 25 04:02:17 WIB 2019
Cron Reward : Sun May 26 04:04:32 WIB 2019
Cron Reward : Mon May 27 04:03:08 WIB 2019
Cron Reward : Tue May 28 04:02:20 WIB 2019
Cron Reward : Wed May 29 04:02:21 WIB 2019
Cron Reward : Thu May 30 04:02:12 WIB 2019
Cron Reward : Fri May 31 04:01:58 WIB 2019
Cron Reward : Sat Jun  1 04:02:02 WIB 2019
Cron Reward : Sun Jun  2 04:01:57 WIB 2019
Cron Reward : Mon Jun  3 04:01:59 WIB 2019
Cron Reward : Tue Jun  4 04:02:01 WIB 2019
Cron Reward : Wed Jun  5 04:02:13 WIB 2019
Cron Reward : Thu Jun  6 04:02:06 WIB 2019
Cron Reward : Fri Jun  7 04:01:56 WIB 2019
Cron Reward : Sat Jun  8 04:02:04 WIB 2019
Cron Reward : Sun Jun  9 04:01:58 WIB 2019
Cron Reward : Mon Jun 10 04:01:59 WIB 2019
Cron Reward : Tue Jun 11 04:04:59 WIB 2019
Cron Reward : Wed Jun 12 04:02:12 WIB 2019
Cron Reward : Thu Jun 13 04:05:06 WIB 2019
Cron Reward : Fri Jun 14 04:05:15 WIB 2019
Cron Reward : Sat Jun 15 04:05:21 WIB 2019
Cron Reward : Sun Jun 16 04:08:34 WIB 2019
Cron Reward : Mon Jun 17 04:06:27 WIB 2019
Cron Reward : Tue Jun 18 04:02:17 WIB 2019
Cron Reward : Wed Jun 19 04:02:53 WIB 2019
Cron Reward : Thu Jun 20 04:02:13 WIB 2019
Cron Reward : Fri Jun 21 04:02:21 WIB 2019
Cron Reward : Sat Jun 22 04:02:12 WIB 2019
Cron Reward : Sun Jun 23 04:02:20 WIB 2019
Cron Reward : Mon Jun 24 04:02:13 WIB 2019
Cron Reward : Tue Jun 25 04:02:17 WIB 2019
Cron Reward : Wed Jun 26 04:02:52 WIB 2019
Cron Reward : Thu Jun 27 04:04:36 WIB 2019
Cron Reward : Fri Jun 28 04:03:17 WIB 2019
Cron Reward : Sat Jun 29 04:04:26 WIB 2019
Cron Reward : Sun Jun 30 04:02:26 WIB 2019
Cron Reward : Mon Jul  1 04:02:24 WIB 2019
Cron Reward : Tue Jul  2 04:04:59 WIB 2019
Cron Reward : Wed Jul  3 04:02:21 WIB 2019
Cron Reward : Thu Jul  4 04:04:09 WIB 2019
Cron Reward : Fri Jul  5 04:05:11 WIB 2019
Cron Reward : Sat Jul  6 04:05:56 WIB 2019
Cron Reward : Sun Jul  7 04:05:17 WIB 2019
Cron Reward : Mon Jul  8 04:06:21 WIB 2019
Cron Reward : Tue Jul  9 04:02:16 WIB 2019
Cron Reward : Wed Jul 10 04:02:15 WIB 2019
Cron Reward : Thu Jul 11 04:02:33 WIB 2019
Cron Reward : Fri Jul 12 04:04:12 WIB 2019
Cron Reward : Sat Jul 13 04:02:18 WIB 2019
Cron Reward : Sun Jul 14 04:06:46 WIB 2019
Cron Reward : Mon Jul 15 04:05:48 WIB 2019
Cron Reward : Tue Jul 16 04:05:01 WIB 2019
Cron Reward : Wed Jul 17 04:04:23 WIB 2019
Cron Reward : Thu Jul 18 04:02:25 WIB 2019
Cron Reward : Fri Jul 19 04:02:15 WIB 2019
Cron Reward : Sat Jul 20 04:02:15 WIB 2019
Cron Reward : Sun Jul 21 04:02:23 WIB 2019
Cron Reward : Mon Jul 22 04:03:14 WIB 2019
Cron Reward : Tue Jul 23 04:02:17 WIB 2019
Cron Reward : Wed Jul 24 04:02:29 WIB 2019
Cron Reward : Thu Jul 25 04:03:58 WIB 2019
Cron Reward : Fri Jul 26 04:04:02 WIB 2019
Cron Reward : Sat Jul 27 04:02:18 WIB 2019
Cron Reward : Sun Jul 28 04:05:30 WIB 2019
Cron Reward : Mon Jul 29 04:05:17 WIB 2019
Cron Reward : Tue Jul 30 04:05:10 WIB 2019
Cron Reward : Wed Jul 31 04:02:33 WIB 2019
Cron Reward : Thu Aug  1 04:05:38 WIB 2019
Cron Reward : Fri Aug  2 04:02:18 WIB 2019
Cron Reward : Sat Aug  3 04:02:16 WIB 2019
Cron Reward : Sun Aug  4 04:03:28 WIB 2019
Cron Reward : Mon Aug  5 04:04:05 WIB 2019
Cron Reward : Tue Aug  6 04:04:00 WIB 2019
Cron Reward : Wed Aug  7 04:03:54 WIB 2019
Cron Reward : Thu Aug  8 04:05:25 WIB 2019
Cron Reward : Fri Aug  9 04:02:17 WIB 2019
Cron Reward : Sat Aug 10 04:02:11 WIB 2019
Cron Reward : Sun Aug 11 04:02:26 WIB 2019
Cron Reward : Mon Aug 12 04:04:39 WIB 2019
Cron Reward : Tue Aug 13 04:04:59 WIB 2019
Cron Reward : Wed Aug 14 04:04:41 WIB 2019
Cron Reward : Thu Aug 15 04:02:21 WIB 2019
Cron Reward : Fri Aug 16 04:02:17 WIB 2019
Cron Reward : Sat Aug 17 04:02:27 WIB 2019
Cron Reward : Sun Aug 18 04:04:58 WIB 2019
Cron Reward : Mon Aug 19 04:05:34 WIB 2019
Cron Reward : Tue Aug 20 04:02:24 WIB 2019
Cron Reward : Wed Aug 21 04:05:02 WIB 2019
Cron Reward : Thu Aug 22 04:02:17 WIB 2019
Cron Reward : Fri Aug 23 04:02:16 WIB 2019
Cron Reward : Sat Aug 24 04:04:14 WIB 2019
Cron Reward : Sun Aug 25 04:02:26 WIB 2019
Cron Reward : Mon Aug 26 04:02:19 WIB 2019
Cron Reward : Tue Aug 27 04:02:25 WIB 2019
Cron Reward : Wed Aug 28 04:04:02 WIB 2019
Cron Reward : Thu Aug 29 04:07:32 WIB 2019
Cron Reward : Fri Aug 30 04:02:23 WIB 2019
Cron Reward : Sat Aug 31 04:04:03 WIB 2019
Cron Reward : Sun Sep  1 04:02:38 WIB 2019
Cron Reward : Mon Sep  2 04:01:59 WIB 2019
Cron Reward : Tue Sep  3 04:02:39 WIB 2019
Cron Reward : Wed Sep  4 04:06:40 WIB 2019
Cron Reward : Thu Sep  5 04:04:59 WIB 2019
Cron Reward : Fri Sep  6 04:02:11 WIB 2019
Cron Reward : Sat Sep  7 04:06:51 WIB 2019
Cron Reward : Sun Sep  8 04:05:14 WIB 2019
Cron Reward : Mon Sep  9 04:01:51 WIB 2019
Cron Reward : Tue Sep 10 04:03:43 WIB 2019
Cron Reward : Wed Sep 11 04:02:15 WIB 2019
Cron Reward : Thu Sep 12 04:02:08 WIB 2019
Cron Reward : Fri Sep 13 04:02:12 WIB 2019
Cron Reward : Sat Sep 14 04:02:14 WIB 2019
Cron Reward : Sun Sep 15 04:03:55 WIB 2019
Cron Reward : Mon Sep 16 04:04:50 WIB 2019
Cron Reward : Tue Sep 17 04:02:34 WIB 2019
Cron Reward : Wed Sep 18 04:02:10 WIB 2019
Cron Reward : Thu Sep 19 04:03:05 WIB 2019
Cron Reward : Fri Sep 20 04:02:03 WIB 2019
Cron Reward : Sat Sep 21 04:02:44 WIB 2019
Cron Reward : Sun Sep 22 04:02:08 WIB 2019
Cron Reward : Mon Sep 23 04:03:09 WIB 2019
Cron Reward : Tue Sep 24 04:03:03 WIB 2019
Cron Reward : Wed Sep 25 04:02:35 WIB 2019
Cron Reward : Thu Sep 26 04:02:17 WIB 2019
Cron Reward : Fri Sep 27 04:03:20 WIB 2019
Cron Reward : Sat Sep 28 04:03:48 WIB 2019
Cron Reward : Sun Sep 29 04:03:06 WIB 2019
Cron Reward : Mon Sep 30 04:04:26 WIB 2019
Cron Reward : Tue Oct  1 04:04:16 WIB 2019
Cron Reward : Wed Oct  2 04:01:20 WIB 2019
Cron Reward : Thu Oct  3 04:02:12 WIB 2019
Cron Reward : Fri Oct  4 04:02:04 WIB 2019
Cron Reward : Sat Oct  5 04:02:16 WIB 2019
Cron Reward : Sun Oct  6 04:02:31 WIB 2019
Cron Reward : Mon Oct  7 04:02:30 WIB 2019
Cron Reward : Tue Oct  8 04:02:30 WIB 2019
Cron Reward : Wed Oct  9 04:01:28 WIB 2019
Cron Reward : Thu Oct 10 04:03:48 WIB 2019
Cron Reward : Fri Oct 11 04:03:30 WIB 2019
Cron Reward : Sat Oct 12 04:03:14 WIB 2019
Cron Reward : Sun Oct 13 04:02:10 WIB 2019
Cron Reward : Mon Oct 14 04:02:12 WIB 2019
Cron Reward : Tue Oct 15 04:03:13 WIB 2019
Cron Reward : Wed Oct 16 04:02:05 WIB 2019
Cron Reward : Thu Oct 17 04:03:06 WIB 2019
Cron Reward : Fri Oct 18 04:05:39 WIB 2019
Cron Reward : Sat Oct 19 04:03:38 WIB 2019
Cron Reward : Sun Oct 20 04:03:35 WIB 2019
Cron Reward : Mon Oct 21 04:02:28 WIB 2019
Cron Reward : Tue Oct 22 04:03:12 WIB 2019
Cron Reward : Wed Oct 23 04:03:28 WIB 2019
Cron Reward : Thu Oct 24 04:17:19 WIB 2019
Cron Reward : Fri Oct 25 04:18:21 WIB 2019
Cron Reward : Sat Oct 26 04:17:19 WIB 2019
Cron Reward : Sun Oct 27 04:15:39 WIB 2019
Cron Reward : Mon Oct 28 04:08:39 WIB 2019
Cron Reward : Tue Oct 29 04:26:10 WIB 2019
Cron Reward : Wed Oct 30 04:19:56 WIB 2019
Cron Reward : Thu Oct 31 04:02:27 WIB 2019
Cron Reward : Fri Nov  1 04:23:04 WIB 2019
Cron Reward : Sat Nov  2 04:07:59 WIB 2019
Cron Reward : Sun Nov  3 04:02:25 WIB 2019
Cron Reward : Mon Nov  4 04:19:35 WIB 2019
Cron Reward : Tue Nov  5 04:25:41 WIB 2019
Cron Reward : Wed Nov  6 04:21:51 WIB 2019
Cron Reward : Thu Nov  7 04:27:07 WIB 2019
Cron Reward : Fri Nov  8 04:16:19 WIB 2019
Cron Reward : Sat Nov  9 04:26:07 WIB 2019
Cron Reward : Sun Nov 10 04:48:32 WIB 2019
Cron Reward : Mon Nov 11 04:43:20 WIB 2019
Cron Reward : Tue Nov 12 04:14:36 WIB 2019
Cron Reward : Wed Nov 13 04:25:35 WIB 2019
Cron Reward : Thu Nov 14 04:02:55 WIB 2019
Cron Reward : Fri Nov 15 04:35:23 WIB 2019
Cron Reward : Sat Nov 16 04:34:28 WIB 2019
Cron Reward : Sun Nov 17 04:23:35 WIB 2019
Cron Reward : Mon Nov 18 04:13:56 WIB 2019
Cron Reward : Tue Nov 19 04:26:53 WIB 2019
Cron Reward : Wed Nov 20 04:22:58 WIB 2019
Cron Reward : Thu Nov 21 04:02:42 WIB 2019
Cron Reward : Fri Nov 22 04:02:47 WIB 2019
Cron Reward : Sat Nov 23 04:26:24 WIB 2019
Cron Reward : Sun Nov 24 04:28:15 WIB 2019
Cron Reward : Mon Nov 25 04:26:33 WIB 2019
Cron Reward : Tue Nov 26 04:27:19 WIB 2019
Cron Reward : Wed Nov 27 04:30:20 WIB 2019
Cron Reward : Thu Nov 28 04:02:49 WIB 2019
Cron Reward : Fri Nov 29 05:15:54 WIB 2019
Cron Reward : Sat Nov 30 04:26:05 WIB 2019
Cron Reward : Sun Dec  1 04:13:08 WIB 2019
Cron Reward : Mon Dec  2 04:45:17 WIB 2019
Cron Reward : Tue Dec  3 04:16:46 WIB 2019
Cron Reward : Wed Dec  4 04:18:59 WIB 2019
Cron Reward : Thu Dec  5 04:19:02 WIB 2019
Cron Reward : Fri Dec  6 04:12:59 WIB 2019
Cron Reward : Sat Dec  7 04:13:25 WIB 2019
Cron Reward : Sun Dec  8 04:15:42 WIB 2019
Cron Reward : Mon Dec  9 04:03:04 WIB 2019
Cron Reward : Tue Dec 10 04:21:18 WIB 2019
Cron Reward : Wed Dec 11 04:29:54 WIB 2019
Cron Reward : Thu Dec 12 04:02:50 WIB 2019
Cron Reward : Fri Dec 13 04:22:28 WIB 2019
Cron Reward : Sat Dec 14 04:20:38 WIB 2019
Cron Reward : Sun Dec 15 04:19:14 WIB 2019
Cron Reward : Mon Dec 16 04:33:49 WIB 2019
Cron Reward : Tue Dec 17 04:26:42 WIB 2019
Cron Reward : Wed Dec 18 04:08:19 WIB 2019
Cron Reward : Thu Dec 19 04:40:21 WIB 2019
Cron Reward : Fri Dec 20 04:38:22 WIB 2019
Cron Reward : Sat Dec 21 04:41:30 WIB 2019
Cron Reward : Sun Dec 22 04:41:37 WIB 2019
Cron Reward : Mon Dec 23 04:58:57 WIB 2019
Cron Reward : Tue Dec 24 04:15:26 WIB 2019
Cron Reward : Wed Dec 25 04:34:05 WIB 2019
Cron Reward : Thu Dec 26 04:58:16 WIB 2019
Cron Reward : Fri Dec 27 04:41:10 WIB 2019
Cron Reward : Sat Dec 28 04:28:04 WIB 2019
Cron Reward : Sun Dec 29 04:24:37 WIB 2019
Cron Reward : Mon Dec 30 04:29:38 WIB 2019
Cron Reward : Tue Dec 31 04:22:45 WIB 2019
Cron Reward : Wed Jan  1 04:03:01 WIB 2020
Cron Reward : Thu Jan  2 04:49:07 WIB 2020
Cron Reward : Fri Jan  3 04:38:46 WIB 2020
Cron Reward : Sat Jan  4 04:17:24 WIB 2020
Cron Reward : Sun Jan  5 04:17:10 WIB 2020
Cron Reward : Mon Jan  6 04:34:44 WIB 2020
Cron Reward : Tue Jan  7 04:30:14 WIB 2020
Cron Reward : Wed Jan  8 04:28:44 WIB 2020
Cron Reward : Thu Jan  9 04:32:34 WIB 2020
Cron Reward : Fri Jan 10 04:17:10 WIB 2020
Cron Reward : Sat Jan 11 04:20:33 WIB 2020
Cron Reward : Sun Jan 12 04:24:26 WIB 2020
Cron Reward : Mon Jan 13 04:23:56 WIB 2020
Cron Reward : Tue Jan 14 04:32:00 WIB 2020
Cron Reward : Wed Jan 15 04:30:09 WIB 2020
Cron Reward : Thu Jan 16 04:10:31 WIB 2020
Cron Reward : Fri Jan 17 04:29:13 WIB 2020
Cron Reward : Sat Jan 18 04:29:40 WIB 2020
Cron Reward : Sun Jan 19 04:33:50 WIB 2020
Cron Reward : Mon Jan 20 04:23:50 WIB 2020
Cron Reward : Tue Jan 21 04:37:06 WIB 2020
Cron Reward : Wed Jan 22 04:24:45 WIB 2020
Cron Reward : Thu Jan 23 04:42:32 WIB 2020
Cron Reward : Fri Jan 24 04:33:02 WIB 2020
Cron Reward : Sat Jan 25 04:21:30 WIB 2020
Cron Reward : Sun Jan 26 04:23:01 WIB 2020
Cron Reward : Mon Jan 27 04:39:15 WIB 2020
Cron Reward : Tue Jan 28 04:35:23 WIB 2020
Cron Reward : Wed Jan 29 04:03:06 WIB 2020
Cron Reward : Thu Jan 30 04:24:33 WIB 2020
Cron Reward : Fri Jan 31 04:29:11 WIB 2020
Cron Reward : Sat Feb  1 04:20:31 WIB 2020
Cron Reward : Sun Feb  2 04:30:36 WIB 2020
Cron Reward : Mon Feb  3 05:52:31 WIB 2020
Cron Reward : Tue Feb  4 04:20:29 WIB 2020
Cron Reward : Wed Feb  5 04:17:33 WIB 2020
Cron Reward : Thu Feb  6 04:39:22 WIB 2020
Cron Reward : Fri Feb  7 04:25:58 WIB 2020
Cron Reward : Sat Feb  8 04:28:31 WIB 2020
Cron Reward : Sun Feb  9 04:19:30 WIB 2020
Cron Reward : Mon Feb 10 04:25:52 WIB 2020
Cron Reward : Tue Feb 11 04:26:09 WIB 2020
Cron Reward : Wed Feb 12 04:31:36 WIB 2020
Cron Reward : Thu Feb 13 04:29:42 WIB 2020
Cron Reward : Fri Feb 14 04:33:53 WIB 2020
Cron Reward : Sat Feb 15 04:23:08 WIB 2020
Cron Reward : Sun Feb 16 04:25:37 WIB 2020
Cron Reward : Mon Feb 17 04:26:12 WIB 2020
Cron Reward : Tue Feb 18 04:28:38 WIB 2020
Cron Reward : Wed Feb 19 04:21:27 WIB 2020
Cron Reward : Thu Feb 20 04:23:18 WIB 2020
Cron Reward : Fri Feb 21 04:41:18 WIB 2020
Cron Reward : Sat Feb 22 04:31:16 WIB 2020
Cron Reward : Sun Feb 23 04:19:48 WIB 2020
Cron Reward : Mon Feb 24 04:36:55 WIB 2020
Cron Reward : Tue Feb 25 04:35:07 WIB 2020
Cron Reward : Wed Feb 26 04:03:14 WIB 2020
Cron Reward : Thu Feb 27 04:21:04 WIB 2020
Cron Reward : Fri Feb 28 04:36:25 WIB 2020
Cron Reward : Sat Feb 29 04:21:46 WIB 2020
Cron Reward : Sun Mar  1 04:03:26 WIB 2020
Cron Reward : Mon Mar  2 04:36:54 WIB 2020
Cron Reward : Tue Mar  3 04:24:19 WIB 2020
Cron Reward : Wed Mar  4 04:29:51 WIB 2020
Cron Reward : Thu Mar  5 04:29:48 WIB 2020
Cron Reward : Fri Mar  6 04:30:22 WIB 2020
Cron Reward : Sat Mar  7 04:34:07 WIB 2020
Cron Reward : Sun Mar  8 04:35:27 WIB 2020
Cron Reward : Mon Mar  9 04:44:52 WIB 2020
Cron Reward : Tue Mar 10 04:26:29 WIB 2020
Cron Reward : Wed Mar 11 04:24:55 WIB 2020
Cron Reward : Thu Mar 12 04:26:19 WIB 2020
Cron Reward : Fri Mar 13 04:21:37 WIB 2020
Cron Reward : Sat Mar 14 04:27:02 WIB 2020
Cron Reward : Sun Mar 15 04:30:43 WIB 2020
Cron Reward : Mon Mar 16 04:31:52 WIB 2020
Cron Reward : Tue Mar 17 04:27:13 WIB 2020
Cron Reward : Wed Mar 18 04:47:18 WIB 2020
Cron Reward : Thu Mar 19 04:34:56 WIB 2020
Cron Reward : Fri Mar 20 04:03:24 WIB 2020
Cron Reward : Sat Mar 21 04:03:14 WIB 2020
Cron Reward : Sun Mar 22 04:03:21 WIB 2020
Cron Reward : Mon Mar 23 04:03:09 WIB 2020
Cron Reward : Tue Mar 24 04:03:17 WIB 2020
Cron Reward : Wed Mar 25 04:03:16 WIB 2020
Cron Reward : Thu Mar 26 04:03:12 WIB 2020
Cron Reward : Fri Mar 27 04:03:17 WIB 2020
Cron Reward : Sat Mar 28 04:03:20 WIB 2020
Cron Reward : Sun Mar 29 04:03:16 WIB 2020
Cron Reward : Mon Mar 30 04:03:15 WIB 2020
Cron Reward : Tue Mar 31 04:03:20 WIB 2020
Cron Reward : Wed Apr  1 04:03:21 WIB 2020
Cron Reward : Thu Apr  2 04:03:25 WIB 2020
Cron Reward : Fri Apr  3 04:03:27 WIB 2020
Cron Reward : Sat Apr  4 04:03:19 WIB 2020
Cron Reward : Sun Apr  5 04:03:19 WIB 2020
Cron Reward : Mon Apr  6 04:03:23 WIB 2020
Cron Reward : Tue Apr  7 04:03:22 WIB 2020
Cron Reward : Wed Apr  8 04:03:19 WIB 2020
Cron Reward : Thu Apr  9 04:03:15 WIB 2020
Cron Reward : Fri Apr 10 04:03:20 WIB 2020
Cron Reward : Sat Apr 11 04:03:20 WIB 2020
Cron Reward : Sun Apr 12 04:03:20 WIB 2020
Cron Reward : Mon Apr 13 04:03:21 WIB 2020
Cron Reward : Tue Apr 14 04:03:21 WIB 2020
Cron Reward : Wed Apr 15 04:03:20 WIB 2020
Cron Reward : Thu Apr 16 04:03:22 WIB 2020
Cron Reward : Fri Apr 17 04:03:21 WIB 2020
Cron Reward : Sat Apr 18 04:03:28 WIB 2020
Cron Reward : Sun Apr 19 04:03:28 WIB 2020
Cron Reward : Mon Apr 20 04:03:28 WIB 2020
Cron Reward : Tue Apr 21 04:03:30 WIB 2020
Cron Reward : Wed Apr 22 04:03:30 WIB 2020
Cron Reward : Thu Apr 23 04:03:37 WIB 2020
Cron Reward : Fri Apr 24 04:03:22 WIB 2020
Cron Reward : Sat Apr 25 04:03:23 WIB 2020
Cron Reward : Sun Apr 26 04:03:33 WIB 2020
Cron Reward : Mon Apr 27 04:03:32 WIB 2020
Cron Reward : Tue Apr 28 04:03:28 WIB 2020
Cron Reward : Wed Apr 29 04:03:32 WIB 2020
Cron Reward : Thu Apr 30 04:03:31 WIB 2020
Cron Reward : Fri May  1 04:03:24 WIB 2020
Cron Reward : Sat May  2 04:03:13 WIB 2020
Cron Reward : Sun May  3 04:03:15 WIB 2020
Cron Reward : Mon May  4 04:03:23 WIB 2020
Cron Reward : Tue May  5 04:03:32 WIB 2020
Cron Reward : Wed May  6 04:03:32 WIB 2020
Cron Reward : Thu May  7 04:07:36 WIB 2020
Cron Reward : Fri May  8 04:07:36 WIB 2020
Cron Reward : Sat May  9 04:03:25 WIB 2020
Cron Reward : Sun May 10 04:03:21 WIB 2020
Cron Reward : Mon May 11 04:03:22 WIB 2020
Cron Reward : Tue May 12 04:03:25 WIB 2020
Cron Reward : Wed May 13 04:03:17 WIB 2020
Cron Reward : Thu May 14 04:03:24 WIB 2020
Cron Reward : Fri May 15 04:03:20 WIB 2020
Cron Reward : Sat May 16 04:03:25 WIB 2020
Cron Reward : Sun May 17 04:03:26 WIB 2020
Cron Reward : Mon May 18 04:03:26 WIB 2020
Cron Reward : Tue May 19 04:03:24 WIB 2020
Cron Reward : Wed May 20 04:03:26 WIB 2020
Cron Reward : Thu May 21 04:03:27 WIB 2020
Cron Reward : Fri May 22 04:03:21 WIB 2020
Cron Reward : Sat May 23 04:03:32 WIB 2020
Cron Reward : Sun May 24 04:03:26 WIB 2020
Cron Reward : Mon May 25 04:03:25 WIB 2020
Cron Reward : Tue May 26 04:03:29 WIB 2020
Cron Reward : Wed May 27 04:03:27 WIB 2020
Cron Reward : Thu May 28 04:03:34 WIB 2020
Cron Reward : Fri May 29 04:03:37 WIB 2020
Cron Reward : Sat May 30 04:03:25 WIB 2020
Cron Reward : Sun May 31 04:03:26 WIB 2020
Cron Reward : Mon Jun  1 05:08:27 WIB 2020
Cron Reward : Tue Jun  2 04:05:37 WIB 2020
Cron Reward : Wed Jun  3 04:05:46 WIB 2020
Cron Reward : Thu Jun  4 04:05:32 WIB 2020
Cron Reward : Fri Jun  5 04:06:13 WIB 2020
Cron Reward : Sat Jun  6 04:06:21 WIB 2020
Cron Reward : Sun Jun  7 04:06:07 WIB 2020
Cron Reward : Mon Jun  8 04:06:25 WIB 2020
Cron Reward : Tue Jun  9 04:05:59 WIB 2020
Cron Reward : Wed Jun 10 04:06:07 WIB 2020
Cron Reward : Thu Jun 11 04:06:22 WIB 2020
Cron Reward : Fri Jun 12 04:05:59 WIB 2020
Cron Reward : Sat Jun 13 04:06:09 WIB 2020
Cron Reward : Sun Jun 14 04:06:50 WIB 2020
Cron Reward : Mon Jun 15 04:06:43 WIB 2020
Cron Reward : Tue Jun 16 04:06:58 WIB 2020
Cron Reward : Wed Jun 17 04:07:03 WIB 2020
Cron Reward : Thu Jun 18 04:06:48 WIB 2020
Cron Reward : Fri Jun 19 04:06:40 WIB 2020
Cron Reward : Sat Jun 20 04:06:50 WIB 2020
Cron Reward : Sun Jun 21 04:06:43 WIB 2020
Cron Reward : Mon Jun 22 04:06:49 WIB 2020
Cron Reward : Tue Jun 23 04:10:15 WIB 2020
Cron Reward : Wed Jun 24 04:06:55 WIB 2020
Cron Reward : Thu Jun 25 04:06:51 WIB 2020
Cron Reward : Fri Jun 26 04:06:45 WIB 2020
Cron Reward : Sat Jun 27 04:06:57 WIB 2020
Cron Reward : Sun Jun 28 04:06:37 WIB 2020
Cron Reward : Mon Jun 29 04:06:41 WIB 2020
Cron Reward : Tue Jun 30 04:06:37 WIB 2020
Cron Reward : Wed Jul  1 04:07:10 WIB 2020
Cron Reward : Thu Jul  2 04:07:04 WIB 2020
Cron Reward : Fri Jul  3 04:07:02 WIB 2020
Cron Reward : Sat Jul  4 04:06:59 WIB 2020
Cron Reward : Sun Jul  5 04:07:04 WIB 2020
Cron Reward : Mon Jul  6 04:06:58 WIB 2020
Cron Reward : Tue Jul  7 04:06:56 WIB 2020
Cron Reward : Wed Jul  8 04:07:10 WIB 2020
Cron Reward : Thu Jul  9 04:07:08 WIB 2020
Cron Reward : Fri Jul 10 04:07:10 WIB 2020
Cron Reward : Sat Jul 11 04:07:02 WIB 2020
Cron Reward : Sun Jul 12 04:07:18 WIB 2020
Cron Reward : Mon Jul 13 04:07:07 WIB 2020
Cron Reward : Tue Jul 14 04:07:26 WIB 2020
Cron Reward : Wed Jul 15 04:07:12 WIB 2020
Cron Reward : Thu Jul 16 04:07:22 WIB 2020
Cron Reward : Fri Jul 17 04:07:34 WIB 2020
Cron Reward : Sat Jul 18 04:08:05 WIB 2020
Cron Reward : Sun Jul 19 05:03:17 WIB 2020
Cron Reward : Mon Jul 20 04:09:23 WIB 2020
Cron Reward : Tue Jul 21 05:46:18 WIB 2020
Cron Reward : Wed Jul 22 04:08:46 WIB 2020
Cron Reward : Thu Jul 23 04:08:22 WIB 2020
Cron Reward : Fri Jul 24 04:09:06 WIB 2020
Cron Reward : Sat Jul 25 04:14:16 WIB 2020
Cron Reward : Sun Jul 26 04:48:46 WIB 2020
Cron Reward : Mon Jul 27 04:07:58 WIB 2020
Cron Reward : Tue Jul 28 04:08:02 WIB 2020
Cron Reward : Wed Jul 29 05:21:26 WIB 2020
Cron Reward : Thu Jul 30 06:08:04 WIB 2020
Cron Reward : Fri Jul 31 08:11:26 WIB 2020
Cron Reward : Sat Aug  1 09:16:31 WIB 2020
Cron Reward : Sun Aug  2 04:08:02 WIB 2020
Cron Reward : Mon Aug  3 04:08:07 WIB 2020
Cron Reward : Tue Aug  4 04:07:35 WIB 2020
Cron Reward : Wed Aug  5 04:23:48 WIB 2020
Cron Reward : Thu Aug  6 04:09:14 WIB 2020
Cron Reward : Fri Aug  7 04:07:24 WIB 2020
Cron Reward : Sat Aug  8 04:07:51 WIB 2020
Cron Reward : Sun Aug  9 04:07:31 WIB 2020
Cron Reward : Mon Aug 10 04:07:30 WIB 2020
Cron Reward : Tue Aug 11 04:07:25 WIB 2020
Cron Reward : Wed Aug 12 04:07:37 WIB 2020
Cron Reward : Thu Aug 13 04:07:50 WIB 2020
Cron Reward : Fri Aug 14 04:07:46 WIB 2020
Cron Reward : Sat Aug 15 04:07:49 WIB 2020
Cron Reward : Sun Aug 16 04:07:42 WIB 2020
Cron Reward : Mon Aug 17 04:07:42 WIB 2020
Cron Reward : Tue Aug 18 04:07:43 WIB 2020
Cron Reward : Wed Aug 19 04:08:08 WIB 2020
Cron Reward : Thu Aug 20 04:07:57 WIB 2020
Cron Reward : Fri Aug 21 04:07:59 WIB 2020
Cron Reward : Sat Aug 22 04:08:19 WIB 2020
Cron Reward : Sun Aug 23 04:44:36 WIB 2020
Cron Reward : Mon Aug 24 04:08:44 WIB 2020
Cron Reward : Tue Aug 25 04:09:14 WIB 2020
Cron Reward : Wed Aug 26 04:08:13 WIB 2020
Cron Reward : Thu Aug 27 04:08:15 WIB 2020
Cron Reward : Fri Aug 28 05:00:41 WIB 2020
Cron Reward : Sat Aug 29 04:08:00 WIB 2020
Cron Reward : Sun Aug 30 04:57:54 WIB 2020
Cron Reward : Mon Aug 31 04:08:03 WIB 2020
Cron Reward : Tue Sep  1 04:07:59 WIB 2020
Cron Reward : Wed Sep  2 04:08:16 WIB 2020
Cron Reward : Thu Sep  3 04:08:49 WIB 2020
Cron Reward : Fri Sep  4 05:39:50 WIB 2020
Cron Reward : Sat Sep  5 04:08:19 WIB 2020
Cron Reward : Sun Sep  6 04:34:41 WIB 2020
Cron Reward : Mon Sep  7 04:07:51 WIB 2020
Cron Reward : Tue Sep  8 04:08:18 WIB 2020
Cron Reward : Wed Sep  9 04:07:55 WIB 2020
Cron Reward : Thu Sep 10 04:08:20 WIB 2020
Cron Reward : Fri Sep 11 04:07:52 WIB 2020
Cron Reward : Sat Sep 12 04:08:02 WIB 2020
Cron Reward : Sun Sep 13 04:07:57 WIB 2020
Cron Reward : Mon Sep 14 04:07:47 WIB 2020
Cron Reward : Tue Sep 15 04:08:17 WIB 2020
Cron Reward : Wed Sep 16 04:13:29 WIB 2020
Cron Reward : Thu Sep 17 04:57:12 WIB 2020
Cron Reward : Fri Sep 18 04:08:33 WIB 2020
Cron Reward : Sat Sep 19 04:08:11 WIB 2020
Cron Reward : Sun Sep 20 04:07:49 WIB 2020
Cron Reward : Mon Sep 21 04:09:04 WIB 2020
Cron Reward : Tue Sep 22 04:08:01 WIB 2020
Cron Reward : Wed Sep 23 04:07:53 WIB 2020
Cron Reward : Thu Sep 24 04:48:10 WIB 2020
Cron Reward : Fri Sep 25 04:07:41 WIB 2020
Cron Reward : Sat Sep 26 04:08:28 WIB 2020
Cron Reward : Sun Sep 27 04:08:01 WIB 2020
Cron Reward : Mon Sep 28 04:07:52 WIB 2020
Cron Reward : Tue Sep 29 04:07:51 WIB 2020
Cron Reward : Wed Sep 30 04:08:00 WIB 2020
Cron Reward : Thu Oct  1 04:07:42 WIB 2020
Cron Reward : Fri Oct  2 04:07:35 WIB 2020
Cron Reward : Sat Oct  3 04:08:49 WIB 2020
Cron Reward : Sun Oct  4 04:07:43 WIB 2020
Cron Reward : Mon Oct  5 04:07:49 WIB 2020
Cron Reward : Tue Oct  6 04:08:03 WIB 2020
Cron Reward : Wed Oct  7 04:08:19 WIB 2020
Cron Reward : Thu Oct  8 04:11:39 WIB 2020
Cron Reward : Fri Oct  9 04:08:14 WIB 2020
Cron Reward : Sat Oct 10 04:08:02 WIB 2020
Cron Reward : Sun Oct 11 04:08:36 WIB 2020
Cron Reward : Mon Oct 12 04:08:27 WIB 2020
Cron Reward : Tue Oct 13 04:12:26 WIB 2020
Cron Reward : Wed Oct 14 04:09:32 WIB 2020
Cron Reward : Thu Oct 15 04:12:32 WIB 2020
Cron Reward : Fri Oct 16 04:47:11 WIB 2020
Cron Reward : Sat Oct 17 06:58:23 WIB 2020
Cron Reward : Sun Oct 18 07:27:55 WIB 2020
Cron Reward : Mon Oct 19 08:20:51 WIB 2020
Cron Reward : Tue Oct 20 08:19:37 WIB 2020
Cron Reward : Wed Oct 21 04:36:51 WIB 2020
Cron Reward : Thu Oct 22 04:08:30 WIB 2020
Cron Reward : Fri Oct 23 04:58:49 WIB 2020
Cron Reward : Sat Oct 24 04:08:32 WIB 2020
Cron Reward : Sun Oct 25 04:08:50 WIB 2020
Cron Reward : Mon Oct 26 04:11:15 WIB 2020
Cron Reward : Tue Oct 27 06:24:14 WIB 2020
Cron Reward : Wed Oct 28 05:03:24 WIB 2020
Cron Reward : Thu Oct 29 04:08:20 WIB 2020
Cron Reward : Fri Oct 30 04:16:31 WIB 2020
Cron Reward : Sat Oct 31 04:24:31 WIB 2020
Cron Reward : Sun Nov  1 05:25:42 WIB 2020
Cron Reward : Mon Nov  2 04:29:11 WIB 2020
Cron Reward : Tue Nov  3 04:34:16 WIB 2020
Cron Reward : Wed Nov  4 04:50:41 WIB 2020
Cron Reward : Thu Nov  5 04:08:03 WIB 2020
Cron Reward : Fri Nov  6 04:32:52 WIB 2020
Cron Reward : Sat Nov  7 04:07:57 WIB 2020
Cron Reward : Sun Nov  8 04:39:59 WIB 2020
Cron Reward : Mon Nov  9 04:07:59 WIB 2020
Cron Reward : Tue Nov 10 04:09:34 WIB 2020
Cron Reward : Wed Nov 11 04:37:01 WIB 2020
Cron Reward : Thu Nov 12 04:57:02 WIB 2020
Cron Reward : Fri Nov 13 05:34:03 WIB 2020
Cron Reward : Sat Nov 14 04:43:09 WIB 2020
Cron Reward : Sun Nov 15 05:03:30 WIB 2020
Cron Reward : Mon Nov 16 05:05:30 WIB 2020
Cron Reward : Tue Nov 17 04:08:29 WIB 2020
Cron Reward : Wed Nov 18 05:10:41 WIB 2020
Cron Reward : Thu Nov 19 04:19:56 WIB 2020
Cron Reward : Fri Nov 20 04:52:29 WIB 2020
Cron Reward : Sat Nov 21 04:53:37 WIB 2020
Cron Reward : Sun Nov 22 04:08:33 WIB 2020
Cron Reward : Mon Nov 23 05:00:32 WIB 2020
Cron Reward : Tue Nov 24 04:08:46 WIB 2020
Cron Reward : Wed Nov 25 05:34:55 WIB 2020
Cron Reward : Thu Nov 26 04:34:54 WIB 2020
Cron Reward : Fri Nov 27 04:23:39 WIB 2020
Cron Reward : Sat Nov 28 04:08:32 WIB 2020
Cron Reward : Sun Nov 29 04:29:11 WIB 2020
Cron Reward : Mon Nov 30 05:08:33 WIB 2020
Cron Reward : Tue Dec  1 05:16:02 WIB 2020
Cron Reward : Wed Dec  2 05:28:25 WIB 2020
Cron Reward : Thu Dec  3 04:58:15 WIB 2020
Cron Reward : Fri Dec  4 04:09:14 WIB 2020
Cron Reward : Sat Dec  5 04:08:21 WIB 2020
Cron Reward : Sun Dec  6 04:49:11 WIB 2020
Cron Reward : Mon Dec  7 05:04:06 WIB 2020
Cron Reward : Tue Dec  8 05:10:33 WIB 2020
Cron Reward : Wed Dec  9 06:39:49 WIB 2020
Cron Reward : Thu Dec 10 08:10:57 WIB 2020
Cron Reward : Fri Dec 11 06:56:07 WIB 2020
Cron Reward : Sat Dec 12 06:51:27 WIB 2020
Cron Reward : Sun Dec 13 04:08:20 WIB 2020
Cron Reward : Mon Dec 14 04:08:15 WIB 2020
Cron Reward : Tue Dec 15 04:45:40 WIB 2020
Cron Reward : Wed Dec 16 05:32:57 WIB 2020
Cron Reward : Thu Dec 17 06:00:47 WIB 2020
Cron Reward : Fri Dec 18 05:57:18 WIB 2020
Cron Reward : Sat Dec 19 04:56:02 WIB 2020
Cron Reward : Sun Dec 20 04:42:35 WIB 2020
Cron Reward : Mon Dec 21 04:56:47 WIB 2020
Cron Reward : Tue Dec 22 05:22:53 WIB 2020
Cron Reward : Wed Dec 23 04:09:02 WIB 2020
Cron Reward : Thu Dec 24 04:08:19 WIB 2020
Cron Reward : Fri Dec 25 04:43:29 WIB 2020
Cron Reward : Sat Dec 26 04:59:40 WIB 2020
Cron Reward : Sun Dec 27 04:42:37 WIB 2020
Cron Reward : Mon Dec 28 05:13:17 WIB 2020
Cron Reward : Tue Dec 29 05:07:16 WIB 2020
Cron Reward : Wed Dec 30 04:08:22 WIB 2020
Cron Reward : Thu Dec 31 04:43:58 WIB 2020
Cron Reward : Fri Jan  1 05:09:08 WIB 2021
Cron Reward : Sat Jan  2 04:59:08 WIB 2021
Cron Reward : Sun Jan  3 04:41:57 WIB 2021
Cron Reward : Mon Jan  4 05:01:55 WIB 2021
Cron Reward : Tue Jan  5 05:03:15 WIB 2021
Cron Reward : Wed Jan  6 04:59:12 WIB 2021
Cron Reward : Thu Jan  7 05:58:45 WIB 2021
Cron Reward : Fri Jan  8 04:57:10 WIB 2021
Cron Reward : Sat Jan  9 04:13:14 WIB 2021
Cron Reward : Sun Jan 10 04:21:24 WIB 2021
Cron Reward : Mon Jan 11 05:40:01 WIB 2021
Cron Reward : Tue Jan 12 04:49:22 WIB 2021
Cron Reward : Wed Jan 13 05:23:24 WIB 2021
Cron Reward : Thu Jan 14 05:59:28 WIB 2021
Cron Reward : Fri Jan 15 05:28:36 WIB 2021
Cron Reward : Sat Jan 16 04:08:47 WIB 2021
Cron Reward : Sun Jan 17 04:57:00 WIB 2021
Cron Reward : Mon Jan 18 05:31:18 WIB 2021
Cron Reward : Tue Jan 19 04:08:37 WIB 2021
Cron Reward : Wed Jan 20 05:47:25 WIB 2021
Cron Reward : Thu Jan 21 04:59:41 WIB 2021
Cron Reward : Fri Jan 22 05:39:44 WIB 2021
Cron Reward : Sat Jan 23 05:23:18 WIB 2021
Cron Reward : Sun Jan 24 05:17:15 WIB 2021
Cron Reward : Mon Jan 25 05:26:30 WIB 2021
Cron Reward : Tue Jan 26 05:29:38 WIB 2021
Cron Reward : Wed Jan 27 04:09:40 WIB 2021
Cron Reward : Thu Jan 28 04:08:34 WIB 2021
Cron Reward : Fri Jan 29 06:33:00 WIB 2021
Cron Reward : Sat Jan 30 04:54:13 WIB 2021
Cron Reward : Sun Jan 31 04:08:40 WIB 2021
Cron Reward : Mon Feb  1 04:55:06 WIB 2021
Cron Reward : Tue Feb  2 04:10:17 WIB 2021
Cron Reward : Wed Feb  3 05:08:50 WIB 2021
Cron Reward : Thu Feb  4 04:18:55 WIB 2021
Cron Reward : Sat Feb  6 04:13:32 WIB 2021
Cron Reward : Sun Feb  7 05:26:42 WIB 2021
Cron Reward : Mon Feb  8 05:31:42 WIB 2021
Cron Reward : Tue Feb  9 04:55:23 WIB 2021
Cron Reward : Wed Feb 10 06:23:55 WIB 2021
Cron Reward : Thu Feb 11 05:54:41 WIB 2021
Cron Reward : Fri Feb 12 05:11:19 WIB 2021
Cron Reward : Sat Feb 13 06:35:29 WIB 2021
Cron Reward : Sun Feb 14 05:31:23 WIB 2021
Cron Reward : Mon Feb 15 06:10:45 WIB 2021
Cron Reward : Tue Feb 16 05:17:36 WIB 2021
Cron Reward : Wed Feb 17 06:27:25 WIB 2021
Cron Reward : Thu Feb 18 07:36:24 WIB 2021
Cron Reward : Fri Feb 19 04:09:14 WIB 2021
Cron Reward : Sat Feb 20 04:55:10 WIB 2021
Cron Reward : Sun Feb 21 06:23:57 WIB 2021
Cron Reward : Mon Feb 22 08:22:51 WIB 2021
Cron Reward : Tue Feb 23 08:00:43 WIB 2021
Cron Reward : Wed Feb 24 07:45:15 WIB 2021
Cron Reward : Thu Feb 25 06:46:24 WIB 2021
Cron Reward : Fri Feb 26 04:58:44 WIB 2021
Cron Reward : Sat Feb 27 06:04:09 WIB 2021
Cron Reward : Sun Feb 28 05:29:39 WIB 2021
Cron Reward : Mon Mar  1 05:11:47 WIB 2021
Cron Reward : Tue Mar  2 06:12:25 WIB 2021
Cron Reward : Wed Mar  3 05:32:25 WIB 2021
Cron Reward : Thu Mar  4 05:36:11 WIB 2021
Cron Reward : Fri Mar  5 04:08:58 WIB 2021
Cron Reward : Sat Mar  6 07:09:04 WIB 2021
Cron Reward : Sun Mar  7 09:33:05 WIB 2021
Cron Reward : Mon Mar  8 08:57:20 WIB 2021
Cron Reward : Tue Mar  9 07:29:56 WIB 2021
Cron Reward : Wed Mar 10 08:15:52 WIB 2021
Cron Reward : Thu Mar 11 07:39:42 WIB 2021
Cron Reward : Fri Mar 12 09:23:18 WIB 2021
Cron Reward : Sat Mar 13 08:30:35 WIB 2021
Cron Reward : Sun Mar 14 10:00:59 WIB 2021
Cron Reward : Mon Mar 15 10:05:33 WIB 2021
Cron Reward : Tue Mar 16 08:27:30 WIB 2021
Cron Reward : Wed Mar 17 04:08:00 WIB 2021
Cron Reward : Thu Mar 18 04:04:44 WIB 2021
Cron Reward : Fri Mar 19 04:04:37 WIB 2021
Cron Reward : Sat Mar 20 04:04:04 WIB 2021
Cron Reward : Sun Mar 21 04:16:09 WIB 2021
Cron Reward : Mon Mar 22 04:04:20 WIB 2021
Cron Reward : Tue Mar 23 04:30:54 WIB 2021
Cron Reward : Wed Mar 24 04:03:46 WIB 2021
Cron Reward : Thu Mar 25 04:04:41 WIB 2021
Cron Reward : Fri Mar 26 04:03:45 WIB 2021
Cron Reward : Sat Mar 27 04:03:49 WIB 2021
Cron Reward : Sun Mar 28 04:03:47 WIB 2021
Cron Reward : Mon Mar 29 04:03:45 WIB 2021
Cron Reward : Tue Mar 30 04:03:50 WIB 2021
Cron Reward : Wed Mar 31 04:03:48 WIB 2021
Cron Reward : Thu Apr  1 04:03:54 WIB 2021
Cron Reward : Fri Apr  2 04:04:05 WIB 2021
Cron Reward : Sat Apr  3 04:04:06 WIB 2021
Cron Reward : Sun Apr  4 04:04:17 WIB 2021
Cron Reward : Mon Apr  5 04:03:47 WIB 2021
Cron Reward : Tue Apr  6 04:05:12 WIB 2021
Cron Reward : Wed Apr  7 04:04:10 WIB 2021
Cron Reward : Thu Apr  8 04:04:13 WIB 2021
Cron Reward : Fri Apr  9 04:04:13 WIB 2021
Cron Reward : Sat Apr 10 04:04:09 WIB 2021
Cron Reward : Sun Apr 11 04:04:04 WIB 2021
Cron Reward : Mon Apr 12 04:04:18 WIB 2021
Cron Reward : Tue Apr 13 04:04:07 WIB 2021
Cron Reward : Wed Apr 14 04:04:08 WIB 2021
Cron Reward : Thu Apr 15 04:04:13 WIB 2021
Cron Reward : Fri Apr 16 04:04:24 WIB 2021
Cron Reward : Sat Apr 17 04:03:52 WIB 2021
Cron Reward : Sun Apr 18 04:03:53 WIB 2021
Cron Reward : Mon Apr 19 04:03:49 WIB 2021
Cron Reward : Tue Apr 20 04:03:51 WIB 2021
Cron Reward : Wed Apr 21 04:03:57 WIB 2021
Cron Reward : Thu Apr 22 04:03:54 WIB 2021
Cron Reward : Fri Apr 23 04:03:53 WIB 2021
Cron Reward : Sat Apr 24 04:03:52 WIB 2021
Cron Reward : Sun Apr 25 04:03:53 WIB 2021
Cron Reward : Mon Apr 26 04:03:58 WIB 2021
Cron Reward : Tue Apr 27 04:03:57 WIB 2021
Cron Reward : Wed Apr 28 04:03:56 WIB 2021
Cron Reward : Thu Apr 29 04:04:02 WIB 2021
Cron Reward : Fri Apr 30 04:04:01 WIB 2021
Cron Reward : Sat May  1 04:03:51 WIB 2021
Cron Reward : Sun May  2 04:04:14 WIB 2021
Cron Reward : Mon May  3 04:04:14 WIB 2021
Cron Reward : Tue May  4 04:04:02 WIB 2021
Cron Reward : Wed May  5 04:04:12 WIB 2021
Cron Reward : Thu May  6 04:04:10 WIB 2021
Cron Reward : Fri May  7 04:04:14 WIB 2021
Cron Reward : Sat May  8 04:04:11 WIB 2021
Cron Reward : Sun May  9 04:04:00 WIB 2021
Cron Reward : Mon May 10 04:03:54 WIB 2021
Cron Reward : Tue May 11 04:04:09 WIB 2021
Cron Reward : Wed May 12 04:04:12 WIB 2021
Cron Reward : Thu May 13 04:04:10 WIB 2021
Cron Reward : Fri May 14 04:03:59 WIB 2021
Cron Reward : Sat May 15 04:04:08 WIB 2021
Cron Reward : Sun May 16 04:04:38 WIB 2021
Cron Reward : Mon May 17 04:04:03 WIB 2021
Cron Reward : Tue May 18 04:04:23 WIB 2021
Cron Reward : Wed May 19 04:03:58 WIB 2021
Cron Reward : Thu May 20 04:05:00 WIB 2021
Cron Reward : Fri May 21 04:04:21 WIB 2021
Cron Reward : Sat May 22 04:04:17 WIB 2021
Cron Reward : Sun May 23 04:04:21 WIB 2021
Cron Reward : Mon May 24 04:05:15 WIB 2021
Cron Reward : Tue May 25 04:03:57 WIB 2021
Cron Reward : Wed May 26 04:04:14 WIB 2021
Cron Reward : Thu May 27 04:05:06 WIB 2021
Cron Reward : Fri May 28 04:04:09 WIB 2021
Cron Reward : Sat May 29 04:04:06 WIB 2021
Cron Reward : Sun May 30 04:04:02 WIB 2021
Cron Reward : Mon May 31 04:04:25 WIB 2021
Cron Reward : Tue Jun  1 04:05:00 WIB 2021
Cron Reward : Wed Jun  2 04:03:55 WIB 2021
Cron Reward : Thu Jun  3 04:05:02 WIB 2021
Cron Reward : Fri Jun  4 04:04:00 WIB 2021
Cron Reward : Sat Jun  5 04:03:49 WIB 2021
Cron Reward : Sun Jun  6 04:04:59 WIB 2021
Cron Reward : Mon Jun  7 04:03:51 WIB 2021
Cron Reward : Tue Jun  8 04:03:55 WIB 2021
Cron Reward : Wed Jun  9 04:04:03 WIB 2021
Cron Reward : Thu Jun 10 04:04:16 WIB 2021
Cron Reward : Fri Jun 11 04:04:15 WIB 2021
Cron Reward : Sat Jun 12 04:04:12 WIB 2021
Cron Reward : Sun Jun 13 04:04:14 WIB 2021
Cron Reward : Mon Jun 14 04:04:29 WIB 2021
Cron Reward : Tue Jun 15 04:04:22 WIB 2021
Cron Reward : Wed Jun 16 04:04:24 WIB 2021
Cron Reward : Thu Jun 17 04:04:14 WIB 2021
Cron Reward : Fri Jun 18 04:04:09 WIB 2021
Cron Reward : Sat Jun 19 04:04:11 WIB 2021
Cron Reward : Sun Jun 20 04:04:16 WIB 2021
Cron Reward : Mon Jun 21 04:04:07 WIB 2021
Cron Reward : Tue Jun 22 04:04:25 WIB 2021
Cron Reward : Wed Jun 23 04:04:04 WIB 2021
Cron Reward : Thu Jun 24 04:04:12 WIB 2021
Cron Reward : Fri Jun 25 04:04:15 WIB 2021
Cron Reward : Sat Jun 26 04:04:08 WIB 2021
Cron Reward : Sun Jun 27 04:04:26 WIB 2021
Cron Reward : Mon Jun 28 04:04:19 WIB 2021
Cron Reward : Tue Jun 29 04:04:19 WIB 2021
Cron Reward : Wed Jun 30 04:04:15 WIB 2021
Cron Reward : Thu Jul  1 04:04:11 WIB 2021
Cron Reward : Fri Jul  2 04:04:18 WIB 2021
Cron Reward : Sat Jul  3 04:04:13 WIB 2021
Cron Reward : Sun Jul  4 04:04:22 WIB 2021
Cron Reward : Mon Jul  5 04:04:22 WIB 2021
Cron Reward : Tue Jul  6 04:04:28 WIB 2021
Cron Reward : Wed Jul  7 04:04:04 WIB 2021
Cron Reward : Thu Jul  8 04:04:25 WIB 2021
Cron Reward : Fri Jul  9 04:04:05 WIB 2021
Cron Reward : Sat Jul 10 04:04:20 WIB 2021
Cron Reward : Sun Jul 11 04:04:07 WIB 2021
Cron Reward : Mon Jul 12 04:04:49 WIB 2021
Cron Reward : Tue Jul 13 04:04:23 WIB 2021
Cron Reward : Wed Jul 14 04:03:55 WIB 2021
Cron Reward : Thu Jul 15 04:04:26 WIB 2021
Cron Reward : Fri Jul 16 04:04:28 WIB 2021
Cron Reward : Sat Jul 17 04:04:20 WIB 2021
Cron Reward : Sun Jul 18 04:05:23 WIB 2021
Cron Reward : Mon Jul 19 04:04:19 WIB 2021
Cron Reward : Tue Jul 20 04:04:32 WIB 2021
Cron Reward : Wed Jul 21 04:04:23 WIB 2021
Cron Reward : Thu Jul 22 04:04:27 WIB 2021
Cron Reward : Fri Jul 23 04:04:17 WIB 2021
Cron Reward : Sat Jul 24 04:04:23 WIB 2021
Cron Reward : Sun Jul 25 04:04:28 WIB 2021
Cron Reward : Mon Jul 26 04:04:25 WIB 2021
Cron Reward : Tue Jul 27 04:04:53 WIB 2021
Cron Reward : Wed Jul 28 04:04:18 WIB 2021
Cron Reward : Thu Jul 29 04:04:26 WIB 2021
Cron Reward : Fri Jul 30 04:04:25 WIB 2021
Cron Reward : Sat Jul 31 04:04:28 WIB 2021
Cron Reward : Sun Aug  1 04:04:12 WIB 2021
Cron Reward : Mon Aug  2 04:04:25 WIB 2021
Cron Reward : Tue Aug  3 04:04:14 WIB 2021
Cron Reward : Wed Aug  4 04:04:12 WIB 2021
Cron Reward : Thu Aug  5 04:04:06 WIB 2021
Cron Reward : Fri Aug  6 04:04:17 WIB 2021
Cron Reward : Sat Aug  7 04:04:11 WIB 2021
Cron Reward : Sun Aug  8 04:04:07 WIB 2021
Cron Reward : Mon Aug  9 04:04:18 WIB 2021
Cron Reward : Tue Aug 10 04:04:20 WIB 2021
Cron Reward : Wed Aug 11 04:04:19 WIB 2021
Cron Reward : Thu Aug 12 04:04:05 WIB 2021
Cron Reward : Fri Aug 13 04:04:16 WIB 2021
Cron Reward : Sat Aug 14 04:04:49 WIB 2021
Cron Reward : Sun Aug 15 04:04:18 WIB 2021
Cron Reward : Mon Aug 16 04:04:19 WIB 2021
Cron Reward : Tue Aug 17 04:04:18 WIB 2021
Cron Reward : Wed Aug 18 04:05:38 WIB 2021
Cron Reward : Thu Aug 19 04:04:19 WIB 2021
Cron Reward : Fri Aug 20 04:05:29 WIB 2021
Cron Reward : Sat Aug 21 04:04:20 WIB 2021
Cron Reward : Sun Aug 22 04:04:19 WIB 2021
Cron Reward : Mon Aug 23 04:04:23 WIB 2021
Cron Reward : Tue Aug 24 04:04:23 WIB 2021
Cron Reward : Wed Aug 25 04:04:23 WIB 2021
Cron Reward : Thu Aug 26 04:04:20 WIB 2021
Cron Reward : Fri Aug 27 04:04:22 WIB 2021
Cron Reward : Sat Aug 28 04:04:11 WIB 2021
Cron Reward : Sun Aug 29 04:04:22 WIB 2021
Cron Reward : Mon Aug 30 04:04:30 WIB 2021
Cron Reward : Tue Aug 31 04:05:18 WIB 2021
Cron Reward : Wed Sep  1 04:04:23 WIB 2021
Cron Reward : Thu Sep  2 04:04:23 WIB 2021
Cron Reward : Fri Sep  3 04:04:19 WIB 2021
Cron Reward : Sat Sep  4 04:04:20 WIB 2021
Cron Reward : Sun Sep  5 04:04:16 WIB 2021
Cron Reward : Mon Sep  6 04:04:24 WIB 2021
Cron Reward : Tue Sep  7 04:04:22 WIB 2021
Cron Reward : Wed Sep  8 04:04:10 WIB 2021
Cron Reward : Thu Sep  9 04:04:18 WIB 2021
Cron Reward : Fri Sep 10 04:05:34 WIB 2021
Cron Reward : Sat Sep 11 04:04:20 WIB 2021
Cron Reward : Sun Sep 12 04:04:26 WIB 2021
Cron Reward : Mon Sep 13 04:04:24 WIB 2021
Cron Reward : Tue Sep 14 04:04:20 WIB 2021
Cron Reward : Wed Sep 15 04:04:31 WIB 2021
Cron Reward : Thu Sep 16 04:04:30 WIB 2021
Cron Reward : Fri Sep 17 04:04:28 WIB 2021
Cron Reward : Sat Sep 18 04:04:29 WIB 2021
Cron Reward : Sun Sep 19 04:04:31 WIB 2021
Cron Reward : Mon Sep 20 04:04:33 WIB 2021
Cron Reward : Tue Sep 21 04:04:41 WIB 2021
Cron Reward : Wed Sep 22 04:04:35 WIB 2021
Cron Reward : Thu Sep 23 04:04:32 WIB 2021
Cron Reward : Fri Sep 24 04:04:42 WIB 2021
Cron Reward : Sat Sep 25 04:04:42 WIB 2021
Cron Reward : Sun Sep 26 04:04:41 WIB 2021
Cron Reward : Mon Sep 27 04:04:34 WIB 2021
Cron Reward : Tue Sep 28 04:04:34 WIB 2021
Cron Reward : Wed Sep 29 04:04:34 WIB 2021
Cron Reward : Thu Sep 30 04:04:32 WIB 2021
Cron Reward : Fri Oct  1 04:04:28 WIB 2021
Cron Reward : Sat Oct  2 04:04:35 WIB 2021
Cron Reward : Sun Oct  3 04:04:30 WIB 2021
Cron Reward : Mon Oct  4 04:04:23 WIB 2021
Cron Reward : Tue Oct  5 04:04:18 WIB 2021
Cron Reward : Wed Oct  6 04:04:31 WIB 2021
Cron Reward : Thu Oct  7 04:04:19 WIB 2021
Cron Reward : Fri Oct  8 04:04:33 WIB 2021
Cron Reward : Sat Oct  9 04:04:39 WIB 2021
Cron Reward : Sun Oct 10 04:04:35 WIB 2021
Cron Reward : Mon Oct 11 04:04:37 WIB 2021
Cron Reward : Tue Oct 12 04:04:21 WIB 2021
Cron Reward : Wed Oct 13 04:04:39 WIB 2021
Cron Reward : Thu Oct 14 04:04:33 WIB 2021
Cron Reward : Fri Oct 15 04:04:33 WIB 2021
Cron Reward : Sat Oct 16 04:04:38 WIB 2021
Cron Reward : Sun Oct 17 04:04:38 WIB 2021
Cron Reward : Mon Oct 18 04:04:32 WIB 2021
Cron Reward : Tue Oct 19 04:04:41 WIB 2021
Cron Reward : Wed Oct 20 04:04:44 WIB 2021
Cron Reward : Thu Oct 21 04:04:40 WIB 2021
Cron Reward : Fri Oct 22 04:04:42 WIB 2021
Cron Reward : Sat Oct 23 04:04:32 WIB 2021
Cron Reward : Sun Oct 24 04:05:28 WIB 2021
Cron Reward : Mon Oct 25 04:04:45 WIB 2021
Cron Reward : Tue Oct 26 04:04:41 WIB 2021
Cron Reward : Wed Oct 27 04:04:40 WIB 2021
Cron Reward : Thu Oct 28 04:04:40 WIB 2021
Cron Reward : Fri Oct 29 04:04:46 WIB 2021
Cron Reward : Sat Oct 30 04:04:45 WIB 2021
Cron Reward : Sun Oct 31 04:04:32 WIB 2021
Cron Reward : Mon Nov  1 04:04:34 WIB 2021
Cron Reward : Tue Nov  2 04:04:37 WIB 2021
Cron Reward : Wed Nov  3 04:04:35 WIB 2021
Cron Reward : Thu Nov  4 04:04:46 WIB 2021
Cron Reward : Fri Nov  5 04:04:40 WIB 2021
Cron Reward : Sat Nov  6 04:05:35 WIB 2021
Cron Reward : Sun Nov  7 04:04:44 WIB 2021
Cron Reward : Mon Nov  8 04:04:46 WIB 2021
Cron Reward : Tue Nov  9 04:04:39 WIB 2021
Cron Reward : Wed Nov 10 04:04:45 WIB 2021
Cron Reward : Thu Nov 11 04:04:42 WIB 2021
Cron Reward : Fri Nov 12 04:04:40 WIB 2021
Cron Reward : Sat Nov 13 04:04:44 WIB 2021
Cron Reward : Sun Nov 14 04:04:39 WIB 2021
Cron Reward : Mon Nov 15 04:04:37 WIB 2021
Cron Reward : Tue Nov 16 04:04:49 WIB 2021
Cron Reward : Wed Nov 17 04:04:36 WIB 2021
Cron Reward : Thu Nov 18 04:04:40 WIB 2021
Cron Reward : Fri Nov 19 04:04:29 WIB 2021
Cron Reward : Sat Nov 20 04:04:37 WIB 2021
Cron Reward : Sun Nov 21 04:04:33 WIB 2021
Cron Reward : Mon Nov 22 04:04:35 WIB 2021
Cron Reward : Tue Nov 23 04:04:45 WIB 2021
Cron Reward : Wed Nov 24 04:04:45 WIB 2021
Cron Reward : Thu Nov 25 04:04:46 WIB 2021
Cron Reward : Fri Nov 26 04:04:43 WIB 2021
Cron Reward : Sat Nov 27 04:04:52 WIB 2021
Cron Reward : Sun Nov 28 04:04:47 WIB 2021
Cron Reward : Mon Nov 29 04:04:50 WIB 2021
Cron Reward : Tue Nov 30 04:04:47 WIB 2021
Cron Reward : Wed Dec  1 04:04:53 WIB 2021
Cron Reward : Thu Dec  2 04:04:44 WIB 2021
Cron Reward : Fri Dec  3 04:12:06 WIB 2021
Cron Reward : Sat Dec  4 04:04:45 WIB 2021
Cron Reward : Sun Dec  5 04:04:42 WIB 2021
Cron Reward : Mon Dec  6 04:04:47 WIB 2021
Cron Reward : Tue Dec  7 04:04:22 WIB 2021
Cron Reward : Wed Dec  8 04:04:52 WIB 2021
Cron Reward : Thu Dec  9 04:04:44 WIB 2021
Cron Reward : Fri Dec 10 04:04:25 WIB 2021
Cron Reward : Sat Dec 11 04:04:39 WIB 2021
Cron Reward : Sun Dec 12 04:04:29 WIB 2021
Cron Reward : Mon Dec 13 04:04:36 WIB 2021
Cron Reward : Tue Dec 14 04:04:48 WIB 2021
Cron Reward : Wed Dec 15 04:04:46 WIB 2021
Cron Reward : Thu Dec 16 04:04:43 WIB 2021
Cron Reward : Fri Dec 17 04:04:50 WIB 2021
Cron Reward : Sat Dec 18 04:04:51 WIB 2021
Cron Reward : Sun Dec 19 04:04:41 WIB 2021
Cron Reward : Mon Dec 20 04:04:44 WIB 2021
Cron Reward : Tue Dec 21 04:04:49 WIB 2021
Cron Reward : Wed Dec 22 04:04:48 WIB 2021
Cron Reward : Thu Dec 23 04:04:59 WIB 2021
Cron Reward : Fri Dec 24 04:04:50 WIB 2021
Cron Reward : Sat Dec 25 04:04:54 WIB 2021
Cron Reward : Sun Dec 26 04:05:03 WIB 2021
Cron Reward : Mon Dec 27 04:04:53 WIB 2021
Cron Reward : Tue Dec 28 04:04:48 WIB 2021
Cron Reward : Wed Dec 29 04:04:49 WIB 2021
Cron Reward : Thu Dec 30 04:04:54 WIB 2021
Cron Reward : Fri Dec 31 04:04:52 WIB 2021
Cron Reward : Sat Jan  1 04:04:51 WIB 2022
Cron Reward : Sun Jan  2 04:04:33 WIB 2022
Cron Reward : Mon Jan  3 04:05:01 WIB 2022
Cron Reward : Tue Jan  4 04:05:00 WIB 2022
Cron Reward : Wed Jan  5 04:05:09 WIB 2022
Cron Reward : Thu Jan  6 04:05:00 WIB 2022
Cron Reward : Fri Jan  7 04:05:04 WIB 2022
Cron Reward : Sat Jan  8 04:05:07 WIB 2022
Cron Reward : Sun Jan  9 04:05:10 WIB 2022
Cron Reward : Mon Jan 10 04:05:11 WIB 2022
Cron Reward : Tue Jan 11 04:04:59 WIB 2022
Cron Reward : Wed Jan 12 04:05:00 WIB 2022
Cron Reward : Thu Jan 13 04:05:00 WIB 2022
Cron Reward : Fri Jan 14 04:05:00 WIB 2022
Cron Reward : Sat Jan 15 04:04:59 WIB 2022
Cron Reward : Sun Jan 16 04:05:02 WIB 2022
Cron Reward : Mon Jan 17 04:05:03 WIB 2022
Cron Reward : Tue Jan 18 04:05:05 WIB 2022
Cron Reward : Wed Jan 19 04:05:12 WIB 2022
Cron Reward : Thu Jan 20 04:05:14 WIB 2022
Cron Reward : Fri Jan 21 04:05:18 WIB 2022
Cron Reward : Sat Jan 22 04:05:18 WIB 2022
Cron Reward : Sun Jan 23 04:05:17 WIB 2022
Cron Reward : Mon Jan 24 04:05:23 WIB 2022
Cron Reward : Tue Jan 25 04:05:23 WIB 2022
Cron Reward : Wed Jan 26 04:05:24 WIB 2022
Cron Reward : Thu Jan 27 04:05:23 WIB 2022
Cron Reward : Fri Jan 28 04:05:36 WIB 2022
Cron Reward : Sat Jan 29 04:05:28 WIB 2022
Cron Reward : Sun Jan 30 04:05:30 WIB 2022
Cron Reward : Mon Jan 31 04:05:33 WIB 2022
Cron Reward : Tue Feb  1 04:05:24 WIB 2022
Cron Reward : Wed Feb  2 04:05:29 WIB 2022
Cron Reward : Thu Feb  3 04:05:20 WIB 2022
Cron Reward : Fri Feb  4 04:05:18 WIB 2022
Cron Reward : Sat Feb  5 04:05:27 WIB 2022
Cron Reward : Sun Feb  6 04:05:26 WIB 2022
Cron Reward : Mon Feb  7 04:05:37 WIB 2022
Cron Reward : Tue Feb  8 04:05:24 WIB 2022
Cron Reward : Wed Feb  9 04:05:34 WIB 2022
Cron Reward : Thu Feb 10 04:05:32 WIB 2022
Cron Reward : Fri Feb 11 04:05:40 WIB 2022
Cron Reward : Sat Feb 12 04:05:36 WIB 2022
Cron Reward : Sun Feb 13 04:05:31 WIB 2022
Cron Reward : Mon Feb 14 04:05:33 WIB 2022
Cron Reward : Tue Feb 15 04:05:40 WIB 2022
Cron Reward : Wed Feb 16 04:05:28 WIB 2022
Cron Reward : Thu Feb 17 04:05:34 WIB 2022
Cron Reward : Fri Feb 18 04:05:38 WIB 2022
Cron Reward : Sat Feb 19 04:05:37 WIB 2022
Cron Reward : Sun Feb 20 04:05:42 WIB 2022
Cron Reward : Mon Feb 21 04:05:45 WIB 2022
Cron Reward : Tue Feb 22 04:05:35 WIB 2022
Cron Reward : Wed Feb 23 04:05:42 WIB 2022
Cron Reward : Thu Feb 24 04:05:34 WIB 2022
Cron Reward : Fri Feb 25 04:05:34 WIB 2022
Cron Reward : Sat Feb 26 04:05:36 WIB 2022
Cron Reward : Sun Feb 27 04:05:46 WIB 2022
Cron Reward : Mon Feb 28 04:05:40 WIB 2022
Cron Reward : Tue Mar  1 04:05:34 WIB 2022
Cron Reward : Wed Mar  2 04:05:49 WIB 2022
Cron Reward : Thu Mar  3 04:05:34 WIB 2022
Cron Reward : Fri Mar  4 04:05:40 WIB 2022
Cron Reward : Sat Mar  5 04:05:39 WIB 2022
Cron Reward : Sun Mar  6 04:05:40 WIB 2022
Cron Reward : Mon Mar  7 04:05:31 WIB 2022
Cron Reward : Tue Mar  8 04:05:40 WIB 2022
Cron Reward : Wed Mar  9 04:05:34 WIB 2022
Cron Reward : Thu Mar 10 04:05:38 WIB 2022
Cron Reward : Fri Mar 11 04:05:35 WIB 2022
Cron Reward : Sat Mar 12 04:05:38 WIB 2022
Cron Reward : Sun Mar 13 04:05:34 WIB 2022
Cron Reward : Mon Mar 14 04:05:42 WIB 2022
Cron Reward : Tue Mar 15 04:05:27 WIB 2022
Cron Reward : Wed Mar 16 04:05:42 WIB 2022
Cron Reward : Thu Mar 17 04:05:40 WIB 2022
Cron Reward : Fri Mar 18 04:05:44 WIB 2022
Cron Reward : Sat Mar 19 04:05:56 WIB 2022
Cron Reward : Sun Mar 20 04:05:27 WIB 2022
Cron Reward : Mon Mar 21 04:05:29 WIB 2022
Cron Reward : Tue Mar 22 04:05:38 WIB 2022
Cron Reward : Wed Mar 23 04:05:48 WIB 2022
Cron Reward : Thu Mar 24 04:06:06 WIB 2022
Cron Reward : Fri Mar 25 04:05:56 WIB 2022
Cron Reward : Sat Mar 26 04:06:52 WIB 2022
Cron Reward : Sun Mar 27 04:05:56 WIB 2022
Cron Reward : Mon Mar 28 04:05:53 WIB 2022
Cron Reward : Tue Mar 29 04:05:55 WIB 2022
Cron Reward : Wed Mar 30 04:05:44 WIB 2022
Cron Reward : Thu Mar 31 04:05:49 WIB 2022
Cron Reward : Fri Apr  1 04:05:50 WIB 2022
Cron Reward : Sat Apr  2 04:05:41 WIB 2022
Cron Reward : Sun Apr  3 04:06:44 WIB 2022
Cron Reward : Mon Apr  4 04:05:50 WIB 2022
Cron Reward : Tue Apr  5 04:05:31 WIB 2022
Cron Reward : Wed Apr  6 04:05:52 WIB 2022
Cron Reward : Thu Apr  7 04:06:01 WIB 2022
Cron Reward : Fri Apr  8 04:05:53 WIB 2022
Cron Reward : Sat Apr  9 04:05:47 WIB 2022
Cron Reward : Sun Apr 10 04:05:57 WIB 2022
Cron Reward : Mon Apr 11 04:05:57 WIB 2022
Cron Reward : Tue Apr 12 04:06:04 WIB 2022
Cron Reward : Wed Apr 13 04:06:03 WIB 2022
Cron Reward : Thu Apr 14 04:06:01 WIB 2022
Cron Reward : Fri Apr 15 04:05:55 WIB 2022
Cron Reward : Sat Apr 16 04:06:06 WIB 2022
Cron Reward : Sun Apr 17 04:06:09 WIB 2022
Cron Reward : Mon Apr 18 04:05:50 WIB 2022
Cron Reward : Tue Apr 19 04:06:17 WIB 2022
Cron Reward : Wed Apr 20 04:06:09 WIB 2022
Cron Reward : Thu Apr 21 04:06:14 WIB 2022
Cron Reward : Fri Apr 22 04:06:16 WIB 2022
Cron Reward : Sat Apr 23 04:07:04 WIB 2022
Cron Reward : Sun Apr 24 04:05:51 WIB 2022
Cron Reward : Mon Apr 25 04:06:12 WIB 2022
Cron Reward : Tue Apr 26 04:05:59 WIB 2022
Cron Reward : Wed Apr 27 04:06:01 WIB 2022
Cron Reward : Thu Apr 28 04:05:56 WIB 2022
Cron Reward : Fri Apr 29 04:06:14 WIB 2022
Cron Reward : Sat Apr 30 04:06:45 WIB 2022
Cron Reward : Sun May  1 04:06:45 WIB 2022
Cron Reward : Mon May  2 04:06:40 WIB 2022
Cron Reward : Tue May  3 04:06:20 WIB 2022
Cron Reward : Wed May  4 04:06:56 WIB 2022
Cron Reward : Thu May  5 04:06:33 WIB 2022
Cron Reward : Fri May  6 04:06:23 WIB 2022
Cron Reward : Sat May  7 04:06:11 WIB 2022
Cron Reward : Sun May  8 04:06:24 WIB 2022
Cron Reward : Mon May  9 04:06:17 WIB 2022
Cron Reward : Tue May 10 04:06:44 WIB 2022
Cron Reward : Wed May 11 04:07:19 WIB 2022
Cron Reward : Thu May 12 04:07:03 WIB 2022
Cron Reward : Fri May 13 04:07:04 WIB 2022
Cron Reward : Sat May 14 04:06:20 WIB 2022
Cron Reward : Sun May 15 04:06:26 WIB 2022
Cron Reward : Mon May 16 04:06:22 WIB 2022
Cron Reward : Tue May 17 04:06:24 WIB 2022
Cron Reward : Wed May 18 04:06:28 WIB 2022
Cron Reward : Thu May 19 04:06:32 WIB 2022
Cron Reward : Fri May 20 04:06:33 WIB 2022
Cron Reward : Sat May 21 04:06:36 WIB 2022
Cron Reward : Sun May 22 04:06:30 WIB 2022
Cron Reward : Mon May 23 04:06:34 WIB 2022
Cron Reward : Tue May 24 04:06:33 WIB 2022
Cron Reward : Wed May 25 04:06:37 WIB 2022
Cron Reward : Thu May 26 04:06:14 WIB 2022
Cron Reward : Fri May 27 04:06:24 WIB 2022
Cron Reward : Sat May 28 04:06:19 WIB 2022
Cron Reward : Sun May 29 04:06:17 WIB 2022
Cron Reward : Mon May 30 04:06:20 WIB 2022
Cron Reward : Tue May 31 04:06:16 WIB 2022
Cron Reward : Wed Jun  1 04:06:26 WIB 2022
Cron Reward : Thu Jun  2 04:06:29 WIB 2022
Cron Reward : Fri Jun  3 04:06:06 WIB 2022
Cron Reward : Sat Jun  4 04:06:36 WIB 2022
Cron Reward : Sun Jun  5 04:06:28 WIB 2022
Cron Reward : Mon Jun  6 04:06:33 WIB 2022
Cron Reward : Tue Jun  7 04:06:09 WIB 2022
Cron Reward : Wed Jun  8 04:06:50 WIB 2022
Cron Reward : Thu Jun  9 04:06:40 WIB 2022
Cron Reward : Fri Jun 10 04:06:41 WIB 2022
Cron Reward : Sat Jun 11 04:06:58 WIB 2022
Cron Reward : Sun Jun 12 04:07:08 WIB 2022
Cron Reward : Mon Jun 13 04:07:06 WIB 2022
Cron Reward : Tue Jun 14 04:07:04 WIB 2022
Cron Reward : Wed Jun 15 04:07:01 WIB 2022
Cron Reward : Thu Jun 16 04:07:14 WIB 2022
Cron Reward : Fri Jun 17 04:07:16 WIB 2022
Cron Reward : Sat Jun 18 04:07:11 WIB 2022
Cron Reward : Sun Jun 19 04:07:08 WIB 2022
Cron Reward : Mon Jun 20 04:07:20 WIB 2022
Cron Reward : Tue Jun 21 04:07:14 WIB 2022
Cron Reward : Wed Jun 22 04:07:19 WIB 2022
Cron Reward : Thu Jun 23 04:07:18 WIB 2022
Cron Reward : Fri Jun 24 04:07:20 WIB 2022
Cron Reward : Sat Jun 25 04:07:23 WIB 2022
Cron Reward : Sun Jun 26 04:06:56 WIB 2022
Cron Reward : Mon Jun 27 04:07:28 WIB 2022
Cron Reward : Tue Jun 28 04:07:08 WIB 2022
Cron Reward : Wed Jun 29 04:07:21 WIB 2022
Cron Reward : Thu Jun 30 04:08:28 WIB 2022
Cron Reward : Fri Jul  1 04:07:27 WIB 2022
Cron Reward : Sat Jul  2 04:07:35 WIB 2022
Cron Reward : Sun Jul  3 04:07:35 WIB 2022
Cron Reward : Mon Jul  4 04:07:34 WIB 2022
Cron Reward : Tue Jul  5 04:07:37 WIB 2022
Cron Reward : Wed Jul  6 04:07:45 WIB 2022
Cron Reward : Thu Jul  7 04:07:44 WIB 2022
Cron Reward : Fri Jul  8 04:07:41 WIB 2022
Cron Reward : Sat Jul  9 04:07:40 WIB 2022
Cron Reward : Sun Jul 10 05:38:59 WIB 2022
Cron Reward : Mon Jul 11 04:07:44 WIB 2022
Cron Reward : Tue Jul 12 04:07:53 WIB 2022
Cron Reward : Wed Jul 13 04:07:57 WIB 2022
