Cron Potong Gaji : Sat Sep 26 00:15:45 WIB 2020
Cron Potong Gaji : Mon Oct 26 00:15:49 WIB 2020
Cron Potong Gaji : Thu Nov 26 00:15:43 WIB 2020
Cron Potong Gaji : Sat Dec 26 00:15:42 WIB 2020
Cron Potong Gaji : Tue Jan 26 00:15:45 WIB 2021
Cron Potong Gaji : Fri Feb 26 00:15:48 WIB 2021
Cron Potong Gaji : Fri Mar 26 00:15:48 WIB 2021
Cron Potong Gaji : Mon Apr 26 00:15:48 WIB 2021
Cron Potong Gaji : Wed May 26 00:15:48 WIB 2021
Cron Potong Gaji : Sat Jun 26 00:15:47 WIB 2021
Cron Potong Gaji : Mon Jul 26 00:15:46 WIB 2021
Cron Potong Gaji : Thu Aug 26 00:15:56 WIB 2021
Cron Potong Gaji : Sun Sep 26 00:15:58 WIB 2021
Cron Potong Gaji : Tue Oct 26 00:15:52 WIB 2021
Cron Potong Gaji : Fri Nov 26 00:15:47 WIB 2021
Cron Potong Gaji : Sun Dec 26 00:15:49 WIB 2021
Cron Potong Gaji : Wed Jan 26 00:15:53 WIB 2022
Cron Potong Gaji : Sat Feb 26 00:15:57 WIB 2022
Cron Potong Gaji : Sat Mar 26 00:16:02 WIB 2022
Cron Potong Gaji : Tue Apr 26 00:16:07 WIB 2022
Cron Potong Gaji : Thu May 26 00:16:13 WIB 2022
Cron Potong Gaji : Sun Jun 26 00:16:22 WIB 2022
