Cron Reward Karyawan : Wed Jun  3 04:01:39 WIB 2020
Cron Reward Karyawan : Thu Jun  4 04:01:39 WIB 2020
Cron Reward Karyawan : Fri Jun  5 04:01:38 WIB 2020
Cron Reward Karyawan : Sat Jun  6 04:01:41 WIB 2020
Cron Reward Karyawan : Sun Jun  7 04:01:42 WIB 2020
Cron Reward Karyawan : Mon Jun  8 04:01:44 WIB 2020
Cron Reward Karyawan : Tue Jun  9 04:01:42 WIB 2020
Cron Reward Karyawan : Wed Jun 10 04:01:40 WIB 2020
Cron Reward Karyawan : Thu Jun 11 04:01:44 WIB 2020
Cron Reward Karyawan : Fri Jun 12 04:01:48 WIB 2020
Cron Reward Karyawan : Sat Jun 13 04:02:03 WIB 2020
Cron Reward Karyawan : Sun Jun 14 04:02:08 WIB 2020
Cron Reward Karyawan : Mon Jun 15 04:02:06 WIB 2020
Cron Reward Karyawan : Tue Jun 16 04:02:15 WIB 2020
Cron Reward Karyawan : Wed Jun 17 04:02:22 WIB 2020
Cron Reward Karyawan : Thu Jun 18 04:02:10 WIB 2020
Cron Reward Karyawan : Fri Jun 19 04:02:08 WIB 2020
Cron Reward Karyawan : Sat Jun 20 04:02:14 WIB 2020
Cron Reward Karyawan : Sun Jun 21 04:02:09 WIB 2020
Cron Reward Karyawan : Mon Jun 22 04:02:06 WIB 2020
Cron Reward Karyawan : Tue Jun 23 04:05:10 WIB 2020
Cron Reward Karyawan : Wed Jun 24 04:02:16 WIB 2020
Cron Reward Karyawan : Thu Jun 25 04:02:10 WIB 2020
Cron Reward Karyawan : Fri Jun 26 04:02:15 WIB 2020
Cron Reward Karyawan : Sat Jun 27 04:02:25 WIB 2020
Cron Reward Karyawan : Sun Jun 28 04:02:29 WIB 2020
Cron Reward Karyawan : Mon Jun 29 04:02:24 WIB 2020
Cron Reward Karyawan : Tue Jun 30 04:02:15 WIB 2020
Cron Reward Karyawan : Wed Jul  1 04:02:22 WIB 2020
Cron Reward Karyawan : Thu Jul  2 04:02:30 WIB 2020
Cron Reward Karyawan : Fri Jul  3 04:02:14 WIB 2020
Cron Reward Karyawan : Sat Jul  4 04:02:27 WIB 2020
Cron Reward Karyawan : Sun Jul  5 04:02:18 WIB 2020
Cron Reward Karyawan : Mon Jul  6 04:02:30 WIB 2020
Cron Reward Karyawan : Tue Jul  7 04:02:26 WIB 2020
Cron Reward Karyawan : Wed Jul  8 04:02:31 WIB 2020
Cron Reward Karyawan : Thu Jul  9 04:02:31 WIB 2020
Cron Reward Karyawan : Fri Jul 10 04:02:21 WIB 2020
Cron Reward Karyawan : Sat Jul 11 04:02:25 WIB 2020
Cron Reward Karyawan : Sun Jul 12 04:02:28 WIB 2020
Cron Reward Karyawan : Mon Jul 13 04:02:26 WIB 2020
Cron Reward Karyawan : Tue Jul 14 04:02:29 WIB 2020
Cron Reward Karyawan : Wed Jul 15 04:02:28 WIB 2020
Cron Reward Karyawan : Thu Jul 16 04:02:42 WIB 2020
Cron Reward Karyawan : Fri Jul 17 04:02:42 WIB 2020
Cron Reward Karyawan : Sat Jul 18 04:04:19 WIB 2020
Cron Reward Karyawan : Sun Jul 19 04:27:30 WIB 2020
Cron Reward Karyawan : Mon Jul 20 04:04:29 WIB 2020
Cron Reward Karyawan : Tue Jul 21 04:44:41 WIB 2020
Cron Reward Karyawan : Wed Jul 22 04:03:56 WIB 2020
Cron Reward Karyawan : Thu Jul 23 04:03:44 WIB 2020
Cron Reward Karyawan : Fri Jul 24 04:04:15 WIB 2020
Cron Reward Karyawan : Sat Jul 25 04:06:23 WIB 2020
Cron Reward Karyawan : Sun Jul 26 04:21:59 WIB 2020
Cron Reward Karyawan : Mon Jul 27 04:03:24 WIB 2020
Cron Reward Karyawan : Tue Jul 28 04:03:26 WIB 2020
Cron Reward Karyawan : Wed Jul 29 04:36:28 WIB 2020
Cron Reward Karyawan : Thu Jul 30 04:50:51 WIB 2020
Cron Reward Karyawan : Fri Jul 31 05:35:53 WIB 2020
Cron Reward Karyawan : Sat Aug  1 06:21:15 WIB 2020
Cron Reward Karyawan : Sun Aug  2 04:03:07 WIB 2020
Cron Reward Karyawan : Mon Aug  3 04:03:06 WIB 2020
Cron Reward Karyawan : Tue Aug  4 04:03:00 WIB 2020
Cron Reward Karyawan : Wed Aug  5 04:10:17 WIB 2020
Cron Reward Karyawan : Thu Aug  6 04:04:05 WIB 2020
Cron Reward Karyawan : Fri Aug  7 04:02:59 WIB 2020
Cron Reward Karyawan : Sat Aug  8 04:03:09 WIB 2020
Cron Reward Karyawan : Sun Aug  9 04:02:44 WIB 2020
Cron Reward Karyawan : Mon Aug 10 04:02:42 WIB 2020
Cron Reward Karyawan : Tue Aug 11 04:02:49 WIB 2020
Cron Reward Karyawan : Wed Aug 12 04:02:55 WIB 2020
Cron Reward Karyawan : Thu Aug 13 04:03:00 WIB 2020
Cron Reward Karyawan : Fri Aug 14 04:02:49 WIB 2020
Cron Reward Karyawan : Sat Aug 15 04:03:15 WIB 2020
Cron Reward Karyawan : Sun Aug 16 04:02:47 WIB 2020
Cron Reward Karyawan : Mon Aug 17 04:02:50 WIB 2020
Cron Reward Karyawan : Tue Aug 18 04:02:47 WIB 2020
Cron Reward Karyawan : Wed Aug 19 04:03:06 WIB 2020
Cron Reward Karyawan : Thu Aug 20 04:03:05 WIB 2020
Cron Reward Karyawan : Fri Aug 21 04:02:48 WIB 2020
Cron Reward Karyawan : Sat Aug 22 04:03:10 WIB 2020
Cron Reward Karyawan : Sun Aug 23 04:19:05 WIB 2020
Cron Reward Karyawan : Mon Aug 24 04:02:58 WIB 2020
Cron Reward Karyawan : Tue Aug 25 04:03:21 WIB 2020
Cron Reward Karyawan : Wed Aug 26 04:02:58 WIB 2020
Cron Reward Karyawan : Thu Aug 27 04:03:03 WIB 2020
Cron Reward Karyawan : Fri Aug 28 04:24:57 WIB 2020
Cron Reward Karyawan : Sat Aug 29 04:03:02 WIB 2020
Cron Reward Karyawan : Sun Aug 30 04:23:19 WIB 2020
Cron Reward Karyawan : Mon Aug 31 04:02:46 WIB 2020
Cron Reward Karyawan : Tue Sep  1 04:03:00 WIB 2020
Cron Reward Karyawan : Wed Sep  2 04:03:15 WIB 2020
Cron Reward Karyawan : Thu Sep  3 04:03:34 WIB 2020
Cron Reward Karyawan : Fri Sep  4 04:41:31 WIB 2020
Cron Reward Karyawan : Sat Sep  5 04:03:12 WIB 2020
Cron Reward Karyawan : Sun Sep  6 04:15:42 WIB 2020
Cron Reward Karyawan : Mon Sep  7 04:03:02 WIB 2020
Cron Reward Karyawan : Tue Sep  8 04:03:02 WIB 2020
Cron Reward Karyawan : Wed Sep  9 04:02:58 WIB 2020
Cron Reward Karyawan : Thu Sep 10 04:03:08 WIB 2020
Cron Reward Karyawan : Fri Sep 11 04:02:56 WIB 2020
Cron Reward Karyawan : Sat Sep 12 04:02:53 WIB 2020
Cron Reward Karyawan : Sun Sep 13 04:02:55 WIB 2020
Cron Reward Karyawan : Mon Sep 14 04:02:49 WIB 2020
Cron Reward Karyawan : Tue Sep 15 04:03:12 WIB 2020
Cron Reward Karyawan : Wed Sep 16 04:06:06 WIB 2020
Cron Reward Karyawan : Thu Sep 17 04:24:24 WIB 2020
Cron Reward Karyawan : Fri Sep 18 04:03:11 WIB 2020
Cron Reward Karyawan : Sat Sep 19 04:03:07 WIB 2020
Cron Reward Karyawan : Sun Sep 20 04:02:57 WIB 2020
Cron Reward Karyawan : Mon Sep 21 04:03:51 WIB 2020
Cron Reward Karyawan : Tue Sep 22 04:02:58 WIB 2020
Cron Reward Karyawan : Wed Sep 23 04:03:00 WIB 2020
Cron Reward Karyawan : Thu Sep 24 04:20:45 WIB 2020
Cron Reward Karyawan : Fri Sep 25 04:02:59 WIB 2020
Cron Reward Karyawan : Sat Sep 26 04:03:00 WIB 2020
Cron Reward Karyawan : Sun Sep 27 04:02:53 WIB 2020
Cron Reward Karyawan : Mon Sep 28 04:02:52 WIB 2020
Cron Reward Karyawan : Tue Sep 29 04:02:48 WIB 2020
Cron Reward Karyawan : Wed Sep 30 04:02:47 WIB 2020
Cron Reward Karyawan : Thu Oct  1 04:02:55 WIB 2020
Cron Reward Karyawan : Fri Oct  2 04:02:47 WIB 2020
Cron Reward Karyawan : Sat Oct  3 04:02:46 WIB 2020
Cron Reward Karyawan : Sun Oct  4 04:02:43 WIB 2020
Cron Reward Karyawan : Mon Oct  5 04:02:48 WIB 2020
Cron Reward Karyawan : Tue Oct  6 04:02:51 WIB 2020
Cron Reward Karyawan : Wed Oct  7 04:03:04 WIB 2020
Cron Reward Karyawan : Thu Oct  8 04:04:59 WIB 2020
Cron Reward Karyawan : Fri Oct  9 04:03:03 WIB 2020
Cron Reward Karyawan : Sat Oct 10 04:02:48 WIB 2020
Cron Reward Karyawan : Sun Oct 11 04:03:09 WIB 2020
Cron Reward Karyawan : Mon Oct 12 04:02:58 WIB 2020
Cron Reward Karyawan : Tue Oct 13 04:07:40 WIB 2020
Cron Reward Karyawan : Wed Oct 14 04:04:07 WIB 2020
Cron Reward Karyawan : Thu Oct 15 04:05:25 WIB 2020
Cron Reward Karyawan : Fri Oct 16 04:19:36 WIB 2020
Cron Reward Karyawan : Sat Oct 17 05:12:11 WIB 2020
Cron Reward Karyawan : Sun Oct 18 05:19:37 WIB 2020
Cron Reward Karyawan : Mon Oct 19 05:40:09 WIB 2020
Cron Reward Karyawan : Tue Oct 20 05:43:24 WIB 2020
Cron Reward Karyawan : Wed Oct 21 04:15:16 WIB 2020
Cron Reward Karyawan : Thu Oct 22 04:03:11 WIB 2020
Cron Reward Karyawan : Fri Oct 23 04:27:02 WIB 2020
Cron Reward Karyawan : Sat Oct 24 04:03:11 WIB 2020
Cron Reward Karyawan : Sun Oct 25 04:03:23 WIB 2020
Cron Reward Karyawan : Mon Oct 26 04:05:12 WIB 2020
Cron Reward Karyawan : Tue Oct 27 04:56:01 WIB 2020
Cron Reward Karyawan : Wed Oct 28 04:25:53 WIB 2020
Cron Reward Karyawan : Thu Oct 29 04:02:57 WIB 2020
Cron Reward Karyawan : Fri Oct 30 04:07:16 WIB 2020
Cron Reward Karyawan : Sat Oct 31 04:11:05 WIB 2020
Cron Reward Karyawan : Sun Nov  1 04:34:43 WIB 2020
Cron Reward Karyawan : Mon Nov  2 04:12:49 WIB 2020
Cron Reward Karyawan : Tue Nov  3 04:15:06 WIB 2020
Cron Reward Karyawan : Wed Nov  4 04:20:39 WIB 2020
Cron Reward Karyawan : Thu Nov  5 04:03:00 WIB 2020
Cron Reward Karyawan : Fri Nov  6 04:14:21 WIB 2020
Cron Reward Karyawan : Sat Nov  7 04:03:03 WIB 2020
Cron Reward Karyawan : Sun Nov  8 04:16:33 WIB 2020
Cron Reward Karyawan : Mon Nov  9 04:02:56 WIB 2020
Cron Reward Karyawan : Tue Nov 10 04:03:54 WIB 2020
Cron Reward Karyawan : Wed Nov 11 04:15:41 WIB 2020
Cron Reward Karyawan : Thu Nov 12 04:23:21 WIB 2020
Cron Reward Karyawan : Fri Nov 13 04:38:18 WIB 2020
Cron Reward Karyawan : Sat Nov 14 04:18:02 WIB 2020
Cron Reward Karyawan : Sun Nov 15 04:26:06 WIB 2020
Cron Reward Karyawan : Mon Nov 16 04:28:21 WIB 2020
Cron Reward Karyawan : Tue Nov 17 04:03:40 WIB 2020
Cron Reward Karyawan : Wed Nov 18 04:29:30 WIB 2020
Cron Reward Karyawan : Thu Nov 19 04:08:41 WIB 2020
Cron Reward Karyawan : Fri Nov 20 04:22:10 WIB 2020
Cron Reward Karyawan : Sat Nov 21 04:22:21 WIB 2020
Cron Reward Karyawan : Sun Nov 22 04:03:23 WIB 2020
Cron Reward Karyawan : Mon Nov 23 04:25:09 WIB 2020
Cron Reward Karyawan : Tue Nov 24 04:03:31 WIB 2020
Cron Reward Karyawan : Wed Nov 25 04:40:22 WIB 2020
Cron Reward Karyawan : Thu Nov 26 04:15:12 WIB 2020
Cron Reward Karyawan : Fri Nov 27 04:11:13 WIB 2020
Cron Reward Karyawan : Sat Nov 28 04:03:29 WIB 2020
Cron Reward Karyawan : Sun Nov 29 04:13:29 WIB 2020
Cron Reward Karyawan : Mon Nov 30 04:29:14 WIB 2020
Cron Reward Karyawan : Tue Dec  1 04:32:53 WIB 2020
Cron Reward Karyawan : Wed Dec  2 04:37:40 WIB 2020
Cron Reward Karyawan : Thu Dec  3 04:24:43 WIB 2020
Cron Reward Karyawan : Fri Dec  4 04:04:03 WIB 2020
Cron Reward Karyawan : Sat Dec  5 04:03:19 WIB 2020
Cron Reward Karyawan : Sun Dec  6 04:21:27 WIB 2020
Cron Reward Karyawan : Mon Dec  7 04:28:33 WIB 2020
Cron Reward Karyawan : Tue Dec  8 04:30:30 WIB 2020
Cron Reward Karyawan : Wed Dec  9 05:04:24 WIB 2020
Cron Reward Karyawan : Thu Dec 10 05:41:46 WIB 2020
Cron Reward Karyawan : Fri Dec 11 05:14:29 WIB 2020
Cron Reward Karyawan : Sat Dec 12 05:11:54 WIB 2020
Cron Reward Karyawan : Sun Dec 13 04:03:10 WIB 2020
Cron Reward Karyawan : Mon Dec 14 04:03:19 WIB 2020
Cron Reward Karyawan : Tue Dec 15 04:20:05 WIB 2020
Cron Reward Karyawan : Wed Dec 16 04:41:22 WIB 2020
Cron Reward Karyawan : Thu Dec 17 04:52:19 WIB 2020
Cron Reward Karyawan : Fri Dec 18 04:48:28 WIB 2020
Cron Reward Karyawan : Sat Dec 19 04:23:43 WIB 2020
Cron Reward Karyawan : Sun Dec 20 04:18:42 WIB 2020
Cron Reward Karyawan : Mon Dec 21 04:23:45 WIB 2020
Cron Reward Karyawan : Tue Dec 22 04:34:00 WIB 2020
Cron Reward Karyawan : Wed Dec 23 04:03:45 WIB 2020
Cron Reward Karyawan : Thu Dec 24 04:03:01 WIB 2020
Cron Reward Karyawan : Fri Dec 25 04:18:01 WIB 2020
Cron Reward Karyawan : Sat Dec 26 04:24:51 WIB 2020
Cron Reward Karyawan : Sun Dec 27 04:18:33 WIB 2020
Cron Reward Karyawan : Mon Dec 28 04:30:48 WIB 2020
Cron Reward Karyawan : Tue Dec 29 04:28:16 WIB 2020
Cron Reward Karyawan : Wed Dec 30 04:02:59 WIB 2020
Cron Reward Karyawan : Thu Dec 31 04:18:20 WIB 2020
Cron Reward Karyawan : Fri Jan  1 04:28:15 WIB 2021
Cron Reward Karyawan : Sat Jan  2 04:24:30 WIB 2021
Cron Reward Karyawan : Sun Jan  3 04:17:58 WIB 2021
Cron Reward Karyawan : Mon Jan  4 04:25:58 WIB 2021
Cron Reward Karyawan : Tue Jan  5 04:26:20 WIB 2021
Cron Reward Karyawan : Wed Jan  6 04:24:06 WIB 2021
Cron Reward Karyawan : Thu Jan  7 04:46:52 WIB 2021
Cron Reward Karyawan : Fri Jan  8 04:23:40 WIB 2021
Cron Reward Karyawan : Sat Jan  9 04:05:43 WIB 2021
Cron Reward Karyawan : Sun Jan 10 04:09:37 WIB 2021
Cron Reward Karyawan : Mon Jan 11 04:40:27 WIB 2021
Cron Reward Karyawan : Tue Jan 12 04:20:28 WIB 2021
Cron Reward Karyawan : Wed Jan 13 04:34:14 WIB 2021
Cron Reward Karyawan : Thu Jan 14 04:47:55 WIB 2021
Cron Reward Karyawan : Fri Jan 15 04:36:28 WIB 2021
Cron Reward Karyawan : Sat Jan 16 04:03:23 WIB 2021
Cron Reward Karyawan : Sun Jan 17 04:22:37 WIB 2021
Cron Reward Karyawan : Mon Jan 18 04:36:36 WIB 2021
Cron Reward Karyawan : Tue Jan 19 04:03:27 WIB 2021
Cron Reward Karyawan : Wed Jan 20 04:42:06 WIB 2021
Cron Reward Karyawan : Thu Jan 21 04:23:50 WIB 2021
Cron Reward Karyawan : Fri Jan 22 04:38:46 WIB 2021
Cron Reward Karyawan : Sat Jan 23 04:32:24 WIB 2021
Cron Reward Karyawan : Sun Jan 24 04:31:33 WIB 2021
Cron Reward Karyawan : Mon Jan 25 04:34:01 WIB 2021
Cron Reward Karyawan : Tue Jan 26 04:35:16 WIB 2021
Cron Reward Karyawan : Wed Jan 27 04:03:57 WIB 2021
Cron Reward Karyawan : Thu Jan 28 04:03:01 WIB 2021
Cron Reward Karyawan : Fri Jan 29 04:59:09 WIB 2021
Cron Reward Karyawan : Sat Jan 30 04:21:24 WIB 2021
Cron Reward Karyawan : Sun Jan 31 04:03:13 WIB 2021
Cron Reward Karyawan : Mon Feb  1 04:22:09 WIB 2021
Cron Reward Karyawan : Tue Feb  2 04:04:18 WIB 2021
Cron Reward Karyawan : Wed Feb  3 04:27:29 WIB 2021
Cron Reward Karyawan : Thu Feb  4 04:08:33 WIB 2021
Cron Reward Karyawan : Sat Feb  6 04:05:39 WIB 2021
Cron Reward Karyawan : Sun Feb  7 04:33:39 WIB 2021
Cron Reward Karyawan : Mon Feb  8 04:36:10 WIB 2021
Cron Reward Karyawan : Tue Feb  9 04:22:03 WIB 2021
Cron Reward Karyawan : Wed Feb 10 04:54:31 WIB 2021
Cron Reward Karyawan : Thu Feb 11 04:44:22 WIB 2021
Cron Reward Karyawan : Fri Feb 12 04:27:57 WIB 2021
Cron Reward Karyawan : Sat Feb 13 04:58:53 WIB 2021
Cron Reward Karyawan : Sun Feb 14 04:36:00 WIB 2021
Cron Reward Karyawan : Mon Feb 15 04:50:02 WIB 2021
Cron Reward Karyawan : Tue Feb 16 04:30:12 WIB 2021
Cron Reward Karyawan : Wed Feb 17 04:55:04 WIB 2021
Cron Reward Karyawan : Thu Feb 18 05:19:49 WIB 2021
Cron Reward Karyawan : Fri Feb 19 04:03:05 WIB 2021
Cron Reward Karyawan : Sat Feb 20 04:21:15 WIB 2021
Cron Reward Karyawan : Sun Feb 21 04:52:40 WIB 2021
Cron Reward Karyawan : Mon Feb 22 05:33:51 WIB 2021
Cron Reward Karyawan : Tue Feb 23 05:26:38 WIB 2021
Cron Reward Karyawan : Wed Feb 24 05:23:21 WIB 2021
Cron Reward Karyawan : Thu Feb 25 05:01:33 WIB 2021
Cron Reward Karyawan : Fri Feb 26 04:22:31 WIB 2021
Cron Reward Karyawan : Sat Feb 27 04:46:44 WIB 2021
Cron Reward Karyawan : Sun Feb 28 04:33:15 WIB 2021
Cron Reward Karyawan : Mon Mar  1 04:28:21 WIB 2021
Cron Reward Karyawan : Tue Mar  2 04:48:17 WIB 2021
Cron Reward Karyawan : Wed Mar  3 04:34:32 WIB 2021
Cron Reward Karyawan : Thu Mar  4 04:36:34 WIB 2021
Cron Reward Karyawan : Fri Mar  5 04:02:37 WIB 2021
Cron Reward Karyawan : Sat Mar  6 05:05:27 WIB 2021
Cron Reward Karyawan : Sun Mar  7 06:13:33 WIB 2021
Cron Reward Karyawan : Mon Mar  8 06:07:58 WIB 2021
Cron Reward Karyawan : Tue Mar  9 05:00:27 WIB 2021
Cron Reward Karyawan : Wed Mar 10 05:27:32 WIB 2021
Cron Reward Karyawan : Thu Mar 11 05:15:14 WIB 2021
Cron Reward Karyawan : Fri Mar 12 06:06:25 WIB 2021
Cron Reward Karyawan : Sat Mar 13 05:34:52 WIB 2021
Cron Reward Karyawan : Sun Mar 14 06:28:31 WIB 2021
Cron Reward Karyawan : Mon Mar 15 06:32:12 WIB 2021
Cron Reward Karyawan : Tue Mar 16 05:30:36 WIB 2021
Cron Reward Karyawan : Wed Mar 17 04:02:06 WIB 2021
Cron Reward Karyawan : Thu Mar 18 04:01:01 WIB 2021
Cron Reward Karyawan : Fri Mar 19 04:00:59 WIB 2021
Cron Reward Karyawan : Sat Mar 20 04:00:46 WIB 2021
Cron Reward Karyawan : Sun Mar 21 04:00:57 WIB 2021
Cron Reward Karyawan : Mon Mar 22 04:00:45 WIB 2021
Cron Reward Karyawan : Tue Mar 23 04:03:52 WIB 2021
Cron Reward Karyawan : Wed Mar 24 04:00:49 WIB 2021
Cron Reward Karyawan : Thu Mar 25 04:00:45 WIB 2021
Cron Reward Karyawan : Fri Mar 26 04:00:44 WIB 2021
Cron Reward Karyawan : Sat Mar 27 04:00:45 WIB 2021
Cron Reward Karyawan : Sun Mar 28 04:00:45 WIB 2021
Cron Reward Karyawan : Mon Mar 29 04:00:45 WIB 2021
Cron Reward Karyawan : Tue Mar 30 04:00:48 WIB 2021
Cron Reward Karyawan : Wed Mar 31 04:00:49 WIB 2021
Cron Reward Karyawan : Thu Apr  1 04:00:48 WIB 2021
Cron Reward Karyawan : Fri Apr  2 04:00:44 WIB 2021
Cron Reward Karyawan : Sat Apr  3 04:00:45 WIB 2021
Cron Reward Karyawan : Sun Apr  4 04:00:44 WIB 2021
Cron Reward Karyawan : Mon Apr  5 04:00:45 WIB 2021
Cron Reward Karyawan : Tue Apr  6 04:00:44 WIB 2021
Cron Reward Karyawan : Wed Apr  7 04:00:44 WIB 2021
Cron Reward Karyawan : Thu Apr  8 04:00:44 WIB 2021
Cron Reward Karyawan : Fri Apr  9 04:00:45 WIB 2021
Cron Reward Karyawan : Sat Apr 10 04:00:44 WIB 2021
Cron Reward Karyawan : Sun Apr 11 04:00:44 WIB 2021
Cron Reward Karyawan : Mon Apr 12 04:00:45 WIB 2021
Cron Reward Karyawan : Tue Apr 13 04:00:44 WIB 2021
Cron Reward Karyawan : Wed Apr 14 04:00:46 WIB 2021
Cron Reward Karyawan : Thu Apr 15 04:00:46 WIB 2021
Cron Reward Karyawan : Fri Apr 16 04:00:46 WIB 2021
Cron Reward Karyawan : Sat Apr 17 04:00:46 WIB 2021
Cron Reward Karyawan : Sun Apr 18 04:00:46 WIB 2021
Cron Reward Karyawan : Mon Apr 19 04:00:46 WIB 2021
Cron Reward Karyawan : Tue Apr 20 04:00:46 WIB 2021
Cron Reward Karyawan : Wed Apr 21 04:00:47 WIB 2021
Cron Reward Karyawan : Thu Apr 22 04:00:47 WIB 2021
Cron Reward Karyawan : Fri Apr 23 04:00:45 WIB 2021
Cron Reward Karyawan : Sat Apr 24 04:00:47 WIB 2021
Cron Reward Karyawan : Sun Apr 25 04:00:46 WIB 2021
Cron Reward Karyawan : Mon Apr 26 04:00:46 WIB 2021
Cron Reward Karyawan : Tue Apr 27 04:00:47 WIB 2021
Cron Reward Karyawan : Wed Apr 28 04:00:47 WIB 2021
Cron Reward Karyawan : Thu Apr 29 04:00:48 WIB 2021
Cron Reward Karyawan : Fri Apr 30 04:00:46 WIB 2021
Cron Reward Karyawan : Sat May  1 04:00:46 WIB 2021
Cron Reward Karyawan : Sun May  2 04:00:46 WIB 2021
Cron Reward Karyawan : Mon May  3 04:00:46 WIB 2021
Cron Reward Karyawan : Tue May  4 04:00:46 WIB 2021
Cron Reward Karyawan : Wed May  5 04:00:46 WIB 2021
Cron Reward Karyawan : Thu May  6 04:00:46 WIB 2021
Cron Reward Karyawan : Fri May  7 04:00:47 WIB 2021
Cron Reward Karyawan : Sat May  8 04:00:48 WIB 2021
Cron Reward Karyawan : Sun May  9 04:00:47 WIB 2021
Cron Reward Karyawan : Mon May 10 04:00:47 WIB 2021
Cron Reward Karyawan : Tue May 11 04:00:47 WIB 2021
Cron Reward Karyawan : Wed May 12 04:00:48 WIB 2021
Cron Reward Karyawan : Thu May 13 04:00:47 WIB 2021
Cron Reward Karyawan : Fri May 14 04:00:48 WIB 2021
Cron Reward Karyawan : Sat May 15 04:00:48 WIB 2021
Cron Reward Karyawan : Sun May 16 04:01:07 WIB 2021
Cron Reward Karyawan : Mon May 17 04:01:49 WIB 2021
Cron Reward Karyawan : Tue May 18 04:00:49 WIB 2021
Cron Reward Karyawan : Wed May 19 04:00:46 WIB 2021
Cron Reward Karyawan : Thu May 20 04:00:47 WIB 2021
Cron Reward Karyawan : Fri May 21 04:00:47 WIB 2021
Cron Reward Karyawan : Sat May 22 04:00:46 WIB 2021
Cron Reward Karyawan : Sun May 23 04:00:48 WIB 2021
Cron Reward Karyawan : Mon May 24 04:00:47 WIB 2021
Cron Reward Karyawan : Tue May 25 04:00:47 WIB 2021
Cron Reward Karyawan : Wed May 26 04:00:49 WIB 2021
Cron Reward Karyawan : Thu May 27 04:00:47 WIB 2021
Cron Reward Karyawan : Fri May 28 04:00:48 WIB 2021
Cron Reward Karyawan : Sat May 29 04:00:49 WIB 2021
Cron Reward Karyawan : Sun May 30 04:00:47 WIB 2021
Cron Reward Karyawan : Mon May 31 04:00:57 WIB 2021
Cron Reward Karyawan : Tue Jun  1 04:00:55 WIB 2021
Cron Reward Karyawan : Wed Jun  2 04:00:44 WIB 2021
Cron Reward Karyawan : Thu Jun  3 04:00:45 WIB 2021
Cron Reward Karyawan : Fri Jun  4 04:00:47 WIB 2021
Cron Reward Karyawan : Sat Jun  5 04:00:45 WIB 2021
Cron Reward Karyawan : Sun Jun  6 04:00:46 WIB 2021
Cron Reward Karyawan : Mon Jun  7 04:00:50 WIB 2021
Cron Reward Karyawan : Tue Jun  8 04:00:45 WIB 2021
Cron Reward Karyawan : Wed Jun  9 04:00:46 WIB 2021
Cron Reward Karyawan : Thu Jun 10 04:00:45 WIB 2021
Cron Reward Karyawan : Fri Jun 11 04:00:45 WIB 2021
Cron Reward Karyawan : Sat Jun 12 04:00:45 WIB 2021
Cron Reward Karyawan : Sun Jun 13 04:00:45 WIB 2021
Cron Reward Karyawan : Mon Jun 14 04:00:44 WIB 2021
Cron Reward Karyawan : Tue Jun 15 04:00:44 WIB 2021
Cron Reward Karyawan : Wed Jun 16 04:00:45 WIB 2021
Cron Reward Karyawan : Thu Jun 17 04:00:46 WIB 2021
Cron Reward Karyawan : Fri Jun 18 04:00:46 WIB 2021
Cron Reward Karyawan : Sat Jun 19 04:00:45 WIB 2021
Cron Reward Karyawan : Sun Jun 20 04:00:46 WIB 2021
Cron Reward Karyawan : Mon Jun 21 04:00:48 WIB 2021
Cron Reward Karyawan : Tue Jun 22 04:00:48 WIB 2021
Cron Reward Karyawan : Wed Jun 23 04:00:47 WIB 2021
Cron Reward Karyawan : Thu Jun 24 04:00:45 WIB 2021
Cron Reward Karyawan : Fri Jun 25 04:00:47 WIB 2021
Cron Reward Karyawan : Sat Jun 26 04:00:47 WIB 2021
Cron Reward Karyawan : Sun Jun 27 04:00:48 WIB 2021
Cron Reward Karyawan : Mon Jun 28 04:00:48 WIB 2021
Cron Reward Karyawan : Tue Jun 29 04:00:48 WIB 2021
Cron Reward Karyawan : Wed Jun 30 04:00:46 WIB 2021
Cron Reward Karyawan : Thu Jul  1 04:00:45 WIB 2021
Cron Reward Karyawan : Fri Jul  2 04:00:45 WIB 2021
Cron Reward Karyawan : Sat Jul  3 04:00:45 WIB 2021
Cron Reward Karyawan : Sun Jul  4 04:00:45 WIB 2021
Cron Reward Karyawan : Mon Jul  5 04:00:44 WIB 2021
Cron Reward Karyawan : Tue Jul  6 04:00:46 WIB 2021
Cron Reward Karyawan : Wed Jul  7 04:00:46 WIB 2021
Cron Reward Karyawan : Thu Jul  8 04:00:44 WIB 2021
Cron Reward Karyawan : Fri Jul  9 04:00:44 WIB 2021
Cron Reward Karyawan : Sat Jul 10 04:00:43 WIB 2021
Cron Reward Karyawan : Sun Jul 11 04:00:43 WIB 2021
Cron Reward Karyawan : Mon Jul 12 04:00:43 WIB 2021
Cron Reward Karyawan : Tue Jul 13 04:00:44 WIB 2021
Cron Reward Karyawan : Wed Jul 14 04:00:43 WIB 2021
Cron Reward Karyawan : Thu Jul 15 04:00:44 WIB 2021
Cron Reward Karyawan : Fri Jul 16 04:00:43 WIB 2021
Cron Reward Karyawan : Sat Jul 17 04:00:44 WIB 2021
Cron Reward Karyawan : Sun Jul 18 04:00:44 WIB 2021
Cron Reward Karyawan : Mon Jul 19 04:00:44 WIB 2021
Cron Reward Karyawan : Tue Jul 20 04:00:44 WIB 2021
Cron Reward Karyawan : Wed Jul 21 04:00:44 WIB 2021
Cron Reward Karyawan : Thu Jul 22 04:00:44 WIB 2021
Cron Reward Karyawan : Fri Jul 23 04:00:45 WIB 2021
Cron Reward Karyawan : Sat Jul 24 04:00:44 WIB 2021
Cron Reward Karyawan : Sun Jul 25 04:00:44 WIB 2021
Cron Reward Karyawan : Mon Jul 26 04:00:44 WIB 2021
Cron Reward Karyawan : Tue Jul 27 04:00:43 WIB 2021
Cron Reward Karyawan : Wed Jul 28 04:00:43 WIB 2021
Cron Reward Karyawan : Thu Jul 29 04:00:44 WIB 2021
Cron Reward Karyawan : Fri Jul 30 04:00:44 WIB 2021
Cron Reward Karyawan : Sat Jul 31 04:00:43 WIB 2021
Cron Reward Karyawan : Sun Aug  1 04:00:44 WIB 2021
Cron Reward Karyawan : Mon Aug  2 04:00:44 WIB 2021
Cron Reward Karyawan : Tue Aug  3 04:00:44 WIB 2021
Cron Reward Karyawan : Wed Aug  4 04:00:44 WIB 2021
Cron Reward Karyawan : Thu Aug  5 04:00:43 WIB 2021
Cron Reward Karyawan : Fri Aug  6 04:00:44 WIB 2021
Cron Reward Karyawan : Sat Aug  7 04:00:45 WIB 2021
Cron Reward Karyawan : Sun Aug  8 04:00:47 WIB 2021
Cron Reward Karyawan : Mon Aug  9 04:00:45 WIB 2021
Cron Reward Karyawan : Tue Aug 10 04:00:46 WIB 2021
Cron Reward Karyawan : Wed Aug 11 04:00:46 WIB 2021
Cron Reward Karyawan : Thu Aug 12 04:00:49 WIB 2021
Cron Reward Karyawan : Fri Aug 13 04:00:45 WIB 2021
Cron Reward Karyawan : Sat Aug 14 04:00:54 WIB 2021
Cron Reward Karyawan : Sun Aug 15 04:00:46 WIB 2021
Cron Reward Karyawan : Mon Aug 16 04:00:46 WIB 2021
Cron Reward Karyawan : Tue Aug 17 04:00:44 WIB 2021
Cron Reward Karyawan : Wed Aug 18 04:02:05 WIB 2021
Cron Reward Karyawan : Thu Aug 19 04:00:46 WIB 2021
Cron Reward Karyawan : Fri Aug 20 04:01:21 WIB 2021
Cron Reward Karyawan : Sat Aug 21 04:00:46 WIB 2021
Cron Reward Karyawan : Sun Aug 22 04:00:46 WIB 2021
Cron Reward Karyawan : Mon Aug 23 04:00:37 WIB 2021
Cron Reward Karyawan : Tue Aug 24 04:00:38 WIB 2021
Cron Reward Karyawan : Wed Aug 25 04:00:38 WIB 2021
Cron Reward Karyawan : Thu Aug 26 04:00:39 WIB 2021
Cron Reward Karyawan : Fri Aug 27 04:00:39 WIB 2021
Cron Reward Karyawan : Sat Aug 28 04:00:37 WIB 2021
Cron Reward Karyawan : Sun Aug 29 04:00:37 WIB 2021
Cron Reward Karyawan : Mon Aug 30 04:00:38 WIB 2021
Cron Reward Karyawan : Tue Aug 31 04:00:38 WIB 2021
Cron Reward Karyawan : Wed Sep  1 04:00:39 WIB 2021
Cron Reward Karyawan : Thu Sep  2 04:00:39 WIB 2021
Cron Reward Karyawan : Fri Sep  3 04:00:38 WIB 2021
Cron Reward Karyawan : Sat Sep  4 04:00:38 WIB 2021
Cron Reward Karyawan : Sun Sep  5 04:00:37 WIB 2021
Cron Reward Karyawan : Mon Sep  6 04:00:38 WIB 2021
Cron Reward Karyawan : Tue Sep  7 04:00:38 WIB 2021
Cron Reward Karyawan : Wed Sep  8 04:00:37 WIB 2021
Cron Reward Karyawan : Thu Sep  9 04:00:38 WIB 2021
Cron Reward Karyawan : Fri Sep 10 04:02:05 WIB 2021
Cron Reward Karyawan : Sat Sep 11 04:00:39 WIB 2021
Cron Reward Karyawan : Sun Sep 12 04:00:40 WIB 2021
Cron Reward Karyawan : Mon Sep 13 04:00:39 WIB 2021
Cron Reward Karyawan : Tue Sep 14 04:00:40 WIB 2021
Cron Reward Karyawan : Wed Sep 15 04:00:39 WIB 2021
Cron Reward Karyawan : Thu Sep 16 04:00:39 WIB 2021
Cron Reward Karyawan : Fri Sep 17 04:00:39 WIB 2021
Cron Reward Karyawan : Sat Sep 18 04:00:38 WIB 2021
Cron Reward Karyawan : Sun Sep 19 04:00:40 WIB 2021
Cron Reward Karyawan : Mon Sep 20 04:00:40 WIB 2021
Cron Reward Karyawan : Tue Sep 21 04:01:42 WIB 2021
Cron Reward Karyawan : Wed Sep 22 04:00:40 WIB 2021
Cron Reward Karyawan : Thu Sep 23 04:00:42 WIB 2021
Cron Reward Karyawan : Fri Sep 24 04:00:41 WIB 2021
Cron Reward Karyawan : Sat Sep 25 04:00:41 WIB 2021
Cron Reward Karyawan : Sun Sep 26 04:00:42 WIB 2021
Cron Reward Karyawan : Mon Sep 27 04:00:40 WIB 2021
Cron Reward Karyawan : Tue Sep 28 04:00:41 WIB 2021
Cron Reward Karyawan : Wed Sep 29 04:00:41 WIB 2021
Cron Reward Karyawan : Thu Sep 30 04:00:40 WIB 2021
Cron Reward Karyawan : Fri Oct  1 04:00:40 WIB 2021
Cron Reward Karyawan : Sat Oct  2 04:00:39 WIB 2021
Cron Reward Karyawan : Sun Oct  3 04:00:40 WIB 2021
Cron Reward Karyawan : Mon Oct  4 04:00:42 WIB 2021
Cron Reward Karyawan : Tue Oct  5 04:00:39 WIB 2021
Cron Reward Karyawan : Wed Oct  6 04:00:40 WIB 2021
Cron Reward Karyawan : Thu Oct  7 04:00:39 WIB 2021
Cron Reward Karyawan : Fri Oct  8 04:00:39 WIB 2021
Cron Reward Karyawan : Sat Oct  9 04:00:40 WIB 2021
Cron Reward Karyawan : Sun Oct 10 04:00:40 WIB 2021
Cron Reward Karyawan : Mon Oct 11 04:00:40 WIB 2021
Cron Reward Karyawan : Tue Oct 12 04:00:39 WIB 2021
Cron Reward Karyawan : Wed Oct 13 04:00:39 WIB 2021
Cron Reward Karyawan : Thu Oct 14 04:00:39 WIB 2021
Cron Reward Karyawan : Fri Oct 15 04:00:39 WIB 2021
Cron Reward Karyawan : Sat Oct 16 04:00:40 WIB 2021
Cron Reward Karyawan : Sun Oct 17 04:00:39 WIB 2021
Cron Reward Karyawan : Mon Oct 18 04:00:39 WIB 2021
Cron Reward Karyawan : Tue Oct 19 04:00:40 WIB 2021
Cron Reward Karyawan : Wed Oct 20 04:00:39 WIB 2021
Cron Reward Karyawan : Thu Oct 21 04:00:38 WIB 2021
Cron Reward Karyawan : Fri Oct 22 04:00:41 WIB 2021
Cron Reward Karyawan : Sat Oct 23 04:00:38 WIB 2021
Cron Reward Karyawan : Sun Oct 24 04:00:39 WIB 2021
Cron Reward Karyawan : Mon Oct 25 04:00:40 WIB 2021
Cron Reward Karyawan : Tue Oct 26 04:00:40 WIB 2021
Cron Reward Karyawan : Wed Oct 27 04:00:39 WIB 2021
Cron Reward Karyawan : Thu Oct 28 04:00:39 WIB 2021
Cron Reward Karyawan : Fri Oct 29 04:00:39 WIB 2021
Cron Reward Karyawan : Sat Oct 30 04:00:39 WIB 2021
Cron Reward Karyawan : Sun Oct 31 04:00:41 WIB 2021
Cron Reward Karyawan : Mon Nov  1 04:00:39 WIB 2021
Cron Reward Karyawan : Tue Nov  2 04:00:40 WIB 2021
Cron Reward Karyawan : Wed Nov  3 04:00:40 WIB 2021
Cron Reward Karyawan : Thu Nov  4 04:00:39 WIB 2021
Cron Reward Karyawan : Fri Nov  5 04:00:39 WIB 2021
Cron Reward Karyawan : Sat Nov  6 04:00:39 WIB 2021
Cron Reward Karyawan : Sun Nov  7 04:00:39 WIB 2021
Cron Reward Karyawan : Mon Nov  8 04:00:38 WIB 2021
Cron Reward Karyawan : Tue Nov  9 04:00:35 WIB 2021
Cron Reward Karyawan : Wed Nov 10 04:00:34 WIB 2021
Cron Reward Karyawan : Thu Nov 11 04:00:34 WIB 2021
Cron Reward Karyawan : Fri Nov 12 04:00:34 WIB 2021
Cron Reward Karyawan : Sat Nov 13 04:00:34 WIB 2021
Cron Reward Karyawan : Sun Nov 14 04:00:33 WIB 2021
Cron Reward Karyawan : Mon Nov 15 04:00:34 WIB 2021
Cron Reward Karyawan : Tue Nov 16 04:00:34 WIB 2021
Cron Reward Karyawan : Wed Nov 17 04:00:34 WIB 2021
Cron Reward Karyawan : Thu Nov 18 04:00:33 WIB 2021
Cron Reward Karyawan : Fri Nov 19 04:00:33 WIB 2021
Cron Reward Karyawan : Sat Nov 20 04:00:34 WIB 2021
Cron Reward Karyawan : Sun Nov 21 04:00:34 WIB 2021
Cron Reward Karyawan : Mon Nov 22 04:00:35 WIB 2021
Cron Reward Karyawan : Tue Nov 23 04:00:35 WIB 2021
Cron Reward Karyawan : Wed Nov 24 04:00:35 WIB 2021
Cron Reward Karyawan : Thu Nov 25 04:00:34 WIB 2021
Cron Reward Karyawan : Fri Nov 26 04:00:33 WIB 2021
Cron Reward Karyawan : Sat Nov 27 04:00:33 WIB 2021
Cron Reward Karyawan : Sun Nov 28 04:00:34 WIB 2021
Cron Reward Karyawan : Mon Nov 29 04:00:34 WIB 2021
Cron Reward Karyawan : Tue Nov 30 04:00:35 WIB 2021
Cron Reward Karyawan : Wed Dec  1 04:00:34 WIB 2021
Cron Reward Karyawan : Thu Dec  2 04:00:34 WIB 2021
Cron Reward Karyawan : Fri Dec  3 04:01:46 WIB 2021
Cron Reward Karyawan : Sat Dec  4 04:00:34 WIB 2021
Cron Reward Karyawan : Sun Dec  5 04:00:34 WIB 2021
Cron Reward Karyawan : Mon Dec  6 04:00:34 WIB 2021
Cron Reward Karyawan : Tue Dec  7 04:00:34 WIB 2021
Cron Reward Karyawan : Wed Dec  8 04:00:34 WIB 2021
Cron Reward Karyawan : Thu Dec  9 04:00:35 WIB 2021
Cron Reward Karyawan : Fri Dec 10 04:00:34 WIB 2021
Cron Reward Karyawan : Sat Dec 11 04:00:34 WIB 2021
Cron Reward Karyawan : Sun Dec 12 04:00:34 WIB 2021
Cron Reward Karyawan : Mon Dec 13 04:00:34 WIB 2021
Cron Reward Karyawan : Tue Dec 14 04:00:35 WIB 2021
Cron Reward Karyawan : Wed Dec 15 04:00:34 WIB 2021
Cron Reward Karyawan : Thu Dec 16 04:00:34 WIB 2021
Cron Reward Karyawan : Fri Dec 17 04:00:34 WIB 2021
Cron Reward Karyawan : Sat Dec 18 04:00:35 WIB 2021
Cron Reward Karyawan : Sun Dec 19 04:00:34 WIB 2021
Cron Reward Karyawan : Mon Dec 20 04:00:35 WIB 2021
Cron Reward Karyawan : Tue Dec 21 04:00:35 WIB 2021
Cron Reward Karyawan : Wed Dec 22 04:00:34 WIB 2021
Cron Reward Karyawan : Thu Dec 23 04:00:34 WIB 2021
Cron Reward Karyawan : Fri Dec 24 04:00:34 WIB 2021
Cron Reward Karyawan : Sat Dec 25 04:00:35 WIB 2021
Cron Reward Karyawan : Sun Dec 26 04:00:35 WIB 2021
Cron Reward Karyawan : Mon Dec 27 04:00:34 WIB 2021
Cron Reward Karyawan : Tue Dec 28 04:00:35 WIB 2021
Cron Reward Karyawan : Wed Dec 29 04:00:34 WIB 2021
Cron Reward Karyawan : Thu Dec 30 04:00:36 WIB 2021
Cron Reward Karyawan : Fri Dec 31 04:00:34 WIB 2021
Cron Reward Karyawan : Sat Jan  1 04:00:35 WIB 2022
Cron Reward Karyawan : Sun Jan  2 04:00:35 WIB 2022
Cron Reward Karyawan : Mon Jan  3 04:00:35 WIB 2022
Cron Reward Karyawan : Tue Jan  4 04:00:35 WIB 2022
Cron Reward Karyawan : Wed Jan  5 04:00:35 WIB 2022
Cron Reward Karyawan : Thu Jan  6 04:00:34 WIB 2022
Cron Reward Karyawan : Fri Jan  7 04:00:34 WIB 2022
Cron Reward Karyawan : Sat Jan  8 04:00:34 WIB 2022
Cron Reward Karyawan : Sun Jan  9 04:00:34 WIB 2022
Cron Reward Karyawan : Mon Jan 10 04:00:35 WIB 2022
Cron Reward Karyawan : Tue Jan 11 04:00:34 WIB 2022
Cron Reward Karyawan : Wed Jan 12 04:01:37 WIB 2022
Cron Reward Karyawan : Thu Jan 13 04:00:36 WIB 2022
Cron Reward Karyawan : Fri Jan 14 04:00:35 WIB 2022
Cron Reward Karyawan : Sat Jan 15 04:00:40 WIB 2022
Cron Reward Karyawan : Sun Jan 16 04:00:36 WIB 2022
Cron Reward Karyawan : Mon Jan 17 04:00:35 WIB 2022
Cron Reward Karyawan : Tue Jan 18 04:00:36 WIB 2022
Cron Reward Karyawan : Wed Jan 19 04:00:36 WIB 2022
Cron Reward Karyawan : Thu Jan 20 04:00:36 WIB 2022
Cron Reward Karyawan : Fri Jan 21 04:00:35 WIB 2022
Cron Reward Karyawan : Sat Jan 22 04:00:36 WIB 2022
Cron Reward Karyawan : Sun Jan 23 04:00:35 WIB 2022
Cron Reward Karyawan : Mon Jan 24 04:00:36 WIB 2022
Cron Reward Karyawan : Tue Jan 25 04:00:36 WIB 2022
Cron Reward Karyawan : Wed Jan 26 04:00:36 WIB 2022
Cron Reward Karyawan : Thu Jan 27 04:00:35 WIB 2022
Cron Reward Karyawan : Fri Jan 28 04:00:36 WIB 2022
Cron Reward Karyawan : Sat Jan 29 04:00:36 WIB 2022
Cron Reward Karyawan : Sun Jan 30 04:00:36 WIB 2022
Cron Reward Karyawan : Mon Jan 31 04:00:43 WIB 2022
Cron Reward Karyawan : Tue Feb  1 04:00:36 WIB 2022
Cron Reward Karyawan : Wed Feb  2 04:00:36 WIB 2022
Cron Reward Karyawan : Thu Feb  3 04:00:37 WIB 2022
Cron Reward Karyawan : Fri Feb  4 04:00:37 WIB 2022
Cron Reward Karyawan : Sat Feb  5 04:00:36 WIB 2022
Cron Reward Karyawan : Sun Feb  6 04:00:36 WIB 2022
Cron Reward Karyawan : Mon Feb  7 04:00:36 WIB 2022
Cron Reward Karyawan : Tue Feb  8 04:00:37 WIB 2022
Cron Reward Karyawan : Wed Feb  9 04:00:36 WIB 2022
Cron Reward Karyawan : Thu Feb 10 04:00:37 WIB 2022
Cron Reward Karyawan : Fri Feb 11 04:00:37 WIB 2022
Cron Reward Karyawan : Sat Feb 12 04:00:37 WIB 2022
Cron Reward Karyawan : Sun Feb 13 04:00:36 WIB 2022
Cron Reward Karyawan : Mon Feb 14 04:00:36 WIB 2022
Cron Reward Karyawan : Tue Feb 15 04:00:36 WIB 2022
Cron Reward Karyawan : Wed Feb 16 04:00:39 WIB 2022
Cron Reward Karyawan : Thu Feb 17 04:00:37 WIB 2022
Cron Reward Karyawan : Fri Feb 18 04:00:38 WIB 2022
Cron Reward Karyawan : Sat Feb 19 04:00:41 WIB 2022
Cron Reward Karyawan : Sun Feb 20 04:00:39 WIB 2022
Cron Reward Karyawan : Mon Feb 21 04:00:39 WIB 2022
Cron Reward Karyawan : Tue Feb 22 04:00:40 WIB 2022
Cron Reward Karyawan : Wed Feb 23 04:00:41 WIB 2022
Cron Reward Karyawan : Thu Feb 24 04:00:40 WIB 2022
Cron Reward Karyawan : Fri Feb 25 04:00:40 WIB 2022
Cron Reward Karyawan : Sat Feb 26 04:00:41 WIB 2022
Cron Reward Karyawan : Sun Feb 27 04:00:41 WIB 2022
Cron Reward Karyawan : Mon Feb 28 04:00:41 WIB 2022
Cron Reward Karyawan : Tue Mar  1 04:00:40 WIB 2022
Cron Reward Karyawan : Wed Mar  2 04:00:41 WIB 2022
Cron Reward Karyawan : Thu Mar  3 04:00:41 WIB 2022
Cron Reward Karyawan : Fri Mar  4 04:00:41 WIB 2022
Cron Reward Karyawan : Sat Mar  5 04:00:41 WIB 2022
Cron Reward Karyawan : Sun Mar  6 04:00:40 WIB 2022
Cron Reward Karyawan : Mon Mar  7 04:00:42 WIB 2022
Cron Reward Karyawan : Tue Mar  8 04:00:41 WIB 2022
Cron Reward Karyawan : Wed Mar  9 04:00:42 WIB 2022
Cron Reward Karyawan : Thu Mar 10 04:00:41 WIB 2022
Cron Reward Karyawan : Fri Mar 11 04:00:40 WIB 2022
Cron Reward Karyawan : Sat Mar 12 04:00:41 WIB 2022
Cron Reward Karyawan : Sun Mar 13 04:00:41 WIB 2022
Cron Reward Karyawan : Mon Mar 14 04:00:41 WIB 2022
Cron Reward Karyawan : Tue Mar 15 04:00:40 WIB 2022
Cron Reward Karyawan : Wed Mar 16 04:00:41 WIB 2022
Cron Reward Karyawan : Thu Mar 17 04:00:41 WIB 2022
Cron Reward Karyawan : Fri Mar 18 04:00:40 WIB 2022
Cron Reward Karyawan : Sat Mar 19 04:00:41 WIB 2022
Cron Reward Karyawan : Sun Mar 20 04:00:42 WIB 2022
Cron Reward Karyawan : Mon Mar 21 04:00:43 WIB 2022
Cron Reward Karyawan : Tue Mar 22 04:00:43 WIB 2022
Cron Reward Karyawan : Wed Mar 23 04:00:41 WIB 2022
Cron Reward Karyawan : Thu Mar 24 04:01:06 WIB 2022
Cron Reward Karyawan : Fri Mar 25 04:00:47 WIB 2022
Cron Reward Karyawan : Sat Mar 26 04:00:44 WIB 2022
Cron Reward Karyawan : Sun Mar 27 04:00:45 WIB 2022
Cron Reward Karyawan : Mon Mar 28 04:00:44 WIB 2022
Cron Reward Karyawan : Tue Mar 29 04:00:44 WIB 2022
Cron Reward Karyawan : Wed Mar 30 04:00:45 WIB 2022
Cron Reward Karyawan : Thu Mar 31 04:00:44 WIB 2022
Cron Reward Karyawan : Fri Apr  1 04:00:44 WIB 2022
Cron Reward Karyawan : Sat Apr  2 04:00:45 WIB 2022
Cron Reward Karyawan : Sun Apr  3 04:00:44 WIB 2022
Cron Reward Karyawan : Mon Apr  4 04:00:46 WIB 2022
Cron Reward Karyawan : Tue Apr  5 04:00:45 WIB 2022
Cron Reward Karyawan : Wed Apr  6 04:00:45 WIB 2022
Cron Reward Karyawan : Thu Apr  7 04:00:44 WIB 2022
Cron Reward Karyawan : Fri Apr  8 04:00:45 WIB 2022
Cron Reward Karyawan : Sat Apr  9 04:00:44 WIB 2022
Cron Reward Karyawan : Sun Apr 10 04:00:46 WIB 2022
Cron Reward Karyawan : Mon Apr 11 04:00:49 WIB 2022
Cron Reward Karyawan : Tue Apr 12 04:00:45 WIB 2022
Cron Reward Karyawan : Wed Apr 13 04:00:45 WIB 2022
Cron Reward Karyawan : Thu Apr 14 04:00:45 WIB 2022
Cron Reward Karyawan : Fri Apr 15 04:00:44 WIB 2022
Cron Reward Karyawan : Sat Apr 16 04:00:45 WIB 2022
Cron Reward Karyawan : Sun Apr 17 04:00:48 WIB 2022
Cron Reward Karyawan : Mon Apr 18 04:00:46 WIB 2022
Cron Reward Karyawan : Tue Apr 19 04:00:44 WIB 2022
Cron Reward Karyawan : Wed Apr 20 04:00:46 WIB 2022
Cron Reward Karyawan : Thu Apr 21 04:00:45 WIB 2022
Cron Reward Karyawan : Fri Apr 22 04:00:45 WIB 2022
Cron Reward Karyawan : Sat Apr 23 04:00:45 WIB 2022
Cron Reward Karyawan : Sun Apr 24 04:00:49 WIB 2022
Cron Reward Karyawan : Mon Apr 25 04:00:45 WIB 2022
Cron Reward Karyawan : Tue Apr 26 04:00:46 WIB 2022
Cron Reward Karyawan : Wed Apr 27 04:00:45 WIB 2022
Cron Reward Karyawan : Thu Apr 28 04:00:45 WIB 2022
Cron Reward Karyawan : Fri Apr 29 04:00:46 WIB 2022
Cron Reward Karyawan : Sat Apr 30 04:01:05 WIB 2022
Cron Reward Karyawan : Sun May  1 04:01:03 WIB 2022
Cron Reward Karyawan : Mon May  2 04:01:04 WIB 2022
Cron Reward Karyawan : Tue May  3 04:01:03 WIB 2022
Cron Reward Karyawan : Wed May  4 04:01:09 WIB 2022
Cron Reward Karyawan : Thu May  5 04:01:03 WIB 2022
Cron Reward Karyawan : Fri May  6 04:00:45 WIB 2022
Cron Reward Karyawan : Sat May  7 04:00:47 WIB 2022
Cron Reward Karyawan : Sun May  8 04:00:57 WIB 2022
Cron Reward Karyawan : Mon May  9 04:00:56 WIB 2022
Cron Reward Karyawan : Tue May 10 04:01:03 WIB 2022
Cron Reward Karyawan : Wed May 11 04:01:08 WIB 2022
Cron Reward Karyawan : Thu May 12 04:01:06 WIB 2022
Cron Reward Karyawan : Fri May 13 04:01:03 WIB 2022
Cron Reward Karyawan : Sat May 14 04:00:46 WIB 2022
Cron Reward Karyawan : Sun May 15 04:00:50 WIB 2022
Cron Reward Karyawan : Mon May 16 04:00:47 WIB 2022
Cron Reward Karyawan : Tue May 17 04:00:46 WIB 2022
Cron Reward Karyawan : Wed May 18 04:00:48 WIB 2022
Cron Reward Karyawan : Thu May 19 04:00:47 WIB 2022
Cron Reward Karyawan : Fri May 20 04:00:47 WIB 2022
Cron Reward Karyawan : Sat May 21 04:00:47 WIB 2022
Cron Reward Karyawan : Sun May 22 04:00:47 WIB 2022
Cron Reward Karyawan : Mon May 23 04:00:46 WIB 2022
Cron Reward Karyawan : Tue May 24 04:00:48 WIB 2022
Cron Reward Karyawan : Wed May 25 04:00:48 WIB 2022
Cron Reward Karyawan : Thu May 26 04:00:47 WIB 2022
Cron Reward Karyawan : Fri May 27 04:00:46 WIB 2022
Cron Reward Karyawan : Sat May 28 04:00:47 WIB 2022
Cron Reward Karyawan : Sun May 29 04:00:47 WIB 2022
Cron Reward Karyawan : Mon May 30 04:00:51 WIB 2022
Cron Reward Karyawan : Tue May 31 04:00:50 WIB 2022
Cron Reward Karyawan : Wed Jun  1 04:00:47 WIB 2022
Cron Reward Karyawan : Thu Jun  2 04:00:47 WIB 2022
Cron Reward Karyawan : Fri Jun  3 04:00:47 WIB 2022
Cron Reward Karyawan : Sat Jun  4 04:00:46 WIB 2022
Cron Reward Karyawan : Sun Jun  5 04:00:46 WIB 2022
Cron Reward Karyawan : Mon Jun  6 04:00:47 WIB 2022
Cron Reward Karyawan : Tue Jun  7 04:00:47 WIB 2022
Cron Reward Karyawan : Wed Jun  8 04:00:47 WIB 2022
Cron Reward Karyawan : Thu Jun  9 04:00:49 WIB 2022
Cron Reward Karyawan : Fri Jun 10 04:00:48 WIB 2022
Cron Reward Karyawan : Sat Jun 11 04:00:49 WIB 2022
Cron Reward Karyawan : Sun Jun 12 04:00:50 WIB 2022
Cron Reward Karyawan : Mon Jun 13 04:00:47 WIB 2022
Cron Reward Karyawan : Tue Jun 14 04:00:48 WIB 2022
Cron Reward Karyawan : Wed Jun 15 04:00:48 WIB 2022
Cron Reward Karyawan : Thu Jun 16 04:00:45 WIB 2022
Cron Reward Karyawan : Fri Jun 17 04:00:44 WIB 2022
Cron Reward Karyawan : Sat Jun 18 04:00:46 WIB 2022
Cron Reward Karyawan : Sun Jun 19 04:00:47 WIB 2022
Cron Reward Karyawan : Mon Jun 20 04:00:45 WIB 2022
Cron Reward Karyawan : Tue Jun 21 04:00:48 WIB 2022
Cron Reward Karyawan : Wed Jun 22 04:00:47 WIB 2022
Cron Reward Karyawan : Thu Jun 23 04:00:44 WIB 2022
Cron Reward Karyawan : Fri Jun 24 04:00:44 WIB 2022
Cron Reward Karyawan : Sat Jun 25 04:00:44 WIB 2022
Cron Reward Karyawan : Sun Jun 26 04:00:45 WIB 2022
Cron Reward Karyawan : Mon Jun 27 04:00:46 WIB 2022
Cron Reward Karyawan : Tue Jun 28 04:00:44 WIB 2022
Cron Reward Karyawan : Wed Jun 29 04:00:44 WIB 2022
Cron Reward Karyawan : Thu Jun 30 04:00:45 WIB 2022
Cron Reward Karyawan : Fri Jul  1 04:00:44 WIB 2022
Cron Reward Karyawan : Sat Jul  2 04:00:44 WIB 2022
Cron Reward Karyawan : Sun Jul  3 04:00:45 WIB 2022
Cron Reward Karyawan : Mon Jul  4 04:00:43 WIB 2022
Cron Reward Karyawan : Tue Jul  5 04:00:45 WIB 2022
Cron Reward Karyawan : Wed Jul  6 04:00:46 WIB 2022
Cron Reward Karyawan : Thu Jul  7 04:00:45 WIB 2022
Cron Reward Karyawan : Fri Jul  8 04:00:45 WIB 2022
Cron Reward Karyawan : Sat Jul  9 04:00:45 WIB 2022
Cron Reward Karyawan : Sun Jul 10 04:21:23 WIB 2022
Cron Reward Karyawan : Mon Jul 11 04:00:44 WIB 2022
Cron Reward Karyawan : Tue Jul 12 04:00:45 WIB 2022
Cron Reward Karyawan : Wed Jul 13 04:00:46 WIB 2022
