Cron Reward Daily Night : Sun Nov 14 23:17:04 WIB 2021
Cron Reward Daily Night : Mon Nov 15 23:19:23 WIB 2021
Cron Reward Daily Night : Tue Nov 16 23:21:11 WIB 2021
Cron Reward Daily Night : Wed Nov 17 23:19:26 WIB 2021
Cron Reward Daily Night : Thu Nov 18 23:19:10 WIB 2021
Cron Reward Daily Night : Fri Nov 19 23:19:16 WIB 2021
Cron Reward Daily Night : Sat Nov 20 23:19:10 WIB 2021
Cron Reward Daily Night : Sun Nov 21 23:19:14 WIB 2021
Cron Reward Daily Night : Mon Nov 22 23:19:26 WIB 2021
Cron Reward Daily Night : Tue Nov 23 23:19:40 WIB 2021
Cron Reward Daily Night : Wed Nov 24 23:19:32 WIB 2021
Cron Reward Daily Night : Thu Nov 25 23:19:40 WIB 2021
Cron Reward Daily Night : Fri Nov 26 23:19:31 WIB 2021
Cron Reward Daily Night : Sat Nov 27 23:19:36 WIB 2021
Cron Reward Daily Night : Sun Nov 28 23:19:39 WIB 2021
Cron Reward Daily Night : Mon Nov 29 23:19:32 WIB 2021
Cron Reward Daily Night : Tue Nov 30 23:19:36 WIB 2021
Cron Reward Daily Night : Wed Dec  1 23:19:35 WIB 2021
Cron Reward Daily Night : Thu Dec  2 23:21:18 WIB 2021
Cron Reward Daily Night : Fri Dec  3 23:19:26 WIB 2021
Cron Reward Daily Night : Sat Dec  4 23:19:31 WIB 2021
Cron Reward Daily Night : Sun Dec  5 23:19:28 WIB 2021
Cron Reward Daily Night : Mon Dec  6 23:19:06 WIB 2021
Cron Reward Daily Night : Tue Dec  7 23:19:31 WIB 2021
Cron Reward Daily Night : Wed Dec  8 23:20:05 WIB 2021
Cron Reward Daily Night : Thu Dec  9 23:19:29 WIB 2021
Cron Reward Daily Night : Fri Dec 10 23:19:24 WIB 2021
Cron Reward Daily Night : Sat Dec 11 23:19:18 WIB 2021
Cron Reward Daily Night : Sun Dec 12 23:19:28 WIB 2021
Cron Reward Daily Night : Mon Dec 13 23:19:12 WIB 2021
Cron Reward Daily Night : Tue Dec 14 23:19:26 WIB 2021
Cron Reward Daily Night : Wed Dec 15 23:19:41 WIB 2021
Cron Reward Daily Night : Thu Dec 16 23:19:39 WIB 2021
Cron Reward Daily Night : Fri Dec 17 23:19:34 WIB 2021
Cron Reward Daily Night : Sat Dec 18 23:19:26 WIB 2021
Cron Reward Daily Night : Sun Dec 19 23:19:39 WIB 2021
Cron Reward Daily Night : Mon Dec 20 23:19:28 WIB 2021
Cron Reward Daily Night : Tue Dec 21 23:19:39 WIB 2021
Cron Reward Daily Night : Wed Dec 22 23:19:21 WIB 2021
Cron Reward Daily Night : Thu Dec 23 23:19:37 WIB 2021
Cron Reward Daily Night : Fri Dec 24 23:19:21 WIB 2021
Cron Reward Daily Night : Sat Dec 25 23:19:39 WIB 2021
Cron Reward Daily Night : Sun Dec 26 23:19:40 WIB 2021
Cron Reward Daily Night : Mon Dec 27 23:19:40 WIB 2021
Cron Reward Daily Night : Tue Dec 28 23:19:37 WIB 2021
Cron Reward Daily Night : Wed Dec 29 23:19:36 WIB 2021
Cron Reward Daily Night : Thu Dec 30 23:19:32 WIB 2021
Cron Reward Daily Night : Fri Dec 31 23:19:42 WIB 2021
Cron Reward Daily Night : Sat Jan  1 23:19:37 WIB 2022
Cron Reward Daily Night : Sun Jan  2 23:19:33 WIB 2022
Cron Reward Daily Night : Mon Jan  3 23:19:43 WIB 2022
Cron Reward Daily Night : Tue Jan  4 23:19:41 WIB 2022
Cron Reward Daily Night : Wed Jan  5 23:19:34 WIB 2022
Cron Reward Daily Night : Thu Jan  6 23:19:47 WIB 2022
Cron Reward Daily Night : Fri Jan  7 23:19:46 WIB 2022
Cron Reward Daily Night : Sat Jan  8 23:19:54 WIB 2022
Cron Reward Daily Night : Sun Jan  9 23:19:46 WIB 2022
Cron Reward Daily Night : Mon Jan 10 23:19:38 WIB 2022
Cron Reward Daily Night : Tue Jan 11 23:19:44 WIB 2022
Cron Reward Daily Night : Wed Jan 12 23:19:44 WIB 2022
Cron Reward Daily Night : Thu Jan 13 23:19:42 WIB 2022
Cron Reward Daily Night : Fri Jan 14 23:19:33 WIB 2022
Cron Reward Daily Night : Sat Jan 15 23:19:40 WIB 2022
Cron Reward Daily Night : Sun Jan 16 23:19:33 WIB 2022
Cron Reward Daily Night : Mon Jan 17 23:19:44 WIB 2022
Cron Reward Daily Night : Tue Jan 18 23:19:48 WIB 2022
Cron Reward Daily Night : Wed Jan 19 23:19:54 WIB 2022
Cron Reward Daily Night : Thu Jan 20 23:19:51 WIB 2022
Cron Reward Daily Night : Fri Jan 21 23:19:54 WIB 2022
Cron Reward Daily Night : Sat Jan 22 23:19:47 WIB 2022
Cron Reward Daily Night : Sun Jan 23 23:20:08 WIB 2022
Cron Reward Daily Night : Mon Jan 24 23:20:01 WIB 2022
Cron Reward Daily Night : Tue Jan 25 23:19:59 WIB 2022
Cron Reward Daily Night : Wed Jan 26 23:19:58 WIB 2022
Cron Reward Daily Night : Thu Jan 27 23:19:56 WIB 2022
Cron Reward Daily Night : Fri Jan 28 23:19:59 WIB 2022
Cron Reward Daily Night : Sat Jan 29 23:20:02 WIB 2022
Cron Reward Daily Night : Sun Jan 30 23:19:59 WIB 2022
Cron Reward Daily Night : Mon Jan 31 23:19:56 WIB 2022
Cron Reward Daily Night : Tue Feb  1 23:20:03 WIB 2022
Cron Reward Daily Night : Wed Feb  2 23:20:03 WIB 2022
Cron Reward Daily Night : Thu Feb  3 23:20:10 WIB 2022
Cron Reward Daily Night : Fri Feb  4 23:20:10 WIB 2022
Cron Reward Daily Night : Sat Feb  5 23:20:13 WIB 2022
Cron Reward Daily Night : Sun Feb  6 23:19:57 WIB 2022
Cron Reward Daily Night : Mon Feb  7 23:19:59 WIB 2022
Cron Reward Daily Night : Tue Feb  8 23:20:00 WIB 2022
Cron Reward Daily Night : Wed Feb  9 23:19:58 WIB 2022
Cron Reward Daily Night : Thu Feb 10 23:20:09 WIB 2022
Cron Reward Daily Night : Fri Feb 11 23:20:21 WIB 2022
Cron Reward Daily Night : Sat Feb 12 23:20:11 WIB 2022
Cron Reward Daily Night : Sun Feb 13 23:20:05 WIB 2022
Cron Reward Daily Night : Mon Feb 14 23:19:56 WIB 2022
Cron Reward Daily Night : Tue Feb 15 23:20:03 WIB 2022
Cron Reward Daily Night : Wed Feb 16 23:19:57 WIB 2022
Cron Reward Daily Night : Thu Feb 17 23:20:09 WIB 2022
Cron Reward Daily Night : Fri Feb 18 23:20:15 WIB 2022
Cron Reward Daily Night : Sat Feb 19 23:20:07 WIB 2022
Cron Reward Daily Night : Sun Feb 20 23:20:12 WIB 2022
Cron Reward Daily Night : Mon Feb 21 23:20:13 WIB 2022
Cron Reward Daily Night : Tue Feb 22 23:20:10 WIB 2022
Cron Reward Daily Night : Wed Feb 23 23:19:47 WIB 2022
Cron Reward Daily Night : Thu Feb 24 23:20:02 WIB 2022
Cron Reward Daily Night : Fri Feb 25 23:20:00 WIB 2022
Cron Reward Daily Night : Sat Feb 26 23:20:06 WIB 2022
Cron Reward Daily Night : Sun Feb 27 23:20:13 WIB 2022
Cron Reward Daily Night : Mon Feb 28 23:20:08 WIB 2022
Cron Reward Daily Night : Tue Mar  1 23:19:56 WIB 2022
Cron Reward Daily Night : Wed Mar  2 23:20:08 WIB 2022
Cron Reward Daily Night : Thu Mar  3 23:20:10 WIB 2022
Cron Reward Daily Night : Fri Mar  4 23:20:05 WIB 2022
Cron Reward Daily Night : Sat Mar  5 23:20:00 WIB 2022
Cron Reward Daily Night : Sun Mar  6 23:20:04 WIB 2022
Cron Reward Daily Night : Mon Mar  7 23:19:59 WIB 2022
Cron Reward Daily Night : Tue Mar  8 23:19:58 WIB 2022
Cron Reward Daily Night : Wed Mar  9 23:20:01 WIB 2022
Cron Reward Daily Night : Thu Mar 10 23:20:08 WIB 2022
Cron Reward Daily Night : Fri Mar 11 23:20:09 WIB 2022
Cron Reward Daily Night : Sat Mar 12 23:20:12 WIB 2022
Cron Reward Daily Night : Sun Mar 13 23:20:07 WIB 2022
Cron Reward Daily Night : Mon Mar 14 23:20:06 WIB 2022
Cron Reward Daily Night : Tue Mar 15 23:20:08 WIB 2022
Cron Reward Daily Night : Wed Mar 16 23:20:11 WIB 2022
Cron Reward Daily Night : Thu Mar 17 23:20:11 WIB 2022
Cron Reward Daily Night : Fri Mar 18 23:20:05 WIB 2022
Cron Reward Daily Night : Sat Mar 19 23:20:01 WIB 2022
Cron Reward Daily Night : Sun Mar 20 23:20:10 WIB 2022
Cron Reward Daily Night : Mon Mar 21 23:20:00 WIB 2022
Cron Reward Daily Night : Tue Mar 22 23:20:18 WIB 2022
Cron Reward Daily Night : Wed Mar 23 23:20:04 WIB 2022
Cron Reward Daily Night : Thu Mar 24 23:20:13 WIB 2022
Cron Reward Daily Night : Fri Mar 25 23:20:23 WIB 2022
Cron Reward Daily Night : Sat Mar 26 23:20:22 WIB 2022
Cron Reward Daily Night : Sun Mar 27 23:20:21 WIB 2022
Cron Reward Daily Night : Mon Mar 28 23:20:15 WIB 2022
Cron Reward Daily Night : Tue Mar 29 23:20:18 WIB 2022
Cron Reward Daily Night : Wed Mar 30 23:20:20 WIB 2022
Cron Reward Daily Night : Thu Mar 31 23:20:13 WIB 2022
Cron Reward Daily Night : Fri Apr  1 23:20:17 WIB 2022
Cron Reward Daily Night : Sat Apr  2 23:20:14 WIB 2022
Cron Reward Daily Night : Sun Apr  3 23:20:17 WIB 2022
Cron Reward Daily Night : Mon Apr  4 23:19:57 WIB 2022
Cron Reward Daily Night : Tue Apr  5 23:20:14 WIB 2022
Cron Reward Daily Night : Wed Apr  6 23:20:22 WIB 2022
Cron Reward Daily Night : Thu Apr  7 23:20:24 WIB 2022
Cron Reward Daily Night : Fri Apr  8 23:20:30 WIB 2022
Cron Reward Daily Night : Sat Apr  9 23:20:04 WIB 2022
Cron Reward Daily Night : Sun Apr 10 23:20:14 WIB 2022
Cron Reward Daily Night : Mon Apr 11 23:20:26 WIB 2022
Cron Reward Daily Night : Tue Apr 12 23:20:20 WIB 2022
Cron Reward Daily Night : Wed Apr 13 23:20:23 WIB 2022
Cron Reward Daily Night : Thu Apr 14 23:20:21 WIB 2022
Cron Reward Daily Night : Fri Apr 15 23:20:23 WIB 2022
Cron Reward Daily Night : Sat Apr 16 23:20:41 WIB 2022
Cron Reward Daily Night : Sun Apr 17 23:20:25 WIB 2022
Cron Reward Daily Night : Mon Apr 18 23:20:35 WIB 2022
Cron Reward Daily Night : Tue Apr 19 23:20:29 WIB 2022
Cron Reward Daily Night : Wed Apr 20 23:20:27 WIB 2022
Cron Reward Daily Night : Thu Apr 21 23:20:24 WIB 2022
Cron Reward Daily Night : Fri Apr 22 23:20:23 WIB 2022
Cron Reward Daily Night : Sat Apr 23 23:20:26 WIB 2022
Cron Reward Daily Night : Sun Apr 24 23:20:24 WIB 2022
Cron Reward Daily Night : Mon Apr 25 23:20:28 WIB 2022
Cron Reward Daily Night : Tue Apr 26 23:20:11 WIB 2022
Cron Reward Daily Night : Wed Apr 27 23:20:40 WIB 2022
Cron Reward Daily Night : Thu Apr 28 23:20:09 WIB 2022
Cron Reward Daily Night : Fri Apr 29 23:20:26 WIB 2022
Cron Reward Daily Night : Sat Apr 30 23:20:23 WIB 2022
Cron Reward Daily Night : Sun May  1 23:20:23 WIB 2022
Cron Reward Daily Night : Mon May  2 23:20:30 WIB 2022
Cron Reward Daily Night : Tue May  3 23:20:22 WIB 2022
Cron Reward Daily Night : Wed May  4 23:20:11 WIB 2022
Cron Reward Daily Night : Thu May  5 23:20:12 WIB 2022
Cron Reward Daily Night : Fri May  6 23:20:25 WIB 2022
Cron Reward Daily Night : Sat May  7 23:20:19 WIB 2022
Cron Reward Daily Night : Sun May  8 23:20:22 WIB 2022
Cron Reward Daily Night : Mon May  9 23:20:26 WIB 2022
Cron Reward Daily Night : Tue May 10 23:20:45 WIB 2022
Cron Reward Daily Night : Wed May 11 23:20:42 WIB 2022
Cron Reward Daily Night : Thu May 12 23:20:40 WIB 2022
Cron Reward Daily Night : Fri May 13 23:20:41 WIB 2022
Cron Reward Daily Night : Sat May 14 23:20:48 WIB 2022
Cron Reward Daily Night : Sun May 15 23:20:44 WIB 2022
Cron Reward Daily Night : Mon May 16 23:20:31 WIB 2022
Cron Reward Daily Night : Tue May 17 23:20:48 WIB 2022
Cron Reward Daily Night : Wed May 18 23:20:57 WIB 2022
Cron Reward Daily Night : Thu May 19 23:20:50 WIB 2022
Cron Reward Daily Night : Fri May 20 23:20:46 WIB 2022
Cron Reward Daily Night : Sat May 21 23:20:50 WIB 2022
Cron Reward Daily Night : Sun May 22 23:20:41 WIB 2022
Cron Reward Daily Night : Mon May 23 23:20:49 WIB 2022
Cron Reward Daily Night : Tue May 24 23:20:51 WIB 2022
Cron Reward Daily Night : Wed May 25 23:20:46 WIB 2022
Cron Reward Daily Night : Thu May 26 23:20:47 WIB 2022
Cron Reward Daily Night : Fri May 27 23:20:44 WIB 2022
Cron Reward Daily Night : Sat May 28 23:20:39 WIB 2022
Cron Reward Daily Night : Sun May 29 23:20:46 WIB 2022
Cron Reward Daily Night : Mon May 30 23:20:52 WIB 2022
Cron Reward Daily Night : Tue May 31 23:20:53 WIB 2022
Cron Reward Daily Night : Wed Jun  1 23:20:40 WIB 2022
Cron Reward Daily Night : Thu Jun  2 23:20:42 WIB 2022
Cron Reward Daily Night : Fri Jun  3 23:20:41 WIB 2022
Cron Reward Daily Night : Sat Jun  4 23:21:55 WIB 2022
Cron Reward Daily Night : Sun Jun  5 23:20:47 WIB 2022
Cron Reward Daily Night : Mon Jun  6 23:20:53 WIB 2022
Cron Reward Daily Night : Tue Jun  7 23:21:11 WIB 2022
Cron Reward Daily Night : Wed Jun  8 23:20:59 WIB 2022
Cron Reward Daily Night : Thu Jun  9 23:20:57 WIB 2022
Cron Reward Daily Night : Fri Jun 10 23:21:14 WIB 2022
Cron Reward Daily Night : Sat Jun 11 23:21:13 WIB 2022
Cron Reward Daily Night : Sun Jun 12 23:21:09 WIB 2022
Cron Reward Daily Night : Mon Jun 13 23:21:05 WIB 2022
Cron Reward Daily Night : Tue Jun 14 23:21:13 WIB 2022
Cron Reward Daily Night : Wed Jun 15 23:21:19 WIB 2022
Cron Reward Daily Night : Thu Jun 16 23:21:11 WIB 2022
Cron Reward Daily Night : Fri Jun 17 23:21:00 WIB 2022
Cron Reward Daily Night : Sat Jun 18 23:21:16 WIB 2022
Cron Reward Daily Night : Sun Jun 19 23:21:07 WIB 2022
Cron Reward Daily Night : Mon Jun 20 23:21:11 WIB 2022
Cron Reward Daily Night : Tue Jun 21 23:21:18 WIB 2022
Cron Reward Daily Night : Wed Jun 22 23:21:14 WIB 2022
Cron Reward Daily Night : Thu Jun 23 23:21:09 WIB 2022
Cron Reward Daily Night : Fri Jun 24 23:21:21 WIB 2022
Cron Reward Daily Night : Sat Jun 25 23:21:17 WIB 2022
Cron Reward Daily Night : Sun Jun 26 23:21:16 WIB 2022
Cron Reward Daily Night : Mon Jun 27 23:21:15 WIB 2022
Cron Reward Daily Night : Tue Jun 28 23:21:30 WIB 2022
Cron Reward Daily Night : Wed Jun 29 23:21:23 WIB 2022
Cron Reward Daily Night : Thu Jun 30 23:21:21 WIB 2022
Cron Reward Daily Night : Fri Jul  1 23:21:27 WIB 2022
Cron Reward Daily Night : Sat Jul  2 23:21:26 WIB 2022
Cron Reward Daily Night : Sun Jul  3 23:21:23 WIB 2022
Cron Reward Daily Night : Mon Jul  4 23:21:27 WIB 2022
Cron Reward Daily Night : Tue Jul  5 23:21:34 WIB 2022
Cron Reward Daily Night : Wed Jul  6 23:21:24 WIB 2022
Cron Reward Daily Night : Thu Jul  7 23:21:27 WIB 2022
Cron Reward Daily Night : Fri Jul  8 23:21:22 WIB 2022
Cron Reward Daily Night : Sat Jul  9 23:21:57 WIB 2022
Cron Reward Daily Night : Sun Jul 10 23:21:27 WIB 2022
Cron Reward Daily Night : Mon Jul 11 23:21:27 WIB 2022
Cron Reward Daily Night : Tue Jul 12 23:21:34 WIB 2022
