Cron Reward Karyawan Daily Night : Sun Nov 14 23:10:29 WIB 2021
Cron Reward Karyawan Daily Night : Mon Nov 15 23:10:31 WIB 2021
Cron Reward Karyawan Daily Night : Tue Nov 16 23:10:54 WIB 2021
Cron Reward Karyawan Daily Night : Wed Nov 17 23:10:31 WIB 2021
Cron Reward Karyawan Daily Night : Thu Nov 18 23:10:31 WIB 2021
Cron Reward Karyawan Daily Night : Fri Nov 19 23:10:32 WIB 2021
Cron Reward Karyawan Daily Night : Sat Nov 20 23:10:31 WIB 2021
Cron Reward Karyawan Daily Night : Sun Nov 21 23:10:31 WIB 2021
Cron Reward Karyawan Daily Night : Mon Nov 22 23:10:31 WIB 2021
Cron Reward Karyawan Daily Night : Tue Nov 23 23:10:32 WIB 2021
Cron Reward Karyawan Daily Night : Wed Nov 24 23:10:31 WIB 2021
Cron Reward Karyawan Daily Night : Thu Nov 25 23:10:31 WIB 2021
Cron Reward Karyawan Daily Night : Fri Nov 26 23:10:31 WIB 2021
Cron Reward Karyawan Daily Night : Sat Nov 27 23:10:31 WIB 2021
Cron Reward Karyawan Daily Night : Sun Nov 28 23:10:34 WIB 2021
Cron Reward Karyawan Daily Night : Mon Nov 29 23:10:33 WIB 2021
Cron Reward Karyawan Daily Night : Tue Nov 30 23:10:32 WIB 2021
Cron Reward Karyawan Daily Night : Wed Dec  1 23:10:32 WIB 2021
Cron Reward Karyawan Daily Night : Thu Dec  2 23:11:23 WIB 2021
Cron Reward Karyawan Daily Night : Fri Dec  3 23:10:30 WIB 2021
Cron Reward Karyawan Daily Night : Sat Dec  4 23:10:32 WIB 2021
Cron Reward Karyawan Daily Night : Sun Dec  5 23:10:32 WIB 2021
Cron Reward Karyawan Daily Night : Mon Dec  6 23:10:31 WIB 2021
Cron Reward Karyawan Daily Night : Tue Dec  7 23:10:32 WIB 2021
Cron Reward Karyawan Daily Night : Wed Dec  8 23:10:32 WIB 2021
Cron Reward Karyawan Daily Night : Thu Dec  9 23:10:31 WIB 2021
Cron Reward Karyawan Daily Night : Fri Dec 10 23:10:31 WIB 2021
Cron Reward Karyawan Daily Night : Sat Dec 11 23:10:31 WIB 2021
Cron Reward Karyawan Daily Night : Sun Dec 12 23:10:32 WIB 2021
Cron Reward Karyawan Daily Night : Mon Dec 13 23:10:31 WIB 2021
Cron Reward Karyawan Daily Night : Tue Dec 14 23:10:32 WIB 2021
Cron Reward Karyawan Daily Night : Wed Dec 15 23:10:32 WIB 2021
Cron Reward Karyawan Daily Night : Thu Dec 16 23:10:32 WIB 2021
Cron Reward Karyawan Daily Night : Fri Dec 17 23:10:31 WIB 2021
Cron Reward Karyawan Daily Night : Sat Dec 18 23:10:32 WIB 2021
Cron Reward Karyawan Daily Night : Sun Dec 19 23:10:32 WIB 2021
Cron Reward Karyawan Daily Night : Mon Dec 20 23:10:32 WIB 2021
Cron Reward Karyawan Daily Night : Tue Dec 21 23:10:32 WIB 2021
Cron Reward Karyawan Daily Night : Wed Dec 22 23:10:32 WIB 2021
Cron Reward Karyawan Daily Night : Thu Dec 23 23:10:33 WIB 2021
Cron Reward Karyawan Daily Night : Fri Dec 24 23:10:32 WIB 2021
Cron Reward Karyawan Daily Night : Sat Dec 25 23:10:32 WIB 2021
Cron Reward Karyawan Daily Night : Sun Dec 26 23:10:31 WIB 2021
Cron Reward Karyawan Daily Night : Mon Dec 27 23:10:33 WIB 2021
Cron Reward Karyawan Daily Night : Tue Dec 28 23:10:33 WIB 2021
Cron Reward Karyawan Daily Night : Wed Dec 29 23:10:32 WIB 2021
Cron Reward Karyawan Daily Night : Thu Dec 30 23:10:32 WIB 2021
Cron Reward Karyawan Daily Night : Fri Dec 31 23:10:33 WIB 2021
Cron Reward Karyawan Daily Night : Sat Jan  1 23:10:32 WIB 2022
Cron Reward Karyawan Daily Night : Sun Jan  2 23:10:31 WIB 2022
Cron Reward Karyawan Daily Night : Mon Jan  3 23:10:32 WIB 2022
Cron Reward Karyawan Daily Night : Tue Jan  4 23:10:32 WIB 2022
Cron Reward Karyawan Daily Night : Wed Jan  5 23:10:32 WIB 2022
Cron Reward Karyawan Daily Night : Thu Jan  6 23:10:32 WIB 2022
Cron Reward Karyawan Daily Night : Fri Jan  7 23:10:32 WIB 2022
Cron Reward Karyawan Daily Night : Sat Jan  8 23:10:32 WIB 2022
Cron Reward Karyawan Daily Night : Sun Jan  9 23:10:32 WIB 2022
Cron Reward Karyawan Daily Night : Mon Jan 10 23:10:32 WIB 2022
Cron Reward Karyawan Daily Night : Tue Jan 11 23:10:34 WIB 2022
Cron Reward Karyawan Daily Night : Wed Jan 12 23:10:34 WIB 2022
Cron Reward Karyawan Daily Night : Thu Jan 13 23:10:35 WIB 2022
Cron Reward Karyawan Daily Night : Fri Jan 14 23:10:34 WIB 2022
Cron Reward Karyawan Daily Night : Sat Jan 15 23:10:33 WIB 2022
Cron Reward Karyawan Daily Night : Sun Jan 16 23:10:32 WIB 2022
Cron Reward Karyawan Daily Night : Mon Jan 17 23:10:35 WIB 2022
Cron Reward Karyawan Daily Night : Tue Jan 18 23:10:33 WIB 2022
Cron Reward Karyawan Daily Night : Wed Jan 19 23:10:33 WIB 2022
Cron Reward Karyawan Daily Night : Thu Jan 20 23:10:34 WIB 2022
Cron Reward Karyawan Daily Night : Fri Jan 21 23:10:32 WIB 2022
Cron Reward Karyawan Daily Night : Sat Jan 22 23:10:33 WIB 2022
Cron Reward Karyawan Daily Night : Sun Jan 23 23:10:33 WIB 2022
Cron Reward Karyawan Daily Night : Mon Jan 24 23:10:35 WIB 2022
Cron Reward Karyawan Daily Night : Tue Jan 25 23:10:34 WIB 2022
Cron Reward Karyawan Daily Night : Wed Jan 26 23:10:34 WIB 2022
Cron Reward Karyawan Daily Night : Thu Jan 27 23:10:33 WIB 2022
Cron Reward Karyawan Daily Night : Fri Jan 28 23:10:34 WIB 2022
Cron Reward Karyawan Daily Night : Sat Jan 29 23:10:35 WIB 2022
Cron Reward Karyawan Daily Night : Sun Jan 30 23:10:34 WIB 2022
Cron Reward Karyawan Daily Night : Mon Jan 31 23:10:34 WIB 2022
Cron Reward Karyawan Daily Night : Tue Feb  1 23:10:33 WIB 2022
Cron Reward Karyawan Daily Night : Wed Feb  2 23:10:33 WIB 2022
Cron Reward Karyawan Daily Night : Thu Feb  3 23:10:33 WIB 2022
Cron Reward Karyawan Daily Night : Fri Feb  4 23:10:33 WIB 2022
Cron Reward Karyawan Daily Night : Sat Feb  5 23:10:36 WIB 2022
Cron Reward Karyawan Daily Night : Sun Feb  6 23:10:34 WIB 2022
Cron Reward Karyawan Daily Night : Mon Feb  7 23:10:34 WIB 2022
Cron Reward Karyawan Daily Night : Tue Feb  8 23:10:34 WIB 2022
Cron Reward Karyawan Daily Night : Wed Feb  9 23:10:34 WIB 2022
Cron Reward Karyawan Daily Night : Thu Feb 10 23:10:34 WIB 2022
Cron Reward Karyawan Daily Night : Fri Feb 11 23:10:34 WIB 2022
Cron Reward Karyawan Daily Night : Sat Feb 12 23:10:34 WIB 2022
Cron Reward Karyawan Daily Night : Sun Feb 13 23:10:34 WIB 2022
Cron Reward Karyawan Daily Night : Mon Feb 14 23:10:34 WIB 2022
Cron Reward Karyawan Daily Night : Tue Feb 15 23:10:36 WIB 2022
Cron Reward Karyawan Daily Night : Wed Feb 16 23:10:36 WIB 2022
Cron Reward Karyawan Daily Night : Thu Feb 17 23:10:35 WIB 2022
Cron Reward Karyawan Daily Night : Fri Feb 18 23:10:35 WIB 2022
Cron Reward Karyawan Daily Night : Sat Feb 19 23:10:36 WIB 2022
Cron Reward Karyawan Daily Night : Sun Feb 20 23:10:38 WIB 2022
Cron Reward Karyawan Daily Night : Mon Feb 21 23:10:38 WIB 2022
Cron Reward Karyawan Daily Night : Tue Feb 22 23:10:37 WIB 2022
Cron Reward Karyawan Daily Night : Wed Feb 23 23:10:38 WIB 2022
Cron Reward Karyawan Daily Night : Thu Feb 24 23:10:37 WIB 2022
Cron Reward Karyawan Daily Night : Fri Feb 25 23:10:39 WIB 2022
Cron Reward Karyawan Daily Night : Sat Feb 26 23:10:37 WIB 2022
Cron Reward Karyawan Daily Night : Sun Feb 27 23:10:37 WIB 2022
Cron Reward Karyawan Daily Night : Mon Feb 28 23:10:38 WIB 2022
Cron Reward Karyawan Daily Night : Tue Mar  1 23:10:38 WIB 2022
Cron Reward Karyawan Daily Night : Wed Mar  2 23:10:38 WIB 2022
Cron Reward Karyawan Daily Night : Thu Mar  3 23:10:37 WIB 2022
Cron Reward Karyawan Daily Night : Fri Mar  4 23:10:37 WIB 2022
Cron Reward Karyawan Daily Night : Sat Mar  5 23:10:37 WIB 2022
Cron Reward Karyawan Daily Night : Sun Mar  6 23:10:38 WIB 2022
Cron Reward Karyawan Daily Night : Mon Mar  7 23:10:39 WIB 2022
Cron Reward Karyawan Daily Night : Tue Mar  8 23:10:43 WIB 2022
Cron Reward Karyawan Daily Night : Wed Mar  9 23:10:38 WIB 2022
Cron Reward Karyawan Daily Night : Thu Mar 10 23:10:39 WIB 2022
Cron Reward Karyawan Daily Night : Fri Mar 11 23:10:38 WIB 2022
Cron Reward Karyawan Daily Night : Sat Mar 12 23:10:38 WIB 2022
Cron Reward Karyawan Daily Night : Sun Mar 13 23:10:38 WIB 2022
Cron Reward Karyawan Daily Night : Mon Mar 14 23:10:38 WIB 2022
Cron Reward Karyawan Daily Night : Tue Mar 15 23:10:40 WIB 2022
Cron Reward Karyawan Daily Night : Wed Mar 16 23:10:39 WIB 2022
Cron Reward Karyawan Daily Night : Thu Mar 17 23:10:38 WIB 2022
Cron Reward Karyawan Daily Night : Fri Mar 18 23:10:38 WIB 2022
Cron Reward Karyawan Daily Night : Sat Mar 19 23:10:39 WIB 2022
Cron Reward Karyawan Daily Night : Sun Mar 20 23:10:38 WIB 2022
Cron Reward Karyawan Daily Night : Mon Mar 21 23:10:39 WIB 2022
Cron Reward Karyawan Daily Night : Tue Mar 22 23:10:39 WIB 2022
Cron Reward Karyawan Daily Night : Wed Mar 23 23:10:39 WIB 2022
Cron Reward Karyawan Daily Night : Thu Mar 24 23:10:42 WIB 2022
Cron Reward Karyawan Daily Night : Fri Mar 25 23:10:40 WIB 2022
Cron Reward Karyawan Daily Night : Sat Mar 26 23:10:43 WIB 2022
Cron Reward Karyawan Daily Night : Sun Mar 27 23:10:41 WIB 2022
Cron Reward Karyawan Daily Night : Mon Mar 28 23:10:41 WIB 2022
Cron Reward Karyawan Daily Night : Tue Mar 29 23:10:40 WIB 2022
Cron Reward Karyawan Daily Night : Wed Mar 30 23:10:41 WIB 2022
Cron Reward Karyawan Daily Night : Thu Mar 31 23:10:42 WIB 2022
Cron Reward Karyawan Daily Night : Fri Apr  1 23:10:40 WIB 2022
Cron Reward Karyawan Daily Night : Sat Apr  2 23:10:41 WIB 2022
Cron Reward Karyawan Daily Night : Sun Apr  3 23:10:41 WIB 2022
Cron Reward Karyawan Daily Night : Mon Apr  4 23:10:41 WIB 2022
Cron Reward Karyawan Daily Night : Tue Apr  5 23:10:41 WIB 2022
Cron Reward Karyawan Daily Night : Wed Apr  6 23:10:44 WIB 2022
Cron Reward Karyawan Daily Night : Thu Apr  7 23:10:41 WIB 2022
Cron Reward Karyawan Daily Night : Fri Apr  8 23:10:42 WIB 2022
Cron Reward Karyawan Daily Night : Sat Apr  9 23:10:39 WIB 2022
Cron Reward Karyawan Daily Night : Sun Apr 10 23:10:41 WIB 2022
Cron Reward Karyawan Daily Night : Mon Apr 11 23:10:41 WIB 2022
Cron Reward Karyawan Daily Night : Tue Apr 12 23:10:44 WIB 2022
Cron Reward Karyawan Daily Night : Wed Apr 13 23:10:44 WIB 2022
Cron Reward Karyawan Daily Night : Thu Apr 14 23:10:41 WIB 2022
Cron Reward Karyawan Daily Night : Fri Apr 15 23:10:41 WIB 2022
Cron Reward Karyawan Daily Night : Sat Apr 16 23:10:41 WIB 2022
Cron Reward Karyawan Daily Night : Sun Apr 17 23:10:42 WIB 2022
Cron Reward Karyawan Daily Night : Mon Apr 18 23:10:42 WIB 2022
Cron Reward Karyawan Daily Night : Tue Apr 19 23:10:43 WIB 2022
Cron Reward Karyawan Daily Night : Wed Apr 20 23:10:42 WIB 2022
Cron Reward Karyawan Daily Night : Thu Apr 21 23:10:41 WIB 2022
Cron Reward Karyawan Daily Night : Fri Apr 22 23:10:43 WIB 2022
Cron Reward Karyawan Daily Night : Sat Apr 23 23:10:41 WIB 2022
Cron Reward Karyawan Daily Night : Sun Apr 24 23:10:41 WIB 2022
Cron Reward Karyawan Daily Night : Mon Apr 25 23:10:42 WIB 2022
Cron Reward Karyawan Daily Night : Tue Apr 26 23:10:42 WIB 2022
Cron Reward Karyawan Daily Night : Wed Apr 27 23:10:43 WIB 2022
Cron Reward Karyawan Daily Night : Thu Apr 28 23:10:46 WIB 2022
Cron Reward Karyawan Daily Night : Fri Apr 29 23:10:42 WIB 2022
Cron Reward Karyawan Daily Night : Sat Apr 30 23:10:41 WIB 2022
Cron Reward Karyawan Daily Night : Sun May  1 23:10:40 WIB 2022
Cron Reward Karyawan Daily Night : Mon May  2 23:10:43 WIB 2022
Cron Reward Karyawan Daily Night : Tue May  3 23:10:43 WIB 2022
Cron Reward Karyawan Daily Night : Wed May  4 23:10:42 WIB 2022
Cron Reward Karyawan Daily Night : Thu May  5 23:10:44 WIB 2022
Cron Reward Karyawan Daily Night : Fri May  6 23:10:42 WIB 2022
Cron Reward Karyawan Daily Night : Sat May  7 23:10:43 WIB 2022
Cron Reward Karyawan Daily Night : Sun May  8 23:10:42 WIB 2022
Cron Reward Karyawan Daily Night : Mon May  9 23:10:44 WIB 2022
Cron Reward Karyawan Daily Night : Tue May 10 23:10:43 WIB 2022
Cron Reward Karyawan Daily Night : Wed May 11 23:10:44 WIB 2022
Cron Reward Karyawan Daily Night : Thu May 12 23:10:43 WIB 2022
Cron Reward Karyawan Daily Night : Fri May 13 23:10:44 WIB 2022
Cron Reward Karyawan Daily Night : Sat May 14 23:10:45 WIB 2022
Cron Reward Karyawan Daily Night : Sun May 15 23:10:43 WIB 2022
Cron Reward Karyawan Daily Night : Mon May 16 23:10:43 WIB 2022
Cron Reward Karyawan Daily Night : Tue May 17 23:10:44 WIB 2022
Cron Reward Karyawan Daily Night : Wed May 18 23:10:43 WIB 2022
Cron Reward Karyawan Daily Night : Thu May 19 23:10:42 WIB 2022
Cron Reward Karyawan Daily Night : Fri May 20 23:10:43 WIB 2022
Cron Reward Karyawan Daily Night : Sat May 21 23:10:45 WIB 2022
Cron Reward Karyawan Daily Night : Sun May 22 23:10:43 WIB 2022
Cron Reward Karyawan Daily Night : Mon May 23 23:10:43 WIB 2022
Cron Reward Karyawan Daily Night : Tue May 24 23:10:43 WIB 2022
Cron Reward Karyawan Daily Night : Wed May 25 23:10:44 WIB 2022
Cron Reward Karyawan Daily Night : Thu May 26 23:10:44 WIB 2022
Cron Reward Karyawan Daily Night : Fri May 27 23:10:42 WIB 2022
Cron Reward Karyawan Daily Night : Sat May 28 23:10:45 WIB 2022
Cron Reward Karyawan Daily Night : Sun May 29 23:10:44 WIB 2022
Cron Reward Karyawan Daily Night : Mon May 30 23:10:42 WIB 2022
Cron Reward Karyawan Daily Night : Tue May 31 23:10:42 WIB 2022
Cron Reward Karyawan Daily Night : Wed Jun  1 23:10:43 WIB 2022
Cron Reward Karyawan Daily Night : Thu Jun  2 23:10:43 WIB 2022
Cron Reward Karyawan Daily Night : Fri Jun  3 23:10:45 WIB 2022
Cron Reward Karyawan Daily Night : Sat Jun  4 23:10:43 WIB 2022
Cron Reward Karyawan Daily Night : Sun Jun  5 23:10:45 WIB 2022
Cron Reward Karyawan Daily Night : Mon Jun  6 23:10:44 WIB 2022
Cron Reward Karyawan Daily Night : Tue Jun  7 23:10:43 WIB 2022
Cron Reward Karyawan Daily Night : Wed Jun  8 23:10:44 WIB 2022
Cron Reward Karyawan Daily Night : Thu Jun  9 23:10:44 WIB 2022
Cron Reward Karyawan Daily Night : Fri Jun 10 23:10:44 WIB 2022
Cron Reward Karyawan Daily Night : Sat Jun 11 23:10:45 WIB 2022
Cron Reward Karyawan Daily Night : Sun Jun 12 23:10:45 WIB 2022
Cron Reward Karyawan Daily Night : Mon Jun 13 23:10:44 WIB 2022
Cron Reward Karyawan Daily Night : Tue Jun 14 23:10:43 WIB 2022
Cron Reward Karyawan Daily Night : Wed Jun 15 23:10:41 WIB 2022
Cron Reward Karyawan Daily Night : Thu Jun 16 23:10:41 WIB 2022
Cron Reward Karyawan Daily Night : Fri Jun 17 23:10:41 WIB 2022
Cron Reward Karyawan Daily Night : Sat Jun 18 23:10:43 WIB 2022
Cron Reward Karyawan Daily Night : Sun Jun 19 23:10:42 WIB 2022
Cron Reward Karyawan Daily Night : Mon Jun 20 23:10:42 WIB 2022
Cron Reward Karyawan Daily Night : Tue Jun 21 23:10:41 WIB 2022
Cron Reward Karyawan Daily Night : Wed Jun 22 23:10:42 WIB 2022
Cron Reward Karyawan Daily Night : Thu Jun 23 23:10:43 WIB 2022
Cron Reward Karyawan Daily Night : Fri Jun 24 23:10:42 WIB 2022
Cron Reward Karyawan Daily Night : Sat Jun 25 23:10:42 WIB 2022
Cron Reward Karyawan Daily Night : Sun Jun 26 23:10:41 WIB 2022
Cron Reward Karyawan Daily Night : Mon Jun 27 23:10:41 WIB 2022
Cron Reward Karyawan Daily Night : Tue Jun 28 23:10:40 WIB 2022
Cron Reward Karyawan Daily Night : Wed Jun 29 23:10:42 WIB 2022
Cron Reward Karyawan Daily Night : Thu Jun 30 23:10:42 WIB 2022
Cron Reward Karyawan Daily Night : Fri Jul  1 23:10:43 WIB 2022
Cron Reward Karyawan Daily Night : Sat Jul  2 23:10:43 WIB 2022
Cron Reward Karyawan Daily Night : Sun Jul  3 23:10:43 WIB 2022
Cron Reward Karyawan Daily Night : Mon Jul  4 23:10:42 WIB 2022
Cron Reward Karyawan Daily Night : Tue Jul  5 23:10:44 WIB 2022
Cron Reward Karyawan Daily Night : Wed Jul  6 23:10:43 WIB 2022
Cron Reward Karyawan Daily Night : Thu Jul  7 23:10:44 WIB 2022
Cron Reward Karyawan Daily Night : Fri Jul  8 23:10:42 WIB 2022
Cron Reward Karyawan Daily Night : Sat Jul  9 23:10:42 WIB 2022
Cron Reward Karyawan Daily Night : Sun Jul 10 23:10:41 WIB 2022
Cron Reward Karyawan Daily Night : Mon Jul 11 23:10:43 WIB 2022
Cron Reward Karyawan Daily Night : Tue Jul 12 23:10:43 WIB 2022
