Cron Reward Last : Sat Dec  1 02:00:03 WIB 2018
Cron Reward Last : Tue Jan  1 02:00:03 WIB 2019
Cron Reward Last : Fri Feb  1 02:00:04 WIB 2019
Cron Reward Last : Fri Mar  1 02:00:02 WIB 2019
Cron Reward Last : Mon Apr  1 02:00:01 WIB 2019
Cron Reward Last : Wed May  1 02:00:01 WIB 2019
Cron Reward Last : Sat Jun  1 02:00:02 WIB 2019
Cron Reward Last : Mon Jul  1 02:00:01 WIB 2019
Cron Reward Last : Thu Aug  1 02:00:02 WIB 2019
Cron Reward Last : Sun Sep  1 02:00:02 WIB 2019
Cron Reward Last : Tue Oct  1 02:00:01 WIB 2019
Cron Reward Last : Fri Nov  1 02:00:01 WIB 2019
Cron Reward Last : Sun Dec  1 02:00:01 WIB 2019
Cron Reward Last : Wed Jan  1 02:00:01 WIB 2020
Cron Reward Last : Sat Feb  1 02:00:02 WIB 2020
Cron Reward Last : Sun Mar  1 02:00:01 WIB 2020
Cron Reward Last : Wed Apr  1 02:00:01 WIB 2020
Cron Reward Last : Fri May  1 02:00:01 WIB 2020
Cron Reward Last : Mon Jun  1 02:00:01 WIB 2020
Cron Reward Last : Wed Jul  1 02:00:01 WIB 2020
Cron Reward Last : Sat Aug  1 02:00:01 WIB 2020
Cron Reward Last : Tue Sep  1 02:00:02 WIB 2020
Cron Reward Last : Thu Oct  1 02:00:02 WIB 2020
Cron Reward Last : Sun Nov  1 02:00:01 WIB 2020
Cron Reward Last : Tue Dec  1 02:00:02 WIB 2020
Cron Reward Last : Fri Jan  1 02:00:01 WIB 2021
Cron Reward Last : Mon Feb  1 02:00:01 WIB 2021
Cron Reward Last : Mon Mar  1 02:00:01 WIB 2021
Cron Reward Last : Thu Apr  1 02:00:02 WIB 2021
Cron Reward Last : Sat May  1 02:00:01 WIB 2021
Cron Reward Last : Tue Jun  1 02:00:01 WIB 2021
Cron Reward Last : Thu Jul  1 02:00:02 WIB 2021
Cron Reward Last : Sun Aug  1 02:00:02 WIB 2021
Cron Reward Last : Wed Sep  1 02:00:01 WIB 2021
Cron Reward Last : Fri Oct  1 02:00:02 WIB 2021
Cron Reward Last : Mon Nov  1 02:00:02 WIB 2021
Cron Reward Last : Wed Dec  1 02:00:01 WIB 2021
Cron Reward Last : Sat Jan  1 02:00:01 WIB 2022
Cron Reward Last : Tue Feb  1 02:00:01 WIB 2022
Cron Reward Last : Tue Mar  1 02:00:01 WIB 2022
Cron Reward Last : Fri Apr  1 02:00:02 WIB 2022
Cron Reward Last : Sun May  1 02:00:01 WIB 2022
Cron Reward Last : Wed Jun  1 02:00:02 WIB 2022
Cron Reward Last : Fri Jul  1 02:00:02 WIB 2022
